<?xml version="1.0" encoding="UTF-8"?>
<coverage generated="1778693421494" clover="3.2.0">
  <project timestamp="1778693421494" name="All files">
    <metrics statements="5425" coveredstatements="0" conditionals="2140" coveredconditionals="0" methods="697" coveredmethods="0" elements="8262" coveredelements="0" complexity="0" loc="5425" ncloc="5425" packages="44" files="157" classes="157"/>
    <package name="src">
      <metrics statements="83" coveredstatements="0" conditionals="22" coveredconditionals="0" methods="7" coveredmethods="0"/>
      <file name="app.js" path="/workspace/backend/src/app.js">
        <metrics statements="83" coveredstatements="0" conditionals="22" coveredconditionals="0" methods="7" coveredmethods="0"/>
        <line num="2" count="0" type="stmt"/>
        <line num="3" count="0" type="stmt"/>
        <line num="4" count="0" type="stmt"/>
        <line num="5" count="0" type="stmt"/>
        <line num="6" count="0" type="stmt"/>
        <line num="7" count="0" type="stmt"/>
        <line num="8" count="0" type="stmt"/>
        <line num="9" count="0" type="stmt"/>
        <line num="12" count="0" type="stmt"/>
        <line num="15" count="0" type="stmt"/>
        <line num="18" count="0" type="stmt"/>
        <line num="20" count="0" type="stmt"/>
        <line num="21" count="0" type="stmt"/>
        <line num="24" count="0" type="stmt"/>
        <line num="26" count="0" type="stmt"/>
        <line num="29" count="0" type="stmt"/>
        <line num="32" count="0" type="stmt"/>
        <line num="33" count="0" type="cond" truecount="0" falsecount="2"/>
        <line num="37" count="0" type="stmt"/>
        <line num="39" count="0" type="stmt"/>
        <line num="43" count="0" type="stmt"/>
        <line num="46" count="0" type="cond" truecount="0" falsecount="2"/>
        <line num="47" count="0" type="stmt"/>
        <line num="49" count="0" type="stmt"/>
        <line num="51" count="0" type="cond" truecount="0" falsecount="4"/>
        <line num="52" count="0" type="stmt"/>
        <line num="61" count="0" type="stmt"/>
        <line num="72" count="0" type="stmt"/>
        <line num="83" count="0" type="stmt"/>
        <line num="92" count="0" type="stmt"/>
        <line num="93" count="0" type="stmt"/>
        <line num="94" count="0" type="stmt"/>
        <line num="95" count="0" type="stmt"/>
        <line num="96" count="0" type="stmt"/>
        <line num="99" count="0" type="stmt"/>
        <line num="102" count="0" type="stmt"/>
        <line num="103" count="0" type="cond" truecount="0" falsecount="2"/>
        <line num="104" count="0" type="stmt"/>
        <line num="105" count="0" type="stmt"/>
        <line num="107" count="0" type="stmt"/>
        <line num="112" count="0" type="stmt"/>
        <line num="113" count="0" type="stmt"/>
        <line num="114" count="0" type="stmt"/>
        <line num="115" count="0" type="stmt"/>
        <line num="118" count="0" type="stmt"/>
        <line num="121" count="0" type="stmt"/>
        <line num="123" count="0" type="stmt"/>
        <line num="124" count="0" type="stmt"/>
        <line num="125" count="0" type="stmt"/>
        <line num="128" count="0" type="cond" truecount="0" falsecount="4"/>
        <line num="129" count="0" type="stmt"/>
        <line num="139" count="0" type="stmt"/>
        <line num="147" count="0" type="stmt"/>
        <line num="150" count="0" type="stmt"/>
        <line num="161" count="0" type="stmt"/>
        <line num="162" count="0" type="stmt"/>
        <line num="163" count="0" type="stmt"/>
        <line num="166" count="0" type="stmt"/>
        <line num="167" count="0" type="stmt"/>
        <line num="170" count="0" type="stmt"/>
        <line num="171" count="0" type="stmt"/>
        <line num="172" count="0" type="stmt"/>
        <line num="173" count="0" type="stmt"/>
        <line num="174" count="0" type="stmt"/>
        <line num="175" count="0" type="stmt"/>
        <line num="176" count="0" type="stmt"/>
        <line num="177" count="0" type="stmt"/>
        <line num="178" count="0" type="stmt"/>
        <line num="179" count="0" type="stmt"/>
        <line num="180" count="0" type="stmt"/>
        <line num="183" count="0" type="stmt"/>
        <line num="184" count="0" type="stmt"/>
        <line num="185" count="0" type="stmt"/>
        <line num="186" count="0" type="stmt"/>
        <line num="187" count="0" type="stmt"/>
        <line num="188" count="0" type="stmt"/>
        <line num="191" count="0" type="stmt"/>
        <line num="192" count="0" type="stmt"/>
        <line num="195" count="0" type="stmt"/>
        <line num="198" count="0" type="stmt"/>
        <line num="201" count="0" type="stmt"/>
        <line num="208" count="0" type="stmt"/>
        <line num="210" count="0" type="stmt"/>
      </file>
    </package>
    <package name="src.config">
      <metrics statements="102" coveredstatements="0" conditionals="50" coveredconditionals="0" methods="13" coveredmethods="0"/>
      <file name="database.js" path="/workspace/backend/src/config/database.js">
        <metrics statements="4" coveredstatements="0" conditionals="0" coveredconditionals="0" methods="0" coveredmethods="0"/>
        <line num="1" count="0" type="stmt"/>
        <line num="2" count="0" type="stmt"/>
        <line num="4" count="0" type="stmt"/>
        <line num="22" count="0" type="stmt"/>
      </file>
      <file name="envValidator.js" path="/workspace/backend/src/config/envValidator.js">
        <metrics statements="47" coveredstatements="0" conditionals="32" coveredconditionals="0" methods="4" coveredmethods="0"/>
        <line num="5" count="0" type="stmt"/>
        <line num="6" count="0" type="stmt"/>
        <line num="20" count="0" type="stmt"/>
        <line num="42" count="0" type="stmt"/>
        <line num="44" count="0" type="cond" truecount="0" falsecount="2"/>
        <line num="45" count="0" type="stmt"/>
        <line num="52" count="0" type="stmt"/>
        <line num="53" count="0" type="stmt"/>
        <line num="54" count="0" type="stmt"/>
        <line num="57" count="0" type="stmt"/>
        <line num="58" count="0" type="cond" truecount="0" falsecount="2"/>
        <line num="59" count="0" type="stmt"/>
        <line num="64" count="0" type="stmt"/>
        <line num="65" count="0" type="cond" truecount="0" falsecount="2"/>
        <line num="66" count="0" type="stmt"/>
        <line num="71" count="0" type="cond" truecount="0" falsecount="4"/>
        <line num="72" count="0" type="stmt"/>
        <line num="75" count="0" type="cond" truecount="0" falsecount="4"/>
        <line num="76" count="0" type="stmt"/>
        <line num="79" count="0" type="cond" truecount="0" falsecount="2"/>
        <line num="80" count="0" type="cond" truecount="0" falsecount="4"/>
        <line num="81" count="0" type="stmt"/>
        <line num="83" count="0" type="cond" truecount="0" falsecount="2"/>
        <line num="85" count="0" type="cond" truecount="0" falsecount="2"/>
        <line num="86" count="0" type="stmt"/>
        <line num="88" count="0" type="stmt"/>
        <line num="94" count="0" type="cond" truecount="0" falsecount="2"/>
        <line num="95" count="0" type="stmt"/>
        <line num="96" count="0" type="stmt"/>
        <line num="97" count="0" type="stmt"/>
        <line num="98" count="0" type="stmt"/>
        <line num="99" count="0" type="stmt"/>
        <line num="102" count="0" type="cond" truecount="0" falsecount="2"/>
        <line num="103" count="0" type="stmt"/>
        <line num="104" count="0" type="stmt"/>
        <line num="105" count="0" type="stmt"/>
        <line num="106" count="0" type="stmt"/>
        <line num="109" count="0" type="cond" truecount="0" falsecount="4"/>
        <line num="110" count="0" type="stmt"/>
        <line num="111" count="0" type="stmt"/>
        <line num="112" count="0" type="stmt"/>
        <line num="113" count="0" type="stmt"/>
        <line num="116" count="0" type="stmt"/>
        <line num="117" count="0" type="stmt"/>
        <line num="119" count="0" type="stmt"/>
        <line num="127" count="0" type="stmt"/>
        <line num="129" count="0" type="stmt"/>
      </file>
      <file name="redis.js" path="/workspace/backend/src/config/redis.js">
        <metrics statements="51" coveredstatements="0" conditionals="18" coveredconditionals="0" methods="9" coveredmethods="0"/>
        <line num="2" count="0" type="stmt"/>
        <line num="3" count="0" type="stmt"/>
        <line num="6" count="0" type="cond" truecount="0" falsecount="2"/>
        <line num="7" count="0" type="cond" truecount="0" falsecount="2"/>
        <line num="8" count="0" type="cond" truecount="0" falsecount="2"/>
        <line num="9" count="0" type="cond" truecount="0" falsecount="2"/>
        <line num="12" count="0" type="stmt"/>
        <line num="19" count="0" type="stmt"/>
        <line num="26" count="0" type="cond" truecount="0" falsecount="2"/>
        <line num="27" count="0" type="stmt"/>
        <line num="34" count="0" type="stmt"/>
        <line num="35" count="0" type="stmt"/>
        <line num="36" count="0" type="stmt"/>
        <line num="37" count="0" type="stmt"/>
        <line num="40" count="0" type="stmt"/>
        <line num="41" count="0" type="stmt"/>
        <line num="42" count="0" type="stmt"/>
        <line num="43" count="0" type="stmt"/>
        <line num="47" count="0" type="stmt"/>
        <line num="48" count="0" type="stmt"/>
        <line num="49" count="0" type="stmt"/>
        <line num="53" count="0" type="stmt"/>
        <line num="54" count="0" type="cond" truecount="0" falsecount="2"/>
        <line num="55" count="0" type="stmt"/>
        <line num="56" count="0" type="stmt"/>
        <line num="57" count="0" type="stmt"/>
        <line num="59" count="0" type="stmt"/>
        <line num="61" count="0" type="stmt"/>
        <line num="66" count="0" type="stmt"/>
        <line num="67" count="0" type="cond" truecount="0" falsecount="2"/>
        <line num="68" count="0" type="stmt"/>
        <line num="69" count="0" type="stmt"/>
        <line num="71" count="0" type="stmt"/>
        <line num="76" count="0" type="stmt"/>
        <line num="77" count="0" type="cond" truecount="0" falsecount="2"/>
        <line num="78" count="0" type="stmt"/>
        <line num="79" count="0" type="stmt"/>
        <line num="81" count="0" type="stmt"/>
        <line num="86" count="0" type="stmt"/>
        <line num="87" count="0" type="stmt"/>
        <line num="88" count="0" type="stmt"/>
        <line num="89" count="0" type="stmt"/>
        <line num="90" count="0" type="stmt"/>
        <line num="91" count="0" type="stmt"/>
        <line num="93" count="0" type="stmt"/>
        <line num="94" count="0" type="stmt"/>
        <line num="95" count="0" type="stmt"/>
        <line num="96" count="0" type="stmt"/>
        <line num="97" count="0" type="stmt"/>
        <line num="102" count="0" type="stmt"/>
        <line num="107" count="0" type="stmt"/>
      </file>
    </package>
    <package name="src.controllers">
      <metrics statements="593" coveredstatements="0" conditionals="205" coveredconditionals="0" methods="56" coveredmethods="0"/>
      <file name="alertaController.js" path="/workspace/backend/src/controllers/alertaController.js">
        <metrics statements="45" coveredstatements="0" conditionals="14" coveredconditionals="0" methods="5" coveredmethods="0"/>
        <line num="1" count="0" type="stmt"/>
        <line num="3" count="0" type="stmt"/>
        <line num="4" count="0" type="stmt"/>
        <line num="7" count="0" type="stmt"/>
        <line num="8" count="0" type="stmt"/>
        <line num="11" count="0" type="stmt"/>
        <line num="19" count="0" type="stmt"/>
        <line num="20" count="0" type="stmt"/>
        <line num="28" count="0" type="cond" truecount="0" falsecount="2"/>
        <line num="29" count="0" type="stmt"/>
        <line num="38" count="0" type="stmt"/>
        <line num="39" count="0" type="stmt"/>
        <line num="40" count="0" type="stmt"/>
        <line num="41" count="0" type="stmt"/>
        <line num="43" count="0" type="cond" truecount="0" falsecount="2"/>
        <line num="47" count="0" type="cond" truecount="0" falsecount="2"/>
        <line num="51" count="0" type="cond" truecount="0" falsecount="4"/>
        <line num="52" count="0" type="stmt"/>
        <line num="55" count="0" type="cond" truecount="0" falsecount="2"/>
        <line num="56" count="0" type="stmt"/>
        <line num="65" count="0" type="cond" truecount="0" falsecount="2"/>
        <line num="66" count="0" type="stmt"/>
        <line num="69" count="0" type="stmt"/>
        <line num="72" count="0" type="stmt"/>
        <line num="73" count="0" type="stmt"/>
        <line num="74" count="0" type="stmt"/>
        <line num="75" count="0" type="stmt"/>
        <line num="80" count="0" type="stmt"/>
        <line num="82" count="0" type="stmt"/>
        <line num="86" count="0" type="stmt"/>
        <line num="87" count="0" type="stmt"/>
        <line num="88" count="0" type="stmt"/>
        <line num="92" count="0" type="stmt"/>
        <line num="94" count="0" type="stmt"/>
        <line num="98" count="0" type="stmt"/>
        <line num="99" count="0" type="stmt"/>
        <line num="100" count="0" type="stmt"/>
        <line num="104" count="0" type="stmt"/>
        <line num="106" count="0" type="stmt"/>
        <line num="110" count="0" type="stmt"/>
        <line num="111" count="0" type="stmt"/>
        <line num="112" count="0" type="stmt"/>
        <line num="115" count="0" type="stmt"/>
        <line num="117" count="0" type="stmt"/>
        <line num="121" count="0" type="stmt"/>
      </file>
      <file name="authController.js" path="/workspace/backend/src/controllers/authController.js">
        <metrics statements="200" coveredstatements="0" conditionals="113" coveredconditionals="0" methods="12" coveredmethods="0"/>
        <line num="2" count="0" type="stmt"/>
        <line num="3" count="0" type="stmt"/>
        <line num="4" count="0" type="stmt"/>
        <line num="5" count="0" type="stmt"/>
        <line num="6" count="0" type="stmt"/>
        <line num="7" count="0" type="stmt"/>
        <line num="8" count="0" type="stmt"/>
        <line num="9" count="0" type="stmt"/>
        <line num="10" count="0" type="stmt"/>
        <line num="12" count="0" type="stmt"/>
        <line num="13" count="0" type="stmt"/>
        <line num="14" count="0" type="stmt"/>
        <line num="15" count="0" type="stmt"/>
        <line num="16" count="0" type="stmt"/>
        <line num="17" count="0" type="stmt"/>
        <line num="26" count="0" type="stmt"/>
        <line num="27" count="0" type="stmt"/>
        <line num="32" count="0" type="stmt"/>
        <line num="35" count="0" type="stmt"/>
        <line num="37" count="0" type="stmt"/>
        <line num="38" count="0" type="stmt"/>
        <line num="46" count="0" type="stmt"/>
        <line num="47" count="0" type="stmt"/>
        <line num="66" count="0" type="stmt"/>
        <line num="67" count="0" type="stmt"/>
        <line num="88" count="0" type="cond" truecount="0" falsecount="1"/>
        <line num="89" count="0" type="stmt"/>
        <line num="90" count="0" type="stmt"/>
        <line num="91" count="0" type="stmt"/>
        <line num="92" count="0" type="cond" truecount="0" falsecount="2"/>
        <line num="94" count="0" type="stmt"/>
        <line num="110" count="0" type="cond" truecount="0" falsecount="1"/>
        <line num="111" count="0" type="stmt"/>
        <line num="112" count="0" type="stmt"/>
        <line num="118" count="0" type="stmt"/>
        <line num="124" count="0" type="stmt"/>
        <line num="133" count="0" type="stmt"/>
        <line num="134" count="0" type="stmt"/>
        <line num="135" count="0" type="stmt"/>
        <line num="136" count="0" type="stmt"/>
        <line num="138" count="0" type="cond" truecount="0" falsecount="5"/>
        <line num="139" count="0" type="stmt"/>
        <line num="140" count="0" type="stmt"/>
        <line num="144" count="0" type="stmt"/>
        <line num="145" count="0" type="cond" truecount="0" falsecount="2"/>
        <line num="146" count="0" type="stmt"/>
        <line num="147" count="0" type="stmt"/>
        <line num="150" count="0" type="stmt"/>
        <line num="153" count="0" type="stmt"/>
        <line num="159" count="0" type="stmt"/>
        <line num="164" count="0" type="stmt"/>
        <line num="171" count="0" type="cond" truecount="0" falsecount="2"/>
        <line num="172" count="0" type="stmt"/>
        <line num="173" count="0" type="cond" truecount="0" falsecount="2"/>
        <line num="174" count="0" type="stmt"/>
        <line num="177" count="0" type="stmt"/>
        <line num="178" count="0" type="cond" truecount="0" falsecount="2"/>
        <line num="179" count="0" type="stmt"/>
        <line num="180" count="0" type="stmt"/>
        <line num="181" count="0" type="stmt"/>
        <line num="185" count="0" type="stmt"/>
        <line num="188" count="0" type="stmt"/>
        <line num="191" count="0" type="stmt"/>
        <line num="199" count="0" type="stmt"/>
        <line num="208" count="0" type="stmt"/>
        <line num="209" count="0" type="stmt"/>
        <line num="214" count="0" type="stmt"/>
        <line num="215" count="0" type="stmt"/>
        <line num="216" count="0" type="stmt"/>
        <line num="217" count="0" type="cond" truecount="0" falsecount="1"/>
        <line num="219" count="0" type="cond" truecount="0" falsecount="6"/>
        <line num="220" count="0" type="stmt"/>
        <line num="221" count="0" type="stmt"/>
        <line num="224" count="0" type="stmt"/>
        <line num="225" count="0" type="cond" truecount="0" falsecount="2"/>
        <line num="226" count="0" type="stmt"/>
        <line num="228" count="0" type="cond" truecount="0" falsecount="2"/>
        <line num="229" count="0" type="stmt"/>
        <line num="230" count="0" type="stmt"/>
        <line num="233" count="0" type="stmt"/>
        <line num="238" count="0" type="stmt"/>
        <line num="239" count="0" type="stmt"/>
        <line num="244" count="0" type="stmt"/>
        <line num="245" count="0" type="stmt"/>
        <line num="246" count="0" type="stmt"/>
        <line num="248" count="0" type="stmt"/>
        <line num="253" count="0" type="stmt"/>
        <line num="256" count="0" type="stmt"/>
        <line num="266" count="0" type="stmt"/>
        <line num="272" count="0" type="stmt"/>
        <line num="273" count="0" type="stmt"/>
        <line num="278" count="0" type="stmt"/>
        <line num="279" count="0" type="stmt"/>
        <line num="280" count="0" type="cond" truecount="0" falsecount="4"/>
        <line num="281" count="0" type="stmt"/>
        <line num="284" count="0" type="stmt"/>
        <line num="292" count="0" type="cond" truecount="0" falsecount="2"/>
        <line num="293" count="0" type="stmt"/>
        <line num="296" count="0" type="stmt"/>
        <line num="297" count="0" type="cond" truecount="0" falsecount="2"/>
        <line num="298" count="0" type="stmt"/>
        <line num="301" count="0" type="cond" truecount="0" falsecount="2"/>
        <line num="305" count="0" type="cond" truecount="0" falsecount="2"/>
        <line num="306" count="0" type="stmt"/>
        <line num="309" count="0" type="stmt"/>
        <line num="316" count="0" type="stmt"/>
        <line num="324" count="0" type="stmt"/>
        <line num="333" count="0" type="stmt"/>
        <line num="352" count="0" type="stmt"/>
        <line num="353" count="0" type="stmt"/>
        <line num="354" count="0" type="cond" truecount="0" falsecount="4"/>
        <line num="355" count="0" type="stmt"/>
        <line num="358" count="0" type="stmt"/>
        <line num="359" count="0" type="cond" truecount="0" falsecount="2"/>
        <line num="361" count="0" type="stmt"/>
        <line num="367" count="0" type="stmt"/>
        <line num="370" count="0" type="stmt"/>
        <line num="371" count="0" type="cond" truecount="0" falsecount="2"/>
        <line num="373" count="0" type="stmt"/>
        <line num="380" count="0" type="stmt"/>
        <line num="383" count="0" type="stmt"/>
        <line num="386" count="0" type="stmt"/>
        <line num="393" count="0" type="stmt"/>
        <line num="401" count="0" type="stmt"/>
        <line num="409" count="0" type="stmt"/>
        <line num="419" count="0" type="stmt"/>
        <line num="420" count="0" type="stmt"/>
        <line num="428" count="0" type="cond" truecount="0" falsecount="2"/>
        <line num="429" count="0" type="stmt"/>
        <line num="431" count="0" type="stmt"/>
        <line num="441" count="0" type="stmt"/>
        <line num="442" count="0" type="stmt"/>
        <line num="444" count="0" type="cond" truecount="0" falsecount="2"/>
        <line num="445" count="0" type="stmt"/>
        <line num="449" count="0" type="stmt"/>
        <line num="452" count="0" type="stmt"/>
        <line num="459" count="0" type="cond" truecount="0" falsecount="2"/>
        <line num="460" count="0" type="stmt"/>
        <line num="465" count="0" type="stmt"/>
        <line num="469" count="0" type="stmt"/>
        <line num="470" count="0" type="cond" truecount="0" falsecount="2"/>
        <line num="472" count="0" type="stmt"/>
        <line num="474" count="0" type="stmt"/>
        <line num="479" count="0" type="stmt"/>
        <line num="485" count="0" type="stmt"/>
        <line num="486" count="0" type="stmt"/>
        <line num="488" count="0" type="cond" truecount="0" falsecount="2"/>
        <line num="490" count="0" type="stmt"/>
        <line num="498" count="0" type="cond" truecount="0" falsecount="2"/>
        <line num="499" count="0" type="stmt"/>
        <line num="505" count="0" type="stmt"/>
        <line num="509" count="0" type="cond" truecount="0" falsecount="2"/>
        <line num="510" count="0" type="stmt"/>
        <line num="517" count="0" type="stmt"/>
        <line num="520" count="0" type="cond" truecount="0" falsecount="2"/>
        <line num="521" count="0" type="stmt"/>
        <line num="524" count="0" type="stmt"/>
        <line num="531" count="0" type="stmt"/>
        <line num="534" count="0" type="stmt"/>
        <line num="541" count="0" type="stmt"/>
        <line num="550" count="0" type="stmt"/>
        <line num="557" count="0" type="cond" truecount="0" falsecount="2"/>
        <line num="559" count="0" type="stmt"/>
        <line num="563" count="0" type="cond" truecount="0" falsecount="2"/>
        <line num="564" count="0" type="stmt"/>
        <line num="570" count="0" type="stmt"/>
        <line num="573" count="0" type="stmt"/>
        <line num="576" count="0" type="stmt"/>
        <line num="583" count="0" type="stmt"/>
        <line num="586" count="0" type="stmt"/>
        <line num="593" count="0" type="stmt"/>
        <line num="602" count="0" type="stmt"/>
        <line num="611" count="0" type="stmt"/>
        <line num="615" count="0" type="stmt"/>
        <line num="617" count="0" type="cond" truecount="0" falsecount="4"/>
        <line num="618" count="0" type="stmt"/>
        <line num="621" count="0" type="stmt"/>
        <line num="622" count="0" type="cond" truecount="0" falsecount="2"/>
        <line num="623" count="0" type="stmt"/>
        <line num="626" count="0" type="stmt"/>
        <line num="627" count="0" type="cond" truecount="0" falsecount="2"/>
        <line num="629" count="0" type="stmt"/>
        <line num="634" count="0" type="stmt"/>
        <line num="636" count="0" type="cond" truecount="0" falsecount="5"/>
        <line num="637" count="0" type="stmt"/>
        <line num="640" count="0" type="stmt"/>
        <line num="641" count="0" type="stmt"/>
        <line num="642" count="0" type="stmt"/>
        <line num="643" count="0" type="cond" truecount="0" falsecount="2"/>
        <line num="644" count="0" type="stmt"/>
        <line num="645" count="0" type="stmt"/>
        <line num="651" count="0" type="stmt"/>
        <line num="654" count="0" type="stmt"/>
        <line num="655" count="0" type="stmt"/>
        <line num="659" count="0" type="stmt"/>
        <line num="662" count="0" type="stmt"/>
        <line num="669" count="0" type="stmt"/>
        <line num="675" count="0" type="stmt"/>
        <line num="676" count="0" type="stmt"/>
        <line num="680" count="0" type="stmt"/>
      </file>
      <file name="categoriaController.js" path="/workspace/backend/src/controllers/categoriaController.js">
        <metrics statements="22" coveredstatements="0" conditionals="2" coveredconditionals="0" methods="3" coveredmethods="0"/>
        <line num="1" count="0" type="stmt"/>
        <line num="2" count="0" type="stmt"/>
        <line num="4" count="0" type="stmt"/>
        <line num="6" count="0" type="stmt"/>
        <line num="7" count="0" type="stmt"/>
        <line num="8" count="0" type="stmt"/>
        <line num="12" count="0" type="stmt"/>
        <line num="14" count="0" type="stmt"/>
        <line num="18" count="0" type="stmt"/>
        <line num="19" count="0" type="stmt"/>
        <line num="20" count="0" type="stmt"/>
        <line num="26" count="0" type="stmt"/>
        <line num="33" count="0" type="stmt"/>
        <line num="35" count="0" type="stmt"/>
        <line num="39" count="0" type="stmt"/>
        <line num="40" count="0" type="stmt"/>
        <line num="41" count="0" type="stmt"/>
        <line num="44" count="0" type="cond" truecount="0" falsecount="2"/>
        <line num="45" count="0" type="stmt"/>
        <line num="46" count="0" type="stmt"/>
        <line num="48" count="0" type="stmt"/>
        <line num="52" count="0" type="stmt"/>
      </file>
      <file name="clienteController.js" path="/workspace/backend/src/controllers/clienteController.js">
        <metrics statements="29" coveredstatements="0" conditionals="4" coveredconditionals="0" methods="4" coveredmethods="0"/>
        <line num="1" count="0" type="stmt"/>
        <line num="2" count="0" type="stmt"/>
        <line num="4" count="0" type="stmt"/>
        <line num="6" count="0" type="stmt"/>
        <line num="7" count="0" type="stmt"/>
        <line num="8" count="0" type="stmt"/>
        <line num="12" count="0" type="stmt"/>
        <line num="14" count="0" type="stmt"/>
        <line num="18" count="0" type="stmt"/>
        <line num="19" count="0" type="stmt"/>
        <line num="20" count="0" type="stmt"/>
        <line num="26" count="0" type="stmt"/>
        <line num="33" count="0" type="stmt"/>
        <line num="35" count="0" type="stmt"/>
        <line num="39" count="0" type="stmt"/>
        <line num="40" count="0" type="stmt"/>
        <line num="41" count="0" type="stmt"/>
        <line num="44" count="0" type="cond" truecount="0" falsecount="2"/>
        <line num="45" count="0" type="stmt"/>
        <line num="46" count="0" type="stmt"/>
        <line num="48" count="0" type="stmt"/>
        <line num="52" count="0" type="stmt"/>
        <line num="53" count="0" type="stmt"/>
        <line num="54" count="0" type="stmt"/>
        <line num="57" count="0" type="cond" truecount="0" falsecount="2"/>
        <line num="58" count="0" type="stmt"/>
        <line num="59" count="0" type="stmt"/>
        <line num="61" count="0" type="stmt"/>
        <line num="65" count="0" type="stmt"/>
      </file>
      <file name="dashboardController.js" path="/workspace/backend/src/controllers/dashboardController.js">
        <metrics statements="37" coveredstatements="0" conditionals="8" coveredconditionals="0" methods="4" coveredmethods="0"/>
        <line num="1" count="0" type="stmt"/>
        <line num="3" count="0" type="stmt"/>
        <line num="4" count="0" type="stmt"/>
        <line num="6" count="0" type="stmt"/>
        <line num="7" count="0" type="stmt"/>
        <line num="8" count="0" type="stmt"/>
        <line num="9" count="0" type="stmt"/>
        <line num="10" count="0" type="stmt"/>
        <line num="11" count="0" type="stmt"/>
        <line num="13" count="0" type="stmt"/>
        <line num="15" count="0" type="cond" truecount="0" falsecount="2"/>
        <line num="20" count="0" type="cond" truecount="0" falsecount="2"/>
        <line num="25" count="0" type="cond" truecount="0" falsecount="2"/>
        <line num="30" count="0" type="stmt"/>
        <line num="35" count="0" type="stmt"/>
        <line num="44" count="0" type="cond" truecount="0" falsecount="2"/>
        <line num="48" count="0" type="stmt"/>
        <line num="57" count="0" type="stmt"/>
        <line num="61" count="0" type="stmt"/>
        <line num="62" count="0" type="stmt"/>
        <line num="63" count="0" type="stmt"/>
        <line num="64" count="0" type="stmt"/>
        <line num="77" count="0" type="stmt"/>
        <line num="79" count="0" type="stmt"/>
        <line num="83" count="0" type="stmt"/>
        <line num="84" count="0" type="stmt"/>
        <line num="85" count="0" type="stmt"/>
        <line num="86" count="0" type="stmt"/>
        <line num="98" count="0" type="stmt"/>
        <line num="100" count="0" type="stmt"/>
        <line num="104" count="0" type="stmt"/>
        <line num="105" count="0" type="stmt"/>
        <line num="106" count="0" type="stmt"/>
        <line num="107" count="0" type="stmt"/>
        <line num="122" count="0" type="stmt"/>
        <line num="124" count="0" type="stmt"/>
        <line num="128" count="0" type="stmt"/>
      </file>
      <file name="gastoController.js" path="/workspace/backend/src/controllers/gastoController.js">
        <metrics statements="15" coveredstatements="0" conditionals="0" coveredconditionals="0" methods="2" coveredmethods="0"/>
        <line num="1" count="0" type="stmt"/>
        <line num="2" count="0" type="stmt"/>
        <line num="4" count="0" type="stmt"/>
        <line num="6" count="0" type="stmt"/>
        <line num="7" count="0" type="stmt"/>
        <line num="8" count="0" type="stmt"/>
        <line num="12" count="0" type="stmt"/>
        <line num="14" count="0" type="stmt"/>
        <line num="18" count="0" type="stmt"/>
        <line num="19" count="0" type="stmt"/>
        <line num="20" count="0" type="stmt"/>
        <line num="27" count="0" type="stmt"/>
        <line num="35" count="0" type="stmt"/>
        <line num="37" count="0" type="stmt"/>
        <line num="41" count="0" type="stmt"/>
      </file>
      <file name="inventarioController.js" path="/workspace/backend/src/controllers/inventarioController.js">
        <metrics statements="39" coveredstatements="0" conditionals="10" coveredconditionals="0" methods="4" coveredmethods="0"/>
        <line num="1" count="0" type="stmt"/>
        <line num="2" count="0" type="stmt"/>
        <line num="4" count="0" type="stmt"/>
        <line num="5" count="0" type="stmt"/>
        <line num="7" count="0" type="stmt"/>
        <line num="8" count="0" type="stmt"/>
        <line num="9" count="0" type="stmt"/>
        <line num="13" count="0" type="stmt"/>
        <line num="15" count="0" type="stmt"/>
        <line num="19" count="0" type="stmt"/>
        <line num="20" count="0" type="stmt"/>
        <line num="21" count="0" type="stmt"/>
        <line num="22" count="0" type="stmt"/>
        <line num="24" count="0" type="stmt"/>
        <line num="28" count="0" type="cond" truecount="0" falsecount="2"/>
        <line num="31" count="0" type="cond" truecount="0" falsecount="4"/>
        <line num="32" count="0" type="stmt"/>
        <line num="33" count="0" type="stmt"/>
        <line num="37" count="0" type="cond" truecount="0" falsecount="2"/>
        <line num="41" count="0" type="stmt"/>
        <line num="44" count="0" type="stmt"/>
        <line num="53" count="0" type="stmt"/>
        <line num="56" count="0" type="stmt"/>
        <line num="67" count="0" type="cond" truecount="0" falsecount="2"/>
        <line num="68" count="0" type="stmt"/>
        <line num="76" count="0" type="stmt"/>
        <line num="78" count="0" type="stmt"/>
        <line num="79" count="0" type="stmt"/>
        <line num="83" count="0" type="stmt"/>
        <line num="84" count="0" type="stmt"/>
        <line num="85" count="0" type="stmt"/>
        <line num="91" count="0" type="stmt"/>
        <line num="93" count="0" type="stmt"/>
        <line num="97" count="0" type="stmt"/>
        <line num="98" count="0" type="stmt"/>
        <line num="99" count="0" type="stmt"/>
        <line num="106" count="0" type="stmt"/>
        <line num="108" count="0" type="stmt"/>
        <line num="112" count="0" type="stmt"/>
      </file>
      <file name="productoController.js" path="/workspace/backend/src/controllers/productoController.js">
        <metrics statements="26" coveredstatements="0" conditionals="4" coveredconditionals="0" methods="4" coveredmethods="0"/>
        <line num="1" count="0" type="stmt"/>
        <line num="2" count="0" type="stmt"/>
        <line num="3" count="0" type="stmt"/>
        <line num="5" count="0" type="stmt"/>
        <line num="7" count="0" type="stmt"/>
        <line num="8" count="0" type="stmt"/>
        <line num="12" count="0" type="stmt"/>
        <line num="15" count="0" type="stmt"/>
        <line num="16" count="0" type="stmt"/>
        <line num="22" count="0" type="stmt"/>
        <line num="29" count="0" type="stmt"/>
        <line num="32" count="0" type="stmt"/>
        <line num="33" count="0" type="stmt"/>
        <line num="36" count="0" type="cond" truecount="0" falsecount="2"/>
        <line num="37" count="0" type="stmt"/>
        <line num="40" count="0" type="stmt"/>
        <line num="43" count="0" type="stmt"/>
        <line num="49" count="0" type="stmt"/>
        <line num="52" count="0" type="stmt"/>
        <line num="53" count="0" type="stmt"/>
        <line num="56" count="0" type="cond" truecount="0" falsecount="2"/>
        <line num="57" count="0" type="stmt"/>
        <line num="60" count="0" type="stmt"/>
        <line num="63" count="0" type="stmt"/>
        <line num="68" count="0" type="stmt"/>
        <line num="71" count="0" type="stmt"/>
      </file>
      <file name="proveedorController.js" path="/workspace/backend/src/controllers/proveedorController.js">
        <metrics statements="29" coveredstatements="0" conditionals="4" coveredconditionals="0" methods="4" coveredmethods="0"/>
        <line num="1" count="0" type="stmt"/>
        <line num="2" count="0" type="stmt"/>
        <line num="4" count="0" type="stmt"/>
        <line num="6" count="0" type="stmt"/>
        <line num="7" count="0" type="stmt"/>
        <line num="8" count="0" type="stmt"/>
        <line num="12" count="0" type="stmt"/>
        <line num="14" count="0" type="stmt"/>
        <line num="18" count="0" type="stmt"/>
        <line num="19" count="0" type="stmt"/>
        <line num="20" count="0" type="stmt"/>
        <line num="26" count="0" type="stmt"/>
        <line num="33" count="0" type="stmt"/>
        <line num="35" count="0" type="stmt"/>
        <line num="39" count="0" type="stmt"/>
        <line num="40" count="0" type="stmt"/>
        <line num="41" count="0" type="stmt"/>
        <line num="44" count="0" type="cond" truecount="0" falsecount="2"/>
        <line num="45" count="0" type="stmt"/>
        <line num="46" count="0" type="stmt"/>
        <line num="48" count="0" type="stmt"/>
        <line num="52" count="0" type="stmt"/>
        <line num="53" count="0" type="stmt"/>
        <line num="54" count="0" type="stmt"/>
        <line num="57" count="0" type="cond" truecount="0" falsecount="2"/>
        <line num="58" count="0" type="stmt"/>
        <line num="59" count="0" type="stmt"/>
        <line num="61" count="0" type="stmt"/>
        <line num="65" count="0" type="stmt"/>
      </file>
      <file name="reporteController.js" path="/workspace/backend/src/controllers/reporteController.js">
        <metrics statements="110" coveredstatements="0" conditionals="24" coveredconditionals="0" methods="12" coveredmethods="0"/>
        <line num="5" count="0" type="stmt"/>
        <line num="7" count="0" type="stmt"/>
        <line num="8" count="0" type="stmt"/>
        <line num="9" count="0" type="stmt"/>
        <line num="10" count="0" type="stmt"/>
        <line num="13" count="0" type="stmt"/>
        <line num="14" count="0" type="cond" truecount="0" falsecount="4"/>
        <line num="15" count="0" type="stmt"/>
        <line num="16" count="0" type="stmt"/>
        <line num="17" count="0" type="cond" truecount="0" falsecount="4"/>
        <line num="18" count="0" type="stmt"/>
        <line num="20" count="0" type="stmt"/>
        <line num="24" count="0" type="stmt"/>
        <line num="25" count="0" type="stmt"/>
        <line num="26" count="0" type="stmt"/>
        <line num="28" count="0" type="stmt"/>
        <line num="29" count="0" type="stmt"/>
        <line num="30" count="0" type="stmt"/>
        <line num="31" count="0" type="cond" truecount="0" falsecount="2"/>
        <line num="33" count="0" type="stmt"/>
        <line num="41" count="0" type="stmt"/>
        <line num="43" count="0" type="stmt"/>
        <line num="44" count="0" type="stmt"/>
        <line num="47" count="0" type="stmt"/>
        <line num="48" count="0" type="stmt"/>
        <line num="49" count="0" type="cond" truecount="0" falsecount="2"/>
        <line num="50" count="0" type="stmt"/>
        <line num="54" count="0" type="stmt"/>
        <line num="57" count="0" type="stmt"/>
        <line num="58" count="0" type="stmt"/>
        <line num="62" count="0" type="stmt"/>
        <line num="65" count="0" type="stmt"/>
        <line num="66" count="0" type="stmt"/>
        <line num="67" count="0" type="stmt"/>
        <line num="68" count="0" type="stmt"/>
        <line num="69" count="0" type="stmt"/>
        <line num="70" count="0" type="stmt"/>
        <line num="71" count="0" type="stmt"/>
        <line num="72" count="0" type="stmt"/>
        <line num="74" count="0" type="stmt"/>
        <line num="75" count="0" type="stmt"/>
        <line num="76" count="0" type="stmt"/>
        <line num="77" count="0" type="cond" truecount="0" falsecount="2"/>
        <line num="78" count="0" type="stmt"/>
        <line num="79" count="0" type="stmt"/>
        <line num="80" count="0" type="stmt"/>
        <line num="81" count="0" type="stmt"/>
        <line num="82" count="0" type="stmt"/>
        <line num="83" count="0" type="stmt"/>
        <line num="84" count="0" type="stmt"/>
        <line num="87" count="0" type="stmt"/>
        <line num="88" count="0" type="stmt"/>
        <line num="91" count="0" type="stmt"/>
        <line num="93" count="0" type="stmt"/>
        <line num="94" count="0" type="cond" truecount="0" falsecount="2"/>
        <line num="95" count="0" type="stmt"/>
        <line num="101" count="0" type="stmt"/>
        <line num="102" count="0" type="stmt"/>
        <line num="103" count="0" type="stmt"/>
        <line num="105" count="0" type="stmt"/>
        <line num="106" count="0" type="stmt"/>
        <line num="107" count="0" type="stmt"/>
        <line num="108" count="0" type="cond" truecount="0" falsecount="2"/>
        <line num="110" count="0" type="stmt"/>
        <line num="112" count="0" type="stmt"/>
        <line num="113" count="0" type="stmt"/>
        <line num="115" count="0" type="stmt"/>
        <line num="123" count="0" type="stmt"/>
        <line num="124" count="0" type="stmt"/>
        <line num="125" count="0" type="stmt"/>
        <line num="126" count="0" type="stmt"/>
        <line num="129" count="0" type="stmt"/>
        <line num="130" count="0" type="stmt"/>
        <line num="139" count="0" type="stmt"/>
        <line num="140" count="0" type="stmt"/>
        <line num="142" count="0" type="stmt"/>
        <line num="144" count="0" type="stmt"/>
        <line num="145" count="0" type="stmt"/>
        <line num="147" count="0" type="stmt"/>
        <line num="148" count="0" type="stmt"/>
        <line num="149" count="0" type="stmt"/>
        <line num="150" count="0" type="stmt"/>
        <line num="152" count="0" type="stmt"/>
        <line num="153" count="0" type="cond" truecount="0" falsecount="2"/>
        <line num="154" count="0" type="stmt"/>
        <line num="160" count="0" type="stmt"/>
        <line num="161" count="0" type="stmt"/>
        <line num="163" count="0" type="stmt"/>
        <line num="164" count="0" type="stmt"/>
        <line num="169" count="0" type="stmt"/>
        <line num="170" count="0" type="stmt"/>
        <line num="172" count="0" type="stmt"/>
        <line num="180" count="0" type="stmt"/>
        <line num="181" count="0" type="stmt"/>
        <line num="182" count="0" type="stmt"/>
        <line num="185" count="0" type="stmt"/>
        <line num="186" count="0" type="stmt"/>
        <line num="196" count="0" type="stmt"/>
        <line num="197" count="0" type="stmt"/>
        <line num="199" count="0" type="stmt"/>
        <line num="201" count="0" type="stmt"/>
        <line num="202" count="0" type="stmt"/>
        <line num="204" count="0" type="stmt"/>
        <line num="205" count="0" type="stmt"/>
        <line num="206" count="0" type="stmt"/>
        <line num="207" count="0" type="stmt"/>
        <line num="209" count="0" type="stmt"/>
        <line num="210" count="0" type="cond" truecount="0" falsecount="2"/>
        <line num="211" count="0" type="stmt"/>
        <line num="216" count="0" type="stmt"/>
      </file>
      <file name="ventaController.js" path="/workspace/backend/src/controllers/ventaController.js">
        <metrics statements="41" coveredstatements="0" conditionals="22" coveredconditionals="0" methods="2" coveredmethods="0"/>
        <line num="10" count="0" type="stmt"/>
        <line num="11" count="0" type="stmt"/>
        <line num="12" count="0" type="stmt"/>
        <line num="13" count="0" type="stmt"/>
        <line num="15" count="0" type="stmt"/>
        <line num="17" count="0" type="stmt"/>
        <line num="18" count="0" type="stmt"/>
        <line num="26" count="0" type="stmt"/>
        <line num="29" count="0" type="stmt"/>
        <line num="30" count="0" type="stmt"/>
        <line num="31" count="0" type="stmt"/>
        <line num="32" count="0" type="stmt"/>
        <line num="34" count="0" type="cond" truecount="0" falsecount="4"/>
        <line num="35" count="0" type="stmt"/>
        <line num="36" count="0" type="stmt"/>
        <line num="39" count="0" type="stmt"/>
        <line num="42" count="0" type="stmt"/>
        <line num="43" count="0" type="stmt"/>
        <line num="44" count="0" type="stmt"/>
        <line num="46" count="0" type="cond" truecount="0" falsecount="6"/>
        <line num="47" count="0" type="stmt"/>
        <line num="48" count="0" type="stmt"/>
        <line num="52" count="0" type="stmt"/>
        <line num="64" count="0" type="cond" truecount="0" falsecount="2"/>
        <line num="69" count="0" type="stmt"/>
        <line num="72" count="0" type="stmt"/>
        <line num="78" count="0" type="cond" truecount="0" falsecount="2"/>
        <line num="79" count="0" type="stmt"/>
        <line num="83" count="0" type="stmt"/>
        <line num="86" count="0" type="stmt"/>
        <line num="89" count="0" type="stmt"/>
        <line num="98" count="0" type="stmt"/>
        <line num="99" count="0" type="stmt"/>
        <line num="100" count="0" type="stmt"/>
        <line num="101" count="0" type="stmt"/>
        <line num="110" count="0" type="stmt"/>
        <line num="113" count="0" type="stmt"/>
        <line num="123" count="0" type="stmt"/>
        <line num="125" count="0" type="stmt"/>
        <line num="126" count="0" type="stmt"/>
        <line num="130" count="0" type="stmt"/>
      </file>
    </package>
    <package name="src.controllers.admin">
      <metrics statements="430" coveredstatements="0" conditionals="205" coveredconditionals="0" methods="51" coveredmethods="0"/>
      <file name="adminController.js" path="/workspace/backend/src/controllers/admin/adminController.js">
        <metrics statements="355" coveredstatements="0" conditionals="166" coveredconditionals="0" methods="44" coveredmethods="0"/>
        <line num="3" count="0" type="stmt"/>
        <line num="4" count="0" type="stmt"/>
        <line num="5" count="0" type="stmt"/>
        <line num="6" count="0" type="stmt"/>
        <line num="9" count="0" type="stmt"/>
        <line num="10" count="0" type="stmt"/>
        <line num="11" count="0" type="stmt"/>
        <line num="13" count="0" type="stmt"/>
        <line num="14" count="0" type="stmt"/>
        <line num="15" count="0" type="stmt"/>
        <line num="17" count="0" type="stmt"/>
        <line num="18" count="0" type="stmt"/>
        <line num="19" count="0" type="stmt"/>
        <line num="21" count="0" type="stmt"/>
        <line num="22" count="0" type="cond" truecount="0" falsecount="2"/>
        <line num="23" count="0" type="cond" truecount="0" falsecount="2"/>
        <line num="24" count="0" type="stmt"/>
        <line num="27" count="0" type="stmt"/>
        <line num="28" count="0" type="cond" truecount="0" falsecount="2"/>
        <line num="31" count="0" type="cond" truecount="0" falsecount="1"/>
        <line num="32" count="0" type="stmt"/>
        <line num="33" count="0" type="cond" truecount="0" falsecount="2"/>
        <line num="34" count="0" type="cond" truecount="0" falsecount="2"/>
        <line num="36" count="0" type="stmt"/>
        <line num="49" count="0" type="stmt"/>
        <line num="50" count="0" type="cond" truecount="0" falsecount="3"/>
        <line num="51" count="0" type="cond" truecount="0" falsecount="2"/>
        <line num="55" count="0" type="stmt"/>
        <line num="56" count="0" type="stmt"/>
        <line num="57" count="0" type="stmt"/>
        <line num="58" count="0" type="stmt"/>
        <line num="59" count="0" type="stmt"/>
        <line num="65" count="0" type="stmt"/>
        <line num="89" count="0" type="cond" truecount="0" falsecount="2"/>
        <line num="90" count="0" type="cond" truecount="0" falsecount="2"/>
        <line num="91" count="0" type="cond" truecount="0" falsecount="2"/>
        <line num="95" count="0" type="stmt"/>
        <line num="104" count="0" type="stmt"/>
        <line num="107" count="0" type="stmt"/>
        <line num="108" count="0" type="stmt"/>
        <line num="109" count="0" type="stmt"/>
        <line num="110" count="0" type="stmt"/>
        <line num="111" count="0" type="stmt"/>
        <line num="113" count="0" type="cond" truecount="0" falsecount="2"/>
        <line num="114" count="0" type="cond" truecount="0" falsecount="2"/>
        <line num="115" count="0" type="stmt"/>
        <line num="122" count="0" type="stmt"/>
        <line num="130" count="0" type="stmt"/>
        <line num="132" count="0" type="stmt"/>
        <line num="136" count="0" type="stmt"/>
        <line num="137" count="0" type="stmt"/>
        <line num="138" count="0" type="stmt"/>
        <line num="139" count="0" type="cond" truecount="0" falsecount="2"/>
        <line num="141" count="0" type="cond" truecount="0" falsecount="2"/>
        <line num="142" count="0" type="cond" truecount="0" falsecount="2"/>
        <line num="143" count="0" type="stmt"/>
        <line num="146" count="0" type="stmt"/>
        <line num="154" count="0" type="stmt"/>
        <line num="155" count="0" type="stmt"/>
        <line num="157" count="0" type="stmt"/>
        <line num="161" count="0" type="stmt"/>
        <line num="162" count="0" type="stmt"/>
        <line num="163" count="0" type="stmt"/>
        <line num="164" count="0" type="cond" truecount="0" falsecount="2"/>
        <line num="166" count="0" type="cond" truecount="0" falsecount="4"/>
        <line num="167" count="0" type="stmt"/>
        <line num="170" count="0" type="stmt"/>
        <line num="171" count="0" type="stmt"/>
        <line num="172" count="0" type="stmt"/>
        <line num="174" count="0" type="stmt"/>
        <line num="178" count="0" type="stmt"/>
        <line num="179" count="0" type="stmt"/>
        <line num="180" count="0" type="stmt"/>
        <line num="181" count="0" type="cond" truecount="0" falsecount="2"/>
        <line num="183" count="0" type="cond" truecount="0" falsecount="2"/>
        <line num="184" count="0" type="stmt"/>
        <line num="187" count="0" type="stmt"/>
        <line num="188" count="0" type="stmt"/>
        <line num="189" count="0" type="stmt"/>
        <line num="191" count="0" type="stmt"/>
        <line num="195" count="0" type="stmt"/>
        <line num="196" count="0" type="stmt"/>
        <line num="197" count="0" type="stmt"/>
        <line num="198" count="0" type="cond" truecount="0" falsecount="2"/>
        <line num="200" count="0" type="stmt"/>
        <line num="201" count="0" type="stmt"/>
        <line num="202" count="0" type="stmt"/>
        <line num="204" count="0" type="stmt"/>
        <line num="208" count="0" type="stmt"/>
        <line num="209" count="0" type="stmt"/>
        <line num="210" count="0" type="stmt"/>
        <line num="219" count="0" type="cond" truecount="0" falsecount="2"/>
        <line num="220" count="0" type="stmt"/>
        <line num="222" count="0" type="stmt"/>
        <line num="226" count="0" type="stmt"/>
        <line num="227" count="0" type="stmt"/>
        <line num="228" count="0" type="stmt"/>
        <line num="232" count="0" type="stmt"/>
        <line num="234" count="0" type="stmt"/>
        <line num="238" count="0" type="stmt"/>
        <line num="239" count="0" type="stmt"/>
        <line num="240" count="0" type="stmt"/>
        <line num="241" count="0" type="cond" truecount="0" falsecount="4"/>
        <line num="242" count="0" type="stmt"/>
        <line num="245" count="0" type="stmt"/>
        <line num="246" count="0" type="cond" truecount="0" falsecount="2"/>
        <line num="247" count="0" type="cond" truecount="0" falsecount="2"/>
        <line num="249" count="0" type="stmt"/>
        <line num="250" count="0" type="stmt"/>
        <line num="251" count="0" type="stmt"/>
        <line num="253" count="0" type="stmt"/>
        <line num="257" count="0" type="stmt"/>
        <line num="258" count="0" type="stmt"/>
        <line num="259" count="0" type="stmt"/>
        <line num="260" count="0" type="stmt"/>
        <line num="262" count="0" type="stmt"/>
        <line num="266" count="0" type="stmt"/>
        <line num="267" count="0" type="stmt"/>
        <line num="268" count="0" type="stmt"/>
        <line num="274" count="0" type="stmt"/>
        <line num="275" count="0" type="stmt"/>
        <line num="276" count="0" type="stmt"/>
        <line num="277" count="0" type="stmt"/>
        <line num="278" count="0" type="stmt"/>
        <line num="282" count="0" type="stmt"/>
        <line num="284" count="0" type="stmt"/>
        <line num="290" count="0" type="stmt"/>
        <line num="292" count="0" type="stmt"/>
        <line num="296" count="0" type="stmt"/>
        <line num="297" count="0" type="stmt"/>
        <line num="298" count="0" type="stmt"/>
        <line num="299" count="0" type="stmt"/>
        <line num="300" count="0" type="stmt"/>
        <line num="303" count="0" type="stmt"/>
        <line num="304" count="0" type="cond" truecount="0" falsecount="2"/>
        <line num="305" count="0" type="stmt"/>
        <line num="309" count="0" type="stmt"/>
        <line num="310" count="0" type="cond" truecount="0" falsecount="2"/>
        <line num="311" count="0" type="stmt"/>
        <line num="315" count="0" type="stmt"/>
        <line num="320" count="0" type="cond" truecount="0" falsecount="2"/>
        <line num="321" count="0" type="stmt"/>
        <line num="324" count="0" type="stmt"/>
        <line num="326" count="0" type="stmt"/>
        <line num="328" count="0" type="stmt"/>
        <line num="332" count="0" type="stmt"/>
        <line num="333" count="0" type="stmt"/>
        <line num="334" count="0" type="stmt"/>
        <line num="335" count="0" type="cond" truecount="0" falsecount="2"/>
        <line num="337" count="0" type="stmt"/>
        <line num="342" count="0" type="stmt"/>
        <line num="343" count="0" type="stmt"/>
        <line num="345" count="0" type="stmt"/>
        <line num="349" count="0" type="stmt"/>
        <line num="350" count="0" type="stmt"/>
        <line num="351" count="0" type="stmt"/>
        <line num="352" count="0" type="cond" truecount="0" falsecount="2"/>
        <line num="354" count="0" type="stmt"/>
        <line num="359" count="0" type="stmt"/>
        <line num="360" count="0" type="stmt"/>
        <line num="362" count="0" type="stmt"/>
        <line num="366" count="0" type="stmt"/>
        <line num="367" count="0" type="stmt"/>
        <line num="368" count="0" type="stmt"/>
        <line num="369" count="0" type="cond" truecount="0" falsecount="2"/>
        <line num="371" count="0" type="cond" truecount="0" falsecount="2"/>
        <line num="372" count="0" type="cond" truecount="0" falsecount="2"/>
        <line num="373" count="0" type="stmt"/>
        <line num="376" count="0" type="stmt"/>
        <line num="377" count="0" type="cond" truecount="0" falsecount="2"/>
        <line num="378" count="0" type="stmt"/>
        <line num="381" count="0" type="stmt"/>
        <line num="382" count="0" type="stmt"/>
        <line num="384" count="0" type="stmt"/>
        <line num="388" count="0" type="stmt"/>
        <line num="389" count="0" type="cond" truecount="0" falsecount="2"/>
        <line num="391" count="0" type="stmt"/>
        <line num="395" count="0" type="stmt"/>
        <line num="396" count="0" type="stmt"/>
        <line num="397" count="0" type="stmt"/>
        <line num="401" count="0" type="stmt"/>
        <line num="403" count="0" type="stmt"/>
        <line num="407" count="0" type="stmt"/>
        <line num="408" count="0" type="stmt"/>
        <line num="409" count="0" type="stmt"/>
        <line num="410" count="0" type="cond" truecount="0" falsecount="2"/>
        <line num="412" count="0" type="stmt"/>
        <line num="413" count="0" type="stmt"/>
        <line num="415" count="0" type="stmt"/>
        <line num="419" count="0" type="stmt"/>
        <line num="420" count="0" type="stmt"/>
        <line num="421" count="0" type="stmt"/>
        <line num="422" count="0" type="cond" truecount="0" falsecount="2"/>
        <line num="424" count="0" type="stmt"/>
        <line num="425" count="0" type="stmt"/>
        <line num="427" count="0" type="stmt"/>
        <line num="431" count="0" type="stmt"/>
        <line num="432" count="0" type="stmt"/>
        <line num="433" count="0" type="stmt"/>
        <line num="434" count="0" type="stmt"/>
        <line num="436" count="0" type="stmt"/>
        <line num="440" count="0" type="stmt"/>
        <line num="441" count="0" type="stmt"/>
        <line num="442" count="0" type="stmt"/>
        <line num="443" count="0" type="cond" truecount="0" falsecount="2"/>
        <line num="445" count="0" type="stmt"/>
        <line num="446" count="0" type="stmt"/>
        <line num="448" count="0" type="stmt"/>
        <line num="452" count="0" type="stmt"/>
        <line num="453" count="0" type="stmt"/>
        <line num="454" count="0" type="cond" truecount="0" falsecount="2"/>
        <line num="456" count="0" type="stmt"/>
        <line num="461" count="0" type="cond" truecount="0" falsecount="2"/>
        <line num="462" count="0" type="cond" truecount="0" falsecount="2"/>
        <line num="464" count="0" type="stmt"/>
        <line num="468" count="0" type="stmt"/>
        <line num="469" count="0" type="stmt"/>
        <line num="470" count="0" type="cond" truecount="0" falsecount="4"/>
        <line num="471" count="0" type="stmt"/>
        <line num="474" count="0" type="stmt"/>
        <line num="479" count="0" type="cond" truecount="0" falsecount="2"/>
        <line num="480" count="0" type="stmt"/>
        <line num="482" count="0" type="stmt"/>
        <line num="486" count="0" type="stmt"/>
        <line num="487" count="0" type="stmt"/>
        <line num="488" count="0" type="cond" truecount="0" falsecount="4"/>
        <line num="489" count="0" type="stmt"/>
        <line num="492" count="0" type="stmt"/>
        <line num="500" count="0" type="cond" truecount="0" falsecount="2"/>
        <line num="501" count="0" type="cond" truecount="0" falsecount="2"/>
        <line num="504" count="0" type="stmt"/>
        <line num="505" count="0" type="stmt"/>
        <line num="506" count="0" type="cond" truecount="0" falsecount="2"/>
        <line num="508" count="0" type="stmt"/>
        <line num="512" count="0" type="stmt"/>
        <line num="513" count="0" type="stmt"/>
        <line num="514" count="0" type="stmt"/>
        <line num="515" count="0" type="cond" truecount="0" falsecount="2"/>
        <line num="517" count="0" type="stmt"/>
        <line num="518" count="0" type="stmt"/>
        <line num="520" count="0" type="stmt"/>
        <line num="524" count="0" type="stmt"/>
        <line num="525" count="0" type="stmt"/>
        <line num="526" count="0" type="stmt"/>
        <line num="527" count="0" type="stmt"/>
        <line num="528" count="0" type="stmt"/>
        <line num="530" count="0" type="stmt"/>
        <line num="535" count="0" type="stmt"/>
        <line num="536" count="0" type="stmt"/>
        <line num="537" count="0" type="stmt"/>
        <line num="544" count="0" type="stmt"/>
        <line num="548" count="0" type="stmt"/>
        <line num="549" count="0" type="stmt"/>
        <line num="550" count="0" type="cond" truecount="0" falsecount="4"/>
        <line num="551" count="0" type="stmt"/>
        <line num="553" count="0" type="cond" truecount="0" falsecount="2"/>
        <line num="554" count="0" type="cond" truecount="0" falsecount="2"/>
        <line num="555" count="0" type="stmt"/>
        <line num="557" count="0" type="stmt"/>
        <line num="558" count="0" type="stmt"/>
        <line num="559" count="0" type="stmt"/>
        <line num="564" count="0" type="stmt"/>
        <line num="573" count="0" type="stmt"/>
        <line num="574" count="0" type="cond" truecount="0" falsecount="2"/>
        <line num="575" count="0" type="stmt"/>
        <line num="581" count="0" type="stmt"/>
        <line num="582" count="0" type="stmt"/>
        <line num="583" count="0" type="stmt"/>
        <line num="584" count="0" type="stmt"/>
        <line num="586" count="0" type="stmt"/>
        <line num="587" count="0" type="stmt"/>
        <line num="589" count="0" type="stmt"/>
        <line num="592" count="0" type="stmt"/>
        <line num="593" count="0" type="stmt"/>
        <line num="594" count="0" type="stmt"/>
        <line num="595" count="0" type="cond" truecount="0" falsecount="2"/>
        <line num="597" count="0" type="cond" truecount="0" falsecount="4"/>
        <line num="598" count="0" type="stmt"/>
        <line num="601" count="0" type="stmt"/>
        <line num="602" count="0" type="stmt"/>
        <line num="603" count="0" type="stmt"/>
        <line num="605" count="0" type="stmt"/>
        <line num="607" count="0" type="stmt"/>
        <line num="611" count="0" type="stmt"/>
        <line num="612" count="0" type="stmt"/>
        <line num="613" count="0" type="stmt"/>
        <line num="614" count="0" type="cond" truecount="0" falsecount="2"/>
        <line num="616" count="0" type="stmt"/>
        <line num="617" count="0" type="stmt"/>
        <line num="619" count="0" type="stmt"/>
        <line num="623" count="0" type="stmt"/>
        <line num="624" count="0" type="stmt"/>
        <line num="625" count="0" type="stmt"/>
        <line num="626" count="0" type="cond" truecount="0" falsecount="2"/>
        <line num="628" count="0" type="cond" truecount="0" falsecount="2"/>
        <line num="629" count="0" type="cond" truecount="0" falsecount="2"/>
        <line num="630" count="0" type="stmt"/>
        <line num="633" count="0" type="stmt"/>
        <line num="634" count="0" type="stmt"/>
        <line num="636" count="0" type="stmt"/>
        <line num="638" count="0" type="stmt"/>
        <line num="642" count="0" type="stmt"/>
        <line num="643" count="0" type="stmt"/>
        <line num="644" count="0" type="stmt"/>
        <line num="645" count="0" type="cond" truecount="0" falsecount="2"/>
        <line num="647" count="0" type="cond" truecount="0" falsecount="2"/>
        <line num="648" count="0" type="stmt"/>
        <line num="650" count="0" type="cond" truecount="0" falsecount="2"/>
        <line num="651" count="0" type="stmt"/>
        <line num="656" count="0" type="stmt"/>
        <line num="662" count="0" type="stmt"/>
        <line num="666" count="0" type="stmt"/>
        <line num="667" count="0" type="stmt"/>
        <line num="668" count="0" type="cond" truecount="0" falsecount="2"/>
        <line num="669" count="0" type="cond" truecount="0" falsecount="2"/>
        <line num="670" count="0" type="stmt"/>
        <line num="672" count="0" type="stmt"/>
        <line num="676" count="0" type="stmt"/>
        <line num="677" count="0" type="stmt"/>
        <line num="678" count="0" type="stmt"/>
        <line num="679" count="0" type="stmt"/>
        <line num="685" count="0" type="stmt"/>
        <line num="687" count="0" type="stmt"/>
        <line num="691" count="0" type="stmt"/>
        <line num="692" count="0" type="stmt"/>
        <line num="693" count="0" type="stmt"/>
        <line num="695" count="0" type="cond" truecount="0" falsecount="2"/>
        <line num="697" count="0" type="stmt"/>
        <line num="698" count="0" type="stmt"/>
        <line num="699" count="0" type="stmt"/>
        <line num="703" count="0" type="stmt"/>
        <line num="704" count="0" type="stmt"/>
        <line num="709" count="0" type="stmt"/>
        <line num="716" count="0" type="stmt"/>
        <line num="717" count="0" type="stmt"/>
        <line num="719" count="0" type="cond" truecount="0" falsecount="2"/>
        <line num="720" count="0" type="stmt"/>
        <line num="721" count="0" type="stmt"/>
        <line num="724" count="0" type="cond" truecount="0" falsecount="2"/>
        <line num="725" count="0" type="stmt"/>
        <line num="726" count="0" type="stmt"/>
        <line num="729" count="0" type="stmt"/>
        <line num="738" count="0" type="stmt"/>
        <line num="742" count="0" type="stmt"/>
        <line num="743" count="0" type="stmt"/>
        <line num="744" count="0" type="stmt"/>
        <line num="745" count="0" type="stmt"/>
        <line num="747" count="0" type="stmt"/>
        <line num="748" count="0" type="stmt"/>
        <line num="749" count="0" type="stmt"/>
        <line num="752" count="0" type="stmt"/>
        <line num="761" count="0" type="stmt"/>
        <line num="769" count="0" type="stmt"/>
        <line num="771" count="0" type="stmt"/>
        <line num="775" count="0" type="stmt"/>
      </file>
      <file name="suscripcionController.js" path="/workspace/backend/src/controllers/admin/suscripcionController.js">
        <metrics statements="75" coveredstatements="0" conditionals="39" coveredconditionals="0" methods="7" coveredmethods="0"/>
        <line num="11" count="0" type="stmt"/>
        <line num="12" count="0" type="stmt"/>
        <line num="13" count="0" type="stmt"/>
        <line num="14" count="0" type="stmt"/>
        <line num="15" count="0" type="stmt"/>
        <line num="18" count="0" type="stmt"/>
        <line num="19" count="0" type="stmt"/>
        <line num="20" count="0" type="stmt"/>
        <line num="22" count="0" type="stmt"/>
        <line num="23" count="0" type="stmt"/>
        <line num="25" count="0" type="cond" truecount="0" falsecount="1"/>
        <line num="26" count="0" type="stmt"/>
        <line num="27" count="0" type="cond" truecount="0" falsecount="2"/>
        <line num="28" count="0" type="cond" truecount="0" falsecount="2"/>
        <line num="29" count="0" type="stmt"/>
        <line num="34" count="0" type="stmt"/>
        <line num="35" count="0" type="stmt"/>
        <line num="36" count="0" type="stmt"/>
        <line num="37" count="0" type="stmt"/>
        <line num="38" count="0" type="stmt"/>
        <line num="44" count="0" type="stmt"/>
        <line num="68" count="0" type="cond" truecount="0" falsecount="2"/>
        <line num="69" count="0" type="cond" truecount="0" falsecount="2"/>
        <line num="70" count="0" type="cond" truecount="0" falsecount="2"/>
        <line num="74" count="0" type="stmt"/>
        <line num="83" count="0" type="stmt"/>
        <line num="87" count="0" type="stmt"/>
        <line num="88" count="0" type="stmt"/>
        <line num="89" count="0" type="stmt"/>
        <line num="96" count="0" type="stmt"/>
        <line num="100" count="0" type="stmt"/>
        <line num="101" count="0" type="stmt"/>
        <line num="102" count="0" type="cond" truecount="0" falsecount="4"/>
        <line num="103" count="0" type="stmt"/>
        <line num="105" count="0" type="cond" truecount="0" falsecount="2"/>
        <line num="106" count="0" type="cond" truecount="0" falsecount="2"/>
        <line num="107" count="0" type="stmt"/>
        <line num="109" count="0" type="stmt"/>
        <line num="110" count="0" type="stmt"/>
        <line num="111" count="0" type="stmt"/>
        <line num="116" count="0" type="stmt"/>
        <line num="125" count="0" type="stmt"/>
        <line num="126" count="0" type="cond" truecount="0" falsecount="2"/>
        <line num="127" count="0" type="stmt"/>
        <line num="133" count="0" type="stmt"/>
        <line num="134" count="0" type="stmt"/>
        <line num="135" count="0" type="stmt"/>
        <line num="136" count="0" type="stmt"/>
        <line num="138" count="0" type="stmt"/>
        <line num="139" count="0" type="stmt"/>
        <line num="141" count="0" type="stmt"/>
        <line num="145" count="0" type="stmt"/>
        <line num="146" count="0" type="stmt"/>
        <line num="147" count="0" type="stmt"/>
        <line num="148" count="0" type="cond" truecount="0" falsecount="2"/>
        <line num="149" count="0" type="cond" truecount="0" falsecount="2"/>
        <line num="151" count="0" type="cond" truecount="0" falsecount="2"/>
        <line num="152" count="0" type="cond" truecount="0" falsecount="2"/>
        <line num="153" count="0" type="stmt"/>
        <line num="155" count="0" type="stmt"/>
        <line num="156" count="0" type="stmt"/>
        <line num="157" count="0" type="stmt"/>
        <line num="158" count="0" type="stmt"/>
        <line num="162" count="0" type="stmt"/>
        <line num="163" count="0" type="stmt"/>
        <line num="164" count="0" type="stmt"/>
        <line num="165" count="0" type="stmt"/>
        <line num="166" count="0" type="stmt"/>
        <line num="167" count="0" type="stmt"/>
        <line num="168" count="0" type="stmt"/>
        <line num="170" count="0" type="stmt"/>
        <line num="178" count="0" type="stmt"/>
        <line num="185" count="0" type="stmt"/>
        <line num="186" count="0" type="stmt"/>
        <line num="189" count="0" type="stmt"/>
      </file>
    </package>
    <package name="src.domains">
      <metrics statements="181" coveredstatements="0" conditionals="57" coveredconditionals="0" methods="49" coveredmethods="0"/>
      <file name="domainBoundaries.js" path="/workspace/backend/src/domains/domainBoundaries.js">
        <metrics statements="16" coveredstatements="0" conditionals="6" coveredconditionals="0" methods="4" coveredmethods="0"/>
        <line num="20" count="0" type="stmt"/>
        <line num="181" count="0" type="stmt"/>
        <line num="182" count="0" type="cond" truecount="0" falsecount="2"/>
        <line num="183" count="0" type="stmt"/>
        <line num="185" count="0" type="stmt"/>
        <line num="194" count="0" type="stmt"/>
        <line num="195" count="0" type="cond" truecount="0" falsecount="2"/>
        <line num="196" count="0" type="stmt"/>
        <line num="198" count="0" type="stmt"/>
        <line num="208" count="0" type="stmt"/>
        <line num="209" count="0" type="stmt"/>
        <line num="218" count="0" type="stmt"/>
        <line num="219" count="0" type="cond" truecount="0" falsecount="2"/>
        <line num="220" count="0" type="stmt"/>
        <line num="223" count="0" type="stmt"/>
        <line num="226" count="0" type="stmt"/>
      </file>
      <file name="eventBus.js" path="/workspace/backend/src/domains/eventBus.js">
        <metrics statements="165" coveredstatements="0" conditionals="51" coveredconditionals="0" methods="45" coveredmethods="0"/>
        <line num="40" count="0" type="stmt"/>
        <line num="41" count="0" type="stmt"/>
        <line num="42" count="0" type="stmt"/>
        <line num="43" count="0" type="stmt"/>
        <line num="44" count="0" type="stmt"/>
        <line num="46" count="0" type="stmt"/>
        <line num="47" count="0" type="stmt"/>
        <line num="51" count="0" type="stmt"/>
        <line num="52" count="0" type="stmt"/>
        <line num="53" count="0" type="stmt"/>
        <line num="54" count="0" type="stmt"/>
        <line num="55" count="0" type="stmt"/>
        <line num="56" count="0" type="stmt"/>
        <line num="59" count="0" type="stmt"/>
        <line num="60" count="0" type="stmt"/>
        <line num="61" count="0" type="stmt"/>
        <line num="64" count="0" type="stmt"/>
        <line num="67" count="0" type="stmt"/>
        <line num="68" count="0" type="stmt"/>
        <line num="85" count="0" type="stmt"/>
        <line num="94" count="0" type="stmt"/>
        <line num="97" count="0" type="cond" truecount="0" falsecount="2"/>
        <line num="98" count="0" type="stmt"/>
        <line num="99" count="0" type="stmt"/>
        <line num="102" count="0" type="cond" truecount="0" falsecount="2"/>
        <line num="103" count="0" type="stmt"/>
        <line num="106" count="0" type="stmt"/>
        <line num="111" count="0" type="stmt"/>
        <line num="114" count="0" type="stmt"/>
        <line num="116" count="0" type="cond" truecount="0" falsecount="2"/>
        <line num="118" count="0" type="stmt"/>
        <line num="126" count="0" type="stmt"/>
        <line num="127" count="0" type="stmt"/>
        <line num="130" count="0" type="stmt"/>
        <line num="133" count="0" type="cond" truecount="0" falsecount="4"/>
        <line num="134" count="0" type="stmt"/>
        <line num="137" count="0" type="stmt"/>
        <line num="140" count="0" type="cond" truecount="0" falsecount="4"/>
        <line num="141" count="0" type="stmt"/>
        <line num="142" count="0" type="stmt"/>
        <line num="143" count="0" type="stmt"/>
        <line num="144" count="0" type="stmt"/>
        <line num="145" count="0" type="stmt"/>
        <line num="146" count="0" type="stmt"/>
        <line num="150" count="0" type="stmt"/>
        <line num="151" count="0" type="stmt"/>
        <line num="159" count="0" type="stmt"/>
        <line num="170" count="0" type="cond" truecount="0" falsecount="3"/>
        <line num="171" count="0" type="cond" truecount="0" falsecount="2"/>
        <line num="173" count="0" type="stmt"/>
        <line num="174" count="0" type="cond" truecount="0" falsecount="4"/>
        <line num="185" count="0" type="stmt"/>
        <line num="186" count="0" type="stmt"/>
        <line num="187" count="0" type="stmt"/>
        <line num="189" count="0" type="stmt"/>
        <line num="190" count="0" type="stmt"/>
        <line num="191" count="0" type="stmt"/>
        <line num="192" count="0" type="stmt"/>
        <line num="193" count="0" type="stmt"/>
        <line num="194" count="0" type="stmt"/>
        <line num="202" count="0" type="cond" truecount="0" falsecount="2"/>
        <line num="204" count="0" type="stmt"/>
        <line num="205" count="0" type="stmt"/>
        <line num="207" count="0" type="stmt"/>
        <line num="208" count="0" type="stmt"/>
        <line num="209" count="0" type="stmt"/>
        <line num="210" count="0" type="stmt"/>
        <line num="211" count="0" type="stmt"/>
        <line num="212" count="0" type="stmt"/>
        <line num="214" count="0" type="stmt"/>
        <line num="215" count="0" type="stmt"/>
        <line num="216" count="0" type="stmt"/>
        <line num="227" count="0" type="stmt"/>
        <line num="229" count="0" type="stmt"/>
        <line num="244" count="0" type="stmt"/>
        <line num="256" count="0" type="stmt"/>
        <line num="257" count="0" type="stmt"/>
        <line num="258" count="0" type="stmt"/>
        <line num="259" count="0" type="stmt"/>
        <line num="261" count="0" type="stmt"/>
        <line num="263" count="0" type="stmt"/>
        <line num="272" count="0" type="stmt"/>
        <line num="273" count="0" type="stmt"/>
        <line num="275" count="0" type="stmt"/>
        <line num="282" count="0" type="stmt"/>
        <line num="290" count="0" type="stmt"/>
        <line num="291" count="0" type="stmt"/>
        <line num="294" count="0" type="stmt"/>
        <line num="299" count="0" type="stmt"/>
        <line num="300" count="0" type="stmt"/>
        <line num="302" count="0" type="stmt"/>
        <line num="304" count="0" type="stmt"/>
        <line num="307" count="0" type="stmt"/>
        <line num="309" count="0" type="cond" truecount="0" falsecount="2"/>
        <line num="310" count="0" type="stmt"/>
        <line num="315" count="0" type="stmt"/>
        <line num="317" count="0" type="stmt"/>
        <line num="323" count="0" type="stmt"/>
        <line num="328" count="0" type="stmt"/>
        <line num="336" count="0" type="stmt"/>
        <line num="337" count="0" type="stmt"/>
        <line num="346" count="0" type="stmt"/>
        <line num="359" count="0" type="stmt"/>
        <line num="360" count="0" type="cond" truecount="0" falsecount="4"/>
        <line num="361" count="0" type="stmt"/>
        <line num="364" count="0" type="stmt"/>
        <line num="371" count="0" type="stmt"/>
        <line num="372" count="0" type="stmt"/>
        <line num="381" count="0" type="stmt"/>
        <line num="382" count="0" type="stmt"/>
        <line num="384" count="0" type="stmt"/>
        <line num="391" count="0" type="stmt"/>
        <line num="392" count="0" type="stmt"/>
        <line num="399" count="0" type="stmt"/>
        <line num="400" count="0" type="stmt"/>
        <line num="407" count="0" type="stmt"/>
        <line num="408" count="0" type="stmt"/>
        <line num="416" count="0" type="stmt"/>
        <line num="431" count="0" type="stmt"/>
        <line num="432" count="0" type="stmt"/>
        <line num="439" count="0" type="stmt"/>
        <line num="440" count="0" type="stmt"/>
        <line num="447" count="0" type="stmt"/>
        <line num="448" count="0" type="stmt"/>
        <line num="449" count="0" type="stmt"/>
        <line num="457" count="0" type="stmt"/>
        <line num="464" count="0" type="stmt"/>
        <line num="474" count="0" type="stmt"/>
        <line num="476" count="0" type="cond" truecount="0" falsecount="2"/>
        <line num="477" count="0" type="stmt"/>
        <line num="478" count="0" type="stmt"/>
        <line num="482" count="0" type="stmt"/>
        <line num="492" count="0" type="stmt"/>
        <line num="493" count="0" type="stmt"/>
        <line num="494" count="0" type="cond" truecount="0" falsecount="4"/>
        <line num="495" count="0" type="stmt"/>
        <line num="496" count="0" type="stmt"/>
        <line num="500" count="0" type="stmt"/>
        <line num="510" count="0" type="stmt"/>
        <line num="512" count="0" type="cond" truecount="0" falsecount="2"/>
        <line num="513" count="0" type="stmt"/>
        <line num="517" count="0" type="cond" truecount="0" falsecount="2"/>
        <line num="518" count="0" type="cond" truecount="0" falsecount="2"/>
        <line num="526" count="0" type="stmt"/>
        <line num="534" count="0" type="stmt"/>
        <line num="535" count="0" type="cond" truecount="0" falsecount="2"/>
        <line num="536" count="0" type="stmt"/>
        <line num="546" count="0" type="stmt"/>
        <line num="553" count="0" type="stmt"/>
        <line num="558" count="0" type="stmt"/>
        <line num="560" count="0" type="stmt"/>
        <line num="564" count="0" type="stmt"/>
        <line num="565" count="0" type="stmt"/>
        <line num="567" count="0" type="stmt"/>
        <line num="568" count="0" type="stmt"/>
        <line num="569" count="0" type="stmt"/>
        <line num="570" count="0" type="stmt"/>
        <line num="571" count="0" type="stmt"/>
        <line num="572" count="0" type="stmt"/>
        <line num="574" count="0" type="stmt"/>
        <line num="575" count="0" type="stmt"/>
        <line num="576" count="0" type="stmt"/>
        <line num="577" count="0" type="stmt"/>
        <line num="578" count="0" type="stmt"/>
        <line num="579" count="0" type="stmt"/>
      </file>
    </package>
    <package name="src.domains.auth">
      <metrics statements="8" coveredstatements="0" conditionals="0" coveredconditionals="0" methods="0" coveredmethods="0"/>
      <file name="index.js" path="/workspace/backend/src/domains/auth/index.js">
        <metrics statements="8" coveredstatements="0" conditionals="0" coveredconditionals="0" methods="0" coveredmethods="0"/>
        <line num="9" count="0" type="stmt"/>
        <line num="12" count="0" type="stmt"/>
        <line num="13" count="0" type="stmt"/>
        <line num="16" count="0" type="stmt"/>
        <line num="19" count="0" type="stmt"/>
        <line num="20" count="0" type="stmt"/>
        <line num="23" count="0" type="stmt"/>
        <line num="25" count="0" type="stmt"/>
      </file>
    </package>
    <package name="src.domains.auth.controllers">
      <metrics statements="200" coveredstatements="0" conditionals="87" coveredconditionals="0" methods="14" coveredmethods="0"/>
      <file name="authController.js" path="/workspace/backend/src/domains/auth/controllers/authController.js">
        <metrics statements="152" coveredstatements="0" conditionals="69" coveredconditionals="0" methods="7" coveredmethods="0"/>
        <line num="8" count="0" type="stmt"/>
        <line num="9" count="0" type="stmt"/>
        <line num="10" count="0" type="stmt"/>
        <line num="13" count="0" type="stmt"/>
        <line num="14" count="0" type="stmt"/>
        <line num="15" count="0" type="stmt"/>
        <line num="16" count="0" type="stmt"/>
        <line num="17" count="0" type="stmt"/>
        <line num="19" count="0" type="stmt"/>
        <line num="20" count="0" type="stmt"/>
        <line num="25" count="0" type="stmt"/>
        <line num="26" count="0" type="stmt"/>
        <line num="27" count="0" type="stmt"/>
        <line num="28" count="0" type="stmt"/>
        <line num="30" count="0" type="cond" truecount="0" falsecount="5"/>
        <line num="31" count="0" type="stmt"/>
        <line num="32" count="0" type="stmt"/>
        <line num="36" count="0" type="stmt"/>
        <line num="37" count="0" type="cond" truecount="0" falsecount="2"/>
        <line num="38" count="0" type="stmt"/>
        <line num="39" count="0" type="stmt"/>
        <line num="42" count="0" type="stmt"/>
        <line num="45" count="0" type="stmt"/>
        <line num="51" count="0" type="stmt"/>
        <line num="56" count="0" type="stmt"/>
[...]
        <line num="186" count="0" type="cond" truecount="0" falsecount="2"/>
        <line num="187" count="0" type="stmt"/>
        <line num="188" count="0" type="stmt"/>
        <line num="189" count="0" type="stmt"/>
        <line num="190" count="0" type="stmt"/>
        <line num="191" count="0" type="stmt"/>
        <line num="192" count="0" type="stmt"/>
        <line num="195" count="0" type="stmt"/>
        <line num="196" count="0" type="cond" truecount="0" falsecount="4"/>
        <line num="197" count="0" type="stmt"/>
        <line num="209" count="0" type="stmt"/>
        <line num="216" count="0" type="stmt"/>
        <line num="217" count="0" type="stmt"/>
        <line num="220" count="0" type="stmt"/>
        <line num="224" count="0" type="cond" truecount="0" falsecount="5"/>
        <line num="230" count="0" type="cond" truecount="0" falsecount="4"/>
        <line num="231" count="0" type="stmt"/>
        <line num="235" count="0" type="stmt"/>
        <line num="236" count="0" type="stmt"/>
        <line num="237" count="0" type="stmt"/>
        <line num="242" count="0" type="stmt"/>
      </file>
      <file name="featureGateService.js" path="/workspace/backend/src/services/featureGateService.js">
        <metrics statements="135" coveredstatements="0" conditionals="84" coveredconditionals="0" methods="20" coveredmethods="0"/>
        <line num="9" count="0" type="stmt"/>
        <line num="11" count="0" type="stmt"/>
        <line num="13" count="0" type="stmt"/>
        <line num="14" count="0" type="stmt"/>
        <line num="15" count="0" type="stmt"/>
        <line num="17" count="0" type="stmt"/>
        <line num="20" count="0" type="stmt"/>
        <line num="21" count="0" type="stmt"/>
        <line num="22" count="0" type="cond" truecount="0" falsecount="2"/>
        <line num="23" count="0" type="cond" truecount="0" falsecount="2"/>
        <line num="24" count="0" type="stmt"/>
        <line num="27" count="0" type="stmt"/>
        <line num="28" count="0" type="stmt"/>
        <line num="37" count="0" type="stmt"/>
        <line num="38" count="0" type="cond" truecount="0" falsecount="2"/>
        <line num="39" count="0" type="stmt"/>
        <line num="42" count="0" type="stmt"/>
        <line num="45" count="0" type="stmt"/>
        <line num="46" count="0" type="cond" truecount="0" falsecount="4"/>
        <line num="47" count="0" type="stmt"/>
        <line num="51" count="0" type="stmt"/>
        <line num="52" count="0" type="cond" truecount="0" falsecount="4"/>
        <line num="53" count="0" type="stmt"/>
        <line num="57" count="0" type="stmt"/>
        <line num="58" count="0" type="cond" truecount="0" falsecount="4"/>
        <line num="59" count="0" type="stmt"/>
        <line num="64" count="0" type="stmt"/>
        <line num="65" count="0" type="cond" truecount="0" falsecount="5"/>
        <line num="67" count="0" type="stmt"/>
        <line num="68" count="0" type="stmt"/>
        <line num="69" count="0" type="cond" truecount="0" falsecount="5"/>
        <line num="71" count="0" type="stmt"/>
        <line num="72" count="0" type="stmt"/>
        <line num="76" count="0" type="stmt"/>
        <line num="80" count="0" type="stmt"/>
        <line num="81" count="0" type="stmt"/>
        <line num="82" count="0" type="cond" truecount="0" falsecount="2"/>
        <line num="83" count="0" type="stmt"/>
        <line num="86" count="0" type="stmt"/>
        <line num="87" count="0" type="cond" truecount="0" falsecount="2"/>
        <line num="88" count="0" type="stmt"/>
        <line num="94" count="0" type="stmt"/>
        <line num="95" count="0" type="stmt"/>
        <line num="102" count="0" type="stmt"/>
        <line num="104" count="0" type="stmt"/>
        <line num="112" count="0" type="stmt"/>
        <line num="114" count="0" type="stmt"/>
        <line num="118" count="0" type="cond" truecount="0" falsecount="2"/>
        <line num="119" count="0" type="stmt"/>
        <line num="123" count="0" type="stmt"/>
        <line num="126" count="0" type="cond" truecount="0" falsecount="2"/>
        <line num="127" count="0" type="stmt"/>
        <line num="131" count="0" type="stmt"/>
        <line num="132" count="0" type="stmt"/>
        <line num="133" count="0" type="stmt"/>
        <line num="136" count="0" type="stmt"/>
        <line num="145" count="0" type="cond" truecount="0" falsecount="5"/>
        <line num="146" count="0" type="stmt"/>
        <line num="147" count="0" type="stmt"/>
        <line num="150" count="0" type="cond" truecount="0" falsecount="2"/>
        <line num="151" count="0" type="stmt"/>
        <line num="159" count="0" type="stmt"/>
        <line num="160" count="0" type="cond" truecount="0" falsecount="2"/>
        <line num="161" count="0" type="stmt"/>
        <line num="164" count="0" type="cond" truecount="0" falsecount="2"/>
        <line num="165" count="0" type="stmt"/>
        <line num="170" count="0" type="cond" truecount="0" falsecount="2"/>
        <line num="171" count="0" type="stmt"/>
        <line num="174" count="0" type="stmt"/>
        <line num="178" count="0" type="stmt"/>
        <line num="179" count="0" type="stmt"/>
        <line num="180" count="0" type="stmt"/>
        <line num="181" count="0" type="cond" truecount="0" falsecount="2"/>
        <line num="184" count="0" type="stmt"/>
        <line num="188" count="0" type="cond" truecount="0" falsecount="2"/>
        <line num="189" count="0" type="stmt"/>
        <line num="190" count="0" type="stmt"/>
        <line num="191" count="0" type="stmt"/>
        <line num="195" count="0" type="stmt"/>
        <line num="199" count="0" type="cond" truecount="0" falsecount="2"/>
        <line num="200" count="0" type="stmt"/>
        <line num="201" count="0" type="stmt"/>
        <line num="205" count="0" type="stmt"/>
        <line num="206" count="0" type="cond" truecount="0" falsecount="2"/>
        <line num="207" count="0" type="stmt"/>
        <line num="208" count="0" type="stmt"/>
        <line num="209" count="0" type="stmt"/>
        <line num="212" count="0" type="stmt"/>
        <line num="216" count="0" type="stmt"/>
        <line num="217" count="0" type="stmt"/>
        <line num="218" count="0" type="stmt"/>
        <line num="222" count="0" type="stmt"/>
        <line num="223" count="0" type="stmt"/>
        <line num="224" count="0" type="stmt"/>
        <line num="225" count="0" type="cond" truecount="0" falsecount="2"/>
        <line num="227" count="0" type="stmt"/>
        <line num="228" count="0" type="cond" truecount="0" falsecount="2"/>
        <line num="230" count="0" type="stmt"/>
        <line num="233" count="0" type="cond" truecount="0" falsecount="2"/>
        <line num="234" count="0" type="stmt"/>
        <line num="238" count="0" type="stmt"/>
        <line num="240" count="0" type="stmt"/>
        <line num="245" count="0" type="cond" truecount="0" falsecount="2"/>
        <line num="249" count="0" type="stmt"/>
        <line num="251" count="0" type="stmt"/>
        <line num="252" count="0" type="stmt"/>
        <line num="256" count="0" type="stmt"/>
        <line num="257" count="0" type="stmt"/>
        <line num="258" count="0" type="stmt"/>
        <line num="259" count="0" type="stmt"/>
        <line num="261" count="0" type="stmt"/>
        <line num="270" count="0" type="cond" truecount="0" falsecount="5"/>
        <line num="271" count="0" type="stmt"/>
        <line num="272" count="0" type="stmt"/>
        <line num="275" count="0" type="stmt"/>
        <line num="281" count="0" type="stmt"/>
        <line num="283" count="0" type="stmt"/>
        <line num="284" count="0" type="cond" truecount="0" falsecount="2"/>
        <line num="285" count="0" type="stmt"/>
        <line num="292" count="0" type="stmt"/>
        <line num="293" count="0" type="cond" truecount="0" falsecount="2"/>
        <line num="294" count="0" type="stmt"/>
        <line num="301" count="0" type="stmt"/>
        <line num="302" count="0" type="cond" truecount="0" falsecount="2"/>
        <line num="303" count="0" type="stmt"/>
        <line num="310" count="0" type="stmt"/>
        <line num="311" count="0" type="stmt"/>
        <line num="319" count="0" type="stmt"/>
        <line num="320" count="0" type="stmt"/>
        <line num="321" count="0" type="stmt"/>
        <line num="322" count="0" type="cond" truecount="0" falsecount="2"/>
        <line num="324" count="0" type="stmt"/>
        <line num="325" count="0" type="cond" truecount="0" falsecount="2"/>
        <line num="329" count="0" type="stmt"/>
        <line num="337" count="0" type="stmt"/>
      </file>
    </package>
    <package name="src.utils">
      <metrics statements="50" coveredstatements="0" conditionals="30" coveredconditionals="0" methods="19" coveredmethods="0"/>
      <file name="logger.js" path="/workspace/backend/src/utils/logger.js">
        <metrics statements="50" coveredstatements="0" conditionals="30" coveredconditionals="0" methods="19" coveredmethods="0"/>
        <line num="1" count="0" type="stmt"/>
        <line num="2" count="0" type="stmt"/>
        <line num="3" count="0" type="stmt"/>
        <line num="6" count="0" type="stmt"/>
        <line num="7" count="0" type="cond" truecount="0" falsecount="2"/>
        <line num="8" count="0" type="stmt"/>
        <line num="12" count="0" type="stmt"/>
        <line num="36" count="0" type="stmt"/>
        <line num="39" count="0" type="stmt"/>
        <line num="54" count="0" type="stmt"/>
        <line num="55" count="0" type="cond" truecount="0" falsecount="2"/>
        <line num="56" count="0" type="stmt"/>
        <line num="58" count="0" type="stmt"/>
        <line num="64" count="0" type="stmt"/>
        <line num="67" count="0" type="stmt"/>
        <line num="117" count="0" type="cond" truecount="0" falsecount="1"/>
        <line num="118" count="0" type="stmt"/>
        <line num="125" count="0" type="cond" truecount="0" falsecount="1"/>
        <line num="126" count="0" type="stmt"/>
        <line num="132" count="0" type="cond" truecount="0" falsecount="1"/>
        <line num="133" count="0" type="stmt"/>
        <line num="139" count="0" type="cond" truecount="0" falsecount="1"/>
        <line num="140" count="0" type="stmt"/>
        <line num="148" count="0" type="stmt"/>
        <line num="149" count="0" type="stmt"/>
        <line num="150" count="0" type="cond" truecount="0" falsecount="1"/>
        <line num="151" count="0" type="cond" truecount="0" falsecount="1"/>
        <line num="152" count="0" type="cond" truecount="0" falsecount="1"/>
        <line num="153" count="0" type="cond" truecount="0" falsecount="1"/>
        <line num="154" count="0" type="cond" truecount="0" falsecount="1"/>
        <line num="155" count="0" type="cond" truecount="0" falsecount="1"/>
        <line num="156" count="0" type="cond" truecount="0" falsecount="1"/>
        <line num="157" count="0" type="cond" truecount="0" falsecount="1"/>
        <line num="162" count="0" type="stmt"/>
        <line num="163" count="0" type="stmt"/>
        <line num="164" count="0" type="stmt"/>
        <line num="166" count="0" type="stmt"/>
        <line num="167" count="0" type="stmt"/>
        <line num="168" count="0" type="stmt"/>
        <line num="181" count="0" type="cond" truecount="0" falsecount="2"/>
        <line num="182" count="0" type="stmt"/>
        <line num="183" count="0" type="cond" truecount="0" falsecount="2"/>
        <line num="184" count="0" type="stmt"/>
        <line num="186" count="0" type="stmt"/>
        <line num="190" count="0" type="stmt"/>
        <line num="195" count="0" type="stmt"/>
        <line num="196" count="0" type="stmt"/>
        <line num="197" count="0" type="stmt"/>
        <line num="204" count="0" type="stmt"/>
        <line num="208" count="0" type="stmt"/>
      </file>
    </package>
    <package name="src.workers">
      <metrics statements="144" coveredstatements="0" conditionals="30" coveredconditionals="0" methods="24" coveredmethods="0"/>
      <file name="eventProcessor.js" path="/workspace/backend/src/workers/eventProcessor.js">
        <metrics statements="63" coveredstatements="0" conditionals="18" coveredconditionals="0" methods="9" coveredmethods="0"/>
        <line num="17" count="0" type="stmt"/>
        <line num="18" count="0" type="stmt"/>
        <line num="21" count="0" type="cond" truecount="0" falsecount="2"/>
        <line num="22" count="0" type="cond" truecount="0" falsecount="2"/>
        <line num="23" count="0" type="cond" truecount="0" falsecount="2"/>
        <line num="24" count="0" type="cond" truecount="0" falsecount="2"/>
        <line num="26" count="0" type="stmt"/>
        <line num="27" count="0" type="stmt"/>
        <line num="28" count="0" type="stmt"/>
        <line num="34" count="0" type="cond" truecount="0" falsecount="2"/>
        <line num="35" count="0" type="stmt"/>
        <line num="36" count="0" type="stmt"/>
        <line num="39" count="0" type="stmt"/>
        <line num="41" count="0" type="stmt"/>
        <line num="42" count="0" type="stmt"/>
        <line num="44" count="0" type="cond" truecount="0" falsecount="2"/>
        <line num="45" count="0" type="stmt"/>
        <line num="48" count="0" type="stmt"/>
        <line num="50" count="0" type="stmt"/>
        <line num="58" count="0" type="stmt"/>
        <line num="59" count="0" type="stmt"/>
        <line num="61" count="0" type="stmt"/>
        <line num="69" count="0" type="stmt"/>
        <line num="70" count="0" type="stmt"/>
        <line num="71" count="0" type="stmt"/>
        <line num="72" count="0" type="stmt"/>
        <line num="73" count="0" type="stmt"/>
        <line num="74" count="0" type="stmt"/>
        <line num="77" count="0" type="stmt"/>
        <line num="78" count="0" type="stmt"/>
        <line num="79" count="0" type="stmt"/>
        <line num="81" count="0" type="stmt"/>
        <line num="82" count="0" type="stmt"/>
        <line num="86" count="0" type="stmt"/>
        <line num="87" count="0" type="stmt"/>
        <line num="90" count="0" type="stmt"/>
        <line num="91" count="0" type="stmt"/>
        <line num="93" count="0" type="stmt"/>
        <line num="100" count="0" type="stmt"/>
        <line num="102" count="0" type="cond" truecount="0" falsecount="2"/>
        <line num="103" count="0" type="stmt"/>
        <line num="104" count="0" type="stmt"/>
        <line num="107" count="0" type="cond" truecount="0" falsecount="2"/>
        <line num="108" count="0" type="stmt"/>
        <line num="109" count="0" type="stmt"/>
        <line num="112" count="0" type="stmt"/>
        <line num="116" count="0" type="stmt"/>
        <line num="117" count="0" type="stmt"/>
        <line num="118" count="0" type="stmt"/>
        <line num="119" count="0" type="stmt"/>
        <line num="122" count="0" type="stmt"/>
        <line num="123" count="0" type="stmt"/>
        <line num="124" count="0" type="stmt"/>
        <line num="125" count="0" type="stmt"/>
        <line num="128" count="0" type="stmt"/>
        <line num="129" count="0" type="stmt"/>
        <line num="133" count="0" type="stmt"/>
        <line num="134" count="0" type="stmt"/>
        <line num="139" count="0" type="cond" truecount="0" falsecount="2"/>
        <line num="140" count="0" type="stmt"/>
        <line num="141" count="0" type="stmt"/>
        <line num="142" count="0" type="stmt"/>
        <line num="146" count="0" type="stmt"/>
      </file>
      <file name="paymentEventProcessor.js" path="/workspace/backend/src/workers/paymentEventProcessor.js">
        <metrics statements="81" coveredstatements="0" conditionals="12" coveredconditionals="0" methods="15" coveredmethods="0"/>
        <line num="17" count="0" type="stmt"/>
        <line num="18" count="0" type="stmt"/>
        <line num="19" count="0" type="stmt"/>
        <line num="20" count="0" type="stmt"/>
        <line num="22" count="0" type="stmt"/>
        <line num="23" count="0" type="stmt"/>
        <line num="25" count="0" type="stmt"/>
        <line num="32" count="0" type="stmt"/>
        <line num="34" count="0" type="cond" truecount="0" falsecount="2"/>
        <line num="35" count="0" type="stmt"/>
        <line num="36" count="0" type="stmt"/>
        <line num="39" count="0" type="stmt"/>
        <line num="40" count="0" type="stmt"/>
        <line num="43" count="0" type="stmt"/>
        <line num="45" count="0" type="stmt"/>
        <line num="48" count="0" type="stmt"/>
        <line num="56" count="0" type="stmt"/>
        <line num="62" count="0" type="stmt"/>
        <line num="76" count="0" type="stmt"/>
        <line num="78" count="0" type="cond" truecount="0" falsecount="2"/>
        <line num="93" count="0" type="stmt"/>
        <line num="95" count="0" type="cond" truecount="0" falsecount="2"/>
        <line num="100" count="0" type="cond" truecount="0" falsecount="2"/>
        <line num="101" count="0" type="stmt"/>
        <line num="103" count="0" type="stmt"/>
        <line num="105" count="0" type="stmt"/>
        <line num="106" count="0" type="stmt"/>
        <line num="117" count="0" type="stmt"/>
        <line num="119" count="0" type="stmt"/>
        <line num="121" count="0" type="stmt"/>
        <line num="122" count="0" type="stmt"/>
        <line num="125" count="0" type="stmt"/>
        <line num="134" count="0" type="stmt"/>
        <line num="136" count="0" type="stmt"/>
        <line num="146" count="0" type="stmt"/>
        <line num="148" count="0" type="stmt"/>
        <line num="158" count="0" type="stmt"/>
        <line num="161" count="0" type="stmt"/>
        <line num="162" count="0" type="cond" truecount="0" falsecount="2"/>
        <line num="163" count="0" type="stmt"/>
        <line num="164" count="0" type="stmt"/>
        <line num="166" count="0" type="stmt"/>
        <line num="170" count="0" type="stmt"/>
        <line num="173" count="0" type="stmt"/>
        <line num="176" count="0" type="stmt"/>
        <line num="179" count="0" type="stmt"/>
        <line num="181" count="0" type="stmt"/>
        <line num="188" count="0" type="stmt"/>
        <line num="191" count="0" type="stmt"/>
        <line num="192" count="0" type="stmt"/>
        <line num="193" count="0" type="stmt"/>
        <line num="195" count="0" type="stmt"/>
        <line num="196" count="0" type="stmt"/>
        <line num="200" count="0" type="stmt"/>
        <line num="202" count="0" type="stmt"/>
        <line num="203" count="0" type="stmt"/>
        <line num="210" count="0" type="stmt"/>
        <line num="211" count="0" type="stmt"/>
        <line num="214" count="0" type="stmt"/>
        <line num="215" count="0" type="stmt"/>
        <line num="216" count="0" type="stmt"/>
        <line num="217" count="0" type="stmt"/>
        <line num="218" count="0" type="stmt"/>
        <line num="220" count="0" type="stmt"/>
        <line num="224" count="0" type="stmt"/>
        <line num="225" count="0" type="stmt"/>
        <line num="226" count="0" type="stmt"/>
        <line num="227" count="0" type="stmt"/>
        <line num="230" count="0" type="stmt"/>
        <line num="231" count="0" type="stmt"/>
        <line num="232" count="0" type="stmt"/>
        <line num="233" count="0" type="stmt"/>
        <line num="236" count="0" type="stmt"/>
        <line num="237" count="0" type="stmt"/>
        <line num="241" count="0" type="stmt"/>
        <line num="242" count="0" type="stmt"/>
        <line num="247" count="0" type="cond" truecount="0" falsecount="2"/>
        <line num="248" count="0" type="stmt"/>
        <line num="249" count="0" type="stmt"/>
        <line num="250" count="0" type="stmt"/>
        <line num="254" count="0" type="stmt"/>
      </file>
    </package>
  </project>
</coverage>
