{"/workspace/backend/src/app.js": {"path":"/workspace/backend/src/app.js","statementMap":{"0":{"start":{"line":2,"column":16},"end":{"line":2,"column":34}},"1":{"start":{"line":3,"column":13},"end":{"line":3,"column":28}},"2":{"start":{"line":4,"column":15},"end":{"line":4,"column":32}},"3":{"start":{"line":5,"column":18},"end":{"line":5,"column":47}},"4":{"start":{"line":6,"column":21},"end":{"line":6,"column":45}},"5":{"start":{"line":7,"column":15},"end":{"line":7,"column":32}},"6":{"start":{"line":8,"column":18},"end":{"line":8,"column":47}},"7":{"start":{"line":9,"column":0},"end":{"line":9,"column":27}},"8":{"start":{"line":12,"column":0},"end":{"line":12,"column":33}},"9":{"start":{"line":15,"column":15},"end":{"line":15,"column":40}},"10":{"start":{"line":18,"column":20},"end":{"line":18,"column":47}},"11":{"start":{"line":20,"column":28},"end":{"line":20,"column":57}},"12":{"start":{"line":21,"column":52},"end":{"line":21,"column":88}},"13":{"start":{"line":24,"column":0},"end":{"line":24,"column":28}},"14":{"start":{"line":26,"column":12},"end":{"line":26,"column":21}},"15":{"start":{"line":29,"column":0},"end":{"line":29,"column":26}},"16":{"start":{"line":32,"column":0},"end":{"line":40,"column":3}},"17":{"start":{"line":33,"column":2},"end":{"line":38,"column":3}},"18":{"start":{"line":37,"column":4},"end":{"line":37,"column":62}},"19":{"start":{"line":39,"column":2},"end":{"line":39,"column":16}},"20":{"start":{"line":43,"column":0},"end":{"line":43,"column":84}},"21":{"start":{"line":46,"column":24},"end":{"line":47,"column":48}},"22":{"start":{"line":47,"column":23},"end":{"line":47,"column":31}},"23":{"start":{"line":49,"column":0},"end":{"line":57,"column":4}},"24":{"start":{"line":51,"column":4},"end":{"line":51,"column":77}},"25":{"start":{"line":51,"column":54},"end":{"line":51,"column":76}},"26":{"start":{"line":52,"column":4},"end":{"line":52,"column":59}},"27":{"start":{"line":61,"column":22},"end":{"line":69,"column":2}},"28":{"start":{"line":72,"column":20},"end":{"line":80,"column":2}},"29":{"start":{"line":83,"column":25},"end":{"line":89,"column":2}},"30":{"start":{"line":92,"column":0},"end":{"line":92,"column":40}},"31":{"start":{"line":93,"column":0},"end":{"line":93,"column":43}},"32":{"start":{"line":94,"column":0},"end":{"line":94,"column":46}},"33":{"start":{"line":95,"column":0},"end":{"line":95,"column":61}},"34":{"start":{"line":96,"column":0},"end":{"line":96,"column":36}},"35":{"start":{"line":99,"column":0},"end":{"line":99,"column":36}},"36":{"start":{"line":102,"column":0},"end":{"line":108,"column":3}},"37":{"start":{"line":103,"column":20},"end":{"line":103,"column":70}},"38":{"start":{"line":104,"column":2},"end":{"line":104,"column":28}},"39":{"start":{"line":105,"column":2},"end":{"line":105,"column":43}},"40":{"start":{"line":107,"column":2},"end":{"line":107,"column":16}},"41":{"start":{"line":112,"column":0},"end":{"line":112,"column":76}},"42":{"start":{"line":113,"column":0},"end":{"line":113,"column":40}},"43":{"start":{"line":114,"column":0},"end":{"line":114,"column":63}},"44":{"start":{"line":115,"column":0},"end":{"line":115,"column":24}},"45":{"start":{"line":118,"column":0},"end":{"line":118,"column":25}},"46":{"start":{"line":121,"column":27},"end":{"line":121,"column":55}},"47":{"start":{"line":123,"column":0},"end":{"line":146,"column":3}},"48":{"start":{"line":124,"column":22},"end":{"line":124,"column":38}},"49":{"start":{"line":125,"column":23},"end":{"line":125,"column":60}},"50":{"start":{"line":128,"column":2},"end":{"line":137,"column":3}},"51":{"start":{"line":129,"column":4},"end":{"line":136,"column":7}},"52":{"start":{"line":139,"column":2},"end":{"line":145,"column":5}},"53":{"start":{"line":147,"column":0},"end":{"line":147,"column":72}},"54":{"start":{"line":147,"column":28},"end":{"line":147,"column":70}},"55":{"start":{"line":150,"column":0},"end":{"line":154,"column":4}},"56":{"start":{"line":161,"column":19},"end":{"line":161,"column":44}},"57":{"start":{"line":162,"column":0},"end":{"line":162,"column":45}},"58":{"start":{"line":163,"column":0},"end":{"line":163,"column":45}},"59":{"start":{"line":166,"column":17},"end":{"line":166,"column":40}},"60":{"start":{"line":167,"column":0},"end":{"line":167,"column":36}},"61":{"start":{"line":170,"column":19},"end":{"line":170,"column":44}},"62":{"start":{"line":171,"column":0},"end":{"line":171,"column":55}},"63":{"start":{"line":172,"column":0},"end":{"line":172,"column":57}},"64":{"start":{"line":173,"column":0},"end":{"line":173,"column":49}},"65":{"start":{"line":174,"column":0},"end":{"line":174,"column":49}},"66":{"start":{"line":175,"column":0},"end":{"line":175,"column":53}},"67":{"start":{"line":176,"column":0},"end":{"line":176,"column":59}},"68":{"start":{"line":177,"column":0},"end":{"line":177,"column":57}},"69":{"start":{"line":178,"column":0},"end":{"line":178,"column":55}},"70":{"start":{"line":179,"column":0},"end":{"line":179,"column":51}},"71":{"start":{"line":180,"column":0},"end":{"line":180,"column":53}},"72":{"start":{"line":183,"column":22},"end":{"line":183,"column":50}},"73":{"start":{"line":184,"column":0},"end":{"line":184,"column":62}},"74":{"start":{"line":185,"column":0},"end":{"line":185,"column":48}},"75":{"start":{"line":186,"column":0},"end":{"line":186,"column":64}},"76":{"start":{"line":187,"column":0},"end":{"line":187,"column":50}},"77":{"start":{"line":188,"column":0},"end":{"line":188,"column":56}},"78":{"start":{"line":191,"column":23},"end":{"line":191,"column":52}},"79":{"start":{"line":192,"column":0},"end":{"line":192,"column":57}},"80":{"start":{"line":195,"column":0},"end":{"line":195,"column":51}},"81":{"start":{"line":198,"column":0},"end":{"line":198,"column":55}},"82":{"start":{"line":201,"column":0},"end":{"line":205,"column":4}},"83":{"start":{"line":201,"column":23},"end":{"line":205,"column":2}},"84":{"start":{"line":208,"column":0},"end":{"line":208,"column":22}},"85":{"start":{"line":210,"column":0},"end":{"line":210,"column":21}}},"fnMap":{"0":{"name":"(anonymous_0)","decl":{"start":{"line":32,"column":8},"end":{"line":32,"column":9}},"loc":{"start":{"line":32,"column":28},"end":{"line":40,"column":1}},"line":32},"1":{"name":"(anonymous_1)","decl":{"start":{"line":47,"column":18},"end":{"line":47,"column":19}},"loc":{"start":{"line":47,"column":23},"end":{"line":47,"column":31}},"line":47},"2":{"name":"(anonymous_2)","decl":{"start":{"line":50,"column":10},"end":{"line":50,"column":11}},"loc":{"start":{"line":50,"column":26},"end":{"line":53,"column":3}},"line":50},"3":{"name":"(anonymous_3)","decl":{"start":{"line":102,"column":8},"end":{"line":102,"column":9}},"loc":{"start":{"line":102,"column":28},"end":{"line":108,"column":1}},"line":102},"4":{"name":"(anonymous_4)","decl":{"start":{"line":123,"column":19},"end":{"line":123,"column":20}},"loc":{"start":{"line":123,"column":34},"end":{"line":146,"column":1}},"line":123},"5":{"name":"(anonymous_5)","decl":{"start":{"line":147,"column":13},"end":{"line":147,"column":14}},"loc":{"start":{"line":147,"column":28},"end":{"line":147,"column":70}},"line":147},"6":{"name":"(anonymous_6)","decl":{"start":{"line":201,"column":8},"end":{"line":201,"column":9}},"loc":{"start":{"line":201,"column":23},"end":{"line":205,"column":2}},"line":201}},"branchMap":{"0":{"loc":{"start":{"line":33,"column":2},"end":{"line":38,"column":3}},"type":"if","locations":[{"start":{"line":33,"column":2},"end":{"line":38,"column":3}},{"start":{},"end":{}}],"line":33},"1":{"loc":{"start":{"line":34,"column":4},"end":{"line":35,"column":47}},"type":"binary-expr","locations":[{"start":{"line":34,"column":4},"end":{"line":34,"column":59}},{"start":{"line":35,"column":4},"end":{"line":35,"column":47}}],"line":34},"2":{"loc":{"start":{"line":34,"column":11},"end":{"line":34,"column":47}},"type":"binary-expr","locations":[{"start":{"line":34,"column":11},"end":{"line":34,"column":36}},{"start":{"line":34,"column":40},"end":{"line":34,"column":47}}],"line":34},"3":{"loc":{"start":{"line":46,"column":25},"end":{"line":46,"column":106}},"type":"binary-expr","locations":[{"start":{"line":46,"column":25},"end":{"line":46,"column":57}},{"start":{"line":46,"column":61},"end":{"line":46,"column":106}}],"line":46},"4":{"loc":{"start":{"line":51,"column":4},"end":{"line":51,"column":77}},"type":"if","locations":[{"start":{"line":51,"column":4},"end":{"line":51,"column":77}},{"start":{},"end":{}}],"line":51},"5":{"loc":{"start":{"line":51,"column":8},"end":{"line":51,"column":51}},"type":"binary-expr","locations":[{"start":{"line":51,"column":8},"end":{"line":51,"column":15}},{"start":{"line":51,"column":19},"end":{"line":51,"column":51}}],"line":51},"6":{"loc":{"start":{"line":62,"column":19},"end":{"line":62,"column":69}},"type":"binary-expr","locations":[{"start":{"line":62,"column":19},"end":{"line":62,"column":51}},{"start":{"line":62,"column":55},"end":{"line":62,"column":69}}],"line":62},"7":{"loc":{"start":{"line":63,"column":19},"end":{"line":63,"column":52}},"type":"binary-expr","locations":[{"start":{"line":63,"column":19},"end":{"line":63,"column":45}},{"start":{"line":63,"column":49},"end":{"line":63,"column":52}}],"line":63},"8":{"loc":{"start":{"line":103,"column":20},"end":{"line":103,"column":70}},"type":"binary-expr","locations":[{"start":{"line":103,"column":20},"end":{"line":103,"column":47}},{"start":{"line":103,"column":51},"end":{"line":103,"column":70}}],"line":103},"9":{"loc":{"start":{"line":128,"column":2},"end":{"line":137,"column":3}},"type":"if","locations":[{"start":{"line":128,"column":2},"end":{"line":137,"column":3}},{"start":{},"end":{}}],"line":128},"10":{"loc":{"start":{"line":128,"column":6},"end":{"line":128,"column":48}},"type":"binary-expr","locations":[{"start":{"line":128,"column":6},"end":{"line":128,"column":18}},{"start":{"line":128,"column":22},"end":{"line":128,"column":48}}],"line":128}},"s":{"0":0,"1":0,"2":0,"3":0,"4":0,"5":0,"6":0,"7":0,"8":0,"9":0,"10":0,"11":0,"12":0,"13":0,"14":0,"15":0,"16":0,"17":0,"18":0,"19":0,"20":0,"21":0,"22":0,"23":0,"24":0,"25":0,"26":0,"27":0,"28":0,"29":0,"30":0,"31":0,"32":0,"33":0,"34":0,"35":0,"36":0,"37":0,"38":0,"39":0,"40":0,"41":0,"42":0,"43":0,"44":0,"45":0,"46":0,"47":0,"48":0,"49":0,"50":0,"51":0,"52":0,"53":0,"54":0,"55":0,"56":0,"57":0,"58":0,"59":0,"60":0,"61":0,"62":0,"63":0,"64":0,"65":0,"66":0,"67":0,"68":0,"69":0,"70":0,"71":0,"72":0,"73":0,"74":0,"75":0,"76":0,"77":0,"78":0,"79":0,"80":0,"81":0,"82":0,"83":0,"84":0,"85":0},"f":{"0":0,"1":0,"2":0,"3":0,"4":0,"5":0,"6":0},"b":{"0":[0,0],"1":[0,0],"2":[0,0],"3":[0,0],"4":[0,0],"5":[0,0],"6":[0,0],"7":[0,0],"8":[0,0],"9":[0,0],"10":[0,0]}}
,"/workspace/backend/src/config/database.js": {"path":"/workspace/backend/src/config/database.js","statementMap":{"0":{"start":{"line":1,"column":22},"end":{"line":1,"column":42}},"1":{"start":{"line":2,"column":0},"end":{"line":2,"column":27}},"2":{"start":{"line":4,"column":18},"end":{"line":20,"column":1}},"3":{"start":{"line":22,"column":0},"end":{"line":22,"column":27}}},"fnMap":{},"branchMap":{},"s":{"0":0,"1":0,"2":0,"3":0},"f":{},"b":{}}
,"/workspace/backend/src/config/envValidator.js": {"path":"/workspace/backend/src/config/envValidator.js","statementMap":{"0":{"start":{"line":5,"column":15},"end":{"line":5,"column":41}},"1":{"start":{"line":6,"column":24},"end":{"line":18,"column":1}},"2":{"start":{"line":20,"column":27},"end":{"line":40,"column":1}},"3":{"start":{"line":42,"column":20},"end":{"line":124,"column":1}},"4":{"start":{"line":44,"column":2},"end":{"line":50,"column":3}},"5":{"start":{"line":45,"column":4},"end":{"line":49,"column":6}},"6":{"start":{"line":52,"column":26},"end":{"line":52,"column":28}},"7":{"start":{"line":53,"column":29},"end":{"line":53,"column":31}},"8":{"start":{"line":54,"column":19},"end":{"line":54,"column":21}},"9":{"start":{"line":57,"column":2},"end":{"line":61,"column":3}},"10":{"start":{"line":58,"column":4},"end":{"line":60,"column":5}},"11":{"start":{"line":59,"column":6},"end":{"line":59,"column":58}},"12":{"start":{"line":64,"column":2},"end":{"line":68,"column":3}},"13":{"start":{"line":65,"column":4},"end":{"line":67,"column":5}},"14":{"start":{"line":66,"column":6},"end":{"line":66,"column":61}},"15":{"start":{"line":71,"column":2},"end":{"line":73,"column":3}},"16":{"start":{"line":72,"column":4},"end":{"line":72,"column":94}},"17":{"start":{"line":75,"column":2},"end":{"line":77,"column":3}},"18":{"start":{"line":76,"column":4},"end":{"line":76,"column":73}},"19":{"start":{"line":79,"column":2},"end":{"line":91,"column":3}},"20":{"start":{"line":80,"column":4},"end":{"line":82,"column":5}},"21":{"start":{"line":81,"column":6},"end":{"line":81,"column":73}},"22":{"start":{"line":83,"column":4},"end":{"line":90,"column":5}},"23":{"start":{"line":85,"column":6},"end":{"line":89,"column":7}},"24":{"start":{"line":86,"column":8},"end":{"line":86,"column":138}},"25":{"start":{"line":88,"column":8},"end":{"line":88,"column":84}},"26":{"start":{"line":94,"column":2},"end":{"line":100,"column":3}},"27":{"start":{"line":95,"column":4},"end":{"line":95,"column":146}},"28":{"start":{"line":96,"column":4},"end":{"line":96,"column":77}},"29":{"start":{"line":97,"column":4},"end":{"line":97,"column":64}},"30":{"start":{"line":97,"column":35},"end":{"line":97,"column":62}},"31":{"start":{"line":98,"column":4},"end":{"line":98,"column":91}},"32":{"start":{"line":99,"column":4},"end":{"line":99,"column":20}},"33":{"start":{"line":102,"column":2},"end":{"line":107,"column":3}},"34":{"start":{"line":103,"column":4},"end":{"line":103,"column":58}},"35":{"start":{"line":104,"column":4},"end":{"line":104,"column":119}},"36":{"start":{"line":105,"column":4},"end":{"line":105,"column":56}},"37":{"start":{"line":105,"column":29},"end":{"line":105,"column":54}},"38":{"start":{"line":106,"column":4},"end":{"line":106,"column":21}},"39":{"start":{"line":109,"column":2},"end":{"line":114,"column":3}},"40":{"start":{"line":110,"column":4},"end":{"line":110,"column":110}},"41":{"start":{"line":111,"column":4},"end":{"line":111,"column":153}},"42":{"start":{"line":112,"column":4},"end":{"line":112,"column":65}},"43":{"start":{"line":112,"column":38},"end":{"line":112,"column":63}},"44":{"start":{"line":113,"column":4},"end":{"line":113,"column":20}},"45":{"start":{"line":116,"column":2},"end":{"line":116,"column":80}},"46":{"start":{"line":117,"column":2},"end":{"line":117,"column":136}},"47":{"start":{"line":119,"column":2},"end":{"line":123,"column":4}},"48":{"start":{"line":127,"column":0},"end":{"line":127,"column":14}},"49":{"start":{"line":129,"column":0},"end":{"line":129,"column":70}}},"fnMap":{"0":{"name":"(anonymous_0)","decl":{"start":{"line":42,"column":20},"end":{"line":42,"column":21}},"loc":{"start":{"line":42,"column":26},"end":{"line":124,"column":1}},"line":42},"1":{"name":"(anonymous_1)","decl":{"start":{"line":97,"column":28},"end":{"line":97,"column":29}},"loc":{"start":{"line":97,"column":35},"end":{"line":97,"column":62}},"line":97},"2":{"name":"(anonymous_2)","decl":{"start":{"line":105,"column":21},"end":{"line":105,"column":22}},"loc":{"start":{"line":105,"column":29},"end":{"line":105,"column":54}},"line":105},"3":{"name":"(anonymous_3)","decl":{"start":{"line":112,"column":31},"end":{"line":112,"column":32}},"loc":{"start":{"line":112,"column":38},"end":{"line":112,"column":63}},"line":112}},"branchMap":{"0":{"loc":{"start":{"line":44,"column":2},"end":{"line":50,"column":3}},"type":"if","locations":[{"start":{"line":44,"column":2},"end":{"line":50,"column":3}},{"start":{},"end":{}}],"line":44},"1":{"loc":{"start":{"line":58,"column":4},"end":{"line":60,"column":5}},"type":"if","locations":[{"start":{"line":58,"column":4},"end":{"line":60,"column":5}},{"start":{},"end":{}}],"line":58},"2":{"loc":{"start":{"line":65,"column":4},"end":{"line":67,"column":5}},"type":"if","locations":[{"start":{"line":65,"column":4},"end":{"line":67,"column":5}},{"start":{},"end":{}}],"line":65},"3":{"loc":{"start":{"line":71,"column":2},"end":{"line":73,"column":3}},"type":"if","locations":[{"start":{"line":71,"column":2},"end":{"line":73,"column":3}},{"start":{},"end":{}}],"line":71},"4":{"loc":{"start":{"line":71,"column":6},"end":{"line":71,"column":66}},"type":"binary-expr","locations":[{"start":{"line":71,"column":6},"end":{"line":71,"column":28}},{"start":{"line":71,"column":32},"end":{"line":71,"column":66}}],"line":71},"5":{"loc":{"start":{"line":75,"column":2},"end":{"line":77,"column":3}},"type":"if","locations":[{"start":{"line":75,"column":2},"end":{"line":77,"column":3}},{"start":{},"end":{}}],"line":75},"6":{"loc":{"start":{"line":75,"column":6},"end":{"line":75,"column":68}},"type":"binary-expr","locations":[{"start":{"line":75,"column":6},"end":{"line":75,"column":29}},{"start":{"line":75,"column":33},"end":{"line":75,"column":68}}],"line":75},"7":{"loc":{"start":{"line":79,"column":2},"end":{"line":91,"column":3}},"type":"if","locations":[{"start":{"line":79,"column":2},"end":{"line":91,"column":3}},{"start":{},"end":{}}],"line":79},"8":{"loc":{"start":{"line":80,"column":4},"end":{"line":82,"column":5}},"type":"if","locations":[{"start":{"line":80,"column":4},"end":{"line":82,"column":5}},{"start":{},"end":{}}],"line":80},"9":{"loc":{"start":{"line":80,"column":8},"end":{"line":80,"column":74}},"type":"binary-expr","locations":[{"start":{"line":80,"column":8},"end":{"line":80,"column":34}},{"start":{"line":80,"column":38},"end":{"line":80,"column":74}}],"line":80},"10":{"loc":{"start":{"line":83,"column":4},"end":{"line":90,"column":5}},"type":"if","locations":[{"start":{"line":83,"column":4},"end":{"line":90,"column":5}},{"start":{},"end":{}}],"line":83},"11":{"loc":{"start":{"line":85,"column":6},"end":{"line":89,"column":7}},"type":"if","locations":[{"start":{"line":85,"column":6},"end":{"line":89,"column":7}},{"start":{"line":87,"column":13},"end":{"line":89,"column":7}}],"line":85},"12":{"loc":{"start":{"line":94,"column":2},"end":{"line":100,"column":3}},"type":"if","locations":[{"start":{"line":94,"column":2},"end":{"line":100,"column":3}},{"start":{},"end":{}}],"line":94},"13":{"loc":{"start":{"line":102,"column":2},"end":{"line":107,"column":3}},"type":"if","locations":[{"start":{"line":102,"column":2},"end":{"line":107,"column":3}},{"start":{},"end":{}}],"line":102},"14":{"loc":{"start":{"line":109,"column":2},"end":{"line":114,"column":3}},"type":"if","locations":[{"start":{"line":109,"column":2},"end":{"line":114,"column":3}},{"start":{},"end":{}}],"line":109},"15":{"loc":{"start":{"line":109,"column":6},"end":{"line":109,"column":77}},"type":"binary-expr","locations":[{"start":{"line":109,"column":6},"end":{"line":109,"column":35}},{"start":{"line":109,"column":39},"end":{"line":109,"column":77}}],"line":109}},"s":{"0":0,"1":0,"2":0,"3":0,"4":0,"5":0,"6":0,"7":0,"8":0,"9":0,"10":0,"11":0,"12":0,"13":0,"14":0,"15":0,"16":0,"17":0,"18":0,"19":0,"20":0,"21":0,"22":0,"23":0,"24":0,"25":0,"26":0,"27":0,"28":0,"29":0,"30":0,"31":0,"32":0,"33":0,"34":0,"35":0,"36":0,"37":0,"38":0,"39":0,"40":0,"41":0,"42":0,"43":0,"44":0,"45":0,"46":0,"47":0,"48":0,"49":0},"f":{"0":0,"1":0,"2":0,"3":0},"b":{"0":[0,0],"1":[0,0],"2":[0,0],"3":[0,0],"4":[0,0],"5":[0,0],"6":[0,0],"7":[0,0],"8":[0,0],"9":[0,0],"10":[0,0],"11":[0,0],"12":[0,0],"13":[0,0],"14":[0,0],"15":[0,0]}}
,"/workspace/backend/src/config/redis.js": {"path":"/workspace/backend/src/config/redis.js","statementMap":{"0":{"start":{"line":2,"column":14},"end":{"line":2,"column":32}},"1":{"start":{"line":3,"column":15},"end":{"line":3,"column":41}},"2":{"start":{"line":6,"column":19},"end":{"line":6,"column":56}},"3":{"start":{"line":7,"column":19},"end":{"line":7,"column":49}},"4":{"start":{"line":8,"column":23},"end":{"line":8,"column":57}},"5":{"start":{"line":9,"column":17},"end":{"line":9,"column":56}},"6":{"start":{"line":12,"column":23},"end":{"line":16,"column":1}},"7":{"start":{"line":19,"column":14},"end":{"line":31,"column":2}},"8":{"start":{"line":26,"column":4},"end":{"line":26,"column":32}},"9":{"start":{"line":26,"column":20},"end":{"line":26,"column":32}},"10":{"start":{"line":27,"column":4},"end":{"line":27,"column":39}},"11":{"start":{"line":34,"column":0},"end":{"line":38,"column":3}},"12":{"start":{"line":35,"column":2},"end":{"line":35,"column":36}},"13":{"start":{"line":36,"column":2},"end":{"line":36,"column":36}},"14":{"start":{"line":37,"column":2},"end":{"line":37,"column":90}},"15":{"start":{"line":40,"column":0},"end":{"line":45,"column":3}},"16":{"start":{"line":41,"column":2},"end":{"line":41,"column":37}},"17":{"start":{"line":42,"column":2},"end":{"line":42,"column":43}},"18":{"start":{"line":43,"column":2},"end":{"line":43,"column":104}},"19":{"start":{"line":47,"column":0},"end":{"line":50,"column":3}},"20":{"start":{"line":48,"column":2},"end":{"line":48,"column":37}},"21":{"start":{"line":49,"column":2},"end":{"line":49,"column":82}},"22":{"start":{"line":53,"column":22},"end":{"line":63,"column":1}},"23":{"start":{"line":54,"column":2},"end":{"line":54,"column":25}},"24":{"start":{"line":54,"column":12},"end":{"line":54,"column":25}},"25":{"start":{"line":55,"column":2},"end":{"line":62,"column":3}},"26":{"start":{"line":56,"column":19},"end":{"line":56,"column":54}},"27":{"start":{"line":57,"column":4},"end":{"line":57,"column":32}},"28":{"start":{"line":59,"column":4},"end":{"line":59,"column":128}},"29":{"start":{"line":61,"column":4},"end":{"line":61,"column":17}},"30":{"start":{"line":66,"column":20},"end":{"line":73,"column":1}},"31":{"start":{"line":67,"column":2},"end":{"line":67,"column":19}},"32":{"start":{"line":67,"column":12},"end":{"line":67,"column":19}},"33":{"start":{"line":68,"column":2},"end":{"line":72,"column":3}},"34":{"start":{"line":69,"column":4},"end":{"line":69,"column":65}},"35":{"start":{"line":71,"column":4},"end":{"line":71,"column":119}},"36":{"start":{"line":76,"column":28},"end":{"line":83,"column":1}},"37":{"start":{"line":77,"column":2},"end":{"line":77,"column":19}},"38":{"start":{"line":77,"column":12},"end":{"line":77,"column":19}},"39":{"start":{"line":78,"column":2},"end":{"line":82,"column":3}},"40":{"start":{"line":79,"column":4},"end":{"line":79,"column":40}},"41":{"start":{"line":81,"column":4},"end":{"line":81,"column":131}},"42":{"start":{"line":86,"column":24},"end":{"line":99,"column":1}},"43":{"start":{"line":87,"column":2},"end":{"line":98,"column":3}},"44":{"start":{"line":88,"column":4},"end":{"line":88,"column":23}},"45":{"start":{"line":89,"column":4},"end":{"line":89,"column":38}},"46":{"start":{"line":90,"column":4},"end":{"line":90,"column":58}},"47":{"start":{"line":91,"column":4},"end":{"line":91,"column":16}},"48":{"start":{"line":93,"column":4},"end":{"line":93,"column":39}},"49":{"start":{"line":94,"column":4},"end":{"line":94,"column":47}},"50":{"start":{"line":95,"column":4},"end":{"line":95,"column":58}},"51":{"start":{"line":96,"column":4},"end":{"line":96,"column":120}},"52":{"start":{"line":97,"column":4},"end":{"line":97,"column":17}},"53":{"start":{"line":102,"column":28},"end":{"line":105,"column":2}},"54":{"start":{"line":102,"column":35},"end":{"line":105,"column":1}},"55":{"start":{"line":107,"column":0},"end":{"line":114,"column":2}}},"fnMap":{"0":{"name":"(anonymous_0)","decl":{"start":{"line":24,"column":17},"end":{"line":24,"column":18}},"loc":{"start":{"line":24,"column":28},"end":{"line":28,"column":3}},"line":24},"1":{"name":"(anonymous_1)","decl":{"start":{"line":34,"column":20},"end":{"line":34,"column":21}},"loc":{"start":{"line":34,"column":26},"end":{"line":38,"column":1}},"line":34},"2":{"name":"(anonymous_2)","decl":{"start":{"line":40,"column":18},"end":{"line":40,"column":19}},"loc":{"start":{"line":40,"column":27},"end":{"line":45,"column":1}},"line":40},"3":{"name":"(anonymous_3)","decl":{"start":{"line":47,"column":18},"end":{"line":47,"column":19}},"loc":{"start":{"line":47,"column":24},"end":{"line":50,"column":1}},"line":47},"4":{"name":"(anonymous_4)","decl":{"start":{"line":53,"column":22},"end":{"line":53,"column":23}},"loc":{"start":{"line":53,"column":37},"end":{"line":63,"column":1}},"line":53},"5":{"name":"(anonymous_5)","decl":{"start":{"line":66,"column":20},"end":{"line":66,"column":21}},"loc":{"start":{"line":66,"column":47},"end":{"line":73,"column":1}},"line":66},"6":{"name":"(anonymous_6)","decl":{"start":{"line":76,"column":28},"end":{"line":76,"column":29}},"loc":{"start":{"line":76,"column":43},"end":{"line":83,"column":1}},"line":76},"7":{"name":"(anonymous_7)","decl":{"start":{"line":86,"column":24},"end":{"line":86,"column":25}},"loc":{"start":{"line":86,"column":36},"end":{"line":99,"column":1}},"line":86},"8":{"name":"(anonymous_8)","decl":{"start":{"line":102,"column":28},"end":{"line":102,"column":29}},"loc":{"start":{"line":102,"column":35},"end":{"line":105,"column":1}},"line":102}},"branchMap":{"0":{"loc":{"start":{"line":6,"column":19},"end":{"line":6,"column":56}},"type":"binary-expr","locations":[{"start":{"line":6,"column":19},"end":{"line":6,"column":41}},{"start":{"line":6,"column":45},"end":{"line":6,"column":56}}],"line":6},"1":{"loc":{"start":{"line":7,"column":19},"end":{"line":7,"column":49}},"type":"binary-expr","locations":[{"start":{"line":7,"column":19},"end":{"line":7,"column":41}},{"start":{"line":7,"column":45},"end":{"line":7,"column":49}}],"line":7},"2":{"loc":{"start":{"line":8,"column":23},"end":{"line":8,"column":57}},"type":"binary-expr","locations":[{"start":{"line":8,"column":23},"end":{"line":8,"column":49}},{"start":{"line":8,"column":53},"end":{"line":8,"column":57}}],"line":8},"3":{"loc":{"start":{"line":9,"column":17},"end":{"line":9,"column":56}},"type":"binary-expr","locations":[{"start":{"line":9,"column":17},"end":{"line":9,"column":51}},{"start":{"line":9,"column":55},"end":{"line":9,"column":56}}],"line":9},"4":{"loc":{"start":{"line":26,"column":4},"end":{"line":26,"column":32}},"type":"if","locations":[{"start":{"line":26,"column":4},"end":{"line":26,"column":32}},{"start":{},"end":{}}],"line":26},"5":{"loc":{"start":{"line":54,"column":2},"end":{"line":54,"column":25}},"type":"if","locations":[{"start":{"line":54,"column":2},"end":{"line":54,"column":25}},{"start":{},"end":{}}],"line":54},"6":{"loc":{"start":{"line":67,"column":2},"end":{"line":67,"column":19}},"type":"if","locations":[{"start":{"line":67,"column":2},"end":{"line":67,"column":19}},{"start":{},"end":{}}],"line":67},"7":{"loc":{"start":{"line":77,"column":2},"end":{"line":77,"column":19}},"type":"if","locations":[{"start":{"line":77,"column":2},"end":{"line":77,"column":19}},{"start":{},"end":{}}],"line":77},"8":{"loc":{"start":{"line":104,"column":13},"end":{"line":104,"column":47}},"type":"binary-expr","locations":[{"start":{"line":104,"column":13},"end":{"line":104,"column":39}},{"start":{"line":104,"column":43},"end":{"line":104,"column":47}}],"line":104}},"s":{"0":0,"1":0,"2":0,"3":0,"4":0,"5":0,"6":0,"7":0,"8":0,"9":0,"10":0,"11":0,"12":0,"13":0,"14":0,"15":0,"16":0,"17":0,"18":0,"19":0,"20":0,"21":0,"22":0,"23":0,"24":0,"25":0,"26":0,"27":0,"28":0,"29":0,"30":0,"31":0,"32":0,"33":0,"34":0,"35":0,"36":0,"37":0,"38":0,"39":0,"40":0,"41":0,"42":0,"43":0,"44":0,"45":0,"46":0,"47":0,"48":0,"49":0,"50":0,"51":0,"52":0,"53":0,"54":0,"55":0},"f":{"0":0,"1":0,"2":0,"3":0,"4":0,"5":0,"6":0,"7":0,"8":0},"b":{"0":[0,0],"1":[0,0],"2":[0,0],"3":[0,0],"4":[0,0],"5":[0,0],"6":[0,0],"7":[0,0],"8":[0,0]}}
,"/workspace/backend/src/controllers/alertaController.js": {"path":"/workspace/backend/src/controllers/alertaController.js","statementMap":{"0":{"start":{"line":1,"column":19},"end":{"line":1,"column":52}},"1":{"start":{"line":3,"column":47},"end":{"line":3,"column":57}},"2":{"start":{"line":4,"column":15},"end":{"line":4,"column":35}},"3":{"start":{"line":7,"column":23},"end":{"line":70,"column":1}},"4":{"start":{"line":8,"column":24},"end":{"line":8,"column":26}},"5":{"start":{"line":11,"column":29},"end":{"line":17,"column":4}},"6":{"start":{"line":19,"column":2},"end":{"line":35,"column":3}},"7":{"start":{"line":20,"column":21},"end":{"line":27,"column":6}},"8":{"start":{"line":28,"column":4},"end":{"line":34,"column":5}},"9":{"start":{"line":29,"column":6},"end":{"line":33,"column":9}},"10":{"start":{"line":38,"column":16},"end":{"line":38,"column":26}},"11":{"start":{"line":39,"column":20},"end":{"line":39,"column":70}},"12":{"start":{"line":40,"column":28},"end":{"line":40,"column":82}},"13":{"start":{"line":41,"column":25},"end":{"line":41,"column":75}},"14":{"start":{"line":43,"column":20},"end":{"line":45,"column":9}},"15":{"start":{"line":47,"column":28},"end":{"line":49,"column":9}},"16":{"start":{"line":51,"column":2},"end":{"line":62,"column":3}},"17":{"start":{"line":52,"column":21},"end":{"line":54,"column":6}},"18":{"start":{"line":55,"column":4},"end":{"line":61,"column":5}},"19":{"start":{"line":56,"column":6},"end":{"line":60,"column":9}},"20":{"start":{"line":65,"column":2},"end":{"line":67,"column":3}},"21":{"start":{"line":66,"column":4},"end":{"line":66,"column":43}},"22":{"start":{"line":69,"column":2},"end":{"line":69,"column":30}},"23":{"start":{"line":72,"column":15},"end":{"line":84,"column":1}},"24":{"start":{"line":73,"column":2},"end":{"line":83,"column":3}},"25":{"start":{"line":74,"column":4},"end":{"line":74,"column":49}},"26":{"start":{"line":75,"column":20},"end":{"line":79,"column":6}},"27":{"start":{"line":80,"column":4},"end":{"line":80,"column":22}},"28":{"start":{"line":82,"column":4},"end":{"line":82,"column":51}},"29":{"start":{"line":86,"column":20},"end":{"line":96,"column":1}},"30":{"start":{"line":87,"column":2},"end":{"line":95,"column":3}},"31":{"start":{"line":88,"column":4},"end":{"line":91,"column":6}},"32":{"start":{"line":92,"column":4},"end":{"line":92,"column":55}},"33":{"start":{"line":94,"column":4},"end":{"line":94,"column":51}},"34":{"start":{"line":98,"column":26},"end":{"line":108,"column":1}},"35":{"start":{"line":99,"column":2},"end":{"line":107,"column":3}},"36":{"start":{"line":100,"column":4},"end":{"line":103,"column":6}},"37":{"start":{"line":104,"column":4},"end":{"line":104,"column":68}},"38":{"start":{"line":106,"column":4},"end":{"line":106,"column":51}},"39":{"start":{"line":110,"column":16},"end":{"line":119,"column":1}},"40":{"start":{"line":111,"column":2},"end":{"line":118,"column":3}},"41":{"start":{"line":112,"column":18},"end":{"line":114,"column":6}},"42":{"start":{"line":115,"column":4},"end":{"line":115,"column":34}},"43":{"start":{"line":117,"column":4},"end":{"line":117,"column":51}},"44":{"start":{"line":121,"column":0},"end":{"line":121,"column":85}}},"fnMap":{"0":{"name":"(anonymous_0)","decl":{"start":{"line":7,"column":23},"end":{"line":7,"column":24}},"loc":{"start":{"line":7,"column":45},"end":{"line":70,"column":1}},"line":7},"1":{"name":"(anonymous_1)","decl":{"start":{"line":72,"column":15},"end":{"line":72,"column":16}},"loc":{"start":{"line":72,"column":35},"end":{"line":84,"column":1}},"line":72},"2":{"name":"(anonymous_2)","decl":{"start":{"line":86,"column":20},"end":{"line":86,"column":21}},"loc":{"start":{"line":86,"column":40},"end":{"line":96,"column":1}},"line":86},"3":{"name":"(anonymous_3)","decl":{"start":{"line":98,"column":26},"end":{"line":98,"column":27}},"loc":{"start":{"line":98,"column":46},"end":{"line":108,"column":1}},"line":98},"4":{"name":"(anonymous_4)","decl":{"start":{"line":110,"column":16},"end":{"line":110,"column":17}},"loc":{"start":{"line":110,"column":36},"end":{"line":119,"column":1}},"line":110}},"branchMap":{"0":{"loc":{"start":{"line":28,"column":4},"end":{"line":34,"column":5}},"type":"if","locations":[{"start":{"line":28,"column":4},"end":{"line":34,"column":5}},{"start":{},"end":{}}],"line":28},"1":{"loc":{"start":{"line":43,"column":20},"end":{"line":45,"column":9}},"type":"binary-expr","locations":[{"start":{"line":43,"column":20},"end":{"line":45,"column":4}},{"start":{"line":45,"column":8},"end":{"line":45,"column":9}}],"line":43},"2":{"loc":{"start":{"line":47,"column":28},"end":{"line":49,"column":9}},"type":"binary-expr","locations":[{"start":{"line":47,"column":28},"end":{"line":49,"column":4}},{"start":{"line":49,"column":8},"end":{"line":49,"column":9}}],"line":47},"3":{"loc":{"start":{"line":51,"column":2},"end":{"line":62,"column":3}},"type":"if","locations":[{"start":{"line":51,"column":2},"end":{"line":62,"column":3}},{"start":{},"end":{}}],"line":51},"4":{"loc":{"start":{"line":51,"column":6},"end":{"line":51,"column":66}},"type":"binary-expr","locations":[{"start":{"line":51,"column":6},"end":{"line":51,"column":27}},{"start":{"line":51,"column":31},"end":{"line":51,"column":66}}],"line":51},"5":{"loc":{"start":{"line":55,"column":4},"end":{"line":61,"column":5}},"type":"if","locations":[{"start":{"line":55,"column":4},"end":{"line":61,"column":5}},{"start":{},"end":{}}],"line":55},"6":{"loc":{"start":{"line":65,"column":2},"end":{"line":67,"column":3}},"type":"if","locations":[{"start":{"line":65,"column":2},"end":{"line":67,"column":3}},{"start":{},"end":{}}],"line":65}},"s":{"0":0,"1":0,"2":0,"3":0,"4":0,"5":0,"6":0,"7":0,"8":0,"9":0,"10":0,"11":0,"12":0,"13":0,"14":0,"15":0,"16":0,"17":0,"18":0,"19":0,"20":0,"21":0,"22":0,"23":0,"24":0,"25":0,"26":0,"27":0,"28":0,"29":0,"30":0,"31":0,"32":0,"33":0,"34":0,"35":0,"36":0,"37":0,"38":0,"39":0,"40":0,"41":0,"42":0,"43":0,"44":0},"f":{"0":0,"1":0,"2":0,"3":0,"4":0},"b":{"0":[0,0],"1":[0,0],"2":[0,0],"3":[0,0],"4":[0,0],"5":[0,0],"6":[0,0]}}
,"/workspace/backend/src/controllers/authController.js": {"path":"/workspace/backend/src/controllers/authController.js","statementMap":{"0":{"start":{"line":2,"column":15},"end":{"line":2,"column":34}},"1":{"start":{"line":3,"column":12},"end":{"line":3,"column":35}},"2":{"start":{"line":4,"column":15},"end":{"line":4,"column":32}},"3":{"start":{"line":5,"column":19},"end":{"line":5,"column":52}},"4":{"start":{"line":6,"column":19},"end":{"line":6,"column":52}},"5":{"start":{"line":7,"column":22},"end":{"line":7,"column":58}},"6":{"start":{"line":8,"column":21},"end":{"line":8,"column":51}},"7":{"start":{"line":9,"column":138},"end":{"line":9,"column":175}},"8":{"start":{"line":10,"column":15},"end":{"line":10,"column":41}},"9":{"start":{"line":12,"column":31},"end":{"line":12,"column":41}},"10":{"start":{"line":13,"column":25},"end":{"line":13,"column":35}},"11":{"start":{"line":14,"column":30},"end":{"line":14,"column":43}},"12":{"start":{"line":15,"column":21},"end":{"line":15,"column":67}},"13":{"start":{"line":16,"column":21},"end":{"line":16,"column":67}},"14":{"start":{"line":17,"column":23},"end":{"line":17,"column":71}},"15":{"start":{"line":26,"column":27},"end":{"line":40,"column":1}},"16":{"start":{"line":27,"column":2},"end":{"line":39,"column":3}},"17":{"start":{"line":32,"column":29},"end":{"line":32,"column":91}},"18":{"start":{"line":35,"column":4},"end":{"line":35,"column":32}},"19":{"start":{"line":37,"column":4},"end":{"line":37,"column":85}},"20":{"start":{"line":38,"column":4},"end":{"line":38,"column":16}},"21":{"start":{"line":46,"column":28},"end":{"line":60,"column":3}},"22":{"start":{"line":47,"column":2},"end":{"line":60,"column":3}},"23":{"start":{"line":66,"column":26},"end":{"line":78,"column":3}},"24":{"start":{"line":67,"column":2},"end":{"line":78,"column":3}},"25":{"start":{"line":88,"column":28},"end":{"line":105,"column":1}},"26":{"start":{"line":89,"column":23},"end":{"line":89,"column":61}},"27":{"start":{"line":90,"column":27},"end":{"line":90,"column":89}},"28":{"start":{"line":91,"column":20},"end":{"line":91,"column":30}},"29":{"start":{"line":92,"column":2},"end":{"line":92,"column":96}},"30":{"start":{"line":94,"column":2},"end":{"line":104,"column":4}},"31":{"start":{"line":110,"column":31},"end":{"line":131,"column":1}},"32":{"start":{"line":111,"column":2},"end":{"line":130,"column":3}},"33":{"start":{"line":112,"column":4},"end":{"line":116,"column":24}},"34":{"start":{"line":118,"column":4},"end":{"line":122,"column":7}},"35":{"start":{"line":124,"column":4},"end":{"line":129,"column":7}},"36":{"start":{"line":133,"column":17},"end":{"line":211,"column":2}},"37":{"start":{"line":134,"column":12},"end":{"line":134,"column":41}},"38":{"start":{"line":135,"column":2},"end":{"line":210,"column":3}},"39":{"start":{"line":136,"column":40},"end":{"line":136,"column":48}},"40":{"start":{"line":138,"column":4},"end":{"line":141,"column":5}},"41":{"start":{"line":139,"column":6},"end":{"line":139,"column":25}},"42":{"start":{"line":140,"column":6},"end":{"line":140,"column":79}},"43":{"start":{"line":144,"column":29},"end":{"line":144,"column":88}},"44":{"start":{"line":145,"column":4},"end":{"line":148,"column":5}},"45":{"start":{"line":146,"column":6},"end":{"line":146,"column":25}},"46":{"start":{"line":147,"column":6},"end":{"line":147,"column":79}},"47":{"start":{"line":150,"column":25},"end":{"line":150,"column":56}},"48":{"start":{"line":153,"column":20},"end":{"line":157,"column":26}},"49":{"start":{"line":159,"column":21},"end":{"line":162,"column":6}},"50":{"start":{"line":164,"column":20},"end":{"line":168,"column":26}},"51":{"start":{"line":171,"column":23},"end":{"line":171,"column":59}},"52":{"start":{"line":172,"column":20},"end":{"line":172,"column":104}},"53":{"start":{"line":173,"column":4},"end":{"line":175,"column":5}},"54":{"start":{"line":174,"column":6},"end":{"line":174,"column":122}},"55":{"start":{"line":177,"column":28},"end":{"line":177,"column":32}},"56":{"start":{"line":178,"column":4},"end":{"line":186,"column":5}},"57":{"start":{"line":179,"column":23},"end":{"line":179,"column":33}},"58":{"start":{"line":180,"column":6},"end":{"line":180,"column":56}},"59":{"start":{"line":181,"column":6},"end":{"line":184,"column":29}},"60":{"start":{"line":185,"column":6},"end":{"line":185,"column":75}},"61":{"start":{"line":188,"column":4},"end":{"line":188,"column":21}},"62":{"start":{"line":191,"column":4},"end":{"line":197,"column":15}},"63":{"start":{"line":199,"column":4},"end":{"line":206,"column":7}},"64":{"start":{"line":208,"column":4},"end":{"line":208,"column":23}},"65":{"start":{"line":209,"column":4},"end":{"line":209,"column":16}},"66":{"start":{"line":214,"column":19},"end":{"line":275,"column":2}},"67":{"start":{"line":215,"column":12},"end":{"line":215,"column":41}},"68":{"start":{"line":216,"column":2},"end":{"line":274,"column":3}},"69":{"start":{"line":217,"column":86},"end":{"line":217,"column":94}},"70":{"start":{"line":219,"column":4},"end":{"line":222,"column":5}},"71":{"start":{"line":220,"column":6},"end":{"line":220,"column":25}},"72":{"start":{"line":221,"column":6},"end":{"line":221,"column":81}},"73":{"start":{"line":224,"column":20},"end":{"line":224,"column":104}},"74":{"start":{"line":225,"column":4},"end":{"line":227,"column":5}},"75":{"start":{"line":226,"column":6},"end":{"line":226,"column":122}},"76":{"start":{"line":228,"column":4},"end":{"line":231,"column":5}},"77":{"start":{"line":229,"column":6},"end":{"line":229,"column":25}},"78":{"start":{"line":230,"column":6},"end":{"line":230,"column":111}},"79":{"start":{"line":233,"column":20},"end":{"line":236,"column":26}},"80":{"start":{"line":238,"column":25},"end":{"line":238,"column":56}},"81":{"start":{"line":239,"column":20},"end":{"line":242,"column":26}},"82":{"start":{"line":244,"column":19},"end":{"line":244,"column":29}},"83":{"start":{"line":245,"column":16},"end":{"line":245,"column":32}},"84":{"start":{"line":246,"column":4},"end":{"line":246,"column":52}},"85":{"start":{"line":248,"column":4},"end":{"line":251,"column":27}},"86":{"start":{"line":253,"column":4},"end":{"line":253,"column":21}},"87":{"start":{"line":256,"column":4},"end":{"line":264,"column":15}},"88":{"start":{"line":266,"column":4},"end":{"line":270,"column":7}},"89":{"start":{"line":272,"column":4},"end":{"line":272,"column":23}},"90":{"start":{"line":273,"column":4},"end":{"line":273,"column":16}},"91":{"start":{"line":278,"column":14},"end":{"line":349,"column":2}},"92":{"start":{"line":279,"column":30},"end":{"line":279,"column":38}},"93":{"start":{"line":280,"column":2},"end":{"line":282,"column":3}},"94":{"start":{"line":281,"column":4},"end":{"line":281,"column":69}},"95":{"start":{"line":284,"column":18},"end":{"line":290,"column":4}},"96":{"start":{"line":292,"column":2},"end":{"line":294,"column":3}},"97":{"start":{"line":293,"column":4},"end":{"line":293,"column":60}},"98":{"start":{"line":296,"column":19},"end":{"line":296,"column":67}},"99":{"start":{"line":297,"column":2},"end":{"line":299,"column":3}},"100":{"start":{"line":298,"column":4},"end":{"line":298,"column":60}},"101":{"start":{"line":301,"column":16},"end":{"line":303,"column":10}},"102":{"start":{"line":305,"column":20},"end":{"line":305,"column":50}},"103":{"start":{"line":306,"column":16},"end":{"line":306,"column":55}},"104":{"start":{"line":309,"column":56},"end":{"line":313,"column":4}},"105":{"start":{"line":316,"column":2},"end":{"line":321,"column":5}},"106":{"start":{"line":324,"column":2},"end":{"line":331,"column":5}},"107":{"start":{"line":333,"column":2},"end":{"line":348,"column":5}},"108":{"start":{"line":352,"column":19},"end":{"line":416,"column":2}},"109":{"start":{"line":353,"column":30},"end":{"line":353,"column":38}},"110":{"start":{"line":354,"column":2},"end":{"line":356,"column":3}},"111":{"start":{"line":355,"column":4},"end":{"line":355,"column":69}},"112":{"start":{"line":358,"column":16},"end":{"line":358,"column":82}},"113":{"start":{"line":359,"column":2},"end":{"line":368,"column":3}},"114":{"start":{"line":361,"column":4},"end":{"line":366,"column":7}},"115":{"start":{"line":367,"column":4},"end":{"line":367,"column":66}},"116":{"start":{"line":370,"column":19},"end":{"line":370,"column":65}},"117":{"start":{"line":371,"column":2},"end":{"line":381,"column":3}},"118":{"start":{"line":373,"column":4},"end":{"line":379,"column":7}},"119":{"start":{"line":380,"column":4},"end":{"line":380,"column":66}},"120":{"start":{"line":383,"column":16},"end":{"line":383,"column":40}},"121":{"start":{"line":386,"column":56},"end":{"line":390,"column":4}},"122":{"start":{"line":393,"column":2},"end":{"line":398,"column":5}},"123":{"start":{"line":401,"column":2},"end":{"line":407,"column":5}},"124":{"start":{"line":409,"column":2},"end":{"line":415,"column":5}},"125":{"start":{"line":419,"column":15},"end":{"line":435,"column":2}},"126":{"start":{"line":420,"column":18},"end":{"line":427,"column":4}},"127":{"start":{"line":428,"column":2},"end":{"line":430,"column":3}},"128":{"start":{"line":429,"column":4},"end":{"line":429,"column":53}},"129":{"start":{"line":431,"column":2},"end":{"line":434,"column":5}},"130":{"start":{"line":441,"column":21},"end":{"line":612,"column":2}},"131":{"start":{"line":442,"column":27},"end":{"line":442,"column":35}},"132":{"start":{"line":444,"column":2},"end":{"line":446,"column":3}},"133":{"start":{"line":445,"column":4},"end":{"line":445,"column":60}},"134":{"start":{"line":449,"column":27},"end":{"line":449,"column":89}},"135":{"start":{"line":452,"column":22},"end":{"line":457,"column":4}},"136":{"start":{"line":459,"column":2},"end":{"line":466,"column":3}},"137":{"start":{"line":460,"column":4},"end":{"line":464,"column":7}},"138":{"start":{"line":465,"column":4},"end":{"line":465,"column":71}},"139":{"start":{"line":469,"column":14},"end":{"line":469,"column":24}},"140":{"start":{"line":470,"column":2},"end":{"line":480,"column":3}},"141":{"start":{"line":472,"column":4},"end":{"line":472,"column":32}},"142":{"start":{"line":474,"column":4},"end":{"line":478,"column":7}},"143":{"start":{"line":479,"column":4},"end":{"line":479,"column":87}},"144":{"start":{"line":485,"column":23},"end":{"line":485,"column":55}},"145":{"start":{"line":486,"column":22},"end":{"line":486,"column":42}},"146":{"start":{"line":488,"column":2},"end":{"line":608,"column":3}},"147":{"start":{"line":490,"column":20},"end":{"line":496,"column":6}},"148":{"start":{"line":498,"column":4},"end":{"line":506,"column":5}},"149":{"start":{"line":499,"column":6},"end":{"line":504,"column":9}},"150":{"start":{"line":505,"column":6},"end":{"line":505,"column":88}},"151":{"start":{"line":509,"column":4},"end":{"line":518,"column":5}},"152":{"start":{"line":510,"column":6},"end":{"line":516,"column":9}},"153":{"start":{"line":517,"column":6},"end":{"line":517,"column":80}},"154":{"start":{"line":520,"column":22},"end":{"line":520,"column":52}},"155":{"start":{"line":521,"column":4},"end":{"line":521,"column":61}},"156":{"start":{"line":524,"column":4},"end":{"line":528,"column":7}},"157":{"start":{"line":531,"column":4},"end":{"line":531,"column":32}},"158":{"start":{"line":534,"column":4},"end":{"line":539,"column":7}},"159":{"start":{"line":541,"column":4},"end":{"line":548,"column":7}},"160":{"start":{"line":550,"column":4},"end":{"line":555,"column":7}},"161":{"start":{"line":557,"column":9},"end":{"line":608,"column":3}},"162":{"start":{"line":559,"column":18},"end":{"line":561,"column":6}},"163":{"start":{"line":563,"column":4},"end":{"line":571,"column":5}},"164":{"start":{"line":564,"column":6},"end":{"line":569,"column":9}},"165":{"start":{"line":570,"column":6},"end":{"line":570,"column":94}},"166":{"start":{"line":573,"column":4},"end":{"line":573,"column":46}},"167":{"start":{"line":576,"column":4},"end":{"line":580,"column":7}},"168":{"start":{"line":583,"column":4},"end":{"line":583,"column":32}},"169":{"start":{"line":586,"column":4},"end":{"line":591,"column":7}},"170":{"start":{"line":593,"column":4},"end":{"line":600,"column":7}},"171":{"start":{"line":602,"column":4},"end":{"line":607,"column":7}},"172":{"start":{"line":611,"column":2},"end":{"line":611,"column":58}},"173":{"start":{"line":615,"column":28},"end":{"line":678,"column":2}},"174":{"start":{"line":617,"column":2},"end":{"line":619,"column":3}},"175":{"start":{"line":618,"column":4},"end":{"line":618,"column":108}},"176":{"start":{"line":621,"column":26},"end":{"line":621,"column":66}},"177":{"start":{"line":622,"column":2},"end":{"line":624,"column":3}},"178":{"start":{"line":623,"column":4},"end":{"line":623,"column":133}},"179":{"start":{"line":626,"column":46},"end":{"line":626,"column":54}},"180":{"start":{"line":627,"column":2},"end":{"line":635,"column":3}},"181":{"start":{"line":629,"column":4},"end":{"line":633,"column":7}},"182":{"start":{"line":634,"column":4},"end":{"line":634,"column":79}},"183":{"start":{"line":636,"column":2},"end":{"line":638,"column":3}},"184":{"start":{"line":637,"column":4},"end":{"line":637,"column":75}},"185":{"start":{"line":640,"column":12},"end":{"line":640,"column":41}},"186":{"start":{"line":641,"column":2},"end":{"line":677,"column":3}},"187":{"start":{"line":642,"column":22},"end":{"line":642,"column":86}},"188":{"start":{"line":643,"column":4},"end":{"line":652,"column":5}},"189":{"start":{"line":644,"column":6},"end":{"line":644,"column":25}},"190":{"start":{"line":645,"column":6},"end":{"line":650,"column":9}},"191":{"start":{"line":651,"column":6},"end":{"line":651,"column":66}},"192":{"start":{"line":654,"column":25},"end":{"line":654,"column":56}},"193":{"start":{"line":655,"column":18},"end":{"line":657,"column":26}},"194":{"start":{"line":659,"column":4},"end":{"line":659,"column":21}},"195":{"start":{"line":662,"column":4},"end":{"line":667,"column":7}},"196":{"start":{"line":669,"column":4},"end":{"line":673,"column":7}},"197":{"start":{"line":675,"column":4},"end":{"line":675,"column":23}},"198":{"start":{"line":676,"column":4},"end":{"line":676,"column":16}},"199":{"start":{"line":680,"column":0},"end":{"line":680,"column":104}}},"fnMap":{"0":{"name":"(anonymous_0)","decl":{"start":{"line":26,"column":27},"end":{"line":26,"column":28}},"loc":{"start":{"line":26,"column":45},"end":{"line":40,"column":1}},"line":26},"1":{"name":"(anonymous_1)","decl":{"start":{"line":46,"column":28},"end":{"line":46,"column":29}},"loc":{"start":{"line":47,"column":2},"end":{"line":60,"column":3}},"line":47},"2":{"name":"(anonymous_2)","decl":{"start":{"line":66,"column":26},"end":{"line":66,"column":27}},"loc":{"start":{"line":67,"column":2},"end":{"line":78,"column":3}},"line":67},"3":{"name":"(anonymous_3)","decl":{"start":{"line":88,"column":28},"end":{"line":88,"column":29}},"loc":{"start":{"line":88,"column":47},"end":{"line":105,"column":1}},"line":88},"4":{"name":"(anonymous_4)","decl":{"start":{"line":110,"column":31},"end":{"line":110,"column":32}},"loc":{"start":{"line":110,"column":76},"end":{"line":131,"column":1}},"line":110},"5":{"name":"(anonymous_5)","decl":{"start":{"line":133,"column":30},"end":{"line":133,"column":31}},"loc":{"start":{"line":133,"column":50},"end":{"line":211,"column":1}},"line":133},"6":{"name":"(anonymous_6)","decl":{"start":{"line":214,"column":32},"end":{"line":214,"column":33}},"loc":{"start":{"line":214,"column":52},"end":{"line":275,"column":1}},"line":214},"7":{"name":"(anonymous_7)","decl":{"start":{"line":278,"column":27},"end":{"line":278,"column":28}},"loc":{"start":{"line":278,"column":47},"end":{"line":349,"column":1}},"line":278},"8":{"name":"(anonymous_8)","decl":{"start":{"line":352,"column":32},"end":{"line":352,"column":33}},"loc":{"start":{"line":352,"column":52},"end":{"line":416,"column":1}},"line":352},"9":{"name":"(anonymous_9)","decl":{"start":{"line":419,"column":28},"end":{"line":419,"column":29}},"loc":{"start":{"line":419,"column":48},"end":{"line":435,"column":1}},"line":419},"10":{"name":"(anonymous_10)","decl":{"start":{"line":441,"column":34},"end":{"line":441,"column":35}},"loc":{"start":{"line":441,"column":54},"end":{"line":612,"column":1}},"line":441},"11":{"name":"(anonymous_11)","decl":{"start":{"line":615,"column":41},"end":{"line":615,"column":42}},"loc":{"start":{"line":615,"column":61},"end":{"line":678,"column":1}},"line":615}},"branchMap":{"0":{"loc":{"start":{"line":58,"column":4},"end":{"line":58,"column":60}},"type":"binary-expr","locations":[{"start":{"line":58,"column":4},"end":{"line":58,"column":34}},{"start":{"line":58,"column":38},"end":{"line":58,"column":60}}],"line":58},"1":{"loc":{"start":{"line":59,"column":17},"end":{"line":59,"column":48}},"type":"binary-expr","locations":[{"start":{"line":59,"column":17},"end":{"line":59,"column":40}},{"start":{"line":59,"column":44},"end":{"line":59,"column":48}}],"line":59},"2":{"loc":{"start":{"line":76,"column":4},"end":{"line":76,"column":58}},"type":"binary-expr","locations":[{"start":{"line":76,"column":4},"end":{"line":76,"column":32}},{"start":{"line":76,"column":36},"end":{"line":76,"column":58}}],"line":76},"3":{"loc":{"start":{"line":77,"column":17},"end":{"line":77,"column":48}},"type":"binary-expr","locations":[{"start":{"line":77,"column":17},"end":{"line":77,"column":40}},{"start":{"line":77,"column":44},"end":{"line":77,"column":48}}],"line":77},"4":{"loc":{"start":{"line":88,"column":29},"end":{"line":88,"column":42}},"type":"default-arg","locations":[{"start":{"line":88,"column":40},"end":{"line":88,"column":42}}],"line":88},"5":{"loc":{"start":{"line":92,"column":49},"end":{"line":92,"column":93}},"type":"binary-expr","locations":[{"start":{"line":92,"column":49},"end":{"line":92,"column":87}},{"start":{"line":92,"column":91},"end":{"line":92,"column":93}}],"line":92},"6":{"loc":{"start":{"line":98,"column":12},"end":{"line":98,"column":31}},"type":"binary-expr","locations":[{"start":{"line":98,"column":12},"end":{"line":98,"column":23}},{"start":{"line":98,"column":27},"end":{"line":98,"column":31}}],"line":98},"7":{"loc":{"start":{"line":99,"column":14},"end":{"line":99,"column":44}},"type":"binary-expr","locations":[{"start":{"line":99,"column":14},"end":{"line":99,"column":31}},{"start":{"line":99,"column":35},"end":{"line":99,"column":44}}],"line":99},"8":{"loc":{"start":{"line":101,"column":13},"end":{"line":101,"column":35}},"type":"binary-expr","locations":[{"start":{"line":101,"column":13},"end":{"line":101,"column":27}},{"start":{"line":101,"column":31},"end":{"line":101,"column":35}}],"line":101},"9":{"loc":{"start":{"line":110,"column":53},"end":{"line":110,"column":71}},"type":"default-arg","locations":[{"start":{"line":110,"column":67},"end":{"line":110,"column":71}}],"line":110},"10":{"loc":{"start":{"line":138,"column":4},"end":{"line":141,"column":5}},"type":"if","locations":[{"start":{"line":138,"column":4},"end":{"line":141,"column":5}},{"start":{},"end":{}}],"line":138},"11":{"loc":{"start":{"line":138,"column":8},"end":{"line":138,"column":38}},"type":"binary-expr","locations":[{"start":{"line":138,"column":8},"end":{"line":138,"column":15}},{"start":{"line":138,"column":19},"end":{"line":138,"column":25}},{"start":{"line":138,"column":29},"end":{"line":138,"column":38}}],"line":138},"12":{"loc":{"start":{"line":145,"column":4},"end":{"line":148,"column":5}},"type":"if","locations":[{"start":{"line":145,"column":4},"end":{"line":148,"column":5}},{"start":{},"end":{}}],"line":145},"13":{"loc":{"start":{"line":166,"column":18},"end":{"line":166,"column":35}},"type":"binary-expr","locations":[{"start":{"line":166,"column":18},"end":{"line":166,"column":30}},{"start":{"line":166,"column":34},"end":{"line":166,"column":35}}],"line":166},"14":{"loc":{"start":{"line":171,"column":30},"end":{"line":171,"column":58}},"type":"binary-expr","locations":[{"start":{"line":171,"column":30},"end":{"line":171,"column":52}},{"start":{"line":171,"column":56},"end":{"line":171,"column":58}}],"line":171},"15":{"loc":{"start":{"line":173,"column":4},"end":{"line":175,"column":5}},"type":"if","locations":[{"start":{"line":173,"column":4},"end":{"line":175,"column":5}},{"start":{},"end":{}}],"line":173},"16":{"loc":{"start":{"line":178,"column":4},"end":{"line":186,"column":5}},"type":"if","locations":[{"start":{"line":178,"column":4},"end":{"line":186,"column":5}},{"start":{},"end":{}}],"line":178},"17":{"loc":{"start":{"line":203,"column":16},"end":{"line":205,"column":14}},"type":"cond-expr","locations":[{"start":{"line":204,"column":10},"end":{"line":204,"column":91}},{"start":{"line":205,"column":10},"end":{"line":205,"column":14}}],"line":203},"18":{"loc":{"start":{"line":217,"column":66},"end":{"line":217,"column":81}},"type":"default-arg","locations":[{"start":{"line":217,"column":79},"end":{"line":217,"column":81}}],"line":217},"19":{"loc":{"start":{"line":219,"column":4},"end":{"line":222,"column":5}},"type":"if","locations":[{"start":{"line":219,"column":4},"end":{"line":222,"column":5}},{"start":{},"end":{}}],"line":219},"20":{"loc":{"start":{"line":219,"column":8},"end":{"line":219,"column":57}},"type":"binary-expr","locations":[{"start":{"line":219,"column":8},"end":{"line":219,"column":23}},{"start":{"line":219,"column":27},"end":{"line":219,"column":34}},{"start":{"line":219,"column":38},"end":{"line":219,"column":44}},{"start":{"line":219,"column":48},"end":{"line":219,"column":57}}],"line":219},"21":{"loc":{"start":{"line":225,"column":4},"end":{"line":227,"column":5}},"type":"if","locations":[{"start":{"line":225,"column":4},"end":{"line":227,"column":5}},{"start":{},"end":{}}],"line":225},"22":{"loc":{"start":{"line":228,"column":4},"end":{"line":231,"column":5}},"type":"if","locations":[{"start":{"line":228,"column":4},"end":{"line":231,"column":5}},{"start":{},"end":{}}],"line":228},"23":{"loc":{"start":{"line":235,"column":11},"end":{"line":235,"column":30}},"type":"binary-expr","locations":[{"start":{"line":235,"column":11},"end":{"line":235,"column":22}},{"start":{"line":235,"column":26},"end":{"line":235,"column":30}}],"line":235},"24":{"loc":{"start":{"line":280,"column":2},"end":{"line":282,"column":3}},"type":"if","locations":[{"start":{"line":280,"column":2},"end":{"line":282,"column":3}},{"start":{},"end":{}}],"line":280},"25":{"loc":{"start":{"line":280,"column":6},"end":{"line":280,"column":25}},"type":"binary-expr","locations":[{"start":{"line":280,"column":6},"end":{"line":280,"column":12}},{"start":{"line":280,"column":16},"end":{"line":280,"column":25}}],"line":280},"26":{"loc":{"start":{"line":292,"column":2},"end":{"line":294,"column":3}},"type":"if","locations":[{"start":{"line":292,"column":2},"end":{"line":294,"column":3}},{"start":{},"end":{}}],"line":292},"27":{"loc":{"start":{"line":297,"column":2},"end":{"line":299,"column":3}},"type":"if","locations":[{"start":{"line":297,"column":2},"end":{"line":299,"column":3}},{"start":{},"end":{}}],"line":297},"28":{"loc":{"start":{"line":301,"column":16},"end":{"line":303,"column":10}},"type":"cond-expr","locations":[{"start":{"line":302,"column":6},"end":{"line":302,"column":56}},{"start":{"line":303,"column":6},"end":{"line":303,"column":10}}],"line":301},"29":{"loc":{"start":{"line":305,"column":20},"end":{"line":305,"column":50}},"type":"binary-expr","locations":[{"start":{"line":305,"column":20},"end":{"line":305,"column":39}},{"start":{"line":305,"column":43},"end":{"line":305,"column":50}}],"line":305},"30":{"loc":{"start":{"line":336,"column":20},"end":{"line":336,"column":51}},"type":"binary-expr","locations":[{"start":{"line":336,"column":20},"end":{"line":336,"column":43}},{"start":{"line":336,"column":47},"end":{"line":336,"column":51}}],"line":336},"31":{"loc":{"start":{"line":354,"column":2},"end":{"line":356,"column":3}},"type":"if","locations":[{"start":{"line":354,"column":2},"end":{"line":356,"column":3}},{"start":{},"end":{}}],"line":354},"32":{"loc":{"start":{"line":354,"column":6},"end":{"line":354,"column":25}},"type":"binary-expr","locations":[{"start":{"line":354,"column":6},"end":{"line":354,"column":12}},{"start":{"line":354,"column":16},"end":{"line":354,"column":25}}],"line":354},"33":{"loc":{"start":{"line":359,"column":2},"end":{"line":368,"column":3}},"type":"if","locations":[{"start":{"line":359,"column":2},"end":{"line":368,"column":3}},{"start":{},"end":{}}],"line":359},"34":{"loc":{"start":{"line":371,"column":2},"end":{"line":381,"column":3}},"type":"if","locations":[{"start":{"line":371,"column":2},"end":{"line":381,"column":3}},{"start":{},"end":{}}],"line":371},"35":{"loc":{"start":{"line":412,"column":20},"end":{"line":412,"column":51}},"type":"binary-expr","locations":[{"start":{"line":412,"column":20},"end":{"line":412,"column":43}},{"start":{"line":412,"column":47},"end":{"line":412,"column":51}}],"line":412},"36":{"loc":{"start":{"line":428,"column":2},"end":{"line":430,"column":3}},"type":"if","locations":[{"start":{"line":428,"column":2},"end":{"line":430,"column":3}},{"start":{},"end":{}}],"line":428},"37":{"loc":{"start":{"line":433,"column":9},"end":{"line":433,"column":39}},"type":"binary-expr","locations":[{"start":{"line":433,"column":9},"end":{"line":433,"column":28}},{"start":{"line":433,"column":32},"end":{"line":433,"column":39}}],"line":433},"38":{"loc":{"start":{"line":444,"column":2},"end":{"line":446,"column":3}},"type":"if","locations":[{"start":{"line":444,"column":2},"end":{"line":446,"column":3}},{"start":{},"end":{}}],"line":444},"39":{"loc":{"start":{"line":459,"column":2},"end":{"line":466,"column":3}},"type":"if","locations":[{"start":{"line":459,"column":2},"end":{"line":466,"column":3}},{"start":{},"end":{}}],"line":459},"40":{"loc":{"start":{"line":470,"column":2},"end":{"line":480,"column":3}},"type":"if","locations":[{"start":{"line":470,"column":2},"end":{"line":480,"column":3}},{"start":{},"end":{}}],"line":470},"41":{"loc":{"start":{"line":488,"column":2},"end":{"line":608,"column":3}},"type":"if","locations":[{"start":{"line":488,"column":2},"end":{"line":608,"column":3}},{"start":{"line":557,"column":9},"end":{"line":608,"column":3}}],"line":488},"42":{"loc":{"start":{"line":498,"column":4},"end":{"line":506,"column":5}},"type":"if","locations":[{"start":{"line":498,"column":4},"end":{"line":506,"column":5}},{"start":{},"end":{}}],"line":498},"43":{"loc":{"start":{"line":509,"column":4},"end":{"line":518,"column":5}},"type":"if","locations":[{"start":{"line":509,"column":4},"end":{"line":518,"column":5}},{"start":{},"end":{}}],"line":509},"44":{"loc":{"start":{"line":520,"column":22},"end":{"line":520,"column":52}},"type":"binary-expr","locations":[{"start":{"line":520,"column":22},"end":{"line":520,"column":41}},{"start":{"line":520,"column":45},"end":{"line":520,"column":52}}],"line":520},"45":{"loc":{"start":{"line":553,"column":22},"end":{"line":553,"column":53}},"type":"binary-expr","locations":[{"start":{"line":553,"column":22},"end":{"line":553,"column":45}},{"start":{"line":553,"column":49},"end":{"line":553,"column":53}}],"line":553},"46":{"loc":{"start":{"line":557,"column":9},"end":{"line":608,"column":3}},"type":"if","locations":[{"start":{"line":557,"column":9},"end":{"line":608,"column":3}},{"start":{},"end":{}}],"line":557},"47":{"loc":{"start":{"line":563,"column":4},"end":{"line":571,"column":5}},"type":"if","locations":[{"start":{"line":563,"column":4},"end":{"line":571,"column":5}},{"start":{},"end":{}}],"line":563},"48":{"loc":{"start":{"line":605,"column":22},"end":{"line":605,"column":53}},"type":"binary-expr","locations":[{"start":{"line":605,"column":22},"end":{"line":605,"column":45}},{"start":{"line":605,"column":49},"end":{"line":605,"column":53}}],"line":605},"49":{"loc":{"start":{"line":617,"column":2},"end":{"line":619,"column":3}},"type":"if","locations":[{"start":{"line":617,"column":2},"end":{"line":619,"column":3}},{"start":{},"end":{}}],"line":617},"50":{"loc":{"start":{"line":617,"column":6},"end":{"line":617,"column":88}},"type":"binary-expr","locations":[{"start":{"line":617,"column":6},"end":{"line":617,"column":43}},{"start":{"line":617,"column":47},"end":{"line":617,"column":88}}],"line":617},"51":{"loc":{"start":{"line":622,"column":2},"end":{"line":624,"column":3}},"type":"if","locations":[{"start":{"line":622,"column":2},"end":{"line":624,"column":3}},{"start":{},"end":{}}],"line":622},"52":{"loc":{"start":{"line":627,"column":2},"end":{"line":635,"column":3}},"type":"if","locations":[{"start":{"line":627,"column":2},"end":{"line":635,"column":3}},{"start":{},"end":{}}],"line":627},"53":{"loc":{"start":{"line":636,"column":2},"end":{"line":638,"column":3}},"type":"if","locations":[{"start":{"line":636,"column":2},"end":{"line":638,"column":3}},{"start":{},"end":{}}],"line":636},"54":{"loc":{"start":{"line":636,"column":6},"end":{"line":636,"column":36}},"type":"binary-expr","locations":[{"start":{"line":636,"column":6},"end":{"line":636,"column":13}},{"start":{"line":636,"column":17},"end":{"line":636,"column":23}},{"start":{"line":636,"column":27},"end":{"line":636,"column":36}}],"line":636},"55":{"loc":{"start":{"line":643,"column":4},"end":{"line":652,"column":5}},"type":"if","locations":[{"start":{"line":643,"column":4},"end":{"line":652,"column":5}},{"start":{},"end":{}}],"line":643}},"s":{"0":0,"1":0,"2":0,"3":0,"4":0,"5":0,"6":0,"7":0,"8":0,"9":0,"10":0,"11":0,"12":0,"13":0,"14":0,"15":0,"16":0,"17":0,"18":0,"19":0,"20":0,"21":0,"22":0,"23":0,"24":0,"25":0,"26":0,"27":0,"28":0,"29":0,"30":0,"31":0,"32":0,"33":0,"34":0,"35":0,"36":0,"37":0,"38":0,"39":0,"40":0,"41":0,"42":0,"43":0,"44":0,"45":0,"46":0,"47":0,"48":0,"49":0,"50":0,"51":0,"52":0,"53":0,"54":0,"55":0,"56":0,"57":0,"58":0,"59":0,"60":0,"61":0,"62":0,"63":0,"64":0,"65":0,"66":0,"67":0,"68":0,"69":0,"70":0,"71":0,"72":0,"73":0,"74":0,"75":0,"76":0,"77":0,"78":0,"79":0,"80":0,"81":0,"82":0,"83":0,"84":0,"85":0,"86":0,"87":0,"88":0,"89":0,"90":0,"91":0,"92":0,"93":0,"94":0,"95":0,"96":0,"97":0,"98":0,"99":0,"100":0,"101":0,"102":0,"103":0,"104":0,"105":0,"106":0,"107":0,"108":0,"109":0,"110":0,"111":0,"112":0,"113":0,"114":0,"115":0,"116":0,"117":0,"118":0,"119":0,"120":0,"121":0,"122":0,"123":0,"124":0,"125":0,"126":0,"127":0,"128":0,"129":0,"130":0,"131":0,"132":0,"133":0,"134":0,"135":0,"136":0,"137":0,"138":0,"139":0,"140":0,"141":0,"142":0,"143":0,"144":0,"145":0,"146":0,"147":0,"148":0,"149":0,"150":0,"151":0,"152":0,"153":0,"154":0,"155":0,"156":0,"157":0,"158":0,"159":0,"160":0,"161":0,"162":0,"163":0,"164":0,"165":0,"166":0,"167":0,"168":0,"169":0,"170":0,"171":0,"172":0,"173":0,"174":0,"175":0,"176":0,"177":0,"178":0,"179":0,"180":0,"181":0,"182":0,"183":0,"184":0,"185":0,"186":0,"187":0,"188":0,"189":0,"190":0,"191":0,"192":0,"193":0,"194":0,"195":0,"196":0,"197":0,"198":0,"199":0},"f":{"0":0,"1":0,"2":0,"3":0,"4":0,"5":0,"6":0,"7":0,"8":0,"9":0,"10":0,"11":0},"b":{"0":[0,0],"1":[0,0],"2":[0,0],"3":[0,0],"4":[0],"5":[0,0],"6":[0,0],"7":[0,0],"8":[0,0],"9":[0],"10":[0,0],"11":[0,0,0],"12":[0,0],"13":[0,0],"14":[0,0],"15":[0,0],"16":[0,0],"17":[0,0],"18":[0],"19":[0,0],"20":[0,0,0,0],"21":[0,0],"22":[0,0],"23":[0,0],"24":[0,0],"25":[0,0],"26":[0,0],"27":[0,0],"28":[0,0],"29":[0,0],"30":[0,0],"31":[0,0],"32":[0,0],"33":[0,0],"34":[0,0],"35":[0,0],"36":[0,0],"37":[0,0],"38":[0,0],"39":[0,0],"40":[0,0],"41":[0,0],"42":[0,0],"43":[0,0],"44":[0,0],"45":[0,0],"46":[0,0],"47":[0,0],"48":[0,0],"49":[0,0],"50":[0,0],"51":[0,0],"52":[0,0],"53":[0,0],"54":[0,0,0],"55":[0,0]}}
,"/workspace/backend/src/controllers/categoriaController.js": {"path":"/workspace/backend/src/controllers/categoriaController.js","statementMap":{"0":{"start":{"line":1,"column":19},"end":{"line":1,"column":52}},"1":{"start":{"line":2,"column":17},"end":{"line":2,"column":47}},"2":{"start":{"line":4,"column":22},"end":{"line":4,"column":32}},"3":{"start":{"line":6,"column":15},"end":{"line":16,"column":1}},"4":{"start":{"line":7,"column":2},"end":{"line":15,"column":3}},"5":{"start":{"line":8,"column":23},"end":{"line":11,"column":6}},"6":{"start":{"line":12,"column":4},"end":{"line":12,"column":25}},"7":{"start":{"line":14,"column":4},"end":{"line":14,"column":51}},"8":{"start":{"line":18,"column":14},"end":{"line":37,"column":1}},"9":{"start":{"line":19,"column":2},"end":{"line":36,"column":3}},"10":{"start":{"line":20,"column":22},"end":{"line":23,"column":6}},"11":{"start":{"line":26,"column":4},"end":{"line":31,"column":15}},"12":{"start":{"line":33,"column":4},"end":{"line":33,"column":36}},"13":{"start":{"line":35,"column":4},"end":{"line":35,"column":51}},"14":{"start":{"line":39,"column":17},"end":{"line":50,"column":1}},"15":{"start":{"line":40,"column":2},"end":{"line":49,"column":3}},"16":{"start":{"line":41,"column":22},"end":{"line":43,"column":6}},"17":{"start":{"line":44,"column":4},"end":{"line":44,"column":88}},"18":{"start":{"line":44,"column":21},"end":{"line":44,"column":87}},"19":{"start":{"line":45,"column":4},"end":{"line":45,"column":30}},"20":{"start":{"line":46,"column":4},"end":{"line":46,"column":49}},"21":{"start":{"line":48,"column":4},"end":{"line":48,"column":51}},"22":{"start":{"line":52,"column":0},"end":{"line":52,"column":45}}},"fnMap":{"0":{"name":"(anonymous_0)","decl":{"start":{"line":6,"column":15},"end":{"line":6,"column":16}},"loc":{"start":{"line":6,"column":35},"end":{"line":16,"column":1}},"line":6},"1":{"name":"(anonymous_1)","decl":{"start":{"line":18,"column":14},"end":{"line":18,"column":15}},"loc":{"start":{"line":18,"column":34},"end":{"line":37,"column":1}},"line":18},"2":{"name":"(anonymous_2)","decl":{"start":{"line":39,"column":17},"end":{"line":39,"column":18}},"loc":{"start":{"line":39,"column":37},"end":{"line":50,"column":1}},"line":39}},"branchMap":{"0":{"loc":{"start":{"line":44,"column":4},"end":{"line":44,"column":88}},"type":"if","locations":[{"start":{"line":44,"column":4},"end":{"line":44,"column":88}},{"start":{},"end":{}}],"line":44}},"s":{"0":0,"1":0,"2":0,"3":0,"4":0,"5":0,"6":0,"7":0,"8":0,"9":0,"10":0,"11":0,"12":0,"13":0,"14":0,"15":0,"16":0,"17":0,"18":0,"19":0,"20":0,"21":0,"22":0},"f":{"0":0,"1":0,"2":0},"b":{"0":[0,0]}}
,"/workspace/backend/src/controllers/clienteController.js": {"path":"/workspace/backend/src/controllers/clienteController.js","statementMap":{"0":{"start":{"line":1,"column":19},"end":{"line":1,"column":52}},"1":{"start":{"line":2,"column":17},"end":{"line":2,"column":47}},"2":{"start":{"line":4,"column":20},"end":{"line":4,"column":30}},"3":{"start":{"line":6,"column":15},"end":{"line":16,"column":1}},"4":{"start":{"line":7,"column":2},"end":{"line":15,"column":3}},"5":{"start":{"line":8,"column":21},"end":{"line":11,"column":6}},"6":{"start":{"line":12,"column":4},"end":{"line":12,"column":23}},"7":{"start":{"line":14,"column":4},"end":{"line":14,"column":51}},"8":{"start":{"line":18,"column":14},"end":{"line":37,"column":1}},"9":{"start":{"line":19,"column":2},"end":{"line":36,"column":3}},"10":{"start":{"line":20,"column":20},"end":{"line":23,"column":6}},"11":{"start":{"line":26,"column":4},"end":{"line":31,"column":15}},"12":{"start":{"line":33,"column":4},"end":{"line":33,"column":34}},"13":{"start":{"line":35,"column":4},"end":{"line":35,"column":51}},"14":{"start":{"line":39,"column":19},"end":{"line":50,"column":1}},"15":{"start":{"line":40,"column":2},"end":{"line":49,"column":3}},"16":{"start":{"line":41,"column":20},"end":{"line":43,"column":6}},"17":{"start":{"line":44,"column":4},"end":{"line":44,"column":84}},"18":{"start":{"line":44,"column":19},"end":{"line":44,"column":83}},"19":{"start":{"line":45,"column":4},"end":{"line":45,"column":35}},"20":{"start":{"line":46,"column":4},"end":{"line":46,"column":22}},"21":{"start":{"line":48,"column":4},"end":{"line":48,"column":51}},"22":{"start":{"line":52,"column":17},"end":{"line":63,"column":1}},"23":{"start":{"line":53,"column":2},"end":{"line":62,"column":3}},"24":{"start":{"line":54,"column":20},"end":{"line":56,"column":6}},"25":{"start":{"line":57,"column":4},"end":{"line":57,"column":84}},"26":{"start":{"line":57,"column":19},"end":{"line":57,"column":83}},"27":{"start":{"line":58,"column":4},"end":{"line":58,"column":28}},"28":{"start":{"line":59,"column":4},"end":{"line":59,"column":47}},"29":{"start":{"line":61,"column":4},"end":{"line":61,"column":51}},"30":{"start":{"line":65,"column":0},"end":{"line":65,"column":57}}},"fnMap":{"0":{"name":"(anonymous_0)","decl":{"start":{"line":6,"column":15},"end":{"line":6,"column":16}},"loc":{"start":{"line":6,"column":35},"end":{"line":16,"column":1}},"line":6},"1":{"name":"(anonymous_1)","decl":{"start":{"line":18,"column":14},"end":{"line":18,"column":15}},"loc":{"start":{"line":18,"column":34},"end":{"line":37,"column":1}},"line":18},"2":{"name":"(anonymous_2)","decl":{"start":{"line":39,"column":19},"end":{"line":39,"column":20}},"loc":{"start":{"line":39,"column":39},"end":{"line":50,"column":1}},"line":39},"3":{"name":"(anonymous_3)","decl":{"start":{"line":52,"column":17},"end":{"line":52,"column":18}},"loc":{"start":{"line":52,"column":37},"end":{"line":63,"column":1}},"line":52}},"branchMap":{"0":{"loc":{"start":{"line":44,"column":4},"end":{"line":44,"column":84}},"type":"if","locations":[{"start":{"line":44,"column":4},"end":{"line":44,"column":84}},{"start":{},"end":{}}],"line":44},"1":{"loc":{"start":{"line":57,"column":4},"end":{"line":57,"column":84}},"type":"if","locations":[{"start":{"line":57,"column":4},"end":{"line":57,"column":84}},{"start":{},"end":{}}],"line":57}},"s":{"0":0,"1":0,"2":0,"3":0,"4":0,"5":0,"6":0,"7":0,"8":0,"9":0,"10":0,"11":0,"12":0,"13":0,"14":0,"15":0,"16":0,"17":0,"18":0,"19":0,"20":0,"21":0,"22":0,"23":0,"24":0,"25":0,"26":0,"27":0,"28":0,"29":0,"30":0},"f":{"0":0,"1":0,"2":0,"3":0},"b":{"0":[0,0],"1":[0,0]}}
,"/workspace/backend/src/controllers/dashboardController.js": {"path":"/workspace/backend/src/controllers/dashboardController.js","statementMap":{"0":{"start":{"line":1,"column":19},"end":{"line":1,"column":52}},"1":{"start":{"line":3,"column":60},"end":{"line":3,"column":70}},"2":{"start":{"line":4,"column":15},"end":{"line":4,"column":35}},"3":{"start":{"line":6,"column":16},"end":{"line":59,"column":1}},"4":{"start":{"line":7,"column":21},"end":{"line":7,"column":43}},"5":{"start":{"line":8,"column":16},"end":{"line":8,"column":26}},"6":{"start":{"line":9,"column":20},"end":{"line":9,"column":70}},"7":{"start":{"line":10,"column":28},"end":{"line":10,"column":82}},"8":{"start":{"line":11,"column":25},"end":{"line":11,"column":75}},"9":{"start":{"line":13,"column":2},"end":{"line":58,"column":3}},"10":{"start":{"line":15,"column":22},"end":{"line":17,"column":11}},"11":{"start":{"line":20,"column":30},"end":{"line":22,"column":11}},"12":{"start":{"line":25,"column":22},"end":{"line":27,"column":11}},"13":{"start":{"line":30,"column":27},"end":{"line":32,"column":6}},"14":{"start":{"line":35,"column":22},"end":{"line":41,"column":6}},"15":{"start":{"line":44,"column":24},"end":{"line":46,"column":9}},"16":{"start":{"line":48,"column":4},"end":{"line":55,"column":7}},"17":{"start":{"line":57,"column":4},"end":{"line":57,"column":51}},"18":{"start":{"line":61,"column":24},"end":{"line":81,"column":1}},"19":{"start":{"line":62,"column":21},"end":{"line":62,"column":43}},"20":{"start":{"line":63,"column":2},"end":{"line":80,"column":3}},"21":{"start":{"line":64,"column":18},"end":{"line":76,"column":6}},"22":{"start":{"line":77,"column":4},"end":{"line":77,"column":20}},"23":{"start":{"line":79,"column":4},"end":{"line":79,"column":51}},"24":{"start":{"line":83,"column":24},"end":{"line":102,"column":1}},"25":{"start":{"line":84,"column":21},"end":{"line":84,"column":43}},"26":{"start":{"line":85,"column":2},"end":{"line":101,"column":3}},"27":{"start":{"line":86,"column":18},"end":{"line":97,"column":6}},"28":{"start":{"line":98,"column":4},"end":{"line":98,"column":20}},"29":{"start":{"line":100,"column":4},"end":{"line":100,"column":51}},"30":{"start":{"line":104,"column":21},"end":{"line":126,"column":1}},"31":{"start":{"line":105,"column":21},"end":{"line":105,"column":43}},"32":{"start":{"line":106,"column":2},"end":{"line":125,"column":3}},"33":{"start":{"line":107,"column":18},"end":{"line":121,"column":6}},"34":{"start":{"line":122,"column":4},"end":{"line":122,"column":20}},"35":{"start":{"line":124,"column":4},"end":{"line":124,"column":51}},"36":{"start":{"line":128,"column":0},"end":{"line":128,"column":77}}},"fnMap":{"0":{"name":"(anonymous_0)","decl":{"start":{"line":6,"column":16},"end":{"line":6,"column":17}},"loc":{"start":{"line":6,"column":36},"end":{"line":59,"column":1}},"line":6},"1":{"name":"(anonymous_1)","decl":{"start":{"line":61,"column":24},"end":{"line":61,"column":25}},"loc":{"start":{"line":61,"column":44},"end":{"line":81,"column":1}},"line":61},"2":{"name":"(anonymous_2)","decl":{"start":{"line":83,"column":24},"end":{"line":83,"column":25}},"loc":{"start":{"line":83,"column":44},"end":{"line":102,"column":1}},"line":83},"3":{"name":"(anonymous_3)","decl":{"start":{"line":104,"column":21},"end":{"line":104,"column":22}},"loc":{"start":{"line":104,"column":41},"end":{"line":126,"column":1}},"line":104}},"branchMap":{"0":{"loc":{"start":{"line":15,"column":22},"end":{"line":17,"column":11}},"type":"binary-expr","locations":[{"start":{"line":15,"column":22},"end":{"line":17,"column":6}},{"start":{"line":17,"column":10},"end":{"line":17,"column":11}}],"line":15},"1":{"loc":{"start":{"line":20,"column":30},"end":{"line":22,"column":11}},"type":"binary-expr","locations":[{"start":{"line":20,"column":30},"end":{"line":22,"column":6}},{"start":{"line":22,"column":10},"end":{"line":22,"column":11}}],"line":20},"2":{"loc":{"start":{"line":25,"column":22},"end":{"line":27,"column":11}},"type":"binary-expr","locations":[{"start":{"line":25,"column":22},"end":{"line":27,"column":6}},{"start":{"line":27,"column":10},"end":{"line":27,"column":11}}],"line":25},"3":{"loc":{"start":{"line":44,"column":24},"end":{"line":46,"column":9}},"type":"cond-expr","locations":[{"start":{"line":45,"column":8},"end":{"line":45,"column":80}},{"start":{"line":46,"column":8},"end":{"line":46,"column":9}}],"line":44}},"s":{"0":0,"1":0,"2":0,"3":0,"4":0,"5":0,"6":0,"7":0,"8":0,"9":0,"10":0,"11":0,"12":0,"13":0,"14":0,"15":0,"16":0,"17":0,"18":0,"19":0,"20":0,"21":0,"22":0,"23":0,"24":0,"25":0,"26":0,"27":0,"28":0,"29":0,"30":0,"31":0,"32":0,"33":0,"34":0,"35":0,"36":0},"f":{"0":0,"1":0,"2":0,"3":0},"b":{"0":[0,0],"1":[0,0],"2":[0,0],"3":[0,0]}}
,"/workspace/backend/src/controllers/gastoController.js": {"path":"/workspace/backend/src/controllers/gastoController.js","statementMap":{"0":{"start":{"line":1,"column":19},"end":{"line":1,"column":52}},"1":{"start":{"line":2,"column":17},"end":{"line":2,"column":47}},"2":{"start":{"line":4,"column":18},"end":{"line":4,"column":28}},"3":{"start":{"line":6,"column":15},"end":{"line":16,"column":1}},"4":{"start":{"line":7,"column":2},"end":{"line":15,"column":3}},"5":{"start":{"line":8,"column":19},"end":{"line":11,"column":6}},"6":{"start":{"line":12,"column":4},"end":{"line":12,"column":21}},"7":{"start":{"line":14,"column":4},"end":{"line":14,"column":51}},"8":{"start":{"line":18,"column":14},"end":{"line":39,"column":1}},"9":{"start":{"line":19,"column":2},"end":{"line":38,"column":3}},"10":{"start":{"line":20,"column":18},"end":{"line":24,"column":6}},"11":{"start":{"line":27,"column":4},"end":{"line":33,"column":15}},"12":{"start":{"line":35,"column":4},"end":{"line":35,"column":32}},"13":{"start":{"line":37,"column":4},"end":{"line":37,"column":51}},"14":{"start":{"line":41,"column":0},"end":{"line":41,"column":35}}},"fnMap":{"0":{"name":"(anonymous_0)","decl":{"start":{"line":6,"column":15},"end":{"line":6,"column":16}},"loc":{"start":{"line":6,"column":35},"end":{"line":16,"column":1}},"line":6},"1":{"name":"(anonymous_1)","decl":{"start":{"line":18,"column":14},"end":{"line":18,"column":15}},"loc":{"start":{"line":18,"column":34},"end":{"line":39,"column":1}},"line":18}},"branchMap":{},"s":{"0":0,"1":0,"2":0,"3":0,"4":0,"5":0,"6":0,"7":0,"8":0,"9":0,"10":0,"11":0,"12":0,"13":0,"14":0},"f":{"0":0,"1":0},"b":{}}
,"/workspace/backend/src/controllers/inventarioController.js": {"path":"/workspace/backend/src/controllers/inventarioController.js","statementMap":{"0":{"start":{"line":1,"column":19},"end":{"line":1,"column":52}},"1":{"start":{"line":2,"column":21},"end":{"line":2,"column":51}},"2":{"start":{"line":4,"column":54},"end":{"line":4,"column":64}},"3":{"start":{"line":5,"column":15},"end":{"line":5,"column":35}},"4":{"start":{"line":7,"column":15},"end":{"line":17,"column":1}},"5":{"start":{"line":8,"column":2},"end":{"line":16,"column":3}},"6":{"start":{"line":9,"column":22},"end":{"line":12,"column":6}},"7":{"start":{"line":13,"column":4},"end":{"line":13,"column":24}},"8":{"start":{"line":15,"column":4},"end":{"line":15,"column":51}},"9":{"start":{"line":19,"column":28},"end":{"line":81,"column":1}},"10":{"start":{"line":20,"column":12},"end":{"line":20,"column":41}},"11":{"start":{"line":21,"column":2},"end":{"line":80,"column":3}},"12":{"start":{"line":22,"column":52},"end":{"line":22,"column":60}},"13":{"start":{"line":24,"column":21},"end":{"line":27,"column":6}},"14":{"start":{"line":28,"column":4},"end":{"line":28,"column":86}},"15":{"start":{"line":28,"column":20},"end":{"line":28,"column":85}},"16":{"start":{"line":31,"column":4},"end":{"line":34,"column":5}},"17":{"start":{"line":32,"column":6},"end":{"line":32,"column":25}},"18":{"start":{"line":33,"column":6},"end":{"line":33,"column":67}},"19":{"start":{"line":37,"column":23},"end":{"line":39,"column":43}},"20":{"start":{"line":41,"column":4},"end":{"line":41,"column":69}},"21":{"start":{"line":44,"column":23},"end":{"line":51,"column":26}},"22":{"start":{"line":53,"column":4},"end":{"line":53,"column":21}},"23":{"start":{"line":56,"column":4},"end":{"line":64,"column":15}},"24":{"start":{"line":67,"column":4},"end":{"line":74,"column":5}},"25":{"start":{"line":68,"column":6},"end":{"line":73,"column":17}},"26":{"start":{"line":76,"column":4},"end":{"line":76,"column":67}},"27":{"start":{"line":78,"column":4},"end":{"line":78,"column":23}},"28":{"start":{"line":79,"column":4},"end":{"line":79,"column":51}},"29":{"start":{"line":83,"column":18},"end":{"line":95,"column":1}},"30":{"start":{"line":84,"column":2},"end":{"line":94,"column":3}},"31":{"start":{"line":85,"column":24},"end":{"line":90,"column":6}},"32":{"start":{"line":91,"column":4},"end":{"line":91,"column":26}},"33":{"start":{"line":93,"colum
[...]
,"/workspace/backend/src/workers/eventProcessor.js": {"path":"/workspace/backend/src/workers/eventProcessor.js","statementMap":{"0":{"start":{"line":17,"column":17},"end":{"line":17,"column":47}},"1":{"start":{"line":18,"column":22},"end":{"line":18,"column":58}},"2":{"start":{"line":21,"column":28},"end":{"line":21,"column":83}},"3":{"start":{"line":22,"column":28},"end":{"line":22,"column":86}},"4":{"start":{"line":23,"column":25},"end":{"line":23,"column":70}},"5":{"start":{"line":24,"column":28},"end":{"line":24,"column":75}},"6":{"start":{"line":26,"column":16},"end":{"line":26,"column":21}},"7":{"start":{"line":27,"column":22},"end":{"line":27,"column":26}},"8":{"start":{"line":28,"column":22},"end":{"line":28,"column":26}},"9":{"start":{"line":34,"column":2},"end":{"line":37,"column":3}},"10":{"start":{"line":35,"column":4},"end":{"line":35,"column":78}},"11":{"start":{"line":36,"column":4},"end":{"line":36,"column":11}},"12":{"start":{"line":39,"column":2},"end":{"line":39,"column":19}},"13":{"start":{"line":41,"column":2},"end":{"line":51,"column":3}},"14":{"start":{"line":42,"column":19},"end":{"line":42,"column":72}},"15":{"start":{"line":44,"column":4},"end":{"line":46,"column":5}},"16":{"start":{"line":45,"column":6},"end":{"line":45,"column":132}},"17":{"start":{"line":48,"column":4},"end":{"line":48,"column":74}},"18":{"start":{"line":50,"column":4},"end":{"line":50,"column":22}},"19":{"start":{"line":58,"column":2},"end":{"line":62,"column":3}},"20":{"start":{"line":59,"column":4},"end":{"line":59,"column":57}},"21":{"start":{"line":61,"column":4},"end":{"line":61,"column":75}},"22":{"start":{"line":69,"column":2},"end":{"line":69,"column":79}},"23":{"start":{"line":70,"column":2},"end":{"line":70,"column":46}},"24":{"start":{"line":71,"column":2},"end":{"line":71,"column":68}},"25":{"start":{"line":72,"column":2},"end":{"line":72,"column":69}},"26":{"start":{"line":73,"column":2},"end":{"line":73,"column":60}},"27":{"start":{"line":74,"column":2},"end":{"line":74,"column":61}},"28":{"start":{"line":77,"column":2},"end":{"line":83,"column":3}},"29":{"start":{"line":78,"column":4},"end":{"line":78,"column":35}},"30":{"start":{"line":79,"column":4},"end":{"line":79,"column":58}},"31":{"start":{"line":81,"column":4},"end":{"line":81,"column":83}},"32":{"start":{"line":82,"column":4},"end":{"line":82,"column":20}},"33":{"start":{"line":86,"column":2},"end":{"line":86,"column":75}},"34":{"start":{"line":87,"column":2},"end":{"line":87,"column":23}},"35":{"start":{"line":90,"column":2},"end":{"line":90,"column":67}},"36":{"start":{"line":91,"column":2},"end":{"line":91,"column":65}},"37":{"start":{"line":93,"column":2},"end":{"line":93,"column":60}},"38":{"start":{"line":100,"column":2},"end":{"line":100,"column":52}},"39":{"start":{"line":102,"column":2},"end":{"line":105,"column":3}},"40":{"start":{"line":103,"column":4},"end":{"line":103,"column":35}},"41":{"start":{"line":104,"column":4},"end":{"line":104,"column":27}},"42":{"start":{"line":107,"column":2},"end":{"line":110,"column":3}},"43":{"start":{"line":108,"column":4},"end":{"line":108,"column":35}},"44":{"start":{"line":109,"column":4},"end":{"line":109,"column":27}},"45":{"start":{"line":112,"column":2},"end":{"line":112,"column":47}},"46":{"start":{"line":116,"column":0},"end":{"line":120,"column":3}},"47":{"start":{"line":117,"column":2},"end":{"line":117,"column":54}},"48":{"start":{"line":118,"column":2},"end":{"line":118,"column":9}},"49":{"start":{"line":119,"column":2},"end":{"line":119,"column":18}},"50":{"start":{"line":122,"column":0},"end":{"line":126,"column":3}},"51":{"start":{"line":123,"column":2},"end":{"line":123,"column":53}},"52":{"start":{"line":124,"column":2},"end":{"line":124,"column":9}},"53":{"start":{"line":125,"column":2},"end":{"line":125,"column":18}},"54":{"start":{"line":128,"column":0},"end":{"line":131,"column":3}},"55":{"start":{"line":129,"column":2},"end":{"line":129,"column":64}},"56":{"start":{"line":133,"column":0},"end":{"line":136,"column":3}},"57":{"start":{"line":134,"column":2},"end":{"line":134,"column":72}},"58":{"start":{"line":139,"column":0},"end":{"line":144,"column":1}},"59":{"start":{"line":140,"column":2},"end":{"line":143,"column":5}},"60":{"start":{"line":141,"column":4},"end":{"line":141,"column":66}},"61":{"start":{"line":142,"column":4},"end":{"line":142,"column":20}},"62":{"start":{"line":146,"column":0},"end":{"line":146,"column":59}}},"fnMap":{"0":{"name":"processBatch","decl":{"start":{"line":33,"column":15},"end":{"line":33,"column":27}},"loc":{"start":{"line":33,"column":30},"end":{"line":52,"column":1}},"line":33},"1":{"name":"runCleanup","decl":{"start":{"line":57,"column":15},"end":{"line":57,"column":25}},"loc":{"start":{"line":57,"column":28},"end":{"line":63,"column":1}},"line":57},"2":{"name":"start","decl":{"start":{"line":68,"column":15},"end":{"line":68,"column":20}},"loc":{"start":{"line":68,"column":23},"end":{"line":94,"column":1}},"line":68},"3":{"name":"stop","decl":{"start":{"line":99,"column":9},"end":{"line":99,"column":13}},"loc":{"start":{"line":99,"column":16},"end":{"line":113,"column":1}},"line":99},"4":{"name":"(anonymous_4)","decl":{"start":{"line":116,"column":22},"end":{"line":116,"column":23}},"loc":{"start":{"line":116,"column":28},"end":{"line":120,"column":1}},"line":116},"5":{"name":"(anonymous_5)","decl":{"start":{"line":122,"column":21},"end":{"line":122,"column":22}},"loc":{"start":{"line":122,"column":27},"end":{"line":126,"column":1}},"line":122},"6":{"name":"(anonymous_6)","decl":{"start":{"line":128,"column":32},"end":{"line":128,"column":33}},"loc":{"start":{"line":128,"column":43},"end":{"line":131,"column":1}},"line":128},"7":{"name":"(anonymous_7)","decl":{"start":{"line":133,"column":33},"end":{"line":133,"column":34}},"loc":{"start":{"line":133,"column":54},"end":{"line":136,"column":1}},"line":133},"8":{"name":"(anonymous_8)","decl":{"start":{"line":140,"column":16},"end":{"line":140,"column":17}},"loc":{"start":{"line":140,"column":27},"end":{"line":143,"column":3}},"line":140}},"branchMap":{"0":{"loc":{"start":{"line":21,"column":28},"end":{"line":21,"column":83}},"type":"binary-expr","locations":[{"start":{"line":21,"column":28},"end":{"line":21,"column":75}},{"start":{"line":21,"column":79},"end":{"line":21,"column":83}}],"line":21},"1":{"loc":{"start":{"line":22,"column":28},"end":{"line":22,"column":86}},"type":"binary-expr","locations":[{"start":{"line":22,"column":28},"end":{"line":22,"column":75}},{"start":{"line":22,"column":79},"end":{"line":22,"column":86}}],"line":22},"2":{"loc":{"start":{"line":23,"column":25},"end":{"line":23,"column":70}},"type":"binary-expr","locations":[{"start":{"line":23,"column":25},"end":{"line":23,"column":63}},{"start":{"line":23,"column":67},"end":{"line":23,"column":70}}],"line":23},"3":{"loc":{"start":{"line":24,"column":28},"end":{"line":24,"column":75}},"type":"binary-expr","locations":[{"start":{"line":24,"column":28},"end":{"line":24,"column":69}},{"start":{"line":24,"column":73},"end":{"line":24,"column":75}}],"line":24},"4":{"loc":{"start":{"line":34,"column":2},"end":{"line":37,"column":3}},"type":"if","locations":[{"start":{"line":34,"column":2},"end":{"line":37,"column":3}},{"start":{},"end":{}}],"line":34},"5":{"loc":{"start":{"line":44,"column":4},"end":{"line":46,"column":5}},"type":"if","locations":[{"start":{"line":44,"column":4},"end":{"line":46,"column":5}},{"start":{},"end":{}}],"line":44},"6":{"loc":{"start":{"line":102,"column":2},"end":{"line":105,"column":3}},"type":"if","locations":[{"start":{"line":102,"column":2},"end":{"line":105,"column":3}},{"start":{},"end":{}}],"line":102},"7":{"loc":{"start":{"line":107,"column":2},"end":{"line":110,"column":3}},"type":"if","locations":[{"start":{"line":107,"column":2},"end":{"line":110,"column":3}},{"start":{},"end":{}}],"line":107},"8":{"loc":{"start":{"line":139,"column":0},"end":{"line":144,"column":1}},"type":"if","locations":[{"start":{"line":139,"column":0},"end":{"line":144,"column":1}},{"start":{},"end":{}}],"line":139}},"s":{"0":0,"1":0,"2":0,"3":0,"4":0,"5":0,"6":0,"7":0,"8":0,"9":0,"10":0,"11":0,"12":0,"13":0,"14":0,"15":0,"16":0,"17":0,"18":0,"19":0,"20":0,"21":0,"22":0,"23":0,"24":0,"25":0,"26":0,"27":0,"28":0,"29":0,"30":0,"31":0,"32":0,"33":0,"34":0,"35":0,"36":0,"37":0,"38":0,"39":0,"40":0,"41":0,"42":0,"43":0,"44":0,"45":0,"46":0,"47":0,"48":0,"49":0,"50":0,"51":0,"52":0,"53":0,"54":0,"55":0,"56":0,"57":0,"58":0,"59":0,"60":0,"61":0,"62":0},"f":{"0":0,"1":0,"2":0,"3":0,"4":0,"5":0,"6":0,"7":0,"8":0},"b":{"0":[0,0],"1":[0,0],"2":[0,0],"3":[0,0],"4":[0,0],"5":[0,0],"6":[0,0],"7":[0,0],"8":[0,0]}}
,"/workspace/backend/src/workers/paymentEventProcessor.js": {"path":"/workspace/backend/src/workers/paymentEventProcessor.js","statementMap":{"0":{"start":{"line":17,"column":17},"end":{"line":17,"column":47}},"1":{"start":{"line":18,"column":22},"end":{"line":18,"column":58}},"2":{"start":{"line":19,"column":38},"end":{"line":19,"column":75}},"3":{"start":{"line":20,"column":15},"end":{"line":20,"column":41}},"4":{"start":{"line":22,"column":30},"end":{"line":22,"column":43}},"5":{"start":{"line":23,"column":22},"end":{"line":23,"column":35}},"6":{"start":{"line":25,"column":16},"end":{"line":25,"column":21}},"7":{"start":{"line":32,"column":63},"end":{"line":32,"column":76}},"8":{"start":{"line":34,"column":2},"end":{"line":37,"column":3}},"9":{"start":{"line":35,"column":4},"end":{"line":35,"column":82}},"10":{"start":{"line":36,"column":4},"end":{"line":36,"column":11}},"11":{"start":{"line":39,"column":2},"end":{"line":68,"column":3}},"12":{"start":{"line":40,"column":4},"end":{"line":40,"column":94}},"13":{"start":{"line":43,"column":4},"end":{"line":43,"column":64}},"14":{"start":{"line":45,"column":4},"end":{"line":45,"column":79}},"15":{"start":{"line":48,"column":4},"end":{"line":53,"column":19}},"16":{"start":{"line":56,"column":4},"end":{"line":59,"column":7}},"17":{"start":{"line":62,"column":4},"end":{"line":67,"column":19}},"18":{"start":{"line":76,"column":66},"end":{"line":76,"column":79}},"19":{"start":{"line":78,"column":2},"end":{"line":82,"column":5}},"20":{"start":{"line":93,"column":64},"end":{"line":93,"column":77}},"21":{"start":{"line":95,"column":2},"end":{"line":98,"column":5}},"22":{"start":{"line":100,"column":2},"end":{"line":127,"column":3}},"23":{"start":{"line":101,"column":4},"end":{"line":126,"column":5}},"24":{"start":{"line":103,"column":17},"end":{"line":103,"column":46}},"25":{"start":{"line":105,"column":6},"end":{"line":123,"column":7}},"26":{"start":{"line":106,"column":8},"end":{"line":115,"column":10}},"27":{"start":{"line":117,"column":8},"end":{"line":117,"column":26}},"28":{"start":{"line":119,"column":8},"end":{"line":119,"column":81}},"29":{"start":{"line":121,"column":8},"end":{"line":121,"column":28}},"30":{"start":{"line":122,"column":8},"end":{"line":122,"column":20}},"31":{"start":{"line":125,"column":6},"end":{"line":125,"column":102}},"32":{"start":{"line":134,"column":45},"end":{"line":134,"column":58}},"33":{"start":{"line":136,"column":2},"end":{"line":136,"column":99}},"34":{"start":{"line":146,"column":37},"end":{"line":146,"column":50}},"35":{"start":{"line":148,"column":2},"end":{"line":148,"column":86}},"36":{"start":{"line":158,"column":2},"end":{"line":158,"column":85}},"37":{"start":{"line":161,"column":2},"end":{"line":167,"column":5}},"38":{"start":{"line":162,"column":4},"end":{"line":165,"column":5}},"39":{"start":{"line":163,"column":6},"end":{"line":163,"column":88}},"40":{"start":{"line":164,"column":6},"end":{"line":164,"column":62}},"41":{"start":{"line":164,"column":35},"end":{"line":164,"column":60}},"42":{"start":{"line":166,"column":4},"end":{"line":166,"column":41}},"43":{"start":{"line":170,"column":2},"end":{"line":170,"column":72}},"44":{"start":{"line":173,"column":2},"end":{"line":173,"column":66}},"45":{"start":{"line":176,"column":2},"end":{"line":176,"column":65}},"46":{"start":{"line":179,"column":2},"end":{"line":179,"column":65}},"47":{"start":{"line":181,"column":2},"end":{"line":181,"column":75}},"48":{"start":{"line":188,"column":2},"end":{"line":188,"column":95}},"49":{"start":{"line":191,"column":2},"end":{"line":197,"column":3}},"50":{"start":{"line":192,"column":4},"end":{"line":192,"column":35}},"51":{"start":{"line":193,"column":4},"end":{"line":193,"column":65}},"52":{"start":{"line":195,"column":4},"end":{"line":195,"column":89}},"53":{"start":{"line":196,"column":4},"end":{"line":196,"column":20}},"54":{"start":{"line":200,"column":2},"end":{"line":200,"column":22}},"55":{"start":{"line":202,"column":2},"end":{"line":202,"column":67}},"56":{"start":{"line":203,"column":2},"end":{"line":203,"column":170}},"57":{"start":{"line":210,"column":2},"end":{"line":210,"column":59}},"58":{"start":{"line":211,"column":2},"end":{"line":211,"column":20}},"59":{"start":{"line":214,"column":2},"end":{"line":214,"column":52}},"60":{"start":{"line":215,"column":2},"end":{"line":215,"column":58}},"61":{"start":{"line":216,"column":2},"end":{"line":216,"column":55}},"62":{"start":{"line":217,"column":2},"end":{"line":217,"column":54}},"63":{"start":{"line":218,"column":2},"end":{"line":218,"column":54}},"64":{"start":{"line":220,"column":2},"end":{"line":220,"column":54}},"65":{"start":{"line":224,"column":0},"end":{"line":228,"column":3}},"66":{"start":{"line":225,"column":2},"end":{"line":225,"column":61}},"67":{"start":{"line":226,"column":2},"end":{"line":226,"column":9}},"68":{"start":{"line":227,"column":2},"end":{"line":227,"column":18}},"69":{"start":{"line":230,"column":0},"end":{"line":234,"column":3}},"70":{"start":{"line":231,"column":2},"end":{"line":231,"column":60}},"71":{"start":{"line":232,"column":2},"end":{"line":232,"column":9}},"72":{"start":{"line":233,"column":2},"end":{"line":233,"column":18}},"73":{"start":{"line":236,"column":0},"end":{"line":239,"column":3}},"74":{"start":{"line":237,"column":2},"end":{"line":237,"column":70}},"75":{"start":{"line":241,"column":0},"end":{"line":244,"column":3}},"76":{"start":{"line":242,"column":2},"end":{"line":242,"column":78}},"77":{"start":{"line":247,"column":0},"end":{"line":252,"column":1}},"78":{"start":{"line":248,"column":2},"end":{"line":251,"column":5}},"79":{"start":{"line":249,"column":4},"end":{"line":249,"column":72}},"80":{"start":{"line":250,"column":4},"end":{"line":250,"column":20}},"81":{"start":{"line":254,"column":0},"end":{"line":254,"column":85}}},"fnMap":{"0":{"name":"handleCheckoutCompleted","decl":{"start":{"line":31,"column":15},"end":{"line":31,"column":38}},"loc":{"start":{"line":31,"column":46},"end":{"line":69,"column":1}},"line":31},"1":{"name":"handlePaymentIntentSucceeded","decl":{"start":{"line":75,"column":15},"end":{"line":75,"column":43}},"loc":{"start":{"line":75,"column":51},"end":{"line":86,"column":1}},"line":75},"2":{"name":"handlePaymentIntentFailed","decl":{"start":{"line":92,"column":15},"end":{"line":92,"column":40}},"loc":{"start":{"line":92,"column":48},"end":{"line":128,"column":1}},"line":92},"3":{"name":"handleSubscriptionUpdated","decl":{"start":{"line":133,"column":15},"end":{"line":133,"column":40}},"loc":{"start":{"line":133,"column":48},"end":{"line":140,"column":1}},"line":133},"4":{"name":"handleSubscriptionDeleted","decl":{"start":{"line":145,"column":15},"end":{"line":145,"column":40}},"loc":{"start":{"line":145,"column":48},"end":{"line":152,"column":1}},"line":145},"5":{"name":"registerListeners","decl":{"start":{"line":157,"column":9},"end":{"line":157,"column":26}},"loc":{"start":{"line":157,"column":29},"end":{"line":182,"column":1}},"line":157},"6":{"name":"(anonymous_6)","decl":{"start":{"line":161,"column":36},"end":{"line":161,"column":37}},"loc":{"start":{"line":161,"column":53},"end":{"line":167,"column":3}},"line":161},"7":{"name":"(anonymous_7)","decl":{"start":{"line":164,"column":24},"end":{"line":164,"column":25}},"loc":{"start":{"line":164,"column":35},"end":{"line":164,"column":60}},"line":164},"8":{"name":"start","decl":{"start":{"line":187,"column":15},"end":{"line":187,"column":20}},"loc":{"start":{"line":187,"column":23},"end":{"line":204,"column":1}},"line":187},"9":{"name":"stop","decl":{"start":{"line":209,"column":9},"end":{"line":209,"column":13}},"loc":{"start":{"line":209,"column":16},"end":{"line":221,"column":1}},"line":209},"10":{"name":"(anonymous_10)","decl":{"start":{"line":224,"column":22},"end":{"line":224,"column":23}},"loc":{"start":{"line":224,"column":28},"end":{"line":228,"column":1}},"line":224},"11":{"name":"(anonymous_11)","decl":{"start":{"line":230,"column":21},"end":{"line":230,"column":22}},"loc":{"start":{"line":230,"column":27},"end":{"line":234,"column":1}},"line":230},"12":{"name":"(anonymous_12)","decl":{"start":{"line":236,"column":32},"end":{"line":236,"column":33}},"loc":{"start":{"line":236,"column":43},"end":{"line":239,"column":1}},"line":236},"13":{"name":"(anonymous_13)","decl":{"start":{"line":241,"column":33},"end":{"line":241,"column":34}},"loc":{"start":{"line":241,"column":54},"end":{"line":244,"column":1}},"line":241},"14":{"name":"(anonymous_14)","decl":{"start":{"line":248,"column":16},"end":{"line":248,"column":17}},"loc":{"start":{"line":248,"column":27},"end":{"line":251,"column":3}},"line":248}},"branchMap":{"0":{"loc":{"start":{"line":34,"column":2},"end":{"line":37,"column":3}},"type":"if","locations":[{"start":{"line":34,"column":2},"end":{"line":37,"column":3}},{"start":{},"end":{}}],"line":34},"1":{"loc":{"start":{"line":78,"column":76},"end":{"line":78,"column":92}},"type":"binary-expr","locations":[{"start":{"line":78,"column":76},"end":{"line":78,"column":83}},{"start":{"line":78,"column":87},"end":{"line":78,"column":92}}],"line":78},"2":{"loc":{"start":{"line":95,"column":73},"end":{"line":95,"column":89}},"type":"binary-expr","locations":[{"start":{"line":95,"column":73},"end":{"line":95,"column":80}},{"start":{"line":95,"column":84},"end":{"line":95,"column":89}}],"line":95},"3":{"loc":{"start":{"line":100,"column":2},"end":{"line":127,"column":3}},"type":"if","locations":[{"start":{"line":100,"column":2},"end":{"line":127,"column":3}},{"start":{},"end":{}}],"line":100},"4":{"loc":{"start":{"line":162,"column":4},"end":{"line":165,"column":5}},"type":"if","locations":[{"start":{"line":162,"column":4},"end":{"line":165,"column":5}},{"start":{},"end":{}}],"line":162},"5":{"loc":{"start":{"line":247,"column":0},"end":{"line":252,"column":1}},"type":"if","locations":[{"start":{"line":247,"column":0},"end":{"line":252,"column":1}},{"start":{},"end":{}}],"line":247}},"s":{"0":0,"1":0,"2":0,"3":0,"4":0,"5":0,"6":0,"7":0,"8":0,"9":0,"10":0,"11":0,"12":0,"13":0,"14":0,"15":0,"16":0,"17":0,"18":0,"19":0,"20":0,"21":0,"22":0,"23":0,"24":0,"25":0,"26":0,"27":0,"28":0,"29":0,"30":0,"31":0,"32":0,"33":0,"34":0,"35":0,"36":0,"37":0,"38":0,"39":0,"40":0,"41":0,"42":0,"43":0,"44":0,"45":0,"46":0,"47":0,"48":0,"49":0,"50":0,"51":0,"52":0,"53":0,"54":0,"55":0,"56":0,"57":0,"58":0,"59":0,"60":0,"61":0,"62":0,"63":0,"64":0,"65":0,"66":0,"67":0,"68":0,"69":0,"70":0,"71":0,"72":0,"73":0,"74":0,"75":0,"76":0,"77":0,"78":0,"79":0,"80":0,"81":0},"f":{"0":0,"1":0,"2":0,"3":0,"4":0,"5":0,"6":0,"7":0,"8":0,"9":0,"10":0,"11":0,"12":0,"13":0,"14":0},"b":{"0":[0,0],"1":[0,0],"2":[0,0],"3":[0,0],"4":[0,0],"5":[0,0]}}
}
