{"/workspace/backend/src/app.js": {"path":"/workspace/backend/src/app.js","statementMap":{"0":{"start":{"line":2,"column":21},"end":{"line":2,"column":39}},"1":{"start":{"line":3,"column":21},"end":{"line":3,"column":36}},"2":{"start":{"line":4,"column":21},"end":{"line":4,"column":38}},"3":{"start":{"line":5,"column":21},"end":{"line":5,"column":50}},"4":{"start":{"line":6,"column":21},"end":{"line":6,"column":45}},"5":{"start":{"line":7,"column":21},"end":{"line":7,"column":38}},"6":{"start":{"line":8,"column":21},"end":{"line":8,"column":50}},"7":{"start":{"line":9,"column":0},"end":{"line":9,"column":27}},"8":{"start":{"line":12,"column":0},"end":{"line":12,"column":33}},"9":{"start":{"line":15,"column":15},"end":{"line":15,"column":40}},"10":{"start":{"line":18,"column":20},"end":{"line":18,"column":47}},"11":{"start":{"line":20,"column":28},"end":{"line":20,"column":57}},"12":{"start":{"line":21,"column":52},"end":{"line":21,"column":88}},"13":{"start":{"line":24,"column":0},"end":{"line":24,"column":28}},"14":{"start":{"line":26,"column":12},"end":{"line":26,"column":21}},"15":{"start":{"line":29,"column":0},"end":{"line":29,"column":26}},"16":{"start":{"line":32,"column":0},"end":{"line":40,"column":3}},"17":{"start":{"line":33,"column":2},"end":{"line":38,"column":3}},"18":{"start":{"line":37,"column":4},"end":{"line":37,"column":62}},"19":{"start":{"line":39,"column":2},"end":{"line":39,"column":16}},"20":{"start":{"line":43,"column":0},"end":{"line":43,"column":84}},"21":{"start":{"line":46,"column":24},"end":{"line":47,"column":48}},"22":{"start":{"line":47,"column":23},"end":{"line":47,"column":31}},"23":{"start":{"line":49,"column":0},"end":{"line":57,"column":4}},"24":{"start":{"line":51,"column":4},"end":{"line":51,"column":75}},"25":{"start":{"line":51,"column":53},"end":{"line":51,"column":75}},"26":{"start":{"line":52,"column":4},"end":{"line":52,"column":59}},"27":{"start":{"line":61,"column":22},"end":{"line":67,"column":2}},"28":{"start":{"line":70,"column":20},"end":{"line":76,"column":2}},"29":{"start":{"line":79,"column":25},"end":{"line":85,"column":2}},"30":{"start":{"line":88,"column":0},"end":{"line":88,"column":40}},"31":{"start":{"line":89,"column":0},"end":{"line":89,"column":43}},"32":{"start":{"line":90,"column":0},"end":{"line":90,"column":61}},"33":{"start":{"line":91,"column":0},"end":{"line":91,"column":36}},"34":{"start":{"line":94,"column":0},"end":{"line":94,"column":36}},"35":{"start":{"line":97,"column":0},"end":{"line":103,"column":3}},"36":{"start":{"line":98,"column":20},"end":{"line":98,"column":70}},"37":{"start":{"line":99,"column":2},"end":{"line":99,"column":30}},"38":{"start":{"line":100,"column":2},"end":{"line":100,"column":43}},"39":{"start":{"line":102,"column":2},"end":{"line":102,"column":16}},"40":{"start":{"line":107,"column":0},"end":{"line":107,"column":76}},"41":{"start":{"line":108,"column":0},"end":{"line":108,"column":40}},"42":{"start":{"line":109,"column":0},"end":{"line":109,"column":63}},"43":{"start":{"line":110,"column":0},"end":{"line":110,"column":24}},"44":{"start":{"line":113,"column":0},"end":{"line":113,"column":25}},"45":{"start":{"line":116,"column":27},"end":{"line":116,"column":55}},"46":{"start":{"line":118,"column":0},"end":{"line":141,"column":3}},"47":{"start":{"line":119,"column":22},"end":{"line":119,"column":38}},"48":{"start":{"line":120,"column":23},"end":{"line":120,"column":60}},"49":{"start":{"line":123,"column":2},"end":{"line":132,"column":3}},"50":{"start":{"line":124,"column":4},"end":{"line":131,"column":7}},"51":{"start":{"line":134,"column":2},"end":{"line":140,"column":5}},"52":{"start":{"line":142,"column":0},"end":{"line":142,"column":72}},"53":{"start":{"line":142,"column":28},"end":{"line":142,"column":70}},"54":{"start":{"line":145,"column":0},"end":{"line":149,"column":4}},"55":{"start":{"line":154,"column":0},"end":{"line":154,"column":58}},"56":{"start":{"line":155,"column":0},"end":{"line":155,"column":59}},"57":{"start":{"line":156,"column":0},"end":{"line":156,"column":60}},"58":{"start":{"line":157,"column":0},"end":{"line":157,"column":56}},"59":{"start":{"line":158,"column":0},"end":{"line":158,"column":56}},"60":{"start":{"line":159,"column":0},"end":{"line":159,"column":58}},"61":{"start":{"line":160,"column":0},"end":{"line":160,"column":61}},"62":{"start":{"line":161,"column":0},"end":{"line":161,"column":60}},"63":{"start":{"line":162,"column":0},"end":{"line":162,"column":59}},"64":{"start":{"line":163,"column":0},"end":{"line":163,"column":57}},"65":{"start":{"line":164,"column":0},"end":{"line":164,"column":58}},"66":{"start":{"line":165,"column":0},"end":{"line":165,"column":52}},"67":{"start":{"line":166,"column":0},"end":{"line":166,"column":61}},"68":{"start":{"line":167,"column":0},"end":{"line":167,"column":54}},"69":{"start":{"line":168,"column":0},"end":{"line":168,"column":62}},"70":{"start":{"line":169,"column":0},"end":{"line":169,"column":55}},"71":{"start":{"line":170,"column":0},"end":{"line":170,"column":56}},"72":{"start":{"line":171,"column":0},"end":{"line":171,"column":58}},"73":{"start":{"line":172,"column":0},"end":{"line":172,"column":54}},"74":{"start":{"line":173,"column":0},"end":{"line":173,"column":60}},"75":{"start":{"line":174,"column":0},"end":{"line":174,"column":55}},"76":{"start":{"line":175,"column":0},"end":{"line":175,"column":58}},"77":{"start":{"line":178,"column":0},"end":{"line":185,"column":3}},"78":{"start":{"line":179,"column":28},"end":{"line":179,"column":64}},"79":{"start":{"line":180,"column":2},"end":{"line":184,"column":5}},"80":{"start":{"line":188,"column":0},"end":{"line":188,"column":22}},"81":{"start":{"line":190,"column":0},"end":{"line":190,"column":21}}},"fnMap":{"0":{"name":"(anonymous_0)","decl":{"start":{"line":32,"column":8},"end":{"line":32,"column":9}},"loc":{"start":{"line":32,"column":28},"end":{"line":40,"column":1}},"line":32},"1":{"name":"(anonymous_1)","decl":{"start":{"line":47,"column":18},"end":{"line":47,"column":19}},"loc":{"start":{"line":47,"column":23},"end":{"line":47,"column":31}},"line":47},"2":{"name":"(anonymous_2)","decl":{"start":{"line":50,"column":10},"end":{"line":50,"column":11}},"loc":{"start":{"line":50,"column":26},"end":{"line":53,"column":3}},"line":50},"3":{"name":"(anonymous_3)","decl":{"start":{"line":97,"column":8},"end":{"line":97,"column":9}},"loc":{"start":{"line":97,"column":28},"end":{"line":103,"column":1}},"line":97},"4":{"name":"(anonymous_4)","decl":{"start":{"line":118,"column":19},"end":{"line":118,"column":20}},"loc":{"start":{"line":118,"column":34},"end":{"line":141,"column":1}},"line":118},"5":{"name":"(anonymous_5)","decl":{"start":{"line":142,"column":13},"end":{"line":142,"column":14}},"loc":{"start":{"line":142,"column":28},"end":{"line":142,"column":70}},"line":142},"6":{"name":"(anonymous_6)","decl":{"start":{"line":178,"column":8},"end":{"line":178,"column":9}},"loc":{"start":{"line":178,"column":23},"end":{"line":185,"column":1}},"line":178}},"branchMap":{"0":{"loc":{"start":{"line":33,"column":2},"end":{"line":38,"column":3}},"type":"if","locations":[{"start":{"line":33,"column":2},"end":{"line":38,"column":3}},{"start":{},"end":{}}],"line":33},"1":{"loc":{"start":{"line":34,"column":4},"end":{"line":35,"column":47}},"type":"binary-expr","locations":[{"start":{"line":34,"column":4},"end":{"line":34,"column":59}},{"start":{"line":35,"column":4},"end":{"line":35,"column":47}}],"line":34},"2":{"loc":{"start":{"line":34,"column":11},"end":{"line":34,"column":47}},"type":"binary-expr","locations":[{"start":{"line":34,"column":11},"end":{"line":34,"column":36}},{"start":{"line":34,"column":40},"end":{"line":34,"column":47}}],"line":34},"3":{"loc":{"start":{"line":46,"column":25},"end":{"line":46,"column":106}},"type":"binary-expr","locations":[{"start":{"line":46,"column":25},"end":{"line":46,"column":57}},{"start":{"line":46,"column":61},"end":{"line":46,"column":106}}],"line":46},"4":{"loc":{"start":{"line":51,"column":4},"end":{"line":51,"column":75}},"type":"if","locations":[{"start":{"line":51,"column":4},"end":{"line":51,"column":75}},{"start":{},"end":{}}],"line":51},"5":{"loc":{"start":{"line":51,"column":8},"end":{"line":51,"column":51}},"type":"binary-expr","locations":[{"start":{"line":51,"column":8},"end":{"line":51,"column":15}},{"start":{"line":51,"column":19},"end":{"line":51,"column":51}}],"line":51},"6":{"loc":{"start":{"line":62,"column":19},"end":{"line":62,"column":69}},"type":"binary-expr","locations":[{"start":{"line":62,"column":19},"end":{"line":62,"column":51}},{"start":{"line":62,"column":55},"end":{"line":62,"column":69}}],"line":62},"7":{"loc":{"start":{"line":63,"column":19},"end":{"line":63,"column":52}},"type":"binary-expr","locations":[{"start":{"line":63,"column":19},"end":{"line":63,"column":45}},{"start":{"line":63,"column":49},"end":{"line":63,"column":52}}],"line":63},"8":{"loc":{"start":{"line":98,"column":20},"end":{"line":98,"column":70}},"type":"binary-expr","locations":[{"start":{"line":98,"column":20},"end":{"line":98,"column":47}},{"start":{"line":98,"column":51},"end":{"line":98,"column":70}}],"line":98},"9":{"loc":{"start":{"line":123,"column":2},"end":{"line":132,"column":3}},"type":"if","locations":[{"start":{"line":123,"column":2},"end":{"line":132,"column":3}},{"start":{},"end":{}}],"line":123},"10":{"loc":{"start":{"line":123,"column":6},"end":{"line":123,"column":48}},"type":"binary-expr","locations":[{"start":{"line":123,"column":6},"end":{"line":123,"column":18}},{"start":{"line":123,"column":22},"end":{"line":123,"column":48}}],"line":123}},"s":{"0":2,"1":2,"2":2,"3":2,"4":2,"5":2,"6":2,"7":2,"8":2,"9":2,"10":2,"11":2,"12":2,"13":2,"14":2,"15":2,"16":2,"17":3,"18":0,"19":3,"20":2,"21":2,"22":4,"23":2,"24":3,"25":3,"26":0,"27":2,"28":2,"29":2,"30":2,"31":2,"32":2,"33":2,"34":2,"35":2,"36":3,"37":3,"38":3,"39":3,"40":2,"41":2,"42":2,"43":2,"44":2,"45":2,"46":2,"47":2,"48":2,"49":2,"50":0,"51":2,"52":2,"53":0,"54":2,"55":2,"56":2,"57":2,"58":2,"59":2,"60":2,"61":2,"62":2,"63":2,"64":2,"65":2,"66":2,"67":2,"68":2,"69":2,"70":2,"71":2,"72":2,"73":2,"74":2,"75":2,"76":2,"77":2,"78":0,"79":0,"80":2,"81":2},"f":{"0":3,"1":4,"2":3,"3":3,"4":2,"5":0,"6":0},"b":{"0":[0,3],"1":[3,0],"2":[3,0],"3":[2,0],"4":[3,0],"5":[3,0],"6":[2,2],"7":[2,2],"8":[3,3],"9":[0,2],"10":[2,0]},"_coverageSchema":"1a1c01bbd47fc00a2c39e90264f33305004495a9","hash":"fc1038aafceb64c96790b622988761165c6c64b0"}
,"/workspace/backend/src/config/database.js": {"path":"/workspace/backend/src/config/database.js","statementMap":{"0":{"start":{"line":1,"column":22},"end":{"line":1,"column":42}},"1":{"start":{"line":2,"column":0},"end":{"line":2,"column":27}},"2":{"start":{"line":4,"column":18},"end":{"line":20,"column":1}},"3":{"start":{"line":22,"column":0},"end":{"line":22,"column":27}}},"fnMap":{},"branchMap":{},"s":{"0":2,"1":2,"2":2,"3":2},"f":{},"b":{},"_coverageSchema":"1a1c01bbd47fc00a2c39e90264f33305004495a9","hash":"7775b391c2b7fd91cd5fbc4275e2fd27c71155cf"}
,"/workspace/backend/src/config/envValidator.js": {"path":"/workspace/backend/src/config/envValidator.js","statementMap":{"0":{"start":{"line":5,"column":15},"end":{"line":5,"column":41}},"1":{"start":{"line":6,"column":24},"end":{"line":18,"column":1}},"2":{"start":{"line":20,"column":27},"end":{"line":40,"column":1}},"3":{"start":{"line":42,"column":20},"end":{"line":124,"column":1}},"4":{"start":{"line":44,"column":2},"end":{"line":50,"column":3}},"5":{"start":{"line":45,"column":4},"end":{"line":49,"column":6}},"6":{"start":{"line":52,"column":26},"end":{"line":52,"column":28}},"7":{"start":{"line":53,"column":29},"end":{"line":53,"column":31}},"8":{"start":{"line":54,"column":19},"end":{"line":54,"column":21}},"9":{"start":{"line":57,"column":2},"end":{"line":61,"column":3}},"10":{"start":{"line":58,"column":4},"end":{"line":60,"column":5}},"11":{"start":{"line":59,"column":6},"end":{"line":59,"column":58}},"12":{"start":{"line":64,"column":2},"end":{"line":68,"column":3}},"13":{"start":{"line":65,"column":4},"end":{"line":67,"column":5}},"14":{"start":{"line":66,"column":6},"end":{"line":66,"column":61}},"15":{"start":{"line":71,"column":2},"end":{"line":73,"column":3}},"16":{"start":{"line":72,"column":4},"end":{"line":72,"column":94}},"17":{"start":{"line":75,"column":2},"end":{"line":77,"column":3}},"18":{"start":{"line":76,"column":4},"end":{"line":76,"column":73}},"19":{"start":{"line":79,"column":2},"end":{"line":91,"column":3}},"20":{"start":{"line":80,"column":4},"end":{"line":82,"column":5}},"21":{"start":{"line":81,"column":6},"end":{"line":81,"column":73}},"22":{"start":{"line":83,"column":4},"end":{"line":90,"column":5}},"23":{"start":{"line":85,"column":6},"end":{"line":89,"column":7}},"24":{"start":{"line":86,"column":8},"end":{"line":86,"column":138}},"25":{"start":{"line":88,"column":8},"end":{"line":88,"column":84}},"26":{"start":{"line":94,"column":2},"end":{"line":100,"column":3}},"27":{"start":{"line":95,"column":4},"end":{"line":95,"column":146}},"28":{"start":{"line":96,"column":4},"end":{"line":96,"column":77}},"29":{"start":{"line":97,"column":4},"end":{"line":97,"column":64}},"30":{"start":{"line":97,"column":35},"end":{"line":97,"column":62}},"31":{"start":{"line":98,"column":4},"end":{"line":98,"column":91}},"32":{"start":{"line":99,"column":4},"end":{"line":99,"column":20}},"33":{"start":{"line":102,"column":2},"end":{"line":107,"column":3}},"34":{"start":{"line":103,"column":4},"end":{"line":103,"column":58}},"35":{"start":{"line":104,"column":4},"end":{"line":104,"column":119}},"36":{"start":{"line":105,"column":4},"end":{"line":105,"column":56}},"37":{"start":{"line":105,"column":29},"end":{"line":105,"column":54}},"38":{"start":{"line":106,"column":4},"end":{"line":106,"column":21}},"39":{"start":{"line":109,"column":2},"end":{"line":114,"column":3}},"40":{"start":{"line":110,"column":4},"end":{"line":110,"column":110}},"41":{"start":{"line":111,"column":4},"end":{"line":111,"column":153}},"42":{"start":{"line":112,"column":4},"end":{"line":112,"column":65}},"43":{"start":{"line":112,"column":38},"end":{"line":112,"column":63}},"44":{"start":{"line":113,"column":4},"end":{"line":113,"column":20}},"45":{"start":{"line":116,"column":2},"end":{"line":116,"column":80}},"46":{"start":{"line":117,"column":2},"end":{"line":117,"column":136}},"47":{"start":{"line":119,"column":2},"end":{"line":123,"column":4}},"48":{"start":{"line":127,"column":0},"end":{"line":127,"column":14}},"49":{"start":{"line":129,"column":0},"end":{"line":129,"column":70}}},"fnMap":{"0":{"name":"(anonymous_0)","decl":{"start":{"line":42,"column":20},"end":{"line":42,"column":21}},"loc":{"start":{"line":42,"column":26},"end":{"line":124,"column":1}},"line":42},"1":{"name":"(anonymous_1)","decl":{"start":{"line":97,"column":28},"end":{"line":97,"column":29}},"loc":{"start":{"line":97,"column":35},"end":{"line":97,"column":62}},"line":97},"2":{"name":"(anonymous_2)","decl":{"start":{"line":105,"column":21},"end":{"line":105,"column":22}},"loc":{"start":{"line":105,"column":29},"end":{"line":105,"column":54}},"line":105},"3":{"name":"(anonymous_3)","decl":{"start":{"line":112,"column":31},"end":{"line":112,"column":32}},"loc":{"start":{"line":112,"column":38},"end":{"line":112,"column":63}},"line":112}},"branchMap":{"0":{"loc":{"start":{"line":44,"column":2},"end":{"line":50,"column":3}},"type":"if","locations":[{"start":{"line":44,"column":2},"end":{"line":50,"column":3}},{"start":{},"end":{}}],"line":44},"1":{"loc":{"start":{"line":58,"column":4},"end":{"line":60,"column":5}},"type":"if","locations":[{"start":{"line":58,"column":4},"end":{"line":60,"column":5}},{"start":{},"end":{}}],"line":58},"2":{"loc":{"start":{"line":65,"column":4},"end":{"line":67,"column":5}},"type":"if","locations":[{"start":{"line":65,"column":4},"end":{"line":67,"column":5}},{"start":{},"end":{}}],"line":65},"3":{"loc":{"start":{"line":71,"column":2},"end":{"line":73,"column":3}},"type":"if","locations":[{"start":{"line":71,"column":2},"end":{"line":73,"column":3}},{"start":{},"end":{}}],"line":71},"4":{"loc":{"start":{"line":71,"column":6},"end":{"line":71,"column":66}},"type":"binary-expr","locations":[{"start":{"line":71,"column":6},"end":{"line":71,"column":28}},{"start":{"line":71,"column":32},"end":{"line":71,"column":66}}],"line":71},"5":{"loc":{"start":{"line":75,"column":2},"end":{"line":77,"column":3}},"type":"if","locations":[{"start":{"line":75,"column":2},"end":{"line":77,"column":3}},{"start":{},"end":{}}],"line":75},"6":{"loc":{"start":{"line":75,"column":6},"end":{"line":75,"column":68}},"type":"binary-expr","locations":[{"start":{"line":75,"column":6},"end":{"line":75,"column":29}},{"start":{"line":75,"column":33},"end":{"line":75,"column":68}}],"line":75},"7":{"loc":{"start":{"line":79,"column":2},"end":{"line":91,"column":3}},"type":"if","locations":[{"start":{"line":79,"column":2},"end":{"line":91,"column":3}},{"start":{},"end":{}}],"line":79},"8":{"loc":{"start":{"line":80,"column":4},"end":{"line":82,"column":5}},"type":"if","locations":[{"start":{"line":80,"column":4},"end":{"line":82,"column":5}},{"start":{},"end":{}}],"line":80},"9":{"loc":{"start":{"line":80,"column":8},"end":{"line":80,"column":74}},"type":"binary-expr","locations":[{"start":{"line":80,"column":8},"end":{"line":80,"column":34}},{"start":{"line":80,"column":38},"end":{"line":80,"column":74}}],"line":80},"10":{"loc":{"start":{"line":83,"column":4},"end":{"line":90,"column":5}},"type":"if","locations":[{"start":{"line":83,"column":4},"end":{"line":90,"column":5}},{"start":{},"end":{}}],"line":83},"11":{"loc":{"start":{"line":85,"column":6},"end":{"line":89,"column":7}},"type":"if","locations":[{"start":{"line":85,"column":6},"end":{"line":89,"column":7}},{"start":{"line":87,"column":13},"end":{"line":89,"column":7}}],"line":85},"12":{"loc":{"start":{"line":94,"column":2},"end":{"line":100,"column":3}},"type":"if","locations":[{"start":{"line":94,"column":2},"end":{"line":100,"column":3}},{"start":{},"end":{}}],"line":94},"13":{"loc":{"start":{"line":102,"column":2},"end":{"line":107,"column":3}},"type":"if","locations":[{"start":{"line":102,"column":2},"end":{"line":107,"column":3}},{"start":{},"end":{}}],"line":102},"14":{"loc":{"start":{"line":109,"column":2},"end":{"line":114,"column":3}},"type":"if","locations":[{"start":{"line":109,"column":2},"end":{"line":114,"column":3}},{"start":{},"end":{}}],"line":109},"15":{"loc":{"start":{"line":109,"column":6},"end":{"line":109,"column":77}},"type":"binary-expr","locations":[{"start":{"line":109,"column":6},"end":{"line":109,"column":35}},{"start":{"line":109,"column":39},"end":{"line":109,"column":77}}],"line":109}},"s":{"0":2,"1":2,"2":2,"3":2,"4":2,"5":2,"6":0,"7":0,"8":0,"9":0,"10":0,"11":0,"12":0,"13":0,"14":0,"15":0,"16":0,"17":0,"18":0,"19":0,"20":0,"21":0,"22":0,"23":0,"24":0,"25":0,"26":0,"27":0,"28":0,"29":0,"30":0,"31":0,"32":0,"33":0,"34":0,"35":0,"36":0,"37":0,"38":0,"39":0,"40":0,"41":0,"42":0,"43":0,"44":0,"45":0,"46":0,"47":0,"48":2,"49":2},"f":{"0":2,"1":0,"2":0,"3":0},"b":{"0":[2,0],"1":[0,0],"2":[0,0],"3":[0,0],"4":[0,0],"5":[0,0],"6":[0,0],"7":[0,0],"8":[0,0],"9":[0,0],"10":[0,0],"11":[0,0],"12":[0,0],"13":[0,0],"14":[0,0],"15":[0,0]},"_coverageSchema":"1a1c01bbd47fc00a2c39e90264f33305004495a9","hash":"4dfb2b6145917b26c84715b3b9901f127c126955"}
,"/workspace/backend/src/config/redis.js": {"path":"/workspace/backend/src/config/redis.js","statementMap":{"0":{"start":{"line":2,"column":14},"end":{"line":2,"column":32}},"1":{"start":{"line":3,"column":15},"end":{"line":3,"column":41}},"2":{"start":{"line":6,"column":19},"end":{"line":6,"column":56}},"3":{"start":{"line":7,"column":19},"end":{"line":7,"column":49}},"4":{"start":{"line":8,"column":23},"end":{"line":8,"column":57}},"5":{"start":{"line":9,"column":17},"end":{"line":9,"column":56}},"6":{"start":{"line":12,"column":23},"end":{"line":16,"column":1}},"7":{"start":{"line":19,"column":14},"end":{"line":31,"column":2}},"8":{"start":{"line":26,"column":4},"end":{"line":26,"column":32}},"9":{"start":{"line":26,"column":20},"end":{"line":26,"column":32}},"10":{"start":{"line":27,"column":4},"end":{"line":27,"column":39}},"11":{"start":{"line":34,"column":0},"end":{"line":38,"column":3}},"12":{"start":{"line":35,"column":2},"end":{"line":35,"column":36}},"13":{"start":{"line":36,"column":2},"end":{"line":36,"column":36}},"14":{"start":{"line":37,"column":2},"end":{"line":37,"column":90}},"15":{"start":{"line":40,"column":0},"end":{"line":45,"column":3}},"16":{"start":{"line":41,"column":2},"end":{"line":41,"column":37}},"17":{"start":{"line":42,"column":2},"end":{"line":42,"column":43}},"18":{"start":{"line":43,"column":2},"end":{"line":43,"column":104}},"19":{"start":{"line":47,"column":0},"end":{"line":50,"column":3}},"20":{"start":{"line":48,"column":2},"end":{"line":48,"column":37}},"21":{"start":{"line":49,"column":2},"end":{"line":49,"column":82}},"22":{"start":{"line":53,"column":22},"end":{"line":63,"column":1}},"23":{"start":{"line":54,"column":2},"end":{"line":54,"column":25}},"24":{"start":{"line":54,"column":12},"end":{"line":54,"column":25}},"25":{"start":{"line":55,"column":2},"end":{"line":62,"column":3}},"26":{"start":{"line":56,"column":19},"end":{"line":56,"column":54}},"27":{"start":{"line":57,"column":4},"end":{"line":57,"column":32}},"28":{"start":{"line":59,"column":4},"end":{"line":59,"column":128}},"29":{"start":{"line":61,"column":4},"end":{"line":61,"column":17}},"30":{"start":{"line":66,"column":20},"end":{"line":73,"column":1}},"31":{"start":{"line":67,"column":2},"end":{"line":67,"column":19}},"32":{"start":{"line":67,"column":12},"end":{"line":67,"column":19}},"33":{"start":{"line":68,"column":2},"end":{"line":72,"column":3}},"34":{"start":{"line":69,"column":4},"end":{"line":69,"column":65}},"35":{"start":{"line":71,"column":4},"end":{"line":71,"column":119}},"36":{"start":{"line":76,"column":28},"end":{"line":83,"column":1}},"37":{"start":{"line":77,"column":2},"end":{"line":77,"column":19}},"38":{"start":{"line":77,"column":12},"end":{"line":77,"column":19}},"39":{"start":{"line":78,"column":2},"end":{"line":82,"column":3}},"40":{"start":{"line":79,"column":4},"end":{"line":79,"column":40}},"41":{"start":{"line":81,"column":4},"end":{"line":81,"column":131}},"42":{"start":{"line":86,"column":24},"end":{"line":99,"column":1}},"43":{"start":{"line":87,"column":2},"end":{"line":98,"column":3}},"44":{"start":{"line":88,"column":4},"end":{"line":88,"column":23}},"45":{"start":{"line":89,"column":4},"end":{"line":89,"column":38}},"46":{"start":{"line":90,"column":4},"end":{"line":90,"column":58}},"47":{"start":{"line":91,"column":4},"end":{"line":91,"column":16}},"48":{"start":{"line":93,"column":4},"end":{"line":93,"column":39}},"49":{"start":{"line":94,"column":4},"end":{"line":94,"column":47}},"50":{"start":{"line":95,"column":4},"end":{"line":95,"column":58}},"51":{"start":{"line":96,"column":4},"end":{"line":96,"column":120}},"52":{"start":{"line":97,"column":4},"end":{"line":97,"column":17}},"53":{"start":{"line":102,"column":28},"end":{"line":105,"column":2}},"54":{"start":{"line":102,"column":35},"end":{"line":105,"column":1}},"55":{"start":{"line":107,"column":0},"end":{"line":114,"column":2}}},"fnMap":{"0":{"name":"(anonymous_0)","decl":{"start":{"line":24,"column":17},"end":{"line":24,"column":18}},"loc":{"start":{"line":24,"column":28},"end":{"line":28,"column":3}},"line":24},"1":{"name":"(anonymous_1)","decl":{"start":{"line":34,"column":20},"end":{"line":34,"column":21}},"loc":{"start":{"line":34,"column":26},"end":{"line":38,"column":1}},"line":34},"2":{"name":"(anonymous_2)","decl":{"start":{"line":40,"column":18},"end":{"line":40,"column":19}},"loc":{"start":{"line":40,"column":27},"end":{"line":45,"column":1}},"line":40},"3":{"name":"(anonymous_3)","decl":{"start":{"line":47,"column":18},"end":{"line":47,"column":19}},"loc":{"start":{"line":47,"column":24},"end":{"line":50,"column":1}},"line":47},"4":{"name":"(anonymous_4)","decl":{"start":{"line":53,"column":22},"end":{"line":53,"column":23}},"loc":{"start":{"line":53,"column":37},"end":{"line":63,"column":1}},"line":53},"5":{"name":"(anonymous_5)","decl":{"start":{"line":66,"column":20},"end":{"line":66,"column":21}},"loc":{"start":{"line":66,"column":47},"end":{"line":73,"column":1}},"line":66},"6":{"name":"(anonymous_6)","decl":{"start":{"line":76,"column":28},"end":{"line":76,"column":29}},"loc":{"start":{"line":76,"column":43},"end":{"line":83,"column":1}},"line":76},"7":{"name":"(anonymous_7)","decl":{"start":{"line":86,"column":24},"end":{"line":86,"column":25}},"loc":{"start":{"line":86,"column":36},"end":{"line":99,"column":1}},"line":86},"8":{"name":"(anonymous_8)","decl":{"start":{"line":102,"column":28},"end":{"line":102,"column":29}},"loc":{"start":{"line":102,"column":35},"end":{"line":105,"column":1}},"line":102}},"branchMap":{"0":{"loc":{"start":{"line":6,"column":19},"end":{"line":6,"column":56}},"type":"binary-expr","locations":[{"start":{"line":6,"column":19},"end":{"line":6,"column":41}},{"start":{"line":6,"column":45},"end":{"line":6,"column":56}}],"line":6},"1":{"loc":{"start":{"line":7,"column":19},"end":{"line":7,"column":49}},"type":"binary-expr","locations":[{"start":{"line":7,"column":19},"end":{"line":7,"column":41}},{"start":{"line":7,"column":45},"end":{"line":7,"column":49}}],"line":7},"2":{"loc":{"start":{"line":8,"column":23},"end":{"line":8,"column":57}},"type":"binary-expr","locations":[{"start":{"line":8,"column":23},"end":{"line":8,"column":49}},{"start":{"line":8,"column":53},"end":{"line":8,"column":57}}],"line":8},"3":{"loc":{"start":{"line":9,"column":17},"end":{"line":9,"column":56}},"type":"binary-expr","locations":[{"start":{"line":9,"column":17},"end":{"line":9,"column":51}},{"start":{"line":9,"column":55},"end":{"line":9,"column":56}}],"line":9},"4":{"loc":{"start":{"line":26,"column":4},"end":{"line":26,"column":32}},"type":"if","locations":[{"start":{"line":26,"column":4},"end":{"line":26,"column":32}},{"start":{},"end":{}}],"line":26},"5":{"loc":{"start":{"line":54,"column":2},"end":{"line":54,"column":25}},"type":"if","locations":[{"start":{"line":54,"column":2},"end":{"line":54,"column":25}},{"start":{},"end":{}}],"line":54},"6":{"loc":{"start":{"line":67,"column":2},"end":{"line":67,"column":19}},"type":"if","locations":[{"start":{"line":67,"column":2},"end":{"line":67,"column":19}},{"start":{},"end":{}}],"line":67},"7":{"loc":{"start":{"line":77,"column":2},"end":{"line":77,"column":19}},"type":"if","locations":[{"start":{"line":77,"column":2},"end":{"line":77,"column":19}},{"start":{},"end":{}}],"line":77},"8":{"loc":{"start":{"line":104,"column":13},"end":{"line":104,"column":47}},"type":"binary-expr","locations":[{"start":{"line":104,"column":13},"end":{"line":104,"column":39}},{"start":{"line":104,"column":43},"end":{"line":104,"column":47}}],"line":104}},"s":{"0":2,"1":2,"2":2,"3":2,"4":2,"5":2,"6":2,"7":2,"8":0,"9":0,"10":0,"11":2,"12":0,"13":0,"14":0,"15":2,"16":0,"17":0,"18":0,"19":2,"20":0,"21":0,"22":2,"23":0,"24":0,"25":0,"26":0,"27":0,"28":0,"29":0,"30":2,"31":0,"32":0,"33":0,"34":0,"35":0,"36":2,"37":0,"38":0,"39":0,"40":0,"41":0,"42":2,"43":2,"44":2,"45":0,"46":0,"47":0,"48":2,"49":2,"50":2,"51":2,"52":2,"53":2,"54":0,"55":2},"f":{"0":0,"1":0,"2":0,"3":0,"4":0,"5":0,"6":0,"7":2,"8":0},"b":{"0":[2,0],"1":[2,2],"2":[2,2],"3":[2,2],"4":[0,0],"5":[0,0],"6":[0,0],"7":[0,0],"8":[0,0]},"_coverageSchema":"1a1c01bbd47fc00a2c39e90264f33305004495a9","hash":"a24a396b4a462f115c796762530a6dde0b618e8a"}
,"/workspace/backend/src/controllers/alertaController.js": {"path":"/workspace/backend/src/controllers/alertaController.js","statementMap":{"0":{"start":{"line":1,"column":19},"end":{"line":1,"column":52}},"1":{"start":{"line":3,"column":47},"end":{"line":3,"column":57}},"2":{"start":{"line":4,"column":15},"end":{"line":4,"column":35}},"3":{"start":{"line":7,"column":23},"end":{"line":70,"column":1}},"4":{"start":{"line":8,"column":26},"end":{"line":8,"column":28}},"5":{"start":{"line":11,"column":31},"end":{"line":17,"column":6}},"6":{"start":{"line":19,"column":4},"end":{"line":35,"column":5}},"7":{"start":{"line":20,"column":25},"end":{"line":27,"column":10}},"8":{"start":{"line":28,"column":8},"end":{"line":34,"column":9}},"9":{"start":{"line":29,"column":12},"end":{"line":33,"column":15}},"10":{"start":{"line":38,"column":18},"end":{"line":38,"column":28}},"11":{"start":{"line":39,"column":22},"end":{"line":39,"column":72}},"12":{"start":{"line":40,"column":30},"end":{"line":40,"column":84}},"13":{"start":{"line":41,"column":27},"end":{"line":41,"column":77}},"14":{"start":{"line":43,"column":22},"end":{"line":45,"column":11}},"15":{"start":{"line":47,"column":30},"end":{"line":49,"column":11}},"16":{"start":{"line":51,"column":4},"end":{"line":62,"column":5}},"17":{"start":{"line":52,"column":25},"end":{"line":54,"column":10}},"18":{"start":{"line":55,"column":8},"end":{"line":61,"column":9}},"19":{"start":{"line":56,"column":12},"end":{"line":60,"column":15}},"20":{"start":{"line":65,"column":4},"end":{"line":67,"column":5}},"21":{"start":{"line":66,"column":8},"end":{"line":66,"column":47}},"22":{"start":{"line":69,"column":4},"end":{"line":69,"column":32}},"23":{"start":{"line":72,"column":15},"end":{"line":84,"column":1}},"24":{"start":{"line":73,"column":4},"end":{"line":83,"column":5}},"25":{"start":{"line":74,"column":8},"end":{"line":74,"column":53}},"26":{"start":{"line":75,"column":24},"end":{"line":79,"column":10}},"27":{"start":{"line":80,"column":8},"end":{"line":80,"column":26}},"28":{"start":{"line":82,"column":8},"end":{"line":82,"column":55}},"29":{"start":{"line":86,"column":20},"end":{"line":96,"column":1}},"30":{"start":{"line":87,"column":4},"end":{"line":95,"column":5}},"31":{"start":{"line":88,"column":8},"end":{"line":91,"column":10}},"32":{"start":{"line":92,"column":8},"end":{"line":92,"column":59}},"33":{"start":{"line":94,"column":8},"end":{"line":94,"column":55}},"34":{"start":{"line":98,"column":26},"end":{"line":108,"column":1}},"35":{"start":{"line":99,"column":4},"end":{"line":107,"column":5}},"36":{"start":{"line":100,"column":8},"end":{"line":103,"column":10}},"37":{"start":{"line":104,"column":8},"end":{"line":104,"column":72}},"38":{"start":{"line":106,"column":8},"end":{"line":106,"column":55}},"39":{"start":{"line":110,"column":16},"end":{"line":119,"column":1}},"40":{"start":{"line":111,"column":4},"end":{"line":118,"column":5}},"41":{"start":{"line":112,"column":22},"end":{"line":114,"column":10}},"42":{"start":{"line":115,"column":8},"end":{"line":115,"column":38}},"43":{"start":{"line":117,"column":8},"end":{"line":117,"column":55}},"44":{"start":{"line":121,"column":0},"end":{"line":121,"column":85}}},"fnMap":{"0":{"name":"(anonymous_0)","decl":{"start":{"line":7,"column":23},"end":{"line":7,"column":24}},"loc":{"start":{"line":7,"column":45},"end":{"line":70,"column":1}},"line":7},"1":{"name":"(anonymous_1)","decl":{"start":{"line":72,"column":15},"end":{"line":72,"column":16}},"loc":{"start":{"line":72,"column":35},"end":{"line":84,"column":1}},"line":72},"2":{"name":"(anonymous_2)","decl":{"start":{"line":86,"column":20},"end":{"line":86,"column":21}},"loc":{"start":{"line":86,"column":40},"end":{"line":96,"column":1}},"line":86},"3":{"name":"(anonymous_3)","decl":{"start":{"line":98,"column":26},"end":{"line":98,"column":27}},"loc":{"start":{"line":98,"column":46},"end":{"line":108,"column":1}},"line":98},"4":{"name":"(anonymous_4)","decl":{"start":{"line":110,"column":16},"end":{"line":110,"column":17}},"loc":{"start":{"line":110,"column":36},"end":{"line":119,"column":1}},"line":110}},"branchMap":{"0":{"loc":{"start":{"line":28,"column":8},"end":{"line":34,"column":9}},"type":"if","locations":[{"start":{"line":28,"column":8},"end":{"line":34,"column":9}},{"start":{},"end":{}}],"line":28},"1":{"loc":{"start":{"line":43,"column":22},"end":{"line":45,"column":11}},"type":"binary-expr","locations":[{"start":{"line":43,"column":22},"end":{"line":45,"column":6}},{"start":{"line":45,"column":10},"end":{"line":45,"column":11}}],"line":43},"2":{"loc":{"start":{"line":47,"column":30},"end":{"line":49,"column":11}},"type":"binary-expr","locations":[{"start":{"line":47,"column":30},"end":{"line":49,"column":6}},{"start":{"line":49,"column":10},"end":{"line":49,"column":11}}],"line":47},"3":{"loc":{"start":{"line":51,"column":4},"end":{"line":62,"column":5}},"type":"if","locations":[{"start":{"line":51,"column":4},"end":{"line":62,"column":5}},{"start":{},"end":{}}],"line":51},"4":{"loc":{"start":{"line":51,"column":8},"end":{"line":51,"column":68}},"type":"binary-expr","locations":[{"start":{"line":51,"column":8},"end":{"line":51,"column":29}},{"start":{"line":51,"column":33},"end":{"line":51,"column":68}}],"line":51},"5":{"loc":{"start":{"line":55,"column":8},"end":{"line":61,"column":9}},"type":"if","locations":[{"start":{"line":55,"column":8},"end":{"line":61,"column":9}},{"start":{},"end":{}}],"line":55},"6":{"loc":{"start":{"line":65,"column":4},"end":{"line":67,"column":5}},"type":"if","locations":[{"start":{"line":65,"column":4},"end":{"line":67,"column":5}},{"start":{},"end":{}}],"line":65}},"s":{"0":2,"1":2,"2":2,"3":2,"4":0,"5":0,"6":0,"7":0,"8":0,"9":0,"10":0,"11":0,"12":0,"13":0,"14":0,"15":0,"16":0,"17":0,"18":0,"19":0,"20":0,"21":0,"22":0,"23":2,"24":0,"25":0,"26":0,"27":0,"28":0,"29":2,"30":0,"31":0,"32":0,"33":0,"34":2,"35":0,"36":0,"37":0,"38":0,"39":2,"40":0,"41":0,"42":0,"43":0,"44":2},"f":{"0":0,"1":0,"2":0,"3":0,"4":0},"b":{"0":[0,0],"1":[0,0],"2":[0,0],"3":[0,0],"4":[0,0],"5":[0,0],"6":[0,0]},"_coverageSchema":"1a1c01bbd47fc00a2c39e90264f33305004495a9","hash":"befec55161085b3aaa5282616729047f48064dc4"}
,"/workspace/backend/src/controllers/authController.js": {"path":"/workspace/backend/src/controllers/authController.js","statementMap":{"0":{"start":{"line":2,"column":15},"end":{"line":2,"column":34}},"1":{"start":{"line":3,"column":15},"end":{"line":3,"column":38}},"2":{"start":{"line":4,"column":15},"end":{"line":4,"column":32}},"3":{"start":{"line":5,"column":19},"end":{"line":5,"column":52}},"4":{"start":{"line":6,"column":19},"end":{"line":6,"column":52}},"5":{"start":{"line":7,"column":22},"end":{"line":7,"column":58}},"6":{"start":{"line":8,"column":21},"end":{"line":8,"column":51}},"7":{"start":{"line":9,"column":138},"end":{"line":9,"column":175}},"8":{"start":{"line":11,"column":31},"end":{"line":11,"column":41}},"9":{"start":{"line":12,"column":25},"end":{"line":12,"column":35}},"10":{"start":{"line":13,"column":30},"end":{"line":13,"column":43}},"11":{"start":{"line":14,"column":21},"end":{"line":14,"column":67}},"12":{"start":{"line":17,"column":28},"end":{"line":29,"column":3}},"13":{"start":{"line":18,"column":2},"end":{"line":29,"column":3}},"14":{"start":{"line":31,"column":26},"end":{"line":42,"column":3}},"15":{"start":{"line":32,"column":2},"end":{"line":42,"column":3}},"16":{"start":{"line":44,"column":17},"end":{"line":118,"column":2}},"17":{"start":{"line":45,"column":12},"end":{"line":45,"column":41}},"18":{"start":{"line":46,"column":2},"end":{"line":117,"column":3}},"19":{"start":{"line":47,"column":84},"end":{"line":47,"column":92}},"20":{"start":{"line":49,"column":4},"end":{"line":52,"column":5}},"21":{"start":{"line":50,"column":6},"end":{"line":50,"column":25}},"22":{"start":{"line":51,"column":6},"end":{"line":51,"column":79}},"23":{"start":{"line":54,"column":22},"end":{"line":54,"column":96}},"24":{"start":{"line":55,"column":4},"end":{"line":58,"column":5}},"25":{"start":{"line":56,"column":6},"end":{"line":56,"column":25}},"26":{"start":{"line":57,"column":6},"end":{"line":57,"column":80}},"27":{"start":{"line":60,"column":25},"end":{"line":60,"column":56}},"28":{"start":{"line":61,"column":20},"end":{"line":64,"column":26}},"29":{"start":{"line":66,"column":21},"end":{"line":69,"column":6}},"30":{"start":{"line":71,"column":20},"end":{"line":75,"column":26}},"31":{"start":{"line":78,"column":23},"end":{"line":78,"column":59}},"32":{"start":{"line":79,"column":20},"end":{"line":79,"column":104}},"33":{"start":{"line":80,"column":4},"end":{"line":82,"column":5}},"34":{"start":{"line":81,"column":6},"end":{"line":81,"column":122}},"35":{"start":{"line":84,"column":28},"end":{"line":84,"column":32}},"36":{"start":{"line":85,"column":4},"end":{"line":93,"column":5}},"37":{"start":{"line":86,"column":23},"end":{"line":86,"column":33}},"38":{"start":{"line":87,"column":6},"end":{"line":87,"column":56}},"39":{"start":{"line":88,"column":6},"end":{"line":91,"column":29}},"40":{"start":{"line":92,"column":6},"end":{"line":92,"column":75}},"41":{"start":{"line":95,"column":4},"end":{"line":95,"column":21}},"42":{"start":{"line":98,"column":4},"end":{"line":104,"column":15}},"43":{"start":{"line":106,"column":4},"end":{"line":113,"column":7}},"44":{"start":{"line":115,"column":4},"end":{"line":115,"column":23}},"45":{"start":{"line":116,"column":4},"end":{"line":116,"column":16}},"46":{"start":{"line":121,"column":19},"end":{"line":188,"column":2}},"47":{"start":{"line":122,"column":12},"end":{"line":122,"column":41}},"48":{"start":{"line":123,"column":2},"end":{"line":187,"column":3}},"49":{"start":{"line":124,"column":101},"end":{"line":124,"column":109}},"50":{"start":{"line":126,"column":4},"end":{"line":129,"column":5}},"51":{"start":{"line":127,"column":6},"end":{"line":127,"column":25}},"52":{"start":{"line":128,"column":6},"end":{"line":128,"column":81}},"53":{"start":{"line":131,"column":29},"end":{"line":131,"column":103}},"54":{"start":{"line":132,"column":4},"end":{"line":135,"column":5}},"55":{"start":{"line":133,"column":6},"end":{"line":133,"column":25}},"56":{"start":{"line":134,"column":6},"end":{"line":134,"column":80}},"57":{"start":{"line":137,"column":20},"end":{"line":137,"column":104}},"58":{"start":{"line":138,"column":4},"end":{"line":140,"column":5}},"59":{"start":{"line":139,"column":6},"end":{"line":139,"column":122}},"60":{"start":{"line":141,"column":4},"end":{"line":144,"column":5}},"61":{"start":{"line":142,"column":6},"end":{"line":142,"column":25}},"62":{"start":{"line":143,"column":6},"end":{"line":143,"column":111}},"63":{"start":{"line":146,"column":20},"end":{"line":149,"column":26}},"64":{"start":{"line":151,"column":25},"end":{"line":151,"column":56}},"65":{"start":{"line":152,"column":20},"end":{"line":155,"column":26}},"66":{"start":{"line":157,"column":19},"end":{"line":157,"column":29}},"67":{"start":{"line":158,"column":19},"end":{"line":158,"column":35}},"68":{"start":{"line":159,"column":4},"end":{"line":159,"column":52}},"69":{"start":{"line":161,"column":4},"end":{"line":164,"column":27}},"70":{"start":{"line":166,"column":4},"end":{"line":166,"column":21}},"71":{"start":{"line":169,"column":4},"end":{"line":177,"column":15}},"72":{"start":{"line":179,"column":4},"end":{"line":183,"column":7}},"73":{"start":{"line":185,"column":4},"end":{"line":185,"column":23}},"74":{"start":{"line":186,"column":4},"end":{"line":186,"column":16}},"75":{"start":{"line":191,"column":14},"end":{"line":228,"column":2}},"76":{"start":{"line":192,"column":30},"end":{"line":192,"column":38}},"77":{"start":{"line":193,"column":2},"end":{"line":195,"column":3}},"78":{"start":{"line":194,"column":4},"end":{"line":194,"column":69}},"79":{"start":{"line":197,"column":18},"end":{"line":200,"column":4}},"80":{"start":{"line":202,"column":2},"end":{"line":204,"column":3}},"81":{"start":{"line":203,"column":4},"end":{"line":203,"column":60}},"82":{"start":{"line":206,"column":19},"end":{"line":206,"column":67}},"83":{"start":{"line":207,"column":2},"end":{"line":209,"column":3}},"84":{"start":{"line":208,"column":4},"end":{"line":208,"column":60}},"85":{"start":{"line":211,"column":16},"end":{"line":213,"column":10}},"86":{"start":{"line":215,"column":16},"end":{"line":215,"column":44}},"87":{"start":{"line":216,"column":2},"end":{"line":227,"column":5}},"88":{"start":{"line":231,"column":19},"end":{"line":252,"column":2}},"89":{"start":{"line":232,"column":30},"end":{"line":232,"column":38}},"90":{"start":{"line":233,"column":2},"end":{"line":235,"column":3}},"91":{"start":{"line":234,"column":4},"end":{"line":234,"column":69}},"92":{"start":{"line":237,"column":16},"end":{"line":237,"column":82}},"93":{"start":{"line":238,"column":2},"end":{"line":240,"column":3}},"94":{"start":{"line":239,"column":4},"end":{"line":239,"column":66}},"95":{"start":{"line":242,"column":19},"end":{"line":242,"column":65}},"96":{"start":{"line":243,"column":2},"end":{"line":245,"column":3}},"97":{"start":{"line":244,"column":4},"end":{"line":244,"column":66}},"98":{"start":{"line":247,"column":16},"end":{"line":247,"column":40}},"99":{"start":{"line":248,"column":2},"end":{"line":251,"column":5}},"100":{"start":{"line":255,"column":15},"end":{"line":265,"column":2}},"101":{"start":{"line":256,"column":18},"end":{"line":260,"column":4}},"102":{"start":{"line":261,"column":2},"end":{"line":263,"column":3}},"103":{"start":{"line":262,"column":4},"end":{"line":262,"column":53}},"104":{"start":{"line":264,"column":2},"end":{"line":264,"column":27}},"105":{"start":{"line":268,"column":28},"end":{"line":316,"column":2}},"106":{"start":{"line":270,"column":2},"end":{"line":272,"column":3}},"107":{"start":{"line":271,"column":4},"end":{"line":271,"column":108}},"108":{"start":{"line":274,"column":26},"end":{"line":274,"column":66}},"109":{"start":{"line":275,"column":2},"end":{"line":277,"column":3}},"110":{"start":{"line":276,"column":4},"end":{"line":276,"column":133}},"111":{"start":{"line":279,"column":46},"end":{"line":279,"column":54}},"112":{"start":{"line":280,"column":2},"end":{"line":284,"column":3}},"113":{"start":{"line":282,"column":4},"end":{"line":282,"column":87}},"114":{"start":{"line":283,"column":4},"end":{"line":283,"column":79}},"115":{"start":{"line":285,"column":2},"end":{"line":287,"column":3}},"116":{"start":{"line":286,"column":4},"end":{"line":286,"column":75}},"117":{"start":{"line":289,"column":12},"end":{"line":289,"column":41}},"118":{"start":{"line":290,"column":2},"end":{"line":315,"column":3}},"119":{"start":{"line":291,"column":22},"end":{"line":291,"column":86}},"120":{"start":{"line":292,"column":4},"end":{"line":295,"column":5}},"121":{"start":{"line":293,"column":6},"end":{"line":293,"column":25}},"122":{"start":{"line":294,"column":6},"end":{"line":294,"column":66}},"123":{"start":{"line":297,"column":25},"end":{"line":297,"column":56}},"124":{"start":{"line":298,"column":18},"end":{"line":300,"column":26}},"125":{"start":{"line":302,"column":4},"end":{"line":302,"column":21}},"126":{"start":{"line":305,"column":4},"end":{"line":305,"column":67}},"127":{"start":{"line":307,"column":4},"end":{"line":311,"column":7}},"128":{"start":{"line":313,"column":4},"end":{"line":313,"column":23}},"129":{"start":{"line":314,"column":4},"end":{"line":314,"column":16}},"130":{"start":{"line":318,"column":0},"end":{"line":318,"column":90}}},"fnMap":{"0":{"name":"(anonymous_0)","decl":{"start":{"line":17,"column":28},"end":{"line":17,"column":29}},"loc":{"start":{"line":18,"column":2},"end":{"line":29,"column":3}},"line":18},"1":{"name":"(anonymous_1)","decl":{"start":{"line":31,"column":26},"end":{"line":31,"column":27}},"loc":{"start":{"line":32,"column":2},"end":{"line":42,"column":3}},"line":32},"2":{"name":"(anonymous_2)","decl":{"start":{"line":44,"column":30},"end":{"line":44,"column":31}},"loc":{"start":{"line":44,"column":50},"end":{"line":118,"column":1}},"line":44},"3":{"name":"(anonymous_3)","decl":{"start":{"line":121,"column":32},"end":{"line":121,"column":33}},"loc":{"start":{"line":121,"column":52},"end":{"line":188,"column":1}},"line":121},"4":{"name":"(anonymous_4)","decl":{"start":{"line":191,"column":27},"end":{"line":191,"column":28}},"loc":{"start":{"line":191,"column":47},"end":{"line":228,"column":1}},"line":191},"5":{"name":"(anonymous_5)","decl":{"start":{"line":231,"column":32},"end":{"line":231,"column":33}},"loc":{"start":{"line":231,"column":52},"end":{"line":252,"column":1}},"line":231},"6":{"name":"(anonymous_6)","decl":{"start":{"line":255,"column":28},"end":{"line":255,"column":29}},"loc":{"start":{"line":255,"column":48},"end":{"line":265,"column":1}},"line":255},"7":{"name":"(anonymous_7)","decl":{"start":{"line":268,"column":41},"end":{"line":268,"column":42}},"loc":{"start":{"line":268,"column":61},"end":{"line":316,"column":1}},"line":268}},"branchMap":{"0":{"loc":{"start":{"line":28,"column":17},"end":{"line":28,"column":48}},"type":"binary-expr","locations":[{"start":{"line":28,"column":17},"end":{"line":28,"column":40}},{"start":{"line":28,"column":44},"end":{"line":28,"column":48}}],"line":28},"1":{"loc":{"start":{"line":41,"column":17},"end":{"line":41,"column":48}},"type":"binary-expr","locations":[{"start":{"line":41,"column":17},"end":{"line":41,"column":40}},{"start":{"line":41,"column":44},"end":{"line":41,"column":48}}],"line":41},"2":{"loc":{"start":{"line":49,"column":4},"end":{"line":52,"column":5}},"type":"if","locations":[{"start":{"line":49,"column":4},"end":{"line":52,"column":5}},{"start":{},"end":{}}],"line":49},"3":{"loc":{"start":{"line":49,"column":8},"end":{"line":49,"column":75}},"type":"binary-expr","locations":[{"start":{"line":49,"column":8},"end":{"line":49,"column":23}},{"start":{"line":49,"column":27},"end":{"line":49,"column":41}},{"start":{"line":49,"column":45},"end":{"line":49,"column":52}},{"start":{"line":49,"column":56},"end":{"line":49,"column":62}},{"start":{"line":49,"column":66},"end":{"line":49,"column":75}}],"line":49},"4":{"loc":{"start":{"line":55,"column":4},"end":{"line":58,"column":5}},"type":"if","locations":[{"start":{"line":55,"column":4},"end":{"line":58,"column":5}},{"start":{},"end":{}}],"line":55},"5":{"loc":{"start":{"line":63,"column":11},"end":{"line":63,"column":30}},"type":"binary-expr","locations":[{"start":{"line":63,"column":11},"end":{"line":63,"column":22}},{"start":{"line":63,"column":26},"end":{"line":63,"column":30}}],"line":63},"6":{"loc":{"start":{"line":73,"column":18},"end":{"line":73,"column":35}},"type":"binary-expr","locations":[{"start":{"line":73,"column":18},"end":{"line":73,"column":30}},{"start":{"line":73,"column":34},"end":{"line":73,"column":35}}],"line":73},"7":{"loc":{"start":{"line":78,"column":30},"end":{"line":78,"column":58}},"type":"binary-expr","locations":[{"start":{"line":78,"column":30},"end":{"line":78,"column":52}},{"start":{"line":78,"column":56},"end":{"line":78,"column":58}}],"line":78},"8":{"loc":{"start":{"line":80,"column":4},"end":{"line":82,"column":5}},"type":"if","locations":[{"start":{"line":80,"column":4},"end":{"line":82,"column":5}},{"start":{},"end":{}}],"line":80},"9":{"loc":{"start":{"line":85,"column":4},"end":{"line":93,"column":5}},"type":"if","locations":[{"start":{"line":85,"column":4},"end":{"line":93,"column":5}},{"start":{},"end":{}}],"line":85},"10":{"loc":{"start":{"line":110,"column":16},"end":{"line":112,"column":14}},"type":"cond-expr","locations":[{"start":{"line":111,"column":10},"end":{"line":111,"column":91}},{"start":{"line":112,"column":10},"end":{"line":112,"column":14}}],"line":110},"11":{"loc":{"start":{"line":124,"column":81},"end":{"line":124,"column":96}},"type":"default-arg","locations":[{"start":{"line":124,"column":94},"end":{"line":124,"column":96}}],"line":124},"12":{"loc":{"start":{"line":126,"column":4},"end":{"line":129,"column":5}},"type":"if","locations":[{"start":{"line":126,"column":4},"end":{"line":129,"column":5}},{"start":{},"end":{}}],"line":126},"13":{"loc":{"start":{"line":126,"column":8},"end":{"line":126,"column":75}},"type":"binary-expr","locations":[{"start":{"line":126,"column":8},"end":{"line":126,"column":23}},{"start":{"line":126,"column":27},"end":{"line":126,"column":41}},{"start":{"line":126,"column":45},"end":{"line":126,"column":52}},{"start":{"line":126,"column":56},"end":{"line":126,"column":62}},{"start":{"line":126,"column":66},"end":{"line":126,"column":75}}],"line":126},"14":{"loc":{"start":{"line":132,"column":4},"end":{"line":135,"column":5}},"type":"if","locations":[{"start":{"line":132,"column":4},"end":{"line":135,"column":5}},{"start":{},"end":{}}],"line":132},"15":{"loc":{"start":{"line":138,"column":4},"end":{"line":140,"column":5}},"type":"if","locations":[{"start":{"line":138,"column":4},"end":{"line":140,"column":5}},{"start":{},"end":{}}],"line":138},"16":{"loc":{"start":{"line":141,"column":4},"end":{"line":144,"column":5}},"type":"if","locations":[{"start":{"line":141,"column":4},"end":{"line":144,"column":5}},{"start":{},"end":{}}],"line":141},"17":{"loc":{"start":{"line":148,"column":11},"end":{"line":148,"column":30}},"type":"binary-expr","locations":[{"start":{"line":148,"column":11},"end":{"line":148,"column":22}},{"start":{"line":148,"column":26},"end":{"line":148,"column":30}}],"line":148},"18":{"loc":{"start":{"line":193,"column":2},"end":{"line":195,"column":3}},"type":"if","locations":[{"start":{"line":193,"column":2},"end":{"line":195,"column":3}},{"start":{},"end":{}}],"line":193},"19":{"loc":{"start":{"line":193,"column":6},"end":{"line":193,"column":25}},"type":"binary-expr","locations":[{"start":{"line":193,"column":6},"end":{"line":193,"column":12}},{"start":{"line":193,"column":16},"end":{"line":193,"column":25}}],"line":193},"20":{"loc":{"start":{"line":202,"column":2},"end":{"line":204,"column":3}},"type":"if","locations":[{"start":{"line":202,"column":2},"end":{"line":204,"column":3}},{"start":{},"end":{}}],"line":202},"21":{"loc":{"start":{"line":207,"column":2},"end":{"line":209,"column":3}},"type":"if","locations":[{"start":{"line":207,"column":2},"end":{"line":209,"column":3}},{"start":{},"end":{}}],"line":207},"22":{"loc":{"start":{"line":211,"column":16},"end":{"line":213,"column":10}},"type":"cond-expr","locations":[{"start":{"line":212,"column":6},"end":{"line":212,"column":56}},{"start":{"line":213,"column":6},"end":{"line":213,"column":10}}],"line":211},"23":{"loc":{"start":{"line":233,"column":2},"end":{"line":235,"column":3}},"type":"if","locations":[{"start":{"line":233,"column":2},"end":{"line":235,"column":3}},{"start":{},"end":{}}],"line":233},"24":{"loc":{"start":{"line":233,"column":6},"end":{"line":233,"column":25}},"type":"binary-expr","locations":[{"start":{"line":233,"column":6},"end":{"line":233,"column":12}},{"start":{"line":233,"column":16},"end":{"line":233,"column":25}}],"line":233},"25":{"loc":{"start":{"line":238,"column":2},"end":{"line":240,"column":3}},"type":"if","locations":[{"start":{"line":238,"column":2},"end":{"line":240,"column":3}},{"start":{},"end":{}}],"line":238},"26":{"loc":{"start":{"line":243,"column":2},"end":{"line":245,"column":3}},"type":"if","locations":[{"start":{"line":243,"column":2},"end":{"line":245,"column":3}},{"start":{},"end":{}}],"line":243},"27":{"loc":{"start":{"line":261,"column":2},"end":{"line":263,"column":3}},"type":"if","locations":[{"start":{"line":261,"column":2},"end":{"line":263,"column":3}},{"start":{},"end":{}}],"line":261},"28":{"loc":{"start":{"line":270,"column":2},"end":{"line":272,"column":3}},"type":"if","locations":[{"start":{"line":270,"column":2},"end":{"line":272,"column":3}},{"start":{},"end":{}}],"line":270},"29":{"loc":{"start":{"line":270,"column":6},"end":{"line":270,"column":88}},"type":"binary-expr","locations":[{"start":{"line":270,"column":6},"end":{"line":270,"column":43}},{"start":{"line":270,"column":47},"end":{"line":270,"column":88}}],"line":270},"30":{"loc":{"start":{"line":275,"column":2},"end":{"line":277,"column":3}},"type":"if","locations":[{"start":{"line":275,"column":2},"end":{"line":277,"column":3}},{"start":{},"end":{}}],"line":275},"31":{"loc":{"start":{"line":280,"column":2},"end":{"line":284,"column":3}},"type":"if","locations":[{"start":{"line":280,"column":2},"end":{"line":284,"column":3}},{"start":{},"end":{}}],"line":280},"32":{"loc":{"start":{"line":285,"column":2},"end":{"line":287,"column":3}},"type":"if","locations":[{"start":{"line":285,"column":2},"end":{"line":287,"column":3}},{"start":{},"end":{}}],"line":285},"33":{"loc":{"start":{"line":285,"column":6},"end":{"line":285,"column":36}},"type":"binary-expr","locations":[{"start":{"line":285,"column":6},"end":{"line":285,"column":13}},{"start":{"line":285,"column":17},"end":{"line":285,"column":23}},{"start":{"line":285,"column":27},"end":{"line":285,"column":36}}],"line":285},"34":{"loc":{"start":{"line":292,"column":4},"end":{"line":295,"column":5}},"type":"if","locations":[{"start":{"line":292,"column":4},"end":{"line":295,"column":5}},{"start":{},"end":{}}],"line":292}},"s":{"0":0,"1":0,"2":0,"3":0,"4":0,"5":0,"6":0,"7":0,"8":0,"9":0,"10":0,"11":0,"12":0,"13":0,"14":0,"15":0,"16":0,"17":0,"18":0,"19":0,"20":0,"21":0,"22":0,"23":0,"24":0,"25":0,"26":0,"27":0,"28":0,"29":0,"30":0,"31":0,"32":0,"33":0,"34":0,"35":0,"36":0,"37":0,"38":0,"39":0,"40":0,"41":0,"42":0,"43":0,"44":0,"45":0,"46":0,"47":0,"48":0,"49":0,"50":0,"51":0,"52":0,"53":0,"54":0,"55":0,"56":0,"57":0,"58":0,"59":0,"60":0,"61":0,"62":0,"63":0,"64":0,"65":0,"66":0,"67":0,"68":0,"69":0,"70":0,"71":0,"72":0,"73":0,"74":0,"75":0,"76":0,"77":0,"78":0,"79":0,"80":0,"81":0,"82":0,"83":0,"84":0,"85":0,"86":0,"87":0,"88":0,"89":0,"90":0,"91":0,"92":0,"93":0,"94":0,"95":0,"96":0,"97":0,"98":0,"99":0,"100":0,"101":0,"102":0,"103":0,"104":0,"105":0,"106":0,"107":0,"108":0,"109":0,"110":0,"111":0,"112":0,"113":0,"114":0,"115":0,"116":0,"117":0,"118":0,"119":0,"120":0,"121":0,"122":0,"123":0,"124":0,"125":0,"126":0,"127":0,"128":0,"129":0,"130":0},"f":{"0":0,"1":0,"2":0,"3":0,"4":0,"5":0,"6":0,"7":0},"b":{"0":[0,0],"1":[0,0],"2":[0,0],"3":[0,0,0,0,0],"4":[0,0],"5":[0,0],"6":[0,0],"7":[0,0],"8":[0,0],"9":[0,0],"10":[0,0],"11":[0],"12":[0,0],"13":[0,0,0,0,0],"14":[0,0],"15":[0,0],"16":[0,0],"17":[0,0],"18":[0,0],"19":[0,0],"20":[0,0],"21":[0,0],"22":[0,0],"23":[0,0],"24":[0,0],"25":[0,0],"26":[0,0],"27":[0,0],"28":[0,0],"29":[0,0],"30":[0,0],"31":[0,0],"32":[0,0],"33":[0,0,0],"34":[0,0]}}
,"/workspace/backend/src/controllers/categoriaController.js": {"path":"/workspace/backend/src/controllers/categoriaController.js","statementMap":{"0":{"start":{"line":1,"column":19},"end":{"line":1,"column":52}},"1":{"start":{"line":2,"column":17},"end":{"line":2,"column":47}},"2":{"start":{"line":4,"column":22},"end":{"line":4,"column":32}},"3":{"start":{"line":6,"column":15},"end":{"line":16,"column":1}},"4":{"start":{"line":7,"column":2},"end":{"line":15,"column":3}},"5":{"start":{"line":8,"column":23},"end":{"line":11,"column":6}},"6":{"start":{"line":12,"column":4},"end":{"line":12,"column":25}},"7":{"start":{"line":14,"column":4},"end":{"line":14,"column":51}},"8":{"start":{"line":18,"column":14},"end":{"line":37,"column":1}},"9":{"start":{"line":19,"column":2},"end":{"line":36,"column":3}},"10":{"start":{"line":20,"column":22},"end":{"line":23,"column":6}},"11":{"start":{"line":26,"column":4},"end":{"line":31,"column":15}},"12":{"start":{"line":33,"column":4},"end":{"line":33,"column":36}},"13":{"start":{"line":35,"column":4},"end":{"line":35,"column":51}},"14":{"start":{"line":39,"column":17},"end":{"line":50,"column":1}},"15":{"start":{"line":40,"column":2},"end":{"line":49,"column":3}},"16":{"start":{"line":41,"column":22},"end":{"line":43,"column":6}},"17":{"start":{"line":44,"column":4},"end":{"line":44,"column":86}},"18":{"start":{"line":44,"column":20},"end":{"line":44,"column":86}},"19":{"start":{"line":45,"column":4},"end":{"line":45,"column":30}},"20":{"start":{"line":46,"column":4},"end":{"line":46,"column":49}},"21":{"start":{"line":48,"column":4},"end":{"line":48,"column":51}},"22":{"start":{"line":52,"column":0},"end":{"line":52,"column":45}}},"fnMap":{"0":{"name":"(anonymous_0)","decl":{"start":{"line":6,"column":15},"end":{"line":6,"column":16}},"loc":{"start":{"line":6,"column":35},"end":{"line":16,"column":1}},"line":6},"1":{"name":"(anonymous_1)","decl":{"start":{"line":18,"column":14},"end":{"line":18,"column":15}},"loc":{"start":{"line":18,"column":34},"end":{"line":37,"column":1}},"line":18},"2":{"name":"(anonymous_2)","decl":{"start":{"line":39,"column":17},"end":{"line":39,"column":18}},"loc":{"start":{"line":39,"column":37},"end":{"line":50,"column":1}},"line":39}},"branchMap":{"0":{"loc":{"start":{"line":44,"column":4},"end":{"line":44,"column":86}},"type":"if","locations":[{"start":{"line":44,"column":4},"end":{"line":44,"column":86}},{"start":{},"end":{}}],"line":44}},"s":{"0":2,"1":2,"2":2,"3":2,"4":0,"5":0,"6":0,"7":0,"8":2,"9":0,"10":0,"11":0,"12":0,"13":0,"14":2,"15":0,"16":0,"17":0,"18":0,"19":0,"20":0,"21":0,"22":2},"f":{"0":0,"1":0,"2":0},"b":{"0":[0,0]},"_coverageSchema":"1a1c01bbd47fc00a2c39e90264f33305004495a9","hash":"cd2999e943cb30f5c4a80a8b955bf48d8aa94d0e"}
,"/workspace/backend/src/controllers/clienteController.js": {"path":"/workspace/backend/src/controllers/clienteController.js","statementMap":{"0":{"start":{"line":1,"column":19},"end":{"line":1,"column":52}},"1":{"start":{"line":2,"column":17},"end":{"line":2,"column":47}},"2":{"start":{"line":4,"column":20},"end":{"line":4,"column":30}},"3":{"start":{"line":6,"column":15},"end":{"line":16,"column":1}},"4":{"start":{"line":7,"column":4},"end":{"line":15,"column":5}},"5":{"start":{"line":8,"column":25},"end":{"line":11,"column":10}},"6":{"start":{"line":12,"column":8},"end":{"line":12,"column":27}},"7":{"start":{"line":14,"column":8},"end":{"line":14,"column":55}},"8":{"start":{"line":18,"column":14},"end":{"line":37,"column":1}},"9":{"start":{"line":19,"column":4},"end":{"line":36,"column":5}},"10":{"start":{"line":20,"column":24},"end":{"line":23,"column":10}},"11":{"start":{"line":26,"column":8},"end":{"line":31,"column":19}},"12":{"start":{"line":33,"column":8},"end":{"line":33,"column":38}},"13":{"start":{"line":35,"column":8},"end":{"line":35,"column":55}},"14":{"start":{"line":39,"column":19},"end":{"line":50,"column":1}},"15":{"start":{"line":40,"column":4},"end":{"line":49,"column":5}},"16":{"start":{"line":41,"column":24},"end":{"line":43,"column":10}},"17":{"start":{"line":44,"column":8},"end":{"line":44,"column":86}},"18":{"start":{"line":44,"column":22},"end":{"line":44,"column":86}},"19":{"start":{"line":45,"column":8},"end":{"line":45,"column":39}},"20":{"start":{"line":46,"column":8},"end":{"line":46,"column":26}},"21":{"start":{"line":48,"column":8},"end":{"line":48,"column":55}},"22":{"start":{"line":52,"column":17},"end":{"line":63,"column":1}},"23":{"start":{"line":53,"column":4},"end":{"line":62,"column":5}},"24":{"start":{"line":54,"column":24},"end":{"line":56,"column":10}},"25":{"start":{"line":57,"column":8},"end":{"line":57,"column":86}},"26":{"start":{"line":57,"column":22},"end":{"line":57,"column":86}},"27":{"start":{"line":58,"column":8},"end":{"line":58,"column":32}},"28":{"start":{"line":59,"column":8},"end":{"line":59,"column":51}},"29":{"start":{"line":61,"column":8},"end":{"line":61,"column":55}},"30":{"start":{"line":65,"column":0},"end":{"line":65,"column":57}}},"fnMap":{"0":{"name":"(anonymous_0)","decl":{"start":{"line":6,"column":15},"end":{"line":6,"column":16}},"loc":{"start":{"line":6,"column":35},"end":{"line":16,"column":1}},"line":6},"1":{"name":"(anonymous_1)","decl":{"start":{"line":18,"column":14},"end":{"line":18,"column":15}},"loc":{"start":{"line":18,"column":34},"end":{"line":37,"column":1}},"line":18},"2":{"name":"(anonymous_2)","decl":{"start":{"line":39,"column":19},"end":{"line":39,"column":20}},"loc":{"start":{"line":39,"column":39},"end":{"line":50,"column":1}},"line":39},"3":{"name":"(anonymous_3)","decl":{"start":{"line":52,"column":17},"end":{"line":52,"column":18}},"loc":{"start":{"line":52,"column":37},"end":{"line":63,"column":1}},"line":52}},"branchMap":{"0":{"loc":{"start":{"line":44,"column":8},"end":{"line":44,"column":86}},"type":"if","locations":[{"start":{"line":44,"column":8},"end":{"line":44,"column":86}},{"start":{},"end":{}}],"line":44},"1":{"loc":{"start":{"line":57,"column":8},"end":{"line":57,"column":86}},"type":"if","locations":[{"start":{"line":57,"column":8},"end":{"line":57,"column":86}},{"start":{},"end":{}}],"line":57}},"s":{"0":2,"1":2,"2":2,"3":2,"4":0,"5":0,"6":0,"7":0,"8":2,"9":0,"10":0,"11":0,"12":0,"13":0,"14":2,"15":0,"16":0,"17":0,"18":0,"19":0,"20":0,"21":0,"22":2,"23":0,"24":0,"25":0,"26":0,"27":0,"28":0,"29":0,"30":2},"f":{"0":0,"1":0,"2":0,"3":0},"b":{"0":[0,0],"1":[0,0]},"_coverageSchema":"1a1c01bbd47fc00a2c39e90264f33305004495a9","hash":"e9f943d7a0377b50bb9beeb89e894a2bd025b8a1"}
,"/workspace/backend/src/controllers/dashboardController.js": {"path":"/workspace/backend/src/controllers/dashboardController.js","statementMap":{"0":{"start":{"line":1,"column":19},"end":{"line":1,"column":52}},"1":{"start":{"line":3,"column":60},"end":{"line":3,"column":70}},"2":{"start":{"line":4,"column":15},"end":{"line":4,"column":35}},"3":{"start":{"line":6,"column":16},"end":{"line":59,"column":1}},"4":{"start":{"line":7,"column":23},"end":{"line":7,"column":45}},"5":{"start":{"line":8,"column":18},"end":{"line":8,"column":28}},"6":{"start":{"line":9,"column":22},"end":{"line":9,"column":72}},"7":{"start":{"line":10,"column":30},"end":{"line":10,"column":84}},"8":{"start":{"line":11,"column":27},"end":{"line":11,"column":77}},"9":{"start":{"line":13,"column":4},"end":{"line":58,"column":5}},"10":{"start":{"line":15,"column":26},"end":{"line":17,"column":15}},"11":{"start":{"line":20,"column":34},"end":{"line":22,"column":15}},"12":{"start":{"line":25,"column":26},"end":{"line":27,"column":15}},"13":{"start":{"line":30,"column":31},"end":{"line":32,"column":10}},"14":{"start":{"line":35,"column":26},"end":{"line":41,"column":10}},"15":{"start":{"line":44,"column":28},"end":{"line":46,"column":15}},"16":{"start":{"line":48,"column":8},"end":{"line":55,"column":11}},"17":{"start":{"line":57,"column":8},"end":{"line":57,"column":55}},"18":{"start":{"line":61,"column":24},"end":{"line":81,"column":1}},"19":{"start":{"line":62,"column":23},"end":{"line":62,"column":45}},"20":{"start":{"line":63,"column":4},"end":{"line":80,"column":5}},"21":{"start":{"line":64,"column":22},"end":{"line":76,"column":10}},"22":{"start":{"line":77,"column":8},"end":{"line":77,"column":24}},"23":{"start":{"line":79,"column":8},"end":{"line":79,"column":55}},"24":{"start":{"line":83,"column":24},"end":{"line":102,"column":1}},"25":{"start":{"line":84,"column":23},"end":{"line":84,"column":45}},"26":{"start":{"line":85,"column":4},"end":{"line":101,"column":5}},"27":{"start":{"line":86,"column":22},"end":{"line":97,"column":10}},"28":{"start":{"line":98,"column":8},"end":{"line":98,"column":24}},"29":{"start":{"line":100,"column":8},"end":{"line":100,"column":55}},"30":{"start":{"line":104,"column":21},"end":{"line":126,"column":1}},"31":{"start":{"line":105,"column":23},"end":{"line":105,"column":45}},"32":{"start":{"line":106,"column":4},"end":{"line":125,"column":5}},"33":{"start":{"line":107,"column":22},"end":{"line":121,"column":10}},"34":{"start":{"line":122,"column":8},"end":{"line":122,"column":24}},"35":{"start":{"line":124,"column":8},"end":{"line":124,"column":55}},"36":{"start":{"line":128,"column":0},"end":{"line":128,"column":77}}},"fnMap":{"0":{"name":"(anonymous_0)","decl":{"start":{"line":6,"column":16},"end":{"line":6,"column":17}},"loc":{"start":{"line":6,"column":36},"end":{"line":59,"column":1}},"line":6},"1":{"name":"(anonymous_1)","decl":{"start":{"line":61,"column":24},"end":{"line":61,"column":25}},"loc":{"start":{"line":61,"column":44},"end":{"line":81,"column":1}},"line":61},"2":{"name":"(anonymous_2)","decl":{"start":{"line":83,"column":24},"end":{"line":83,"column":25}},"loc":{"start":{"line":83,"column":44},"end":{"line":102,"column":1}},"line":83},"3":{"name":"(anonymous_3)","decl":{"start":{"line":104,"column":21},"end":{"line":104,"column":22}},"loc":{"start":{"line":104,"column":41},"end":{"line":126,"column":1}},"line":104}},"branchMap":{"0":{"loc":{"start":{"line":15,"column":26},"end":{"line":17,"column":15}},"type":"binary-expr","locations":[{"start":{"line":15,"column":26},"end":{"line":17,"column":10}},{"start":{"line":17,"column":14},"end":{"line":17,"column":15}}],"line":15},"1":{"loc":{"start":{"line":20,"column":34},"end":{"line":22,"column":15}},"type":"binary-expr","locations":[{"start":{"line":20,"column":34},"end":{"line":22,"column":10}},{"start":{"line":22,"column":14},"end":{"line":22,"column":15}}],"line":20},"2":{"loc":{"start":{"line":25,"column":26},"end":{"line":27,"column":15}},"type":"binary-expr","locations":[{"start":{"line":25,"column":26},"end":{"line":27,"column":10}},{"start":{"line":27,"column":14},"end":{"line":27,"column":15}}],"line":25},"3":{"loc":{"start":{"line":44,"column":28},"end":{"line":46,"column":15}},"type":"cond-expr","locations":[{"start":{"line":45,"column":14},"end":{"line":45,"column":86}},{"start":{"line":46,"column":14},"end":{"line":46,"column":15}}],"line":44}},"s":{"0":2,"1":2,"2":2,"3":2,"4":0,"5":0,"6":0,"7":0,"8":0,"9":0,"10":0,"11":0,"12":0,"13":0,"14":0,"15":0,"16":0,"17":0,"18":2,"19":0,"20":0,"21":0,"22":0,"23":0,"24":2,"25":0,"26":0,"27":0,"28":0,"29":0,"30":2,"31":0,"32":0,"33":0,"34":0,"35":0,"36":2},"f":{"0":0,"1":0,"2":0,"3":0},"b":{"0":[0,0],"1":[0,0],"2":[0,0],"3":[0,0]},"_coverageSchema":"1a1c01bbd47fc00a2c39e90264f33305004495a9","hash":"6587d74a6d0c0b70deaf747832ccf453b70f7c50"}
,"/workspace/backend/src/controllers/gastoController.js": {"path":"/workspace/backend/src/controllers/gastoController.js","statementMap":{"0":{"start":{"line":1,"column":19},"end":{"line":1,"column":52}},"1":{"start":{"line":2,"column":17},"end":{"line":2,"column":47}},"2":{"start":{"line":4,"column":18},"end":{"line":4,"column":28}},"3":{"start":{"line":6,"column":15},"end":{"line":16,"column":1}},"4":{"start":{"line":7,"column":4},"end":{"line":15,"column":5}},"5":{"start":{"line":8,"column":23},"end":{"line":11,"column":10}},"6":{"start":{"line":12,"column":8},"end":{"line":12,"column":25}},"7":{"start":{"line":14,"column":8},"end":{"line":14,"column":55}},"8":{"start":{"line":18,"column":14},"end":{"line":39,"column":1}},"9":{"start":{"line":19,"column":4},"end":{"line":38,"column":5}},"10":{"start":{"line":20,"column":22},"end":{"line":24,"column":10}},"11":{"start":{"line":27,"column":8},"end":{"line":33,"column":19}},"12":{"start":{"line":35,"column":8},"end":{"line":35,"column":36}},"13":{"start":{"line":37,"column":8},"end":{"line":37,"column":55}},"14":{"start":{"line":41,"column":0},"end":{"line":41,"column":35}}},"fnMap":{"0":{"name":"(anonymous_0)","decl":{"start":{"line":6,"column":15},"end":{"line":6,"column":16}},"loc":{"start":{"line":6,"column":35},"end":{"line":16,"column":1}},"line":6},"1":{"name":"(anonymous_1)","decl":{"start":{"line":18,"column":14},"end":{"line":18,"column":15}},"loc":{"start":{"line":18,"column":34},"end":{"line":39,"column":1}},"line":18}},"branchMap":{},"s":{"0":2,"1":2,"2":2,"3":2,"4":0,"5":0,"6":0,"7":0,"8":2,"9":0,"10":0,"11":0,"12":0,"13":0,"14":2},"f":{"0":0,"1":0},"b":{},"_coverageSchema":"1a1c01bbd47fc00a2c39e90264f33305004495a9","hash":"866243e7a1bb0dfab94349a342e9f978f2fd1c91"}
,"/workspace/backend/src/controllers/inventarioController.js": {"path":"/workspace/backend/src/controllers/inventarioController.js","statementMap":{"0":{"start":{"line":1,"column":19},"end":{"line":1,"column":52}},"1":{"start":{"line":2,"column":21},"end":{"line":2,"column":51}},"2":{"start":{"line":4,"column":54},"end":{"line":4,"column":64}},"3":{"start":{"line":5,"column":15},"end":{"line":5,"column":35}},"4":{"start":{"line":7,"column":15},"end":{"line":17,"column":1}},"5":{"start":{"line":8,"column":4},"end":{"line":16,"column":5}},"6":{"start":{"line":9,"column":26},"end":{"line":12,"column":10}},"7":{"start":{"line":13,"column":8},"end":{"line":13,"column":28}},"8":{"start":{"line":15,"column":8},"end":{"line":15,"column":55}},"9":{"start":{"line":19,"column":28},"end":{"line":81,"column":1}},"10":{"start":{"line":20,"column":14},"end":{"line":20,"column":43}},"11":{"start":{"line":21,"column":4},"end":{"line":80,"column":5}},"12":{"start":{"line":22,"column":56},"end":{"line":22,"column":64}},"13":{"start":{"line":24,"column":25},"end":{"line":27,"column":10}},"14":{"start":{"line":28,"column":8},"end":{"line":28,"column":88}},"15":{"start":{"line":28,"column":23},"end":{"line":28,"column":88}},"16":{"start":{"line":31,"column":8},"end":{"line":34,"column":9}},"17":{"start":{"line":32,"column":12},"end":{"line":32,"column":31}},"18":{"start":{"line":33,"column":12},"end":{"line":33,"column":73}},"19":{"start":{"line":37,"column":27},"end":{"line":39,"column":49}},"20":{"start":{"line":41,"column":8},"end":{"line":41,"column":73}},"21":{"start":{"line":44,"column":27},"end":{"line":51,"column":30}},"22":{"start":{"line":53,"column":8},"end":{"line":53,"column":25}},"23":{"start":{"line":56,"column":8},"end":{"line":64,"column":19}},"24":{"start":{"line":67,"column":8},"end":{"line":74,"column":9}},"25":{"start":{"line":68,"column":12},"end":{"line":73,"column":23}},"26":{"start":{"line":76,"column":8},"end":{"line":76,"column":71}},"27":{"start":{"line":78,"column":8},"end":{"line":78,"column":27}},"28":{"start":{"line":79,"column":8},"end":{"line":79,"column":55}},"29":{"start":{"line":83,"column":18},"end":{"line":95,"column":1}},"30":{"start":{"line":84,"column":4},"end":{"line":94,"column":5}},"31":{"start":{"line":85,"column":28},"end":{"line":90,"column":10}},"32":{"start":{"line":91,"column":8},"end":{"line":91,"column":30}},"33":{"start":{"line":93,"column":8},"end":{"line":93,"column":55}},"34":{"start":{"line":97,"column":18},"end":{"line":110,"column":1}},"35":{"start":{"line":98,"column":4},"end":{"line":109,"column":5}},"36":{"start":{"line":99,"column":26},"end":{"line":105,"column":10}},"37":{"start":{"line":106,"column":8},"end":{"line":106,"column":28}},"38":{"start":{"line":108,"column":8},"end":{"line":108,"column":55}},"39":{"start":{"line":112,"column":0},"end":{"line":112,"column":71}}},"fnMap":{"0":{"name":"(anonymous_0)","decl":{"start":{"line":7,"column":15},"end":{"line":7,"column":16}},"loc":{"start":{"line":7,"column":35},"end":{"line":17,"column":1}},"line":7},"1":{"name":"(anonymous_1)","decl":{"start":{"line":19,"column":28},"end":{"line":19,"column":29}},"loc":{"start":{"line":19,"column":48},"end":{"line":81,"column":1}},"line":19},"2":{"name":"(anonymous_2)","decl":{"start":{"line":83,"column":18},"end":{"line":83,"column":19}},"loc":{"start":{"line":83,"column":38},"end":{"line":95,"column":1}},"line":83},"3":{"name":"(anonymous_3)","decl":{"start":{"line":97,"column":18},"end":{"line":97,"column":19}},"loc":{"start":{"line":97,"column":38},"end":{"line":110,"column":1}},"line":97}},"branchMap":{"0":{"loc":{"start":{"line":28,"column":8},"end":{"line":28,"column":88}},"type":"if","locations":[{"start":{"line":28,"column":8},"end":{"line":28,"column":88}},{"start":{},"end":{}}],"line":28},"1":{"loc":{"start":{"line":31,"column":8},"end":{"line":34,"column":9}},"type":"if","locations":[{"start":{"line":31,"column":8},"end":{"line":34,"column":9}},{"start":{},"end":{}}],"line":31},"2":{"loc":{"start":{"line":31,"column":12},"end":{"line":31,"column":58}},"type":"binary-expr","locations":[{"start":{"line":31,"column":12},"end":{"line":31,"column":29}},{"start":{"line":31,"column":33},"end":{"line":31,"column":58}}],"line":31},"3":{"loc":{"start":{"line":37,"column":27},"end":{"line":39,"column":49}},"type":"cond-expr","locations":[{"start":{"line":38,"column":14},"end":{"line":38,"column":49}},{"start":{"line":39,"column":14},"end":{"line":39,"column":49}}],"line":37},"4":{"loc":{"start":{"line":67,"column":8},"end":{"line":74,"column":9}},"type":"if","locations":[{"start":{"line":67,"column":8},"end":{"line":74,"column":9}},{"start":{},"end":{}}],"line":67}},"s":{"0":2,"1":2,"2":2,"3":2,"4":2,"5":0,"6":0,"7":0,"8":0,"9":2,"10":0,"11":0,"12":0,"13":0,"14":0,"15":0,"16":0,"17":0,"18":0,"19":0,"20":0,"21":0,"22":0,"23":0,"24":0,"25":0,"26":0,"27":0,"28":0,"29":2,"30":0,"31":0,"32":0,"33":0,"34":2,"35":0,"36":0,"37":0,"38":0,"39":2},"f":{"0":0,"1":0,"2":0,"3":0},"b":{"0":[0,0],"1":[0,0],"2":[0,0],"3":[0,0],"4":[0,0]},"_coverageSchema":"1a1c01bbd47fc00a2c39e90264f33305004495a9","hash":"bad34db4e1a06eeeaa2f5176a887a39b1aef3f73"}
,"/workspace/backend/src/controllers/productoController.js": {"path":"/workspace/backend/src/controllers/productoController.js","statementMap":{"0":{"start":{"line":1,"column":19},"end":{"line":1,"column":52}},"1":{"start":{"line":2,"column":21},"end":{"line":2,"column":51}},"2":{"start":{"line":3,"column":40},"end":{"line":3,"column":77}},"3":{"start":{"line":5,"column":32},"end":{"line":5,"column":42}},"4":{"start":{"line":7,"column":15},"end":{"line":13,"column":2}},"5":{"start":{"line":8,"column":22},"end":{"line":11,"column":6}},"6":{"start":{"line":12,"column":4},"end":{"line":12,"column":24}},"7":{"start":{"line":15,"column":14},"end":{"line":30,"column":2}},"8":{"start":{"line":16,"column":21},"end":{"line":19,"column":6}},"9":{"start":{"line":22,"column":4},"end":{"line":27,"column":15}},"10":{"start":{"line":29,"column":4},"end":{"line":29,"column":35}},"11":{"start":{"line":32,"column":19},"end":{"line":50,"column":2}},"12":{"start":{"line":33,"column":21},"end":{"line":35,"column":6}},"13":{"start":{"line":36,"column":4},"end":{"line":38,"column":5}},"14":{"start":{"line":37,"column":8},"end":{"line":37,"column":58}},"15":{"start":{"line":40,"column":32},"end":{"line":40,"column":63}},"16":{"start":{"line":43,"column":4},"end":{"line":47,"column":15}},"17":{"start":{"line":49,"column":4},"end":{"line":49,"column":34}},"18":{"start":{"line":52,"column":17},"end":{"line":69,"column":2}},"19":{"start":{"line":53,"column":21},"end":{"line":55,"column":6}},"20":{"start":{"line":56,"column":4},"end":{"line":58,"column":5}},"21":{"start":{"line":57,"column":8},"end":{"line":57,"column":58}},"22":{"start":{"line":60,"column":4},"end":{"line":60,"column":50}},"23":{"start":{"line":63,"column":4},"end":{"line":66,"column":15}},"24":{"start":{"line":68,"column":4},"end":{"line":68,"column":48}},"25":{"start":{"line":71,"column":0},"end":{"line":71,"column":57}}},"fnMap":{"0":{"name":"(anonymous_0)","decl":{"start":{"line":7,"column":28},"end":{"line":7,"column":29}},"loc":{"start":{"line":7,"column":48},"end":{"line":13,"column":1}},"line":7},"1":{"name":"(anonymous_1)","decl":{"start":{"line":15,"column":27},"end":{"line":15,"column":28}},"loc":{"start":{"line":15,"column":47},"end":{"line":30,"column":1}},"line":15},"2":{"name":"(anonymous_2)","decl":{"start":{"line":32,"column":32},"end":{"line":32,"column":33}},"loc":{"start":{"line":32,"column":52},"end":{"line":50,"column":1}},"line":32},"3":{"name":"(anonymous_3)","decl":{"start":{"line":52,"column":30},"end":{"line":52,"column":31}},"loc":{"start":{"line":52,"column":50},"end":{"line":69,"column":1}},"line":52}},"branchMap":{"0":{"loc":{"start":{"line":36,"column":4},"end":{"line":38,"column":5}},"type":"if","locations":[{"start":{"line":36,"column":4},"end":{"line":38,"column":5}},{"start":{},"end":{}}],"line":36},"1":{"loc":{"start":{"line":56,"column":4},"end":{"line":58,"column":5}},"type":"if","locations":[{"start":{"line":56,"column":4},"end":{"line":58,"column":5}},{"start":{},"end":{}}],"line":56}},"s":{"0":2,"1":2,"2":2,"3":2,"4":2,"5":0,"6":0,"7":2,"8":0,"9":0,"10":0,"11":2,"12":0,"13":0,"14":0,"15":0,"16":0,"17":0,"18":2,"19":0,"20":0,"21":0,"22":0,"23":0,"24":0,"25":2},"f":{"0":0,"1":0,"2":0,"3":0},"b":{"0":[0,0],"1":[0,0]},"_coverageSchema":"1a1c01bbd47fc00a2c39e90264f33305004495a9","hash":"e20c3eb32af0820339e28f4f6270b0c4bdc5fe02"}
,"/workspace/backend/src/controllers/proveedorController.js": {"path":"/workspace/backend/src/controllers/proveedorController.js","statementMap":{"0":{"start":{"line":1,"column":19},"end":{"line":1,"column":52}},"1":{"start":{"line":2,"column":17},"end":{"line":2,"column":47}},"2":{"start":{"line":4,"column":22},"end":{"line":4,"column":32}},"3":{"start":{"line":6,"column":15},"end":{"line":16,"column":1}},"4":{"start":{"line":7,"column":4},"end":{"line":15,"column":5}},"5":{"start":{"line":8,"column":28},"end":{"line":11,"column":10}},"6":{"start":{"line":12,"column":8},"end":{"line":12,"column":30}},"7":{"start":{"line":14,"column":8},"end":{"line":14,"column":55}},"8":{"start":{"line":18,"column":14},"end":{"line":37,"column":1}},"9":{"start":{"line":19,"column":4},"end":{"line":36,"column":5}},"10":{"start":{"line":20,"column":26},"end":{"line":23,"column":10}},"11":{"start":{"line":26,"column":8},"end":{"line":31,"column":19}},"12":{"start":{"line":33,"column":8},"end":{"line":33,"column":40}},"13":{"start":{"line":35,"column":8},"end":{"line":35,"column":55}},"14":{"start":{"line":39,"column":19},"end":{"line":50,"column":1}},"15":{"start":{"line":40,"column":4},"end":{"line":49,"column":5}},"16":{"start":{"line":41,"column":26},"end":{"line":43,"column":10}},"17":{"start":{"line":44,"column":8},"end":{"line":44,"column":90}},"18":{"start":{"line":44,"column":24},"end":{"line":44,"column":90}},"19":{"start":{"line":45,"column":8},"end":{"line":45,"column":41}},"20":{"start":{"line":46,"column":8},"end":{"line":46,"column":28}},"21":{"start":{"line":48,"column":8},"end":{"line":48,"column":55}},"22":{"start":{"line":52,"column":17},"end":{"line":63,"column":1}},"23":{"start":{"line":53,"column":4},"end":{"line":62,"column":5}},"24":{"start":{"line":54,"column":26},"end":{"line":56,"column":10}},"25":{"start":{"line":57,"column":8},"end":{"line":57,"column":90}},"26":{"start":{"line":57,"column":24},"end":{"line":57,"column":90}},"27":{"start":{"line":58,"column":8},"end":{"line":58,"column":34}},"28":{"start":{"line":59,"column":8},"end":{"line":59,"column":53}},"29":{"start":{"line":61,"column":8},"end":{"line":61,"column":55}},"30":{"start":{"line":65,"column":0},"end":{"line":65,"column":57}}},"fnMap":{"0":{"name":"(anonymous_0)","decl":{"start":{"line":6,"column":15},"end":{"line":6,"column":16}},"loc":{"start":{"line":6,"column":35},"end":{"line":16,"column":1}},"line":6},"1":{"name":"(anonymous_1)","decl":{"start":{"line":18,"column":14},"end":{"line":18,"column":15}},"loc":{"start":{"line":18,"column":34},"end":{"line":37,"column":1}},"line":18},"2":{"name":"(anonymous_2)","decl":{"start":{"line":39,"column":19},"end":{"line":39,"column":20}},"loc":{"start":{"line":39,"column":39},"end":{"line":50,"column":1}},"line":39},"3":{"name":"(anonymous_3)","decl":{"start":{"line":52,"column":17},"end":{"line":52,"column":18}},"loc":{"start":{"line":52,"column":37},"end":{"line":63,"column":1}},"line":52}},"branchMap":{"0":{"loc":{"start":{"line":44,"column":8},"end":{"line":44,"column":90}},"type":"if","locations":[{"start":{"line":44,"column":8},"end":{"line":44,"column":90}},{"start":{},"end":{}}],"line":44},"1":{"loc":{"start":{"line":57,"column":8},"end":{"line":57,"column":90}},"type":"if","locations":[{"start":{"line":57,"column":8},"end":{"line":57,"column":90}},{"start":{},"end":{}}],"line":57}},"s":{"0":2,"1":2,"2":2,"3":2,"4":0,"5":0,"6":0,"7":0,"8":2,"9":0,"10":0,"11":0,"12":0,"13":0,"14":2,"15":0,"16":0,"17":0,"18":0,"19":0,"20":0,"21":0,"22":2,"23":0,"24":0,"25":0,"26":0,"27":0,"28":0,"29":0,"30":2},"f":{"0":0,"1":0,"2":0,"3":0},"b":{"0":[0,0],"1":[0,0]},"_coverageSchema":"1a1c01bbd47fc00a2c39e90264f33305004495a9","hash":"e2b89364ec0ca25f3faaedce74ba21936a662a77"}
[...]
,"/workspace/backend/src/workers/eventProcessor.js": {"path":"/workspace/backend/src/workers/eventProcessor.js","statementMap":{"0":{"start":{"line":17,"column":17},"end":{"line":17,"column":47}},"1":{"start":{"line":18,"column":22},"end":{"line":18,"column":58}},"2":{"start":{"line":21,"column":28},"end":{"line":21,"column":83}},"3":{"start":{"line":22,"column":28},"end":{"line":22,"column":86}},"4":{"start":{"line":23,"column":25},"end":{"line":23,"column":70}},"5":{"start":{"line":24,"column":28},"end":{"line":24,"column":75}},"6":{"start":{"line":26,"column":16},"end":{"line":26,"column":21}},"7":{"start":{"line":27,"column":22},"end":{"line":27,"column":26}},"8":{"start":{"line":28,"column":22},"end":{"line":28,"column":26}},"9":{"start":{"line":34,"column":2},"end":{"line":37,"column":3}},"10":{"start":{"line":35,"column":4},"end":{"line":35,"column":78}},"11":{"start":{"line":36,"column":4},"end":{"line":36,"column":11}},"12":{"start":{"line":39,"column":2},"end":{"line":39,"column":19}},"13":{"start":{"line":41,"column":2},"end":{"line":51,"column":3}},"14":{"start":{"line":42,"column":19},"end":{"line":42,"column":72}},"15":{"start":{"line":44,"column":4},"end":{"line":46,"column":5}},"16":{"start":{"line":45,"column":6},"end":{"line":45,"column":132}},"17":{"start":{"line":48,"column":4},"end":{"line":48,"column":74}},"18":{"start":{"line":50,"column":4},"end":{"line":50,"column":22}},"19":{"start":{"line":58,"column":2},"end":{"line":62,"column":3}},"20":{"start":{"line":59,"column":4},"end":{"line":59,"column":57}},"21":{"start":{"line":61,"column":4},"end":{"line":61,"column":75}},"22":{"start":{"line":69,"column":2},"end":{"line":69,"column":79}},"23":{"start":{"line":70,"column":2},"end":{"line":70,"column":46}},"24":{"start":{"line":71,"column":2},"end":{"line":71,"column":68}},"25":{"start":{"line":72,"column":2},"end":{"line":72,"column":69}},"26":{"start":{"line":73,"column":2},"end":{"line":73,"column":60}},"27":{"start":{"line":74,"column":2},"end":{"line":74,"column":61}},"28":{"start":{"line":77,"column":2},"end":{"line":83,"column":3}},"29":{"start":{"line":78,"column":4},"end":{"line":78,"column":35}},"30":{"start":{"line":79,"column":4},"end":{"line":79,"column":58}},"31":{"start":{"line":81,"column":4},"end":{"line":81,"column":83}},"32":{"start":{"line":82,"column":4},"end":{"line":82,"column":20}},"33":{"start":{"line":86,"column":2},"end":{"line":86,"column":75}},"34":{"start":{"line":87,"column":2},"end":{"line":87,"column":23}},"35":{"start":{"line":90,"column":2},"end":{"line":90,"column":67}},"36":{"start":{"line":91,"column":2},"end":{"line":91,"column":65}},"37":{"start":{"line":93,"column":2},"end":{"line":93,"column":60}},"38":{"start":{"line":100,"column":2},"end":{"line":100,"column":52}},"39":{"start":{"line":102,"column":2},"end":{"line":105,"column":3}},"40":{"start":{"line":103,"column":4},"end":{"line":103,"column":35}},"41":{"start":{"line":104,"column":4},"end":{"line":104,"column":27}},"42":{"start":{"line":107,"column":2},"end":{"line":110,"column":3}},"43":{"start":{"line":108,"column":4},"end":{"line":108,"column":35}},"44":{"start":{"line":109,"column":4},"end":{"line":109,"column":27}},"45":{"start":{"line":112,"column":2},"end":{"line":112,"column":47}},"46":{"start":{"line":116,"column":0},"end":{"line":120,"column":3}},"47":{"start":{"line":117,"column":2},"end":{"line":117,"column":54}},"48":{"start":{"line":118,"column":2},"end":{"line":118,"column":9}},"49":{"start":{"line":119,"column":2},"end":{"line":119,"column":18}},"50":{"start":{"line":122,"column":0},"end":{"line":126,"column":3}},"51":{"start":{"line":123,"column":2},"end":{"line":123,"column":53}},"52":{"start":{"line":124,"column":2},"end":{"line":124,"column":9}},"53":{"start":{"line":125,"column":2},"end":{"line":125,"column":18}},"54":{"start":{"line":128,"column":0},"end":{"line":131,"column":3}},"55":{"start":{"line":129,"column":2},"end":{"line":129,"column":64}},"56":{"start":{"line":133,"column":0},"end":{"line":136,"column":3}},"57":{"start":{"line":134,"column":2},"end":{"line":134,"column":72}},"58":{"start":{"line":139,"column":0},"end":{"line":144,"column":1}},"59":{"start":{"line":140,"column":2},"end":{"line":143,"column":5}},"60":{"start":{"line":141,"column":4},"end":{"line":141,"column":66}},"61":{"start":{"line":142,"column":4},"end":{"line":142,"column":20}},"62":{"start":{"line":146,"column":0},"end":{"line":146,"column":59}}},"fnMap":{"0":{"name":"processBatch","decl":{"start":{"line":33,"column":15},"end":{"line":33,"column":27}},"loc":{"start":{"line":33,"column":30},"end":{"line":52,"column":1}},"line":33},"1":{"name":"runCleanup","decl":{"start":{"line":57,"column":15},"end":{"line":57,"column":25}},"loc":{"start":{"line":57,"column":28},"end":{"line":63,"column":1}},"line":57},"2":{"name":"start","decl":{"start":{"line":68,"column":15},"end":{"line":68,"column":20}},"loc":{"start":{"line":68,"column":23},"end":{"line":94,"column":1}},"line":68},"3":{"name":"stop","decl":{"start":{"line":99,"column":9},"end":{"line":99,"column":13}},"loc":{"start":{"line":99,"column":16},"end":{"line":113,"column":1}},"line":99},"4":{"name":"(anonymous_4)","decl":{"start":{"line":116,"column":22},"end":{"line":116,"column":23}},"loc":{"start":{"line":116,"column":28},"end":{"line":120,"column":1}},"line":116},"5":{"name":"(anonymous_5)","decl":{"start":{"line":122,"column":21},"end":{"line":122,"column":22}},"loc":{"start":{"line":122,"column":27},"end":{"line":126,"column":1}},"line":122},"6":{"name":"(anonymous_6)","decl":{"start":{"line":128,"column":32},"end":{"line":128,"column":33}},"loc":{"start":{"line":128,"column":43},"end":{"line":131,"column":1}},"line":128},"7":{"name":"(anonymous_7)","decl":{"start":{"line":133,"column":33},"end":{"line":133,"column":34}},"loc":{"start":{"line":133,"column":54},"end":{"line":136,"column":1}},"line":133},"8":{"name":"(anonymous_8)","decl":{"start":{"line":140,"column":16},"end":{"line":140,"column":17}},"loc":{"start":{"line":140,"column":27},"end":{"line":143,"column":3}},"line":140}},"branchMap":{"0":{"loc":{"start":{"line":21,"column":28},"end":{"line":21,"column":83}},"type":"binary-expr","locations":[{"start":{"line":21,"column":28},"end":{"line":21,"column":75}},{"start":{"line":21,"column":79},"end":{"line":21,"column":83}}],"line":21},"1":{"loc":{"start":{"line":22,"column":28},"end":{"line":22,"column":86}},"type":"binary-expr","locations":[{"start":{"line":22,"column":28},"end":{"line":22,"column":75}},{"start":{"line":22,"column":79},"end":{"line":22,"column":86}}],"line":22},"2":{"loc":{"start":{"line":23,"column":25},"end":{"line":23,"column":70}},"type":"binary-expr","locations":[{"start":{"line":23,"column":25},"end":{"line":23,"column":63}},{"start":{"line":23,"column":67},"end":{"line":23,"column":70}}],"line":23},"3":{"loc":{"start":{"line":24,"column":28},"end":{"line":24,"column":75}},"type":"binary-expr","locations":[{"start":{"line":24,"column":28},"end":{"line":24,"column":69}},{"start":{"line":24,"column":73},"end":{"line":24,"column":75}}],"line":24},"4":{"loc":{"start":{"line":34,"column":2},"end":{"line":37,"column":3}},"type":"if","locations":[{"start":{"line":34,"column":2},"end":{"line":37,"column":3}},{"start":{},"end":{}}],"line":34},"5":{"loc":{"start":{"line":44,"column":4},"end":{"line":46,"column":5}},"type":"if","locations":[{"start":{"line":44,"column":4},"end":{"line":46,"column":5}},{"start":{},"end":{}}],"line":44},"6":{"loc":{"start":{"line":102,"column":2},"end":{"line":105,"column":3}},"type":"if","locations":[{"start":{"line":102,"column":2},"end":{"line":105,"column":3}},{"start":{},"end":{}}],"line":102},"7":{"loc":{"start":{"line":107,"column":2},"end":{"line":110,"column":3}},"type":"if","locations":[{"start":{"line":107,"column":2},"end":{"line":110,"column":3}},{"start":{},"end":{}}],"line":107},"8":{"loc":{"start":{"line":139,"column":0},"end":{"line":144,"column":1}},"type":"if","locations":[{"start":{"line":139,"column":0},"end":{"line":144,"column":1}},{"start":{},"end":{}}],"line":139}},"s":{"0":0,"1":0,"2":0,"3":0,"4":0,"5":0,"6":0,"7":0,"8":0,"9":0,"10":0,"11":0,"12":0,"13":0,"14":0,"15":0,"16":0,"17":0,"18":0,"19":0,"20":0,"21":0,"22":0,"23":0,"24":0,"25":0,"26":0,"27":0,"28":0,"29":0,"30":0,"31":0,"32":0,"33":0,"34":0,"35":0,"36":0,"37":0,"38":0,"39":0,"40":0,"41":0,"42":0,"43":0,"44":0,"45":0,"46":0,"47":0,"48":0,"49":0,"50":0,"51":0,"52":0,"53":0,"54":0,"55":0,"56":0,"57":0,"58":0,"59":0,"60":0,"61":0,"62":0},"f":{"0":0,"1":0,"2":0,"3":0,"4":0,"5":0,"6":0,"7":0,"8":0},"b":{"0":[0,0],"1":[0,0],"2":[0,0],"3":[0,0],"4":[0,0],"5":[0,0],"6":[0,0],"7":[0,0],"8":[0,0]}}
,"/workspace/backend/src/workers/paymentEventProcessor.js": {"path":"/workspace/backend/src/workers/paymentEventProcessor.js","statementMap":{"0":{"start":{"line":17,"column":17},"end":{"line":17,"column":47}},"1":{"start":{"line":18,"column":22},"end":{"line":18,"column":58}},"2":{"start":{"line":19,"column":38},"end":{"line":19,"column":75}},"3":{"start":{"line":20,"column":15},"end":{"line":20,"column":41}},"4":{"start":{"line":22,"column":30},"end":{"line":22,"column":43}},"5":{"start":{"line":23,"column":22},"end":{"line":23,"column":35}},"6":{"start":{"line":25,"column":16},"end":{"line":25,"column":21}},"7":{"start":{"line":32,"column":63},"end":{"line":32,"column":76}},"8":{"start":{"line":34,"column":2},"end":{"line":37,"column":3}},"9":{"start":{"line":35,"column":4},"end":{"line":35,"column":82}},"10":{"start":{"line":36,"column":4},"end":{"line":36,"column":11}},"11":{"start":{"line":39,"column":2},"end":{"line":68,"column":3}},"12":{"start":{"line":40,"column":4},"end":{"line":40,"column":94}},"13":{"start":{"line":43,"column":4},"end":{"line":43,"column":64}},"14":{"start":{"line":45,"column":4},"end":{"line":45,"column":79}},"15":{"start":{"line":48,"column":4},"end":{"line":53,"column":19}},"16":{"start":{"line":56,"column":4},"end":{"line":59,"column":7}},"17":{"start":{"line":62,"column":4},"end":{"line":67,"column":19}},"18":{"start":{"line":76,"column":66},"end":{"line":76,"column":79}},"19":{"start":{"line":78,"column":2},"end":{"line":82,"column":5}},"20":{"start":{"line":93,"column":64},"end":{"line":93,"column":77}},"21":{"start":{"line":95,"column":2},"end":{"line":98,"column":5}},"22":{"start":{"line":100,"column":2},"end":{"line":127,"column":3}},"23":{"start":{"line":101,"column":4},"end":{"line":126,"column":5}},"24":{"start":{"line":103,"column":17},"end":{"line":103,"column":46}},"25":{"start":{"line":105,"column":6},"end":{"line":123,"column":7}},"26":{"start":{"line":106,"column":8},"end":{"line":115,"column":10}},"27":{"start":{"line":117,"column":8},"end":{"line":117,"column":26}},"28":{"start":{"line":119,"column":8},"end":{"line":119,"column":81}},"29":{"start":{"line":121,"column":8},"end":{"line":121,"column":28}},"30":{"start":{"line":122,"column":8},"end":{"line":122,"column":20}},"31":{"start":{"line":125,"column":6},"end":{"line":125,"column":102}},"32":{"start":{"line":134,"column":45},"end":{"line":134,"column":58}},"33":{"start":{"line":136,"column":2},"end":{"line":136,"column":99}},"34":{"start":{"line":146,"column":37},"end":{"line":146,"column":50}},"35":{"start":{"line":148,"column":2},"end":{"line":148,"column":86}},"36":{"start":{"line":158,"column":2},"end":{"line":158,"column":85}},"37":{"start":{"line":161,"column":2},"end":{"line":167,"column":5}},"38":{"start":{"line":162,"column":4},"end":{"line":165,"column":5}},"39":{"start":{"line":163,"column":6},"end":{"line":163,"column":88}},"40":{"start":{"line":164,"column":6},"end":{"line":164,"column":62}},"41":{"start":{"line":164,"column":35},"end":{"line":164,"column":60}},"42":{"start":{"line":166,"column":4},"end":{"line":166,"column":41}},"43":{"start":{"line":170,"column":2},"end":{"line":170,"column":72}},"44":{"start":{"line":173,"column":2},"end":{"line":173,"column":66}},"45":{"start":{"line":176,"column":2},"end":{"line":176,"column":65}},"46":{"start":{"line":179,"column":2},"end":{"line":179,"column":65}},"47":{"start":{"line":181,"column":2},"end":{"line":181,"column":75}},"48":{"start":{"line":188,"column":2},"end":{"line":188,"column":95}},"49":{"start":{"line":191,"column":2},"end":{"line":197,"column":3}},"50":{"start":{"line":192,"column":4},"end":{"line":192,"column":35}},"51":{"start":{"line":193,"column":4},"end":{"line":193,"column":65}},"52":{"start":{"line":195,"column":4},"end":{"line":195,"column":89}},"53":{"start":{"line":196,"column":4},"end":{"line":196,"column":20}},"54":{"start":{"line":200,"column":2},"end":{"line":200,"column":22}},"55":{"start":{"line":202,"column":2},"end":{"line":202,"column":67}},"56":{"start":{"line":203,"column":2},"end":{"line":203,"column":170}},"57":{"start":{"line":210,"column":2},"end":{"line":210,"column":59}},"58":{"start":{"line":211,"column":2},"end":{"line":211,"column":20}},"59":{"start":{"line":214,"column":2},"end":{"line":214,"column":52}},"60":{"start":{"line":215,"column":2},"end":{"line":215,"column":58}},"61":{"start":{"line":216,"column":2},"end":{"line":216,"column":55}},"62":{"start":{"line":217,"column":2},"end":{"line":217,"column":54}},"63":{"start":{"line":218,"column":2},"end":{"line":218,"column":54}},"64":{"start":{"line":220,"column":2},"end":{"line":220,"column":54}},"65":{"start":{"line":224,"column":0},"end":{"line":228,"column":3}},"66":{"start":{"line":225,"column":2},"end":{"line":225,"column":61}},"67":{"start":{"line":226,"column":2},"end":{"line":226,"column":9}},"68":{"start":{"line":227,"column":2},"end":{"line":227,"column":18}},"69":{"start":{"line":230,"column":0},"end":{"line":234,"column":3}},"70":{"start":{"line":231,"column":2},"end":{"line":231,"column":60}},"71":{"start":{"line":232,"column":2},"end":{"line":232,"column":9}},"72":{"start":{"line":233,"column":2},"end":{"line":233,"column":18}},"73":{"start":{"line":236,"column":0},"end":{"line":239,"column":3}},"74":{"start":{"line":237,"column":2},"end":{"line":237,"column":70}},"75":{"start":{"line":241,"column":0},"end":{"line":244,"column":3}},"76":{"start":{"line":242,"column":2},"end":{"line":242,"column":78}},"77":{"start":{"line":247,"column":0},"end":{"line":252,"column":1}},"78":{"start":{"line":248,"column":2},"end":{"line":251,"column":5}},"79":{"start":{"line":249,"column":4},"end":{"line":249,"column":72}},"80":{"start":{"line":250,"column":4},"end":{"line":250,"column":20}},"81":{"start":{"line":254,"column":0},"end":{"line":254,"column":85}}},"fnMap":{"0":{"name":"handleCheckoutCompleted","decl":{"start":{"line":31,"column":15},"end":{"line":31,"column":38}},"loc":{"start":{"line":31,"column":46},"end":{"line":69,"column":1}},"line":31},"1":{"name":"handlePaymentIntentSucceeded","decl":{"start":{"line":75,"column":15},"end":{"line":75,"column":43}},"loc":{"start":{"line":75,"column":51},"end":{"line":86,"column":1}},"line":75},"2":{"name":"handlePaymentIntentFailed","decl":{"start":{"line":92,"column":15},"end":{"line":92,"column":40}},"loc":{"start":{"line":92,"column":48},"end":{"line":128,"column":1}},"line":92},"3":{"name":"handleSubscriptionUpdated","decl":{"start":{"line":133,"column":15},"end":{"line":133,"column":40}},"loc":{"start":{"line":133,"column":48},"end":{"line":140,"column":1}},"line":133},"4":{"name":"handleSubscriptionDeleted","decl":{"start":{"line":145,"column":15},"end":{"line":145,"column":40}},"loc":{"start":{"line":145,"column":48},"end":{"line":152,"column":1}},"line":145},"5":{"name":"registerListeners","decl":{"start":{"line":157,"column":9},"end":{"line":157,"column":26}},"loc":{"start":{"line":157,"column":29},"end":{"line":182,"column":1}},"line":157},"6":{"name":"(anonymous_6)","decl":{"start":{"line":161,"column":36},"end":{"line":161,"column":37}},"loc":{"start":{"line":161,"column":53},"end":{"line":167,"column":3}},"line":161},"7":{"name":"(anonymous_7)","decl":{"start":{"line":164,"column":24},"end":{"line":164,"column":25}},"loc":{"start":{"line":164,"column":35},"end":{"line":164,"column":60}},"line":164},"8":{"name":"start","decl":{"start":{"line":187,"column":15},"end":{"line":187,"column":20}},"loc":{"start":{"line":187,"column":23},"end":{"line":204,"column":1}},"line":187},"9":{"name":"stop","decl":{"start":{"line":209,"column":9},"end":{"line":209,"column":13}},"loc":{"start":{"line":209,"column":16},"end":{"line":221,"column":1}},"line":209},"10":{"name":"(anonymous_10)","decl":{"start":{"line":224,"column":22},"end":{"line":224,"column":23}},"loc":{"start":{"line":224,"column":28},"end":{"line":228,"column":1}},"line":224},"11":{"name":"(anonymous_11)","decl":{"start":{"line":230,"column":21},"end":{"line":230,"column":22}},"loc":{"start":{"line":230,"column":27},"end":{"line":234,"column":1}},"line":230},"12":{"name":"(anonymous_12)","decl":{"start":{"line":236,"column":32},"end":{"line":236,"column":33}},"loc":{"start":{"line":236,"column":43},"end":{"line":239,"column":1}},"line":236},"13":{"name":"(anonymous_13)","decl":{"start":{"line":241,"column":33},"end":{"line":241,"column":34}},"loc":{"start":{"line":241,"column":54},"end":{"line":244,"column":1}},"line":241},"14":{"name":"(anonymous_14)","decl":{"start":{"line":248,"column":16},"end":{"line":248,"column":17}},"loc":{"start":{"line":248,"column":27},"end":{"line":251,"column":3}},"line":248}},"branchMap":{"0":{"loc":{"start":{"line":34,"column":2},"end":{"line":37,"column":3}},"type":"if","locations":[{"start":{"line":34,"column":2},"end":{"line":37,"column":3}},{"start":{},"end":{}}],"line":34},"1":{"loc":{"start":{"line":78,"column":76},"end":{"line":78,"column":92}},"type":"binary-expr","locations":[{"start":{"line":78,"column":76},"end":{"line":78,"column":83}},{"start":{"line":78,"column":87},"end":{"line":78,"column":92}}],"line":78},"2":{"loc":{"start":{"line":95,"column":73},"end":{"line":95,"column":89}},"type":"binary-expr","locations":[{"start":{"line":95,"column":73},"end":{"line":95,"column":80}},{"start":{"line":95,"column":84},"end":{"line":95,"column":89}}],"line":95},"3":{"loc":{"start":{"line":100,"column":2},"end":{"line":127,"column":3}},"type":"if","locations":[{"start":{"line":100,"column":2},"end":{"line":127,"column":3}},{"start":{},"end":{}}],"line":100},"4":{"loc":{"start":{"line":162,"column":4},"end":{"line":165,"column":5}},"type":"if","locations":[{"start":{"line":162,"column":4},"end":{"line":165,"column":5}},{"start":{},"end":{}}],"line":162},"5":{"loc":{"start":{"line":247,"column":0},"end":{"line":252,"column":1}},"type":"if","locations":[{"start":{"line":247,"column":0},"end":{"line":252,"column":1}},{"start":{},"end":{}}],"line":247}},"s":{"0":0,"1":0,"2":0,"3":0,"4":0,"5":0,"6":0,"7":0,"8":0,"9":0,"10":0,"11":0,"12":0,"13":0,"14":0,"15":0,"16":0,"17":0,"18":0,"19":0,"20":0,"21":0,"22":0,"23":0,"24":0,"25":0,"26":0,"27":0,"28":0,"29":0,"30":0,"31":0,"32":0,"33":0,"34":0,"35":0,"36":0,"37":0,"38":0,"39":0,"40":0,"41":0,"42":0,"43":0,"44":0,"45":0,"46":0,"47":0,"48":0,"49":0,"50":0,"51":0,"52":0,"53":0,"54":0,"55":0,"56":0,"57":0,"58":0,"59":0,"60":0,"61":0,"62":0,"63":0,"64":0,"65":0,"66":0,"67":0,"68":0,"69":0,"70":0,"71":0,"72":0,"73":0,"74":0,"75":0,"76":0,"77":0,"78":0,"79":0,"80":0,"81":0},"f":{"0":0,"1":0,"2":0,"3":0,"4":0,"5":0,"6":0,"7":0,"8":0,"9":0,"10":0,"11":0,"12":0,"13":0,"14":0},"b":{"0":[0,0],"1":[0,0],"2":[0,0],"3":[0,0],"4":[0,0],"5":[0,0]}}
}
