TN:
SF:src/app.js
FN:32,(anonymous_0)
FN:47,(anonymous_1)
FN:50,(anonymous_2)
FN:97,(anonymous_3)
FN:118,(anonymous_4)
FN:142,(anonymous_5)
FN:178,(anonymous_6)
FNF:7
FNH:5
FNDA:3,(anonymous_0)
FNDA:4,(anonymous_1)
FNDA:3,(anonymous_2)
FNDA:3,(anonymous_3)
FNDA:2,(anonymous_4)
FNDA:0,(anonymous_5)
FNDA:0,(anonymous_6)
DA:2,2
DA:3,2
DA:4,2
DA:5,2
DA:6,2
DA:7,2
DA:8,2
DA:9,2
DA:12,2
DA:15,2
DA:18,2
DA:20,2
DA:21,2
DA:24,2
DA:26,2
DA:29,2
DA:32,2
DA:33,3
DA:37,0
DA:39,3
DA:43,2
DA:46,2
DA:47,4
DA:49,2
DA:51,3
DA:52,0
DA:61,2
DA:70,2
DA:79,2
DA:88,2
DA:89,2
DA:90,2
DA:91,2
DA:94,2
DA:97,2
DA:98,3
DA:99,3
DA:100,3
DA:102,3
DA:107,2
DA:108,2
DA:109,2
DA:110,2
DA:113,2
DA:116,2
DA:118,2
DA:119,2
DA:120,2
DA:123,2
DA:124,0
DA:134,2
DA:142,2
DA:145,2
DA:154,2
DA:155,2
DA:156,2
DA:157,2
DA:158,2
DA:159,2
DA:160,2
DA:161,2
DA:162,2
DA:163,2
DA:164,2
DA:165,2
DA:166,2
DA:167,2
DA:168,2
DA:169,2
DA:170,2
DA:171,2
DA:172,2
DA:173,2
DA:174,2
DA:175,2
DA:178,2
DA:179,0
DA:180,0
DA:188,2
DA:190,2
LF:80
LH:75
BRDA:33,0,0,0
BRDA:33,0,1,3
BRDA:34,1,0,3
BRDA:34,1,1,0
BRDA:34,2,0,3
BRDA:34,2,1,0
BRDA:46,3,0,2
BRDA:46,3,1,0
BRDA:51,4,0,3
BRDA:51,4,1,0
BRDA:51,5,0,3
BRDA:51,5,1,0
BRDA:62,6,0,2
BRDA:62,6,1,2
BRDA:63,7,0,2
BRDA:63,7,1,2
BRDA:98,8,0,3
BRDA:98,8,1,3
BRDA:123,9,0,0
BRDA:123,9,1,2
BRDA:123,10,0,2
BRDA:123,10,1,0
BRF:22
BRH:14
end_of_record
TN:
SF:src/config/database.js
FNF:0
FNH:0
DA:1,2
DA:2,2
DA:4,2
DA:22,2
LF:4
LH:4
BRF:0
BRH:0
end_of_record
TN:
SF:src/config/envValidator.js
FN:42,(anonymous_0)
FN:97,(anonymous_1)
FN:105,(anonymous_2)
FN:112,(anonymous_3)
FNF:4
FNH:1
FNDA:2,(anonymous_0)
FNDA:0,(anonymous_1)
FNDA:0,(anonymous_2)
FNDA:0,(anonymous_3)
DA:5,2
DA:6,2
DA:20,2
DA:42,2
DA:44,2
DA:45,2
DA:52,0
DA:53,0
DA:54,0
DA:57,0
DA:58,0
DA:59,0
DA:64,0
DA:65,0
DA:66,0
DA:71,0
DA:72,0
DA:75,0
DA:76,0
DA:79,0
DA:80,0
DA:81,0
DA:83,0
DA:85,0
DA:86,0
DA:88,0
DA:94,0
DA:95,0
DA:96,0
DA:97,0
DA:98,0
DA:99,0
DA:102,0
DA:103,0
DA:104,0
DA:105,0
DA:106,0
DA:109,0
DA:110,0
DA:111,0
DA:112,0
DA:113,0
DA:116,0
DA:117,0
DA:119,0
DA:127,2
DA:129,2
LF:47
LH:8
BRDA:44,0,0,2
BRDA:44,0,1,0
BRDA:58,1,0,0
BRDA:58,1,1,0
BRDA:65,2,0,0
BRDA:65,2,1,0
BRDA:71,3,0,0
BRDA:71,3,1,0
BRDA:71,4,0,0
BRDA:71,4,1,0
BRDA:75,5,0,0
BRDA:75,5,1,0
BRDA:75,6,0,0
BRDA:75,6,1,0
BRDA:79,7,0,0
BRDA:79,7,1,0
BRDA:80,8,0,0
BRDA:80,8,1,0
BRDA:80,9,0,0
BRDA:80,9,1,0
BRDA:83,10,0,0
BRDA:83,10,1,0
BRDA:85,11,0,0
BRDA:85,11,1,0
BRDA:94,12,0,0
BRDA:94,12,1,0
BRDA:102,13,0,0
BRDA:102,13,1,0
BRDA:109,14,0,0
BRDA:109,14,1,0
BRDA:109,15,0,0
BRDA:109,15,1,0
BRF:32
BRH:1
end_of_record
TN:
SF:src/config/redis.js
FN:24,(anonymous_0)
FN:34,(anonymous_1)
FN:40,(anonymous_2)
FN:47,(anonymous_3)
FN:53,(anonymous_4)
FN:66,(anonymous_5)
FN:76,(anonymous_6)
FN:86,(anonymous_7)
FN:102,(anonymous_8)
FNF:9
FNH:1
FNDA:0,(anonymous_0)
FNDA:0,(anonymous_1)
FNDA:0,(anonymous_2)
FNDA:0,(anonymous_3)
FNDA:0,(anonymous_4)
FNDA:0,(anonymous_5)
FNDA:0,(anonymous_6)
FNDA:2,(anonymous_7)
FNDA:0,(anonymous_8)
DA:2,2
DA:3,2
DA:6,2
DA:7,2
DA:8,2
DA:9,2
DA:12,2
DA:19,2
DA:26,0
DA:27,0
DA:34,2
DA:35,0
DA:36,0
DA:37,0
DA:40,2
DA:41,0
DA:42,0
DA:43,0
DA:47,2
DA:48,0
DA:49,0
DA:53,2
DA:54,0
DA:55,0
DA:56,0
DA:57,0
DA:59,0
DA:61,0
DA:66,2
DA:67,0
DA:68,0
DA:69,0
DA:71,0
DA:76,2
DA:77,0
DA:78,0
DA:79,0
DA:81,0
DA:86,2
DA:87,2
DA:88,2
DA:89,0
DA:90,0
DA:91,0
DA:93,2
DA:94,2
DA:95,2
DA:96,2
DA:97,2
DA:102,2
DA:107,2
LF:51
LH:24
BRDA:6,0,0,2
BRDA:6,0,1,0
BRDA:7,1,0,2
BRDA:7,1,1,2
BRDA:8,2,0,2
BRDA:8,2,1,2
BRDA:9,3,0,2
BRDA:9,3,1,2
BRDA:26,4,0,0
BRDA:26,4,1,0
BRDA:54,5,0,0
BRDA:54,5,1,0
BRDA:67,6,0,0
BRDA:67,6,1,0
BRDA:77,7,0,0
BRDA:77,7,1,0
BRDA:104,8,0,0
BRDA:104,8,1,0
BRF:18
BRH:7
end_of_record
TN:
SF:src/controllers/alertaController.js
FN:7,(anonymous_0)
FN:72,(anonymous_1)
FN:86,(anonymous_2)
FN:98,(anonymous_3)
FN:110,(anonymous_4)
FNF:5
FNH:0
FNDA:0,(anonymous_0)
FNDA:0,(anonymous_1)
FNDA:0,(anonymous_2)
FNDA:0,(anonymous_3)
FNDA:0,(anonymous_4)
DA:1,2
DA:3,2
DA:4,2
DA:7,2
DA:8,0
DA:11,0
DA:19,0
DA:20,0
DA:28,0
DA:29,0
DA:38,0
DA:39,0
DA:40,0
DA:41,0
DA:43,0
DA:47,0
DA:51,0
DA:52,0
DA:55,0
DA:56,0
DA:65,0
DA:66,0
DA:69,0
DA:72,2
DA:73,0
DA:74,0
DA:75,0
DA:80,0
DA:82,0
DA:86,2
DA:87,0
DA:88,0
DA:92,0
DA:94,0
DA:98,2
DA:99,0
DA:100,0
DA:104,0
DA:106,0
DA:110,2
DA:111,0
DA:112,0
DA:115,0
DA:117,0
DA:121,2
LF:45
LH:9
BRDA:28,0,0,0
BRDA:28,0,1,0
BRDA:43,1,0,0
BRDA:43,1,1,0
BRDA:47,2,0,0
BRDA:47,2,1,0
BRDA:51,3,0,0
BRDA:51,3,1,0
BRDA:51,4,0,0
BRDA:51,4,1,0
BRDA:55,5,0,0
BRDA:55,5,1,0
BRDA:65,6,0,0
BRDA:65,6,1,0
BRF:14
BRH:0
end_of_record
TN:
SF:src/controllers/authController.js
FN:17,(anonymous_0)
FN:31,(anonymous_1)
FN:44,(anonymous_2)
FN:121,(anonymous_3)
FN:191,(anonymous_4)
FN:231,(anonymous_5)
FN:255,(anonymous_6)
FN:268,(anonymous_7)
FNF:8
FNH:0
FNDA:0,(anonymous_0)
FNDA:0,(anonymous_1)
FNDA:0,(anonymous_2)
FNDA:0,(anonymous_3)
FNDA:0,(anonymous_4)
FNDA:0,(anonymous_5)
FNDA:0,(anonymous_6)
FNDA:0,(anonymous_7)
DA:2,0
DA:3,0
DA:4,0
DA:5,0
DA:6,0
DA:7,0
DA:8,0
DA:9,0
DA:11,0
DA:12,0
DA:13,0
DA:14,0
DA:17,0
DA:18,0
DA:31,0
DA:32,0
DA:44,0
DA:45,0
DA:46,0
DA:47,0
DA:49,0
DA:50,0
DA:51,0
DA:54,0
DA:55,0
DA:56,0
DA:57,0
DA:60,0
DA:61,0
DA:66,0
DA:71,0
DA:78,0
DA:79,0
DA:80,0
DA:81,0
DA:84,0
DA:85,0
DA:86,0
DA:87,0
DA:88,0
DA:92,0
DA:95,0
DA:98,0
DA:106,0
DA:115,0
DA:116,0
DA:121,0
DA:122,0
DA:123,0
DA:124,0
DA:126,0
DA:127,0
DA:128,0
DA:131,0
DA:132,0
DA:133,0
DA:134,0
DA:137,0
DA:138,0
DA:139,0
DA:141,0
DA:142,0
DA:143,0
DA:146,0
DA:151,0
DA:152,0
DA:157,0
DA:158,0
DA:159,0
DA:161,0
DA:166,0
DA:169,0
DA:179,0
DA:185,0
DA:186,0
DA:191,0
DA:192,0
DA:193,0
DA:194,0
DA:197,0
DA:202,0
DA:203,0
DA:206,0
DA:207,0
DA:208,0
DA:211,0
DA:215,0
DA:216,0
DA:231,0
DA:232,0
DA:233,0
DA:234,0
DA:237,0
DA:238,0
DA:239,0
DA:242,0
DA:243,0
DA:244,0
DA:247,0
DA:248,0
DA:255,0
DA:256,0
DA:261,0
DA:262,0
DA:264,0
DA:268,0
DA:270,0
DA:271,0
DA:274,0
DA:275,0
DA:276,0
DA:279,0
DA:280,0
DA:282,0
DA:283,0
DA:285,0
DA:286,0
DA:289,0
DA:290,0
DA:291,0
DA:292,0
DA:293,0
DA:294,0
DA:297,0
DA:298,0
DA:302,0
DA:305,0
DA:307,0
DA:313,0
DA:314,0
DA:318,0
LF:131
LH:0
BRDA:28,0,0,0
BRDA:28,0,1,0
BRDA:41,1,0,0
BRDA:41,1,1,0
BRDA:49,2,0,0
BRDA:49,2,1,0
BRDA:49,3,0,0
BRDA:49,3,1,0
BRDA:49,3,2,0
BRDA:49,3,3,0
BRDA:49,3,4,0
BRDA:55,4,0,0
BRDA:55,4,1,0
BRDA:63,5,0,0
BRDA:63,5,1,0
BRDA:73,6,0,0
BRDA:73,6,1,0
BRDA:78,7,0,0
BRDA:78,7,1,0
BRDA:80,8,0,0
BRDA:80,8,1,0
BRDA:85,9,0,0
BRDA:85,9,1,0
BRDA:110,10,0,0
BRDA:110,10,1,0
BRDA:124,11,0,0
BRDA:126,12,0,0
BRDA:126,12,1,0
BRDA:126,13,0,0
BRDA:126,13,1,0
BRDA:126,13,2,0
BRDA:126,13,3,0
BRDA:126,13,4,0
BRDA:132,14,0,0
BRDA:132,14,1,0
BRDA:138,15,0,0
BRDA:138,15,1,0
BRDA:141,16,0,0
BRDA:141,16,1,0
BRDA:148,17,0,0
BRDA:148,17,1,0
BRDA:193,18,0,0
BRDA:193,18,1,0
BRDA:193,19,0,0
BRDA:193,19,1,0
BRDA:202,20,0,0
BRDA:202,20,1,0
BRDA:207,21,0,0
BRDA:207,21,1,0
BRDA:211,22,0,0
BRDA:211,22,1,0
BRDA:233,23,0,0
BRDA:233,23,1,0
BRDA:233,24,0,0
BRDA:233,24,1,0
BRDA:238,25,0,0
BRDA:238,25,1,0
BRDA:243,26,0,0
BRDA:243,26,1,0
BRDA:261,27,0,0
BRDA:261,27,1,0
BRDA:270,28,0,0
BRDA:270,28,1,0
BRDA:270,29,0,0
BRDA:270,29,1,0
BRDA:275,30,0,0
BRDA:275,30,1,0
BRDA:280,31,0,0
BRDA:280,31,1,0
BRDA:285,32,0,0
BRDA:285,32,1,0
BRDA:285,33,0,0
BRDA:285,33,1,0
BRDA:285,33,2,0
BRDA:292,34,0,0
BRDA:292,34,1,0
BRF:76
BRH:0
end_of_record
TN:
SF:src/controllers/categoriaController.js
FN:6,(anonymous_0)
FN:18,(anonymous_1)
FN:39,(anonymous_2)
FNF:3
FNH:0
FNDA:0,(anonymous_0)
FNDA:0,(anonymous_1)
FNDA:0,(anonymous_2)
DA:1,2
DA:2,2
DA:4,2
DA:6,2
DA:7,0
DA:8,0
DA:12,0
DA:14,0
DA:18,2
DA:19,0
DA:20,0
DA:26,0
DA:33,0
DA:35,0
DA:39,2
DA:40,0
DA:41,0
DA:44,0
DA:45,0
DA:46,0
DA:48,0
DA:52,2
LF:22
LH:7
BRDA:44,0,0,0
BRDA:44,0,1,0
BRF:2
BRH:0
end_of_record
TN:
SF:src/controllers/clienteController.js
FN:6,(anonymous_0)
FN:18,(anonymous_1)
FN:39,(anonymous_2)
FN:52,(anonymous_3)
FNF:4
FNH:0
FNDA:0,(anonymous_0)
FNDA:0,(anonymous_1)
FNDA:0,(anonymous_2)
FNDA:0,(anonymous_3)
DA:1,2
DA:2,2
DA:4,2
DA:6,2
DA:7,0
DA:8,0
DA:12,0
DA:14,0
DA:18,2
DA:19,0
DA:20,0
DA:26,0
DA:33,0
DA:35,0
DA:39,2
DA:40,0
DA:41,0
DA:44,0
DA:45,0
DA:46,0
DA:48,0
DA:52,2
DA:53,0
DA:54,0
DA:57,0
DA:58,0
DA:59,0
DA:61,0
DA:65,2
LF:29
LH:8
BRDA:44,0,0,0
BRDA:44,0,1,0
BRDA:57,1,0,0
BRDA:57,1,1,0
BRF:4
BRH:0
end_of_record
TN:
SF:src/controllers/dashboardController.js
FN:6,(anonymous_0)
FN:61,(anonymous_1)
FN:83,(anonymous_2)
FN:104,(anonymous_3)
FNF:4
FNH:0
FNDA:0,(anonymous_0)
FNDA:0,(anonymous_1)
FNDA:0,(anonymous_2)
FNDA:0,(anonymous_3)
DA:1,2
DA:3,2
DA:4,2
DA:6,2
DA:7,0
DA:8,0
DA:9,0
DA:10,0
DA:11,0
DA:13,0
DA:15,0
DA:20,0
DA:25,0
DA:30,0
DA:35,0
DA:44,0
DA:48,0
DA:57,0
DA:61,2
DA:62,0
DA:63,0
DA:64,0
DA:77,0
DA:79,0
DA:83,2
DA:84,0
DA:85,0
DA:86,0
DA:98,0
DA:100,0
DA:104,2
DA:105,0
DA:106,0
DA:107,0
DA:122,0
DA:124,0
DA:128,2
LF:37
LH:8
BRDA:15,0,0,0
BRDA:15,0,1,0
BRDA:20,1,0,0
BRDA:20,1,1,0
BRDA:25,2,0,0
BRDA:25,2,1,0
BRDA:44,3,0,0
BRDA:44,3,1,0
BRF:8
BRH:0
end_of_record
TN:
SF:src/controllers/gastoController.js
FN:6,(anonymous_0)
FN:18,(anonymous_1)
FNF:2
FNH:0
FNDA:0,(anonymous_0)
FNDA:0,(anonymous_1)
DA:1,2
DA:2,2
DA:4,2
DA:6,2
DA:7,0
DA:8,0
DA:12,0
DA:14,0
DA:18,2
DA:19,0
DA:20,0
DA:27,0
DA:35,0
DA:37,0
DA:41,2
LF:15
LH:6
BRF:0
BRH:0
end_of_record
TN:
SF:src/controllers/inventarioController.js
FN:7,(anonymous_0)
FN:19,(anonymous_1)
FN:83,(anonymous_2)
FN:97,(anonymous_3)
FNF:4
FNH:0
FNDA:0,(anonymous_0)
FNDA:0,(anonymous_1)
FNDA:0,(anonymous_2)
FNDA:0,(anonymous_3)
DA:1,2
DA:2,2
DA:4,2
DA:5,2
DA:7,2
DA:8,0
DA:9,0
DA:13,0
DA:15,0
DA:19,2
DA:20,0
DA:21,0
DA:22,0
DA:24,0
DA:28,0
DA:31,0
DA:32,0
DA:33,0
DA:37,0
DA:41,0
DA:44,0
DA:53,0
DA:56,0
DA:67,0
DA:68,0
DA:76,0
DA:78,0
DA:79,0
DA:83,2
DA:84,0
DA:85,0
DA:91,0
DA:93,0
DA:97,2
DA:98,0
DA:99,0
DA:106,0
DA:108,0
DA:112,2
LF:39
LH:9
BRDA:28,0,0,0
BRDA:28,0,1,0
BRDA:31,1,0,0
BRDA:31,1,1,0
BRDA:31,2,0,0
BRDA:31,2,1,0
BRDA:37,3,0,0
BRDA:37,3,1,0
BRDA:67,4,0,0
BRDA:67,4,1,0
BRF:10
BRH:0
end_of_record
TN:
SF:src/controllers/productoController.js
FN:7,(anonymous_0)
FN:15,(anonymous_1)
FN:32,(anonymous_2)
FN:52,(anonymous_3)
FNF:4
FNH:0
FNDA:0,(anonymous_0)
FNDA:0,(anonymous_1)
FNDA:0,(anonymous_2)
FNDA:0,(anonymous_3)
DA:1,2
DA:2,2
DA:3,2
DA:5,2
DA:7,2
DA:8,0
DA:12,0
DA:15,2
DA:16,0
DA:22,0
DA:29,0
DA:32,2
DA:33,0
DA:36,0
DA:37,0
DA:40,0
DA:43,0
DA:49,0
DA:52,2
DA:53,0
DA:56,0
DA:57,0
DA:60,0
DA:63,0
DA:68,0
DA:71,2
LF:26
LH:9
BRDA:36,0,0,0
BRDA:36,0,1,0
BRDA:56,1,0,0
BRDA:56,1,1,0
BRF:4
BRH:0
end_of_record
TN:
SF:src/controllers/proveedorController.js
FN:6,(anonymous_0)
FN:18,(anonymous_1)
FN:39,(anonymous_2)
FN:52,(anonymous_3)
FNF:4
FNH:0
FNDA:0,(anonymous_0)
FNDA:0,(anonymous_1)
FNDA:0,(anonymous_2)
FNDA:0,(anonymous_3)
DA:1,2
DA:2,2
DA:4,2
DA:6,2
DA:7,0
DA:8,0
DA:12,0
DA:14,0
DA:18,2
DA:19,0
DA:20,0
DA:26,0
DA:33,0
DA:35,0
DA:39,2
DA:40,0
DA:41,0
DA:44,0
DA:45,0
DA:46,0
DA:48,0
DA:52,2
DA:53,0
DA:54,0
DA:57,0
DA:58,0
DA:59,0
DA:61,0
DA:65,2
LF:29
LH:8
BRDA:44,0,0,0
BRDA:44,0,1,0
BRDA:57,1,0,0
BRDA:57,1,1,0
BRF:4
BRH:0
end_of_record
TN:
SF:src/controllers/reporteController.js
FN:13,(anonymous_0)
FN:24,(anonymous_1)
FN:47,(anonymous_2)
FN:75,(anonymous_3)
FN:101,(anonymous_4)
FN:123,(anonymous_5)
FN:129,(anonymous_6)
FN:142,(anonymous_7)
FN:160,(anonymous_8)
FN:180,(anonymous_9)
FN:185,(anonymous_10)
FN:199,(anonymous_11)
FNF:12
FNH:0
FNDA:0,(anonymous_0)
FNDA:0,(anonymous_1)
FNDA:0,(anonymous_2)
FNDA:0,(anonymous_3)
FNDA:0,(anonymous_4)
FNDA:0,(anonymous_5)
FNDA:0,(anonymous_6)
FNDA:0,(anonymous_7)
FNDA:0,(anonymous_8)
FNDA:0,(anonymous_9)
FNDA:0,(anonymous_10)
FNDA:0,(anonymous_11)
DA:5,2
DA:7,2
DA:8,2
DA:9,2
DA:10,2
DA:13,2
DA:14,0
DA:15,0
DA:16,0
DA:17,0
DA:18,0
DA:20,0
DA:24,2
DA:25,0
DA:26,0
DA:28,0
DA:29,0
DA:30,0
DA:31,0
DA:33,0
DA:41,0
DA:43,0
DA:44,0
DA:47,0
DA:48,0
DA:49,0
DA:50,0
DA:54,0
DA:57,0
DA:58,0
DA:62,0
DA:65,0
DA:66,0
DA:67,0
DA:68,0
DA:69,0
DA:70,0
DA:71,0
DA:72,0
DA:74,0
DA:75,0
DA:76,0
DA:77,0
DA:78,0
DA:79,0
DA:80,0
DA:81,0
DA:82,0
DA:83,0
DA:84,0
DA:87,0
DA:88,0
DA:91,0
DA:93,0
DA:94,0
DA:95,0
DA:101,2
DA:102,0
DA:103,0
DA:105,0
DA:106,0
DA:107,0
DA:108,0
DA:110,0
DA:112,0
DA:113,0
DA:115,0
DA:123,0
DA:124,0
DA:125,0
DA:126,0
DA:129,0
DA:130,0
DA:139,0
DA:140,0
DA:142,0
DA:144,0
DA:145,0
DA:147,0
DA:148,0
DA:149,0
DA:150,0
DA:152,0
DA:153,0
DA:154,0
DA:160,2
DA:161,0
DA:163,0
DA:164,0
DA:169,0
DA:170,0
DA:172,0
DA:180,0
DA:181,0
DA:182,0
DA:185,0
DA:186,0
DA:196,0
DA:197,0
DA:199,0
DA:201,0
DA:202,0
DA:204,0
DA:205,0
DA:206,0
DA:207,0
DA:209,0
DA:210,0
DA:211,0
DA:216,2
LF:110
LH:10
BRDA:14,0,0,0
BRDA:14,0,1,0
BRDA:14,1,0,0
BRDA:14,1,1,0
BRDA:17,2,0,0
BRDA:17,2,1,0
BRDA:17,3,0,0
BRDA:17,3,1,0
BRDA:31,4,0,0
BRDA:31,4,1,0
BRDA:49,5,0,0
BRDA:49,5,1,0
BRDA:77,6,0,0
BRDA:77,6,1,0
BRDA:94,7,0,0
BRDA:94,7,1,0
BRDA:108,8,0,0
BRDA:108,8,1,0
BRDA:153,9,0,0
BRDA:153,9,1,0
BRDA:190,10,0,0
BRDA:190,10,1,0
BRDA:210,11,0,0
BRDA:210,11,1,0
BRF:24
BRH:0
end_of_record
TN:
SF:src/controllers/ventaController.js
FN:17,(anonymous_0)
FN:29,(anonymous_1)
FNF:2
FNH:0
FNDA:0,(anonymous_0)
FNDA:0,(anonymous_1)
DA:10,2
DA:11,2
DA:12,2
DA:13,2
DA:15,2
DA:17,2
DA:18,0
DA:26,0
DA:29,2
DA:30,0
DA:31,0
DA:32,0
DA:34,0
DA:35,0
DA:36,0
DA:39,0
DA:42,0
DA:43,0
DA:44,0
DA:46,0
DA:47,0
DA:48,0
DA:52,0
DA:64,0
DA:69,0
DA:72,0
DA:78,0
DA:79,0
DA:83,0
DA:86,0
DA:89,0
DA:98,0
DA:99,0
DA:100,0
DA:101,0
DA:110,0
DA:113,0
DA:123,0
DA:125,0
DA:126,0
DA:130,2
LF:41
LH:8
BRDA:34,0,0,0
BRDA:34,0,1,0
BRDA:34,1,0,0
BRDA:34,1,1,0
BRDA:46,2,0,0
BRDA:46,2,1,0
BRDA:46,3,0,0
BRDA:46,3,1,0
BRDA:46,3,2,0
BRDA:46,3,3,0
BRDA:64,4,0,0
BRDA:64,4,1,0
BRDA:78,5,0,0
BRDA:78,5,1,0
BRDA:92,6,0,0
BRDA:92,6,1,0
BRDA:93,7,0,0
BRDA:93,7,1,0
BRDA:94,8,0,0
BRDA:94,8,1,0
BRDA:118,9,0,0
BRDA:118,9,1,0
BRF:22
BRH:0
end_of_record
TN:
SF:src/controllers/admin/adminController.js
FN:21,(anonymous_0)
FN:27,(anonymous_1)
FN:31,(anonymous_2)
FN:49,(anonymous_3)
FN:50,(anonymous_4)
FN:55,(anonymous_5)
FN:107,(anonymous_6)
FN:136,(anonymous_7)
FN:161,(anonymous_8)
FN:178,(anonymous_9)
FN:195,(anonymous_10)
FN:208,(anonymous_11)
FN:226,(anonymous_12)
FN:238,(anonymous_13)
FN:257,(anonymous_14)
FN:266,(anonymous_15)
FN:276,(anonymous_16)
FN:282,(anonymous_17)
FN:284,(anonymous_18)
FN:296,(anonymous_19)
FN:332,(anonymous_20)
FN:349,(anonymous_21)
FN:366,(anonymous_22)
FN:382,(anonymous_23)
FN:395,(anonymous_24)
FN:407,(anonymous_25)
FN:419,(anonymous_26)
FN:431,(anonymous_27)
FN:440,(anonymous_28)
FN:452,(anonymous_29)
FN:468,(anonymous_30)
FN:486,(anonymous_31)
FN:512,(anonymous_32)
FN:524,(anonymous_33)
FN:535,(anonymous_34)
FN:548,(anonymous_35)
FN:592,(anonymous_36)
FN:611,(anonymous_37)
FN:623,(anonymous_38)
FN:642,(anonymous_39)
FN:666,(anonymous_40)
FN:676,(anonymous_41)
FN:691,(anonymous_42)
FN:742,(anonymous_43)
FNF:44
FNH:0
FNDA:0,(anonymous_0)
FNDA:0,(anonymous_1)
FNDA:0,(anonymous_2)
FNDA:0,(anonymous_3)
FNDA:0,(anonymous_4)
FNDA:0,(anonymous_5)
FNDA:0,(anonymous_6)
FNDA:0,(anonymous_7)
FNDA:0,(anonymous_8)
FNDA:0,(anonymous_9)
FNDA:0,(anonymous_10)
FNDA:0,(anonymous_11)
FNDA:0,(anonymous_12)
FNDA:0,(anonymous_13)
FNDA:0,(anonymous_14)
FNDA:0,(anonymous_15)
FNDA:0,(anonymous_16)
FNDA:0,(anonymous_17)
FNDA:0,(anonymous_18)
FNDA:0,(anonymous_19)
FNDA:0,(anonymous_20)
FNDA:0,(anonymous_21)
FNDA:0,(anonymous_22)
FNDA:0,(anonymous_23)
FNDA:0,(anonymous_24)
FNDA:0,(anonymous_25)
FNDA:0,(anonymous_26)
FNDA:0,(anonymous_27)
FNDA:0,(anonymous_28)
FNDA:0,(anonymous_29)
FNDA:0,(anonymous_30)
FNDA:0,(anonymous_31)
FNDA:0,(anonymous_32)
FNDA:0,(anonymous_33)
FNDA:0,(anonymous_34)
FNDA:0,(anonymous_35)
FNDA:0,(anonymous_36)
FNDA:0,(anonymous_37)
FNDA:0,(anonymous_38)
FNDA:0,(anonymous_39)
FNDA:0,(anonymous_40)
FNDA:0,(anonymous_41)
FNDA:0,(anonymous_42)
FNDA:0,(anonymous_43)
DA:3,2
DA:4,2
DA:5,2
DA:6,2
DA:9,2
DA:10,2
DA:11,2
DA:13,2
DA:14,2
DA:15,2
DA:17,2
DA:18,2
DA:19,2
DA:21,2
DA:22,0
DA:23,0
DA:24,0
DA:27,2
DA:28,0
DA:31,2
DA:32,0
DA:33,0
DA:34,0
DA:36,0
DA:49,2
DA:50,0
DA:51,0
DA:55,2
DA:56,0
DA:57,0
DA:58,0
DA:59,0
DA:65,0
DA:89,0
DA:90,0
DA:91,0
DA:95,0
DA:104,0
DA:107,2
DA:108,0
DA:109,0
DA:110,0
DA:111,0
DA:113,0
DA:114,0
DA:115,0
DA:122,0
DA:130,0
DA:132,0
DA:136,2
DA:137,0
DA:138,0
DA:139,0
DA:141,0
DA:142,0
DA:143,0
DA:146,0
DA:154,0
DA:155,0
DA:157,0
DA:161,2
DA:162,0
DA:163,0
DA:164,0
DA:166,0
DA:167,0
DA:170,0
DA:171,0
DA:172,0
DA:174,0
DA:178,2
DA:179,0
DA:180,0
DA:181,0
DA:183,0
DA:184,0
DA:187,0
DA:188,0
DA:189,0
DA:191,0
DA:195,2
DA:196,0
DA:197,0
DA:198,0
DA:200,0
DA:201,0
DA:202,0
DA:204,0
DA:208,2
DA:209,0
DA:210,0
DA:219,0
DA:220,0
DA:222,0
DA:226,2
DA:227,0
DA:228,0
DA:232,0
DA:234,0
DA:238,2
DA:239,0
DA:240,0
DA:241,0
DA:242,0
DA:245,0
DA:246,0
DA:247,0
DA:249,0
DA:250,0
DA:251,0
DA:253,0
DA:257,2
DA:258,0
DA:259,0
DA:260,0
DA:262,0
DA:266,2
DA:267,0
DA:268,0
DA:274,0
DA:275,0
DA:276,0
DA:277,0
DA:278,0
DA:282,0
DA:284,0
DA:290,0
DA:292,0
DA:296,2
DA:297,0
DA:298,0
DA:299,0
DA:300,0
DA:303,0
DA:304,0
DA:305,0
DA:309,0
DA:310,0
DA:311,0
DA:315,0
DA:320,0
DA:321,0
DA:324,0
DA:326,0
DA:328,0
DA:332,2
DA:333,0
DA:334,0
DA:335,0
DA:337,0
DA:342,0
DA:343,0
DA:345,0
DA:349,2
DA:350,0
DA:351,0
DA:352,0
DA:354,0
DA:359,0
DA:360,0
DA:362,0
DA:366,2
DA:367,0
DA:368,0
DA:369,0
DA:371,0
DA:372,0
DA:373,0
DA:376,0
DA:377,0
DA:378,0
DA:381,0
DA:382,0
DA:384,0
DA:388,0
DA:389,0
DA:391,0
DA:395,2
DA:396,0
DA:397,0
DA:401,0
DA:403,0
DA:407,2
DA:408,0
DA:409,0
DA:410,0
DA:412,0
DA:413,0
DA:415,0
DA:419,2
DA:420,0
DA:421,0
DA:422,0
DA:424,0
DA:425,0
DA:427,0
DA:431,2
DA:432,0
DA:433,0
DA:434,0
DA:436,0
DA:440,2
DA:441,0
DA:442,0
DA:443,0
DA:445,0
DA:446,0
DA:448,0
DA:452,2
DA:453,0
DA:454,0
DA:456,0
DA:461,0
DA:462,0
DA:464,0
DA:468,2
DA:469,0
DA:470,0
DA:471,0
DA:474,0
DA:479,0
DA:480,0
DA:482,0
DA:486,2
DA:487,0
DA:488,0
DA:489,0
DA:492,0
DA:500,0
DA:501,0
DA:504,0
DA:505,0
DA:506,0
DA:508,0
DA:512,2
DA:513,0
DA:514,0
DA:515,0
DA:517,0
DA:518,0
DA:520,0
DA:524,2
DA:525,0
DA:526,0
DA:527,0
DA:528,0
DA:530,0
DA:535,2
DA:536,0
DA:537,0
DA:544,0
DA:548,2
DA:549,0
DA:550,0
DA:551,0
DA:553,0
DA:554,0
DA:555,0
DA:557,0
DA:558,0
DA:559,0
DA:564,0
DA:573,0
DA:574,0
DA:575,0
DA:581,0
DA:582,0
DA:583,0
DA:584,0
DA:586,0
DA:587,0
DA:589,0
DA:592,2
DA:593,0
DA:594,0
DA:595,0
DA:597,0
DA:598,0
DA:601,0
DA:602,0
DA:603,0
DA:605,0
DA:607,0
DA:611,2
DA:612,0
DA:613,0
DA:614,0
DA:616,0
DA:617,0
DA:619,0
DA:623,2
DA:624,0
DA:625,0
DA:626,0
DA:628,0
DA:629,0
DA:630,0
DA:633,0
DA:634,0
DA:636,0
DA:638,0
DA:642,2
DA:643,0
DA:644,0
DA:645,0
DA:647,0
DA:648,0
DA:650,0
DA:651,0
DA:656,0
DA:662,0
DA:666,2
DA:667,0
DA:668,0
DA:669,0
DA:670,0
DA:672,0
DA:676,2
DA:677,0
DA:678,0
DA:679,0
DA:685,0
DA:687,0
DA:691,2
DA:692,0
DA:693,0
DA:695,0
DA:697,0
DA:698,0
DA:699,0
DA:703,0
DA:704,0
DA:709,0
DA:716,0
DA:717,0
DA:719,0
DA:720,0
DA:721,0
DA:724,0
DA:725,0
DA:726,0
DA:729,0
DA:738,0
DA:742,2
DA:743,0
DA:744,0
DA:745,0
DA:747,0
DA:748,0
DA:749,0
DA:752,0
DA:761,0
DA:769,0
DA:771,0
DA:775,2
LF:355
LH:53
BRDA:22,0,0,0
BRDA:22,0,1,0
BRDA:23,1,0,0
BRDA:23,1,1,0
BRDA:28,2,0,0
BRDA:28,2,1,0
BRDA:31,3,0,0
BRDA:33,4,0,0
BRDA:33,4,1,0
BRDA:34,5,0,0
BRDA:34,5,1,0
BRDA:50,6,0,0
BRDA:50,6,1,0
BRDA:50,6,2,0
BRDA:51,7,0,0
BRDA:51,7,1,0
BRDA:89,8,0,0
BRDA:89,8,1,0
BRDA:90,9,0,0
BRDA:90,9,1,0
BRDA:91,10,0,0
BRDA:91,10,1,0
BRDA:93,11,0,0
BRDA:93,11,1,0
BRDA:100,12,0,0
BRDA:100,12,1,0
BRDA:113,13,0,0
BRDA:113,13,1,0
BRDA:114,14,0,0
BRDA:114,14,1,0
BRDA:139,15,0,0
BRDA:139,15,1,0
BRDA:141,16,0,0
BRDA:141,16,1,0
BRDA:142,17,0,0
BRDA:142,17,1,0
BRDA:149,18,0,0
BRDA:149,18,1,0
BRDA:150,19,0,0
BRDA:150,19,1,0
BRDA:164,20,0,0
BRDA:164,20,1,0
BRDA:166,21,0,0
BRDA:166,21,1,0
BRDA:166,22,0,0
BRDA:166,22,1,0
BRDA:181,23,0,0
BRDA:181,23,1,0
BRDA:183,24,0,0
BRDA:183,24,1,0
BRDA:198,25,0,0
BRDA:198,25,1,0
BRDA:219,26,0,0
BRDA:219,26,1,0
BRDA:241,27,0,0
BRDA:241,27,1,0
BRDA:241,28,0,0
BRDA:241,28,1,0
BRDA:246,29,0,0
BRDA:246,29,1,0
BRDA:247,30,0,0
BRDA:247,30,1,0
BRDA:286,31,0,0
BRDA:286,31,1,0
BRDA:304,32,0,0
BRDA:304,32,1,0
BRDA:310,33,0,0
BRDA:310,33,1,0
BRDA:320,34,0,0
BRDA:320,34,1,0
BRDA:335,35,0,0
BRDA:335,35,1,0
BRDA:339,36,0,0
BRDA:339,36,1,0
BRDA:352,37,0,0
BRDA:352,37,1,0
BRDA:355,38,0,0
BRDA:355,38,1,0
BRDA:356,39,0,0
BRDA:356,39,1,0
BRDA:369,40,0,0
BRDA:369,40,1,0
BRDA:371,41,0,0
BRDA:371,41,1,0
BRDA:372,42,0,0
BRDA:372,42,1,0
BRDA:377,43,0,0
BRDA:377,43,1,0
BRDA:389,44,0,0
BRDA:389,44,1,0
BRDA:410,45,0,0
BRDA:410,45,1,0
BRDA:422,46,0,0
BRDA:422,46,1,0
BRDA:443,47,0,0
BRDA:443,47,1,0
BRDA:454,48,0,0
BRDA:454,48,1,0
BRDA:461,49,0,0
BRDA:461,49,1,0
BRDA:462,50,0,0
BRDA:462,50,1,0
BRDA:470,51,0,0
BRDA:470,51,1,0
BRDA:470,52,0,0
BRDA:470,52,1,0
BRDA:479,53,0,0
BRDA:479,53,1,0
BRDA:488,54,0,0
BRDA:488,54,1,0
BRDA:488,55,0,0
BRDA:488,55,1,0
BRDA:500,56,0,0
BRDA:500,56,1,0
BRDA:501,57,0,0
BRDA:501,57,1,0
BRDA:506,58,0,0
BRDA:506,58,1,0
BRDA:515,59,0,0
BRDA:515,59,1,0
BRDA:550,60,0,0
BRDA:550,60,1,0
BRDA:550,61,0,0
BRDA:550,61,1,0
BRDA:553,62,0,0
BRDA:553,62,1,0
BRDA:554,63,0,0
BRDA:554,63,1,0
BRDA:568,64,0,0
BRDA:568,64,1,0
BRDA:569,65,0,0
BRDA:569,65,1,0
BRDA:574,66,0,0
BRDA:574,66,1,0
BRDA:595,67,0,0
BRDA:595,67,1,0
BRDA:597,68,0,0
BRDA:597,68,1,0
BRDA:597,69,0,0
BRDA:597,69,1,0
BRDA:614,70,0,0
BRDA:614,70,1,0
BRDA:626,71,0,0
BRDA:626,71,1,0
BRDA:628,72,0,0
BRDA:628,72,1,0
BRDA:629,73,0,0
BRDA:629,73,1,0
BRDA:645,74,0,0
BRDA:645,74,1,0
BRDA:647,75,0,0
BRDA:647,75,1,0
BRDA:650,76,0,0
BRDA:650,76,1,0
BRDA:668,77,0,0
BRDA:668,77,1,0
BRDA:669,78,0,0
BRDA:669,78,1,0
BRDA:695,79,0,0
BRDA:695,79,1,0
BRDA:719,80,0,0
BRDA:719,80,1,0
BRDA:724,81,0,0
BRDA:724,81,1,0
BRDA:763,82,0,0
BRDA:763,82,1,0
BRF:166
BRH:0
end_of_record
TN:
SF:src/controllers/admin/suscripcionController.js
FN:25,(anonymous_0)
FN:34,(anonymous_1)
FN:87,(anonymous_2)
FN:100,(anonymous_3)
FN:145,(anonymous_4)
FN:148,(anonymous_5)
FN:162,(anonymous_6)
FNF:7
FNH:0
FNDA:0,(anonymous_0)
FNDA:0,(anonymous_1)
FNDA:0,(anonymous_2)
FNDA:0,(anonymous_3)
FNDA:0,(anonymous_4)
FNDA:0,(anonymous_5)
FNDA:0,(anonymous_6)
DA:11,0
DA:12,0
DA:13,0
DA:14,0
DA:15,0
DA:18,0
DA:19,0
DA:20,0
DA:22,0
DA:23,0
DA:25,0
DA:26,0
DA:27,0
DA:28,0
DA:29,0
DA:34,0
DA:35,0
DA:36,0
DA:37,0
DA:38,0
DA:44,0
DA:68,0
DA:69,0
DA:70,0
DA:74,0
DA:83,0
DA:87,0
DA:88,0
DA:89,0
DA:96,0
DA:100,0
DA:101,0
DA:102,0
DA:103,0
DA:105,0
DA:106,0
DA:107,0
DA:109,0
DA:110,0
DA:111,0
DA:116,0
DA:125,0
DA:126,0
DA:127,0
DA:133,0
DA:134,0
DA:135,0
DA:136,0
DA:138,0
DA:139,0
DA:141,0
DA:145,0
DA:146,0
DA:147,0
DA:148,0
DA:149,0
DA:151,0
DA:152,0
DA:153,0
DA:155,0
DA:156,0
DA:157,0
DA:158,0
DA:162,0
DA:163,0
DA:164,0
DA:165,0
DA:166,0
DA:167,0
DA:168,0
DA:170,0
DA:178,0
DA:185,0
DA:186,0
DA:189,0
LF:75
LH:0
BRDA:25,0,0,0
BRDA:27,1,0,0
BRDA:27,1,1,0
BRDA:28,2,0,0
BRDA:28,2,1,0
BRDA:68,3,0,0
BRDA:68,3,1,0
BRDA:69,4,0,0
BRDA:69,4,1,0
BRDA:70,5,0,0
BRDA:70,5,1,0
BRDA:72,6,0,0
BRDA:72,6,1,0
BRDA:79,7,0,0
BRDA:79,7,1,0
BRDA:102,8,0,0
BRDA:102,8,1,0
BRDA:102,9,0,0
BRDA:102,9,1,0
BRDA:105,10,0,0
BRDA:105,10,1,0
BRDA:106,11,0,0
BRDA:106,11,1,0
BRDA:120,12,0,0
BRDA:120,12,1,0
BRDA:121,13,0,0
BRDA:121,13,1,0
BRDA:126,14,0,0
BRDA:126,14,1,0
BRDA:148,15,0,0
BRDA:148,15,1,0
BRDA:149,16,0,0
BRDA:149,16,1,0
BRDA:151,17,0,0
BRDA:151,17,1,0
BRDA:152,18,0,0
BRDA:152,18,1,0
BRDA:180,19,0,0
BRDA:180,19,1,0
BRF:39
BRH:0
end_of_record
TN:
SF:src/domains/domainBoundaries.js
FN:179,canDependOn
FN:192,getDomainModels
FN:206,isModelInDomain
FN:216,getModelDomain
FNF:4
FNH:0
FNDA:0,canDependOn
FNDA:0,getDomainModels
FNDA:0,isModelInDomain
FNDA:0,getModelDomain
DA:19,2
DA:180,0
DA:181,0
DA:182,0
DA:184,0
DA:193,0
DA:194,0
DA:195,0
DA:197,0
DA:207,0
DA:208,0
DA:217,0
DA:218,0
DA:219,0
DA:222,0
DA:225,2
LF:16
LH:2
BRDA:181,0,0,0
BRDA:181,0,1,0
BRDA:194,1,0,0
BRDA:194,1,1,0
BRDA:218,2,0,0
BRDA:218,2,1,0
BRF:6
BRH:0
end_of_record
TN:
SF:src/domains/eventBus.js
FN:50,(anonymous_0)
FN:84,(anonymous_1)
FN:125,(anonymous_2)
FN:158,(anonymous_3)
FN:173,(anonymous_4)
FN:184,(anonymous_5)
FN:201,(anonymous_6)
FN:226,(anonymous_7)
FN:255,(anonymous_8)
FN:345,(anonymous_9)
FN:358,(anonymous_10)
FN:380,(anonymous_11)
FN:398,(anonymous_12)
FN:406,(anonymous_13)
FN:415,(anonymous_14)
FN:430,(anonymous_15)
FN:438,(anonymous_16)
FN:446,(anonymous_17)
FN:456,(anonymous_18)
FN:463,(anonymous_19)
FN:473,(anonymous_20)
FN:474,(anonymous_21)
FN:477,(anonymous_22)
FN:491,(anonymous_23)
FN:493,(anonymous_24)
FN:495,(anonymous_25)
FN:509,(anonymous_26)
FN:525,(anonymous_27)
FN:533,(anonymous_28)
FN:545,(anonymous_29)
FN:552,(anonymous_30)
FN:563,(anonymous_31)
FN:565,(anonymous_32)
FN:567,(anonymous_33)
FN:568,(anonymous_34)
FN:569,(anonymous_35)
FN:570,(anonymous_36)
FN:571,(anonymous_37)
FN:572,(anonymous_38)
FN:574,(anonymous_39)
FN:575,(anonymous_40)
FN:576,(anonymous_41)
FN:577,(anonymous_42)
FN:578,(anonymous_43)
FN:579,(anonymous_44)
FNF:45
FNH:3
FNDA:2,(anonymous_0)
FNDA:0,(anonymous_1)
FNDA:0,(anonymous_2)
FNDA:0,(anonymous_3)
FNDA:0,(anonymous_4)
FNDA:0,(anonymous_5)
FNDA:0,(anonymous_6)
FNDA:0,(anonymous_7)
FNDA:0,(anonymous_8)
FNDA:0,(anonymous_9)
FNDA:0,(anonymous_10)
FNDA:0,(anonymous_11)
FNDA:0,(anonymous_12)
FNDA:0,(anonymous_13)
FNDA:0,(anonymous_14)
FNDA:0,(anonymous_15)
FNDA:0,(anonymous_16)
FNDA:0,(anonymous_17)
FNDA:0,(anonymous_18)
FNDA:0,(anonymous_19)
FNDA:6,(anonymous_20)
FNDA:0,(anonymous_21)
FNDA:0,(anonymous_22)
FNDA:0,(anonymous_23)
FNDA:0,(anonymous_24)
FNDA:0,(anonymous_25)
FNDA:0,(anonymous_26)
FNDA:0,(anonymous_27)
FNDA:0,(anonymous_28)
FNDA:0,(anonymous_29)
FNDA:0,(anonymous_30)
FNDA:0,(anonymous_31)
FNDA:6,(anonymous_32)
FNDA:0,(anonymous_33)
FNDA:0,(anonymous_34)
FNDA:0,(anonymous_35)
FNDA:0,(anonymous_36)
FNDA:0,(anonymous_37)
FNDA:0,(anonymous_38)
FNDA:0,(anonymous_39)
FNDA:0,(anonymous_40)
FNDA:0,(anonymous_41)
FNDA:0,(anonymous_42)
FNDA:0,(anonymous_43)
FNDA:0,(anonymous_44)
DA:40,2
DA:41,2
DA:42,2
DA:43,2
DA:44,2
DA:46,2
DA:47,2
DA:51,2
DA:52,2
DA:53,2
DA:54,2
DA:55,2
DA:56,2
DA:59,2
DA:60,2
DA:61,2
DA:64,2
DA:67,2
DA:68,2
DA:85,0
DA:94,0
DA:97,0
DA:98,0
DA:99,0
DA:102,0
DA:103,0
DA:106,0
DA:111,0
DA:114,0
DA:116,0
DA:118,0
DA:126,0
DA:127,0
DA:130,0
DA:133,0
DA:134,0
DA:137,0
DA:140,0
DA:141,0
DA:142,0
DA:143,0
DA:144,0
DA:145,0
DA:146,0
DA:150,0
DA:151,0
DA:159,0
DA:170,0
DA:171,0
DA:173,0
DA:174,0
DA:185,0
DA:186,0
DA:187,0
DA:189,0
DA:190,0
DA:191,0
DA:192,0
DA:193,0
DA:194,0
DA:202,0
DA:204,0
DA:205,0
DA:207,0
DA:208,0
DA:209,0
DA:210,0
DA:211,0
DA:212,0
DA:214,0
DA:215,0
DA:216,0
DA:227,0
DA:229,0
DA:244,0
DA:256,0
DA:257,0
DA:258,0
DA:259,0
DA:261,0
DA:263,0
DA:272,0
DA:273,0
DA:275,0
DA:282,0
DA:290,0
DA:291,0
DA:294,0
DA:299,0
DA:300,0
DA:302,0
DA:304,0
DA:307,0
DA:309,0
DA:310,0
DA:315,0
DA:317,0
DA:323,0
DA:328,0
DA:336,0
DA:337,0
DA:346,0
DA:359,0
DA:360,0
DA:361,0
DA:364,0
DA:371,0
DA:372,0
DA:381,0
DA:382,0
DA:384,0
DA:391,0
DA:392,0
DA:399,0
DA:400,0
DA:407,0
DA:408,0
DA:416,0
DA:431,0
DA:432,0
DA:439,0
DA:440,0
DA:447,0
DA:448,0
DA:449,0
DA:457,0
DA:464,0
DA:474,6
DA:476,0
DA:477,0
DA:478,0
DA:482,6
DA:492,0
DA:493,0
DA:494,0
DA:495,0
DA:496,0
DA:500,0
DA:510,0
DA:512,0
DA:513,0
DA:517,0
DA:518,0
DA:526,0
DA:534,0
DA:535,0
DA:536,0
DA:546,0
DA:553,0
DA:558,2
DA:560,2
DA:564,0
DA:565,6
DA:567,0
DA:568,0
DA:569,0
DA:570,0
DA:571,0
DA:572,0
DA:574,0
DA:575,0
DA:576,0
DA:577,0
DA:578,0
DA:579,0
LF:165
LH:24
BRDA:84,0,0,0
BRDA:84,1,0,0
BRDA:97,2,0,0
BRDA:97,2,1,0
BRDA:102,3,0,0
BRDA:102,3,1,0
BRDA:116,4,0,0
BRDA:116,4,1,0
BRDA:133,5,0,0
BRDA:133,5,1,0
BRDA:133,6,0,0
BRDA:133,6,1,0
BRDA:140,7,0,0
BRDA:140,7,1,0
BRDA:140,8,0,0
BRDA:140,8,1,0
BRDA:170,9,0,0
BRDA:170,9,1,0
BRDA:170,9,2,0
BRDA:171,10,0,0
BRDA:171,10,1,0
BRDA:174,11,0,0
BRDA:174,11,1,0
BRDA:174,11,2,0
BRDA:174,11,3,0
BRDA:202,12,0,0
BRDA:202,12,1,0
BRDA:226,13,0,0
BRDA:255,14,0,0
BRDA:309,15,0,0
BRDA:309,15,1,0
BRDA:360,16,0,0
BRDA:360,16,1,0
BRDA:360,17,0,0
BRDA:360,17,1,0
BRDA:380,18,0,0
BRDA:476,19,0,0
BRDA:476,19,1,0
BRDA:494,20,0,0
BRDA:494,20,1,0
BRDA:494,21,0,0
BRDA:494,21,1,0
BRDA:512,22,0,0
BRDA:512,22,1,0
BRDA:517,23,0,0
BRDA:517,23,1,0
BRDA:518,24,0,0
BRDA:518,24,1,0
BRDA:535,25,0,0
BRDA:535,25,1,0
BRDA:545,26,0,0
BRF:51
BRH:0
end_of_record
TN:
SF:src/domains/auth/models/AuditoriaAdmin.js
FNF:0
FNH:0
DA:1,2
DA:2,2
DA:4,2
DA:14,2
LF:4
LH:4
BRF:0
BRH:0
end_of_record
TN:
SF:src/domains/auth/models/Permiso.js
FNF:0
FNH:0
DA:1,2
DA:2,2
DA:4,2
DA:13,2
LF:4
LH:4
BRF:0
BRH:0
end_of_record
TN:
SF:src/domains/auth/models/RevokedToken.js
FNF:0
FNH:0
DA:1,2
DA:2,2
DA:4,2
DA:12,2
LF:4
LH:4
BRF:0
BRH:0
end_of_record
TN:
SF:src/domains/auth/models/Rol.js
FNF:0
FNH:0
DA:2,2
DA:3,2
DA:5,2
DA:14,2
LF:4
LH:4
BRF:0
BRH:0
end_of_record
TN:
SF:src/domains/auth/models/RolPermiso.js
FNF:0
FNH:0
DA:1,2
DA:2,2
DA:4,2
DA:12,2
LF:4
LH:4
BRF:0
BRH:0
end_of_record
TN:
SF:src/domains/auth/models/Usuario.js
FNF:0
FNH:0
DA:1,2
DA:2,2
DA:4,2
DA:14,2
LF:4
LH:4
BRF:0
BRH:0
end_of_record
TN:
SF:src/domains/auth/models/UsuarioAdmin.js
FNF:0
FNH:0
DA:1,2
DA:2,2
DA:4,2
DA:13,2
LF:4
LH:4
BRF:0
BRH:0
end_of_record
TN:
SF:src/domains/auth/models/index.js
FNF:0
FNH:0
DA:13,2
DA:16,2
DA:17,2
DA:18,2
DA:19,2
DA:20,2
DA:21,2
DA:22,2
DA:29,2
DA:30,2
DA:32,2
DA:38,2
DA:53,2
DA:69,2
LF:14
LH:14
BRF:0
BRH:0
end_of_record
TN:
SF:src/domains/billing/index.js
FNF:0
FNH:0
DA:9,0
DA:12,0
DA:14,0
LF:3
LH:0
BRF:0
BRH:0
end_of_record
TN:
SF:src/domains/billing/controllers/comprobantePublicController.js
FN:16,(anonymous_0)
FN:43,(anonymous_1)
FNF:2
FNH:0
FNDA:0,(anonymous_0)
FNDA:0,(anonymous_1)
DA:8,2
DA:9,2
DA:17,0
DA:18,0
DA:19,0
DA:21,0
DA:26,0
DA:35,0
DA:44,0
DA:45,0
DA:46,0
DA:48,0
DA:53,0
DA:54,0
DA:57,0
DA:62,0
DA:67,2
LF:17
LH:3
BRDA:53,0,0,0
BRDA:53,0,1,0
BRF:2
BRH:0
end_of_record
TN:
SF:src/domains/billing/interfaces/public.js
FNF:0
FNH:0
DA:8,0
DA:10,0
LF:2
LH:0
BRF:0
BRH:0
end_of_record
TN:
SF:src/domains/billing/models/Comprobante.js
FNF:0
FNH:0
DA:1,2
DA:2,2
DA:4,2
DA:35,2
LF:4
LH:4
BRF:0
BRH:0
end_of_record
TN:
SF:src/domains/billing/models/DomainEvent.js
FNF:0
FNH:0
DA:1,2
DA:2,2
DA:18,2
DA:121,2
LF:4
LH:4
BRF:0
BRH:0
end_of_record
TN:
SF:src/domains/billing/models/Feature.js
FNF:0
FNH:0
DA:7,2
DA:8,2
DA:10,2
DA:24,2
LF:4
LH:4
BRF:0
BRH:0
end_of_record
TN:
SF:src/domains/billing/models/FeatureOverride.js
FNF:0
FNH:0
DA:2,2
DA:3,2
DA:5,2
DA:18,2
LF:4
LH:4
BRF:0
BRH:0
end_of_record
TN:
SF:src/domains/billing/models/Pago.js
FNF:0
FNH:0
DA:7,2
DA:8,2
DA:10,2
DA:28,2
LF:4
LH:4
BRF:0
BRH:0
end_of_record
TN:
SF:src/domains/billing/models/PaymentEvent.js
FNF:0
FNH:0
DA:1,2
DA:2,2
DA:4,2
DA:13,2
LF:4
LH:4
BRF:0
BRH:0
end_of_record
TN:
SF:src/domains/billing/models/Plan.js
FNF:0
FNH:0
DA:3,2
DA:4,2
DA:6,2
DA:20,2
LF:4
LH:4
BRF:0
BRH:0
end_of_record
TN:
SF:src/domains/billing/models/PlanFeature.js
FNF:0
FNH:0
DA:2,2
DA:3,2
DA:5,2
DA:17,2
LF:4
LH:4
BRF:0
BRH:0
end_of_record
TN:
SF:src/domains/billing/models/PlanLimit.js
FNF:0
FNH:0
DA:1,2
DA:2,2
DA:4,2
DA:11,2
LF:4
LH:4
BRF:0
BRH:0
end_of_record
TN:
SF:src/domains/billing/models/Suscripcion.js
FNF:0
FNH:0
DA:8,2
DA:9,2
DA:11,2
DA:27,2
LF:4
LH:4
BRF:0
BRH:0
end_of_record
TN:
SF:src/domains/billing/models/index.js
FNF:0
FNH:0
DA:13,2
DA:16,2
DA:17,2
DA:18,2
DA:19,2
DA:20,2
DA:21,2
DA:22,2
DA:23,2
DA:24,2
DA:25,2
DA:35,2
DA:36,2
DA:37,2
DA:38,2
DA:40,2
DA:41,2
DA:46,2
DA:47,2
DA:51,2
DA:52,2
DA:56,2
DA:57,2
DA:67,2
DA:87,2
LF:25
LH:25
BRF:0
BRH:0
end_of_record
TN:
SF:src/domains/billing/services/comprobanteService.js
FN:19,(anonymous_0)
FN:58,(anonymous_1)
FN:105,(anonymous_2)
FNF:3
FNH:0
FNDA:0,(anonymous_0)
FNDA:0,(anonymous_1)
FNDA:0,(anonymous_2)
DA:8,2
DA:20,0
DA:21,0
DA:23,0
DA:24,0
DA:27,0
DA:44,0
DA:59,0
DA:60,0
DA:63,0
DA:96,0
DA:106,0
DA:113,0
DA:117,2
LF:14
LH:2
BRDA:19,0,0,0
BRDA:20,1,0,0
BRDA:20,1,1,0
BRDA:21,2,0,0
BRDA:21,2,1,0
BRDA:23,3,0,0
BRDA:23,3,1,0
BRDA:23,4,0,0
BRDA:23,4,1,0
BRDA:59,5,0,0
BRDA:59,5,1,0
BRDA:59,6,0,0
BRDA:59,6,1,0
BRF:13
BRH:0
end_of_record
TN:
SF:src/domains/core/models/Alerta.js
FNF:0
FNH:0
DA:1,2
DA:2,2
DA:4,2
DA:13,2
LF:4
LH:4
BRF:0
BRH:0
end_of_record
TN:
SF:src/domains/core/models/ApiKey.js
FNF:0
FNH:0
DA:1,2
DA:2,2
DA:4,2
DA:18,2
LF:4
LH:4
BRF:0
BRH:0
end_of_record
TN:
SF:src/domains/core/models/AuditLog.js
FNF:0
FNH:0
DA:1,2
DA:2,2
DA:4,2
DA:22,2
LF:4
LH:4
BRF:0
BRH:0
end_of_record
TN:
SF:src/domains/core/models/Categoria.js
FNF:0
FNH:0
DA:1,2
DA:2,2
DA:4,2
DA:11,2
LF:4
LH:4
BRF:0
BRH:0
end_of_record
TN:
SF:src/domains/core/models/Cliente.js
FNF:0
FNH:0
DA:1,2
DA:2,2
DA:4,2
DA:14,2
LF:4
LH:4
BRF:0
BRH:0
end_of_record
TN:
SF:src/domains/core/models/DetalleVenta.js
FNF:0
FNH:0
DA:1,2
DA:2,2
DA:4,2
DA:13,2
LF:4
LH:4
BRF:0
BRH:0
end_of_record
TN:
SF:src/domains/core/models/Empresa.js
FNF:0
FNH:0
DA:1,2
DA:2,2
DA:4,2
DA:15,2
LF:4
LH:4
BRF:0
BRH:0
end_of_record
TN:
SF:src/domains/core/models/EmpresaRubro.js
FNF:0
FNH:0
DA:1,2
DA:2,2
DA:4,2
DA:9,2
LF:4
LH:4
BRF:0
BRH:0
end_of_record
TN:
SF:src/domains/core/models/Gasto.js
FNF:0
FNH:0
DA:1,2
DA:2,2
DA:4,2
DA:14,2
LF:4
LH:4
BRF:0
BRH:0
end_of_record
TN:
SF:src/domains/core/models/MovimientoInventario.js
FNF:0
FNH:0
DA:1,2
DA:2,2
DA:4,2
DA:15,2
LF:4
LH:4
BRF:0
BRH:0
end_of_record
TN:
SF:src/domains/core/models/Producto.js
FNF:0
FNH:0
DA:1,2
DA:2,2
DA:4,2
DA:17,2
LF:4
LH:4
BRF:0
BRH:0
end_of_record
TN:
SF:src/domains/core/models/Proveedor.js
FNF:0
FNH:0
DA:1,2
DA:2,2
DA:4,2
DA:15,2
LF:4
LH:4
BRF:0
BRH:0
end_of_record
TN:
SF:src/domains/core/models/Rubro.js
FNF:0
FNH:0
DA:2,2
DA:3,2
DA:5,2
DA:14,2
LF:4
LH:4
BRF:0
BRH:0
end_of_record
TN:
SF:src/domains/core/models/RubroFeature.js
FNF:0
FNH:0
DA:1,2
DA:2,2
DA:4,2
DA:13,2
LF:4
LH:4
BRF:0
BRH:0
end_of_record
TN:
SF:src/domains/core/models/Venta.js
FNF:0
FNH:0
DA:1,2
DA:2,2
DA:4,2
DA:16,2
LF:4
LH:4
BRF:0
BRH:0
end_of_record
TN:
SF:src/domains/core/models/index.js
FN:121,(anonymous_0)
FN:172,(anonymous_1)
FNF:2
FNH:0
FNDA:0,(anonymous_0)
FNDA:0,(anonymous_1)
DA:16,2
DA:19,2
DA:20,2
DA:21,2
DA:22,2
DA:23,2
DA:24,2
DA:25,2
DA:26,2
DA:27,2
DA:28,2
DA:29,2
DA:30,2
DA:31,2
DA:32,2
DA:33,2
DA:40,2
DA:41,2
DA:43,2
DA:44,2
DA:47,2
DA:48,2
DA:50,2
DA:51,2
DA:54,2
DA:55,2
DA:57,2
DA:58,2
DA:61,2
DA:62,2
DA:63,2
DA:66,2
DA:67,2
DA:71,2
DA:72,2
DA:73,2
DA:74,2
DA:78,2
DA:79,2
DA:82,2
DA:83,2
DA:85,2
DA:86,2
DA:90,2
DA:96,2
DA:102,2
DA:103,2
DA:104,2
DA:105,2
DA:119,2
DA:121,2
DA:122,0
DA:123,0
DA:126,0
DA:127,0
DA:129,0
DA:136,0
DA:139,0
DA:140,0
DA:149,2
DA:172,0
DA:176,2
LF:62
LH:53
BRDA:122,0,0,0
BRDA:122,0,1,0
BRDA:139,1,0,0
BRDA:139,1,1,0
BRF:4
BRH:0
end_of_record
TN:
SF:src/domains/ml/index.js
FN:31,(anonymous_0)
FNF:1
FNH:0
FNDA:0,(anonymous_0)
DA:17,2
DA:20,2
DA:22,2
DA:31,0
LF:4
LH:3
BRF:0
BRH:0
end_of_record
TN:
SF:src/domains/ml/models/index.js
FNF:0
FNH:0
DA:14,2
DA:22,2
DA:23,2
DA:26,2
DA:46,2
DA:56,2
LF:6
LH:6
BRDA:49,0,0,2
BRDA:49,0,1,0
BRF:2
BRH:1
end_of_record
TN:
SF:src/domains/ml/services/mlPremiumService.js
FN:19,(anonymous_0)
FN:36,(anonymous_1)
FN:37,(anonymous_2)
FN:47,(anonymous_3)
FN:55,(anonymous_4)
FN:59,(anonymous_5)
FN:63,(anonymous_6)
FN:71,(anonymous_7)
FN:83,(anonymous_8)
FN:123,(anonymous_9)
FN:152,(anonymous_10)
FN:181,(anonymous_11)
FN:211,(anonymous_12)
FN:243,(anonymous_13)
FN:255,(anonymous_14)
FNF:15
FNH:3
FNDA:2,(anonymous_0)
FNDA:2,(anonymous_1)
FNDA:0,(anonymous_2)
FNDA:0,(anonymous_3)
FNDA:0,(anonymous_4)
FNDA:0,(anonymous_5)
FNDA:0,(anonymous_6)
FNDA:0,(anonymous_7)
FNDA:0,(anonymous_8)
FNDA:0,(anonymous_9)
FNDA:0,(anonymous_10)
FNDA:0,(anonymous_11)
FNDA:0,(anonymous_12)
FNDA:0,(anonymous_13)
FNDA:2,(anonymous_14)
DA:14,2
DA:15,2
DA:16,2
DA:20,2
DA:21,2
DA:22,2
DA:24,2
DA:30,2
DA:37,2
DA:38,0
DA:39,0
DA:47,2
DA:55,2
DA:56,0
DA:59,2
DA:60,0
DA:63,2
DA:64,0
DA:72,0
DA:84,0
DA:86,0
DA:87,0
DA:90,0
DA:104,0
DA:110,0
DA:112,0
DA:116,0
DA:124,0
DA:126,0
DA:127,0
DA:129,0
DA:141,0
DA:145,0
DA:153,0
DA:155,0
DA:156,0
DA:158,0
DA:170,0
DA:174,0
DA:182,0
DA:184,0
DA:185,0
DA:187,0
DA:200,0
DA:204,0
DA:212,0
DA:214,0
DA:215,0
DA:219,0
DA:232,0
DA:236,0
DA:244,0
DA:253,2
DA:255,2
DA:256,2
DA:257,2
DA:259,2
DA:262,2
LF:58
LH:19
BRDA:20,0,0,2
BRDA:20,0,1,2
BRDA:21,1,0,2
BRDA:21,1,1,2
BRDA:21,1,2,2
BRDA:27,2,0,0
BRDA:27,2,1,2
BRDA:71,3,0,0
BRDA:71,4,0,0
BRDA:83,5,0,0
BRDA:83,6,0,0
BRDA:123,7,0,0
BRDA:152,8,0,0
BRDA:181,9,0,0
BRDA:211,10,0,0
BRDA:256,11,0,2
BRDA:256,11,1,0
BRF:17
BRH:7
end_of_record
TN:
SF:src/domains/payments/index.js
FNF:0
FNH:0
DA:9,2
DA:12,2
DA:15,2
DA:16,2
DA:18,2
LF:5
LH:5
BRF:0
BRH:0
end_of_record
TN:
SF:src/domains/payments/controllers/WebhookController.js
FN:13,(anonymous_0)
FN:25,(anonymous_1)
FN:105,(anonymous_2)
FN:120,(anonymous_3)
FN:164,(anonymous_4)
FNF:5
FNH:1
FNDA:2,(anonymous_0)
FNDA:0,(anonymous_1)
FNDA:0,(anonymous_2)
FNDA:0,(anonymous_3)
FNDA:0,(anonymous_4)
DA:8,2
DA:9,2
DA:10,2
DA:14,2
DA:15,2
DA:26,0
DA:28,0
DA:32,0
DA:33,0
DA:36,0
DA:42,0
DA:43,0
DA:44,0
DA:52,0
DA:53,0
DA:55,0
DA:56,0
DA:63,0
DA:65,0
DA:66,0
DA:67,0
DA:74,0
DA:76,0
DA:85,0
DA:91,0
DA:106,0
DA:121,0
DA:122,0
DA:123,0
DA:124,0
DA:125,0
DA:127,0
DA:128,0
DA:129,0
DA:130,0
DA:132,0
DA:139,0
DA:149,0
DA:150,0
DA:165,0
DA:166,0
DA:168,0
DA:170,0
DA:171,0
DA:177,0
DA:179,0
DA:180,0
DA:188,2
LF:48
LH:6
BRDA:28,0,0,0
BRDA:28,0,1,0
BRDA:42,1,0,0
BRDA:42,1,1,0
BRDA:53,2,0,0
BRDA:53,2,1,0
BRDA:65,3,0,0
BRDA:65,3,1,0
BRDA:122,4,0,0
BRDA:122,5,0,0
BRDA:128,6,0,0
BRDA:128,6,1,0
BRDA:129,7,0,0
BRDA:129,7,1,0
BRDA:130,8,0,0
BRDA:130,8,1,0
BRDA:170,9,0,0
BRDA:170,9,1,0
BRF:18
BRH:0
end_of_record
TN:
SF:src/domains/payments/interfaces/public.js
FN:13,(anonymous_0)
FNF:1
FNH:1
FNDA:2,(anonymous_0)
DA:8,2
DA:9,2
DA:10,2
DA:13,2
DA:14,2
DA:17,2
LF:6
LH:6
BRF:0
BRH:0
end_of_record
TN:
SF:src/domains/payments/models/PaymentEvent.js
FNF:0
FNH:0
DA:1,2
DA:2,2
DA:10,2
DA:54,2
LF:4
LH:4
BRF:0
BRH:0
end_of_record
TN:
SF:src/domains/payments/services/WebhookEventHandler.js
FN:12,(anonymous_0)
FN:24,(anonymous_1)
FN:63,(anonymous_2)
FN:101,(anonymous_3)
FN:137,(anonymous_4)
FN:164,(anonymous_5)
FN:192,(anonymous_6)
FN:213,(anonymous_7)
FNF:8
FNH:1
FNDA:2,(anonymous_0)
FNDA:0,(anonymous_1)
FNDA:0,(anonymous_2)
FNDA:0,(anonymous_3)
FNDA:0,(anonymous_4)
FNDA:0,(anonymous_5)
FNDA:0,(anonymous_6)
FNDA:0,(anonymous_7)
DA:8,2
DA:9,2
DA:13,2
DA:25,0
DA:27,0
DA:28,0
DA:32,0
DA:36,0
DA:37,0
DA:38,0
DA:42,0
DA:49,0
DA:52,0
DA:54,0
DA:64,0
DA:66,0
DA:68,0
DA:71,0
DA:74,0
DA:77,0
DA:80,0
DA:83,0
DA:85,0
DA:91,0
DA:102,0
DA:104,0
DA:105,0
DA:106,0
DA:108,0
DA:109,0
DA:110,0
DA:114,0
DA:121,0
DA:123,0
DA:138,0
DA:140,0
DA:141,0
DA:143,0
DA:151,0
DA:165,0
DA:167,0
DA:168,0
DA:169,0
DA:171,0
DA:178,0
DA:193,0
DA:195,0
DA:196,0
DA:198,0
DA:204,0
DA:214,0
DA:216,0
DA:218,0
DA:223,0
DA:227,2
LF:55
LH:4
BRDA:24,0,0,0
BRDA:27,1,0,0
BRDA:27,1,1,0
BRDA:27,2,0,0
BRDA:27,2,1,0
BRDA:36,3,0,0
BRDA:36,3,1,0
BRDA:66,4,0,0
BRDA:66,4,1,0
BRDA:66,4,2,0
BRDA:66,4,3,0
BRDA:66,4,4,0
BRDA:66,4,5,0
BRDA:108,5,0,0
BRDA:108,5,1,0
BRF:15
BRH:0
end_of_record
TN:
SF:src/domains/payments/services/WebhookSignatureService.js
FN:19,(anonymous_0)
FN:48,(anonymous_1)
FN:62,(anonymous_2)
FNF:3
FNH:0
FNDA:0,(anonymous_0)
FNDA:0,(anonymous_1)
FNDA:0,(anonymous_2)
DA:8,2
DA:21,0
DA:22,0
DA:23,0
DA:26,0
DA:27,0
DA:28,0
DA:31,0
DA:34,0
DA:35,0
DA:37,0
DA:38,0
DA:49,0
DA:51,0
DA:52,0
DA:63,0
DA:65,0
DA:66,0
DA:68,0
DA:72,2
LF:20
LH:2
BRDA:21,0,0,0
BRDA:21,0,1,0
BRDA:26,1,0,0
BRDA:26,1,1,0
BRDA:49,2,0,0
BRDA:49,2,1,0
BRDA:52,3,0,0
BRDA:52,3,1,0
BRDA:62,4,0,0
BRDA:63,5,0,0
BRDA:63,5,1,0
BRDA:68,6,0,0
BRDA:68,6,1,0
BRF:13
BRH:0
end_of_record
TN:
SF:src/middleware/adminAuth.js
FN:20,(anonymous_0)
FNF:1
FNH:0
FNDA:0,(anonymous_0)
DA:10,2
DA:20,2
DA:21,0
DA:24,2
LF:4
LH:3
BRF:0
BRH:0
end_of_record
TN:
SF:src/middleware/apiKey.js
FN:3,(anonymous_0)
FNF:1
FNH:1
FNDA:1,(anonymous_0)
DA:1,2
DA:3,2
DA:4,1
DA:5,1
DA:6,1
DA:8,0
DA:9,0
DA:11,0
DA:12,0
DA:13,0
DA:15,0
DA:19,2
LF:12
LH:6
BRDA:6,0,0,1
BRDA:6,0,1,0
BRDA:9,1,0,0
BRDA:9,1,1,0
BRF:4
BRH:1
end_of_record
TN:
SF:src/middleware/audit.js
FN:6,(anonymous_0)
FN:7,(anonymous_1)
FN:9,(anonymous_2)
FN:12,(anonymous_3)
FNF:4
FNH:2
FNDA:0,(anonymous_0)
FNDA:0,(anonymous_1)
FNDA:3,(anonymous_2)
FNDA:3,(anonymous_3)
DA:1,2
DA:2,2
DA:5,2
DA:6,2
DA:7,2
DA:9,2
DA:10,3
DA:12,3
DA:13,3
DA:14,3
DA:16,1
DA:31,1
DA:34,1
DA:47,1
DA:48,0
DA:56,3
DA:59,2
LF:17
LH:16
BRDA:14,0,0,2
BRDA:14,0,1,1
BRDA:14,1,0,3
BRDA:14,1,1,1
BRDA:17,2,0,1
BRDA:17,2,1,1
BRDA:18,3,0,1
BRDA:18,3,1,1
BRDA:23,4,0,1
BRDA:23,4,1,1
BRDA:24,5,0,1
BRDA:24,5,1,0
BRDA:47,6,0,0
BRDA:47,6,1,1
BRF:14
BRH:12
end_of_record
TN:
SF:src/middleware/auth.js
FN:19,(anonymous_0)
FN:34,(anonymous_1)
FN:46,(anonymous_2)
FN:57,(anonymous_3)
FN:62,(anonymous_4)
FN:79,(anonymous_5)
FN:86,(anonymous_6)
FN:94,(anonymous_7)
FN:113,(anonymous_8)
FN:138,(anonymous_9)
FN:146,(anonymous_10)
FN:153,(anonymous_11)
FN:180,(anonymous_12)
FNF:13
FNH:2
FNDA:2,(anonymous_0)
FNDA:0,(anonymous_1)
FNDA:0,(anonymous_2)
FNDA:0,(anonymous_3)
FNDA:0,(anonymous_4)
FNDA:0,(anonymous_5)
FNDA:0,(anonymous_6)
FNDA:0,(anonymous_7)
FNDA:0,(anonymous_8)
FNDA:2,(anonymous_9)
FNDA:0,(anonymous_10)
FNDA:0,(anonymous_11)
FNDA:0,(anonymous_12)
DA:5,2
DA:6,2
DA:9,2
DA:10,2
DA:11,2
DA:13,2
DA:14,2
DA:15,2
DA:18,2
DA:20,2
DA:21,2
DA:23,2
DA:24,0
DA:26,2
DA:27,2
DA:28,0
DA:30,2
DA:35,0
DA:36,0
DA:39,0
DA:40,0
DA:44,2
DA:46,2
DA:47,0
DA:48,0
DA:49,0
DA:50,0
DA:51,0
DA:52,0
DA:54,0
DA:57,2
DA:58,0
DA:62,2
DA:63,0
DA:64,0
DA:65,0
DA:66,0
DA:74,2
DA:78,2
DA:79,2
DA:80,0
DA:81,0
DA:82,0
DA:86,2
DA:87,0
DA:94,2
DA:95,0
DA:98,0
DA:99,0
DA:100,0
DA:102,0
DA:104,0
DA:109,0
DA:113,2
DA:114,0
DA:116,0
DA:119,0
DA:120,0
DA:121,0
DA:122,0
DA:124,0
DA:126,0
DA:127,0
DA:134,0
DA:138,2
DA:146,2
DA:147,0
DA:148,0
DA:149,0
DA:153,2
DA:154,0
DA:155,0
DA:156,0
DA:158,0
DA:160,0
DA:161,0
DA:164,0
DA:165,0
DA:166,0
DA:169,0
DA:170,0
DA:172,0
DA:173,0
DA:175,0
DA:180,2
DA:181,0
DA:182,0
DA:183,0
DA:185,0
DA:187,0
DA:188,0
DA:191,0
DA:192,0
DA:193,0
DA:196,0
DA:197,0
DA:199,0
DA:200,0
DA:202,0
DA:207,2
DA:209,2
LF:101
LH:31
BRDA:23,0,0,0
BRDA:23,0,1,2
BRDA:27,1,0,0
BRDA:27,1,1,2
BRDA:47,2,0,0
BRDA:47,2,1,0
BRDA:49,3,0,0
BRDA:49,3,1,0
BRDA:50,4,0,0
BRDA:50,4,1,0
BRDA:58,5,0,0
BRDA:58,5,1,0
BRDA:63,6,0,0
BRDA:63,6,1,0
BRDA:63,7,0,0
BRDA:63,7,1,0
BRDA:66,8,0,0
BRDA:66,8,1,0
BRDA:78,9,0,2
BRDA:78,9,1,0
BRDA:78,10,0,2
BRDA:78,10,1,2
BRDA:81,11,0,0
BRDA:81,11,1,0
BRDA:95,12,0,0
BRDA:95,12,1,0
BRDA:98,13,0,0
BRDA:98,13,1,0
BRDA:98,14,0,0
BRDA:98,14,1,0
BRDA:114,15,0,0
BRDA:114,15,1,0
BRDA:119,16,0,0
BRDA:119,16,1,0
BRDA:119,17,0,0
BRDA:119,17,1,0
BRDA:126,18,0,0
BRDA:126,18,1,0
BRDA:141,19,0,2
BRDA:141,19,1,0
BRDA:148,20,0,0
BRDA:148,20,1,0
BRDA:148,21,0,0
BRDA:148,21,1,0
BRDA:156,22,0,0
BRDA:156,22,1,0
BRDA:160,23,0,0
BRDA:160,23,1,0
BRDA:165,24,0,0
BRDA:165,24,1,0
BRDA:172,25,0,0
BRDA:172,25,1,0
BRDA:183,26,0,0
BRDA:183,26,1,0
BRDA:187,27,0,0
BRDA:187,27,1,0
BRDA:192,28,0,0
BRDA:192,28,1,0
BRDA:199,29,0,0
BRDA:199,29,1,0
BRF:60
BRH:6
end_of_record
TN:
SF:src/middleware/checkFeature.js
FN:7,(anonymous_0)
FN:8,(anonymous_1)
FNF:2
FNH:0
FNDA:0,(anonymous_0)
FNDA:0,(anonymous_1)
DA:5,2
DA:7,2
DA:8,0
DA:9,0
DA:10,0
DA:11,0
DA:14,0
DA:15,0
DA:16,0
DA:24,0
DA:26,0
DA:29,0
DA:34,2
LF:13
LH:3
BRDA:10,0,0,0
BRDA:10,0,1,0
BRDA:15,1,0,0
BRDA:15,1,1,0
BRF:4
BRH:0
end_of_record
TN:
SF:src/middleware/errorHandler.js
FN:6,(anonymous_0)
FN:19,(anonymous_1)
FN:26,(anonymous_2)
FN:32,(anonymous_3)
FN:38,(anonymous_4)
FN:44,(anonymous_5)
FN:50,(anonymous_6)
FN:56,(anonymous_7)
FN:62,(anonymous_8)
FN:126,(anonymous_9)
FN:126,(anonymous_10)
FN:131,(anonymous_11)
FN:132,(anonymous_12)
FN:143,(anonymous_13)
FNF:14
FNH:2
FNDA:0,(anonymous_0)
FNDA:0,(anonymous_1)
FNDA:0,(anonymous_2)
FNDA:0,(anonymous_3)
FNDA:0,(anonymous_4)
FNDA:0,(anonymous_5)
FNDA:0,(anonymous_6)
FNDA:0,(anonymous_7)
FNDA:0,(anonymous_8)
FNDA:12,(anonymous_9)
FNDA:0,(anonymous_10)
FNDA:2,(anonymous_11)
FNDA:0,(anonymous_12)
FNDA:0,(anonymous_13)
DA:7,0
DA:8,0
DA:9,0
DA:10,0
DA:11,0
DA:13,0
DA:20,0
DA:21,0
DA:27,0
DA:33,0
DA:39,0
DA:45,0
DA:51,0
DA:57,0
DA:62,2
DA:64,0
DA:67,0
DA:68,0
DA:72,0
DA:75,0
DA:91,0
DA:92,0
DA:96,0
DA:97,0
DA:98,0
DA:99,0
DA:103,0
DA:113,0
DA:114,0
DA:118,0
DA:119,0
DA:122,0
DA:126,12
DA:127,0
DA:131,2
DA:132,2
DA:133,0
DA:143,2
DA:144,0
DA:151,0
DA:155,2
LF:41
LH:6
BRDA:6,0,0,0
BRDA:19,1,0,0
BRDA:19,2,0,0
BRDA:26,3,0,0
BRDA:32,4,0,0
BRDA:38,5,0,0
BRDA:44,6,0,0
BRDA:50,7,0,0
BRDA:56,8,0,0
BRDA:64,9,0,0
BRDA:64,9,1,0
BRDA:64,9,2,0
BRDA:67,10,0,0
BRDA:67,10,1,0
BRDA:67,11,0,0
BRDA:67,11,1,0
BRDA:72,12,0,0
BRDA:72,12,1,0
BRDA:77,13,0,0
BRDA:77,13,1,0
BRDA:78,14,0,0
BRDA:78,14,1,0
BRDA:82,15,0,0
BRDA:82,15,1,0
BRDA:84,16,0,0
BRDA:84,16,1,0
BRDA:85,17,0,0
BRDA:85,17,1,0
BRDA:91,18,0,0
BRDA:91,18,1,0
BRDA:91,19,0,0
BRDA:91,19,1,0
BRDA:96,20,0,0
BRDA:96,20,1,0
BRDA:98,21,0,0
BRDA:98,21,1,0
BRDA:104,22,0,0
BRDA:104,22,1,0
BRDA:104,23,0,0
BRDA:104,23,1,0
BRDA:106,24,0,0
BRDA:106,24,1,0
BRDA:107,25,0,0
BRDA:107,25,1,0
BRDA:113,26,0,0
BRDA:113,26,1,0
BRDA:118,27,0,0
BRDA:118,27,1,0
BRDA:118,28,0,0
BRDA:118,28,1,0
BRDA:118,28,2,0
BRDA:135,29,0,0
BRDA:135,29,1,0
BRF:53
BRH:0
end_of_record
TN:
SF:src/middleware/featureGate.js
FN:3,(anonymous_0)
FN:4,(anonymous_1)
FN:11,(anonymous_2)
FN:12,(anonymous_3)
FNF:4
FNH:2
FNDA:22,(anonymous_0)
FNDA:0,(anonymous_1)
FNDA:6,(anonymous_2)
FNDA:0,(anonymous_3)
DA:1,2
DA:3,2
DA:4,22
DA:5,0
DA:6,0
DA:7,0
DA:11,2
DA:12,6
DA:13,0
DA:14,0
DA:16,0
DA:17,0
DA:18,0
DA:25,0
DA:29,2
LF:15
LH:6
BRDA:6,0,0,0
BRDA:6,0,1,0
BRDA:14,1,0,0
BRDA:14,1,1,0
BRDA:17,2,0,0
BRDA:17,2,1,0
BRF:6
BRH:0
end_of_record
TN:
SF:src/middleware/idempotency.js
FN:16,(anonymous_0)
FN:36,(anonymous_1)
FN:38,(anonymous_2)
FNF:3
FNH:0
FNDA:0,(anonymous_0)
FNDA:0,(anonymous_1)
FNDA:0,(anonymous_2)
DA:2,2
DA:16,2
DA:17,0
DA:20,0
DA:21,0
DA:24,0
DA:26,0
DA:28,0
DA:29,0
DA:30,0
DA:31,0
DA:35,0
DA:36,0
DA:38,0
DA:39,0
DA:41,0
DA:44,0
DA:46,0
DA:48,0
DA:52,2
LF:20
LH:3
BRDA:20,0,0,0
BRDA:20,0,1,0
BRDA:29,1,0,0
BRDA:29,1,1,0
BRF:4
BRH:0
end_of_record
TN:
SF:src/middleware/roles.js
FN:5,(anonymous_0)
FN:26,(anonymous_1)
FN:38,(anonymous_2)
FN:43,(anonymous_3)
FN:49,(anonymous_4)
FN:56,(anonymous_5)
FN:63,(anonymous_6)
FN:71,(anonymous_7)
FN:91,(anonymous_8)
FN:94,(anonymous_9)
FN:118,(anonymous_10)
FN:121,(anonymous_11)
FN:137,(anonymous_12)
FN:153,(anonymous_13)
FNF:14
FNH:4
FNDA:58,(anonymous_0)
FNDA:0,(anonymous_1)
FNDA:0,(anonymous_2)
FNDA:0,(anonymous_3)
FNDA:0,(anonymous_4)
FNDA:0,(anonymous_5)
FNDA:0,(anonymous_6)
FNDA:0,(anonymous_7)
FNDA:10,(anonymous_8)
FNDA:0,(anonymous_9)
FNDA:40,(anonymous_10)
FNDA:0,(anonymous_11)
FNDA:0,(anonymous_12)
FNDA:10,(anonymous_13)
DA:1,2
DA:2,2
DA:5,2
DA:6,58
DA:13,2
DA:14,2
DA:15,2
DA:17,2
DA:26,2
DA:27,0
DA:28,0
DA:29,0
DA:30,0
DA:31,0
DA:32,0
DA:34,0
DA:35,0
DA:37,0
DA:38,0
DA:43,2
DA:44,0
DA:45,0
DA:49,2
DA:50,0
DA:51,0
DA:52,0
DA:56,2
DA:57,0
DA:58,0
DA:59,0
DA:63,2
DA:64,0
DA:65,0
DA:66,0
DA:71,2
DA:72,0
DA:74,0
DA:87,0
DA:88,0
DA:91,2
DA:92,10
DA:94,10
DA:95,0
DA:96,0
DA:97,0
DA:98,0
DA:100,0
DA:101,0
DA:102,0
DA:105,0
DA:106,0
DA:107,0
DA:108,0
DA:111,0
DA:113,0
DA:118,2
DA:119,40
DA:121,40
DA:122,0
DA:123,0
DA:124,0
DA:125,0
DA:127,0
DA:129,0
DA:130,0
DA:133,0
DA:134,0
DA:135,0
DA:137,0
DA:138,0
DA:139,0
DA:145,0
DA:147,0
DA:153,10
DA:155,2
LF:75
LH:22
BRDA:5,0,0,0
BRDA:27,1,0,0
BRDA:27,1,1,0
BRDA:27,2,0,0
BRDA:27,2,1,0
BRDA:50,3,0,0
BRDA:50,3,1,0
BRDA:50,4,0,0
BRDA:50,4,1,0
BRDA:57,5,0,0
BRDA:57,5,1,0
BRDA:57,6,0,0
BRDA:57,6,1,0
BRDA:64,7,0,0
BRDA:64,7,1,0
BRDA:64,8,0,0
BRDA:64,8,1,0
BRDA:72,9,0,0
BRDA:72,9,1,0
BRDA:97,10,0,0
BRDA:97,10,1,0
BRDA:98,11,0,0
BRDA:98,11,1,0
BRDA:101,12,0,0
BRDA:101,12,1,0
BRDA:101,13,0,0
BRDA:101,13,1,0
BRDA:107,14,0,0
BRDA:107,14,1,0
BRDA:107,15,0,0
BRDA:107,15,1,0
BRDA:124,16,0,0
BRDA:124,16,1,0
BRDA:125,17,0,0
BRDA:125,17,1,0
BRDA:129,18,0,0
BRDA:129,18,1,0
BRDA:129,19,0,0
BRDA:129,19,1,0
BRDA:135,20,0,0
BRDA:135,20,1,0
BRDA:137,21,0,0
BRDA:137,21,1,0
BRDA:138,22,0,0
BRDA:138,22,1,0
BRF:45
BRH:0
end_of_record
TN:
SF:src/middleware/schema.js
FN:1,(anonymous_0)
FN:1,(anonymous_1)
FNF:2
FNH:1
FNDA:20,(anonymous_0)
FNDA:0,(anonymous_1)
DA:1,20
DA:2,0
DA:4,0
DA:5,0
DA:7,0
DA:8,0
DA:9,0
DA:12,0
DA:14,0
DA:15,0
DA:16,0
DA:18,0
DA:19,0
DA:22,0
DA:23,0
DA:26,0
DA:27,0
DA:31,0
DA:32,0
DA:35,2
LF:20
LH:2
BRDA:7,0,0,0
BRDA:7,0,1,0
BRDA:7,1,0,0
BRDA:7,1,1,0
BRDA:7,1,2,0
BRDA:7,1,3,0
BRDA:12,2,0,0
BRDA:12,2,1,0
BRDA:12,3,0,0
BRDA:12,3,1,0
BRDA:14,4,0,0
BRDA:14,4,1,0
BRDA:14,5,0,0
BRDA:14,5,1,0
BRDA:15,6,0,0
BRDA:15,6,1,0
BRDA:15,7,0,0
BRDA:15,7,1,0
BRDA:16,8,0,0
BRDA:16,8,1,0
BRDA:16,9,0,0
BRDA:16,9,1,0
BRDA:18,10,0,0
BRDA:18,10,1,0
BRDA:18,11,0,0
BRDA:18,11,1,0
BRDA:18,11,2,0
BRDA:22,12,0,0
BRDA:22,12,1,0
BRDA:22,13,0,0
BRDA:22,13,1,0
BRDA:22,13,2,0
BRDA:26,14,0,0
BRDA:26,14,1,0
BRDA:26,15,0,0
BRDA:26,15,1,0
BRDA:31,16,0,0
BRDA:31,16,1,0
BRF:38
BRH:0
end_of_record
TN:
SF:src/middleware/superAdmin.js
FN:3,(anonymous_0)
FN:21,(anonymous_1)
FNF:2
FNH:0
FNDA:0,(anonymous_0)
FNDA:0,(anonymous_1)
DA:1,2
DA:3,2
DA:21,2
DA:22,0
DA:23,0
DA:24,0
DA:26,0
DA:31,0
DA:32,0
DA:35,0
DA:36,0
DA:37,0
DA:40,0
DA:42,0
DA:47,2
DA:49,2
LF:16
LH:5
BRDA:3,0,0,0
BRDA:24,1,0,0
BRDA:24,1,1,0
BRDA:31,2,0,0
BRDA:31,2,1,0
BRDA:31,3,0,0
BRDA:31,3,1,0
BRDA:31,3,2,0
BRDA:36,4,0,0
BRDA:36,4,1,0
BRF:10
BRH:0
end_of_record
TN:
SF:src/middleware/tenant.js
FN:1,(anonymous_0)
FN:2,(anonymous_1)
FNF:2
FNH:0
FNDA:0,(anonymous_0)
FNDA:0,(anonymous_1)
DA:1,0
DA:2,0
DA:3,0
DA:4,0
DA:5,0
DA:8,0
DA:9,0
DA:10,0
DA:13,0
DA:14,0
DA:15,0
DA:18,0
DA:19,0
DA:23,0
LF:14
LH:0
BRDA:1,0,0,0
BRDA:1,1,0,0
BRDA:1,2,0,0
BRDA:4,3,0,0
BRDA:4,3,1,0
BRDA:8,4,0,0
BRDA:8,4,1,0
BRDA:9,5,0,0
BRDA:9,5,1,0
BRDA:9,6,0,0
BRDA:9,6,1,0
BRDA:13,7,0,0
BRDA:13,7,1,0
BRDA:14,8,0,0
BRDA:14,8,1,0
BRDA:14,9,0,0
BRDA:14,9,1,0
BRF:17
BRH:0
end_of_record
TN:
SF:src/middleware/validation.js
FN:18,(anonymous_0)
FN:20,(anonymous_1)
FN:25,(anonymous_2)
FN:39,(anonymous_3)
FN:47,(anonymous_4)
FN:49,(anonymous_5)
FNF:6
FNH:1
FNDA:2,(anonymous_0)
FNDA:0,(anonymous_1)
FNDA:0,(anonymous_2)
FNDA:0,(anonymous_3)
FNDA:0,(anonymous_4)
FNDA:0,(anonymous_5)
DA:5,2
DA:18,2
DA:21,0
DA:22,0
DA:23,0
DA:25,0
DA:32,0
DA:39,2
DA:47,2
DA:48,0
DA:49,0
DA:50,0
DA:52,0
DA:59,0
DA:62,2
LF:15
LH:5
BRDA:22,0,0,0
BRDA:22,0,1,0
BRDA:28,1,0,0
BRDA:28,1,1,0
BRDA:48,2,0,0
BRDA:48,2,1,0
BRDA:50,3,0,0
BRDA:50,3,1,0
BRF:8
BRH:0
end_of_record
TN:
SF:src/routes/admin.js
FNF:0
FNH:0
DA:3,2
LF:1
LH:1
BRF:0
BRH:0
end_of_record
TN:
SF:src/routes/alertas.js
FNF:0
FNH:0
DA:1,2
DA:2,2
DA:3,2
DA:5,2
DA:6,2
DA:7,2
DA:8,2
DA:9,2
DA:11,2
LF:9
LH:9
BRF:0
BRH:0
end_of_record
TN:
SF:src/routes/auth.js
FN:314,(anonymous_0)
FN:329,(anonymous_1)
FN:331,(anonymous_2)
FNF:3
FNH:0
FNDA:0,(anonymous_0)
FNDA:0,(anonymous_1)
FNDA:0,(anonymous_2)
DA:2,0
DA:3,0
DA:7,0
DA:8,0
DA:9,0
DA:10,0
DA:269,0
DA:274,0
DA:280,0
DA:286,0
DA:292,0
DA:297,0
DA:300,0
DA:305,0
DA:310,0
DA:312,0
DA:314,0
DA:315,0
DA:316,0
DA:317,0
DA:319,0
DA:321,0
DA:322,0
DA:327,0
DA:329,0
DA:331,0
DA:332,0
DA:333,0
DA:334,0
DA:336,0
DA:338,0
DA:339,0
DA:344,0
DA:356,0
LF:34
LH:0
BRDA:316,0,0,0
BRDA:316,0,1,0
BRDA:316,1,0,0
BRDA:316,1,1,0
BRDA:333,2,0,0
BRDA:333,2,1,0
BRDA:333,3,0,0
BRDA:333,3,1,0
BRF:8
BRH:0
end_of_record
TN:
SF:src/routes/categorias.js
FNF:0
FNH:0
DA:1,2
DA:2,2
DA:3,2
DA:5,2
DA:6,2
DA:7,2
DA:8,2
DA:10,2
LF:8
LH:8
BRF:0
BRH:0
end_of_record
TN:
SF:src/routes/clientes.js
FNF:0
FNH:0
DA:1,2
DA:2,2
DA:3,2
DA:5,2
DA:6,2
DA:7,2
DA:8,2
DA:9,2
DA:11,2
LF:9
LH:9
BRF:0
BRH:0
end_of_record
TN:
SF:src/routes/dashboard.js
FNF:0
FNH:0
DA:1,2
DA:2,2
DA:3,2
DA:4,2
DA:6,2
DA:7,2
DA:8,2
DA:9,2
DA:10,2
DA:12,2
LF:10
LH:10
BRF:0
BRH:0
end_of_record
TN:
SF:src/routes/facturacion.js
FN:22,(anonymous_0)
FN:32,(anonymous_1)
FN:40,(anonymous_2)
FN:44,(anonymous_3)
FN:48,(anonymous_4)
FN:52,(anonymous_5)
FN:57,(anonymous_6)
FN:64,(anonymous_7)
FN:66,(anonymous_8)
FN:67,(anonymous_9)
FN:69,(anonymous_10)
FN:79,(anonymous_11)
FN:85,(anonymous_12)
FN:86,(anonymous_13)
FN:95,(anonymous_14)
FN:132,(anonymous_15)
FN:166,(anonymous_16)
FN:183,(anonymous_17)
FN:205,(anonymous_18)
FN:223,(anonymous_19)
FNF:20
FNH:0
FNDA:0,(anonymous_0)
FNDA:0,(anonymous_1)
FNDA:0,(anonymous_2)
FNDA:0,(anonymous_3)
FNDA:0,(anonymous_4)
FNDA:0,(anonymous_5)
FNDA:0,(anonymous_6)
FNDA:0,(anonymous_7)
FNDA:0,(anonymous_8)
FNDA:0,(anonymous_9)
FNDA:0,(anonymous_10)
FNDA:0,(anonymous_11)
FNDA:0,(anonymous_12)
FNDA:0,(anonymous_13)
FNDA:0,(anonymous_14)
FNDA:0,(anonymous_15)
FNDA:0,(anonymous_16)
FNDA:0,(anonymous_17)
FNDA:0,(anonymous_18)
FNDA:0,(anonymous_19)
DA:8,2
DA:9,2
DA:10,2
DA:11,2
DA:13,2
DA:14,2
DA:16,2
DA:17,2
DA:18,2
DA:22,2
DA:23,0
DA:24,0
DA:32,2
DA:40,2
DA:41,0
DA:44,2
DA:45,0
DA:48,2
DA:49,0
DA:52,2
DA:53,0
DA:57,2
DA:58,0
DA:61,2
DA:64,2
DA:65,0
DA:66,2
DA:67,2
DA:69,2
DA:70,0
DA:71,0
DA:72,0
DA:73,0
DA:79,2
DA:85,2
DA:86,0
DA:95,2
DA:96,0
DA:97,0
DA:98,0
DA:99,0
DA:100,0
DA:101,0
DA:102,0
DA:103,0
DA:105,0
DA:109,0
DA:111,0
DA:124,0
DA:125,0
DA:127,0
DA:132,2
DA:133,0
DA:134,0
DA:135,0
DA:136,0
DA:137,0
DA:138,0
DA:140,0
DA:144,0
DA:146,0
DA:158,0
DA:159,0
DA:161,0
DA:166,2
DA:167,0
DA:168,0
DA:169,0
DA:170,0
DA:171,0
DA:173,0
DA:174,0
DA:175,0
DA:177,0
DA:183,2
DA:184,0
DA:185,0
DA:190,0
DA:192,0
DA:193,0
DA:194,0
DA:195,0
DA:197,0
DA:198,0
DA:199,0
DA:205,2
DA:206,0
DA:207,0
DA:208,0
DA:209,0
DA:211,0
DA:212,0
DA:214,0
DA:215,0
DA:216,0
DA:218,0
DA:223,2
DA:224,0
DA:225,0
DA:226,0
DA:228,0
DA:233,2
LF:102
LH:30
BRDA:16,0,0,2
BRDA:16,0,1,2
BRDA:17,1,0,2
BRDA:17,1,1,2
BRDA:18,2,0,2
BRDA:18,2,1,2
BRDA:57,3,0,0
BRDA:57,4,0,0
BRDA:65,5,0,0
BRDA:65,5,1,0
BRDA:66,6,0,0
BRDA:66,6,1,0
BRDA:67,7,0,0
BRDA:67,7,1,0
BRDA:70,8,0,0
BRDA:70,8,1,0
BRDA:70,8,2,0
BRDA:72,9,0,0
BRDA:72,9,1,0
BRDA:97,10,0,0
BRDA:97,10,1,0
BRDA:98,11,0,0
BRDA:98,11,1,0
BRDA:100,12,0,0
BRDA:100,12,1,0
BRDA:100,13,0,0
BRDA:100,13,1,0
BRDA:102,14,0,0
BRDA:102,14,1,0
BRDA:109,15,0,0
BRDA:109,15,1,0
BRDA:119,16,0,0
BRDA:119,16,1,0
BRDA:134,17,0,0
BRDA:134,17,1,0
BRDA:135,18,0,0
BRDA:135,18,1,0
BRDA:137,19,0,0
BRDA:137,19,1,0
BRDA:137,20,0,0
BRDA:137,20,1,0
BRDA:144,21,0,0
BRDA:144,21,1,0
BRDA:152,22,0,0
BRDA:152,22,1,0
BRDA:153,23,0,0
BRDA:153,23,1,0
BRDA:168,24,0,0
BRDA:168,24,1,0
BRDA:170,25,0,0
BRDA:170,25,1,0
BRDA:170,26,0,0
BRDA:170,26,1,0
BRDA:198,27,0,0
BRDA:198,27,1,0
BRDA:208,28,0,0
BRDA:208,28,1,0
BRF:57
BRH:6
end_of_record
TN:
SF:src/routes/features.js
FN:17,(anonymous_0)
FN:31,(anonymous_1)
FN:43,(anonymous_2)
FN:67,(anonymous_3)
FN:82,(anonymous_4)
FN:107,(anonymous_5)
FN:119,(anonymous_6)
FNF:7
FNH:0
FNDA:0,(anonymous_0)
FNDA:0,(anonymous_1)
FNDA:0,(anonymous_2)
FNDA:0,(anonymous_3)
FNDA:0,(anonymous_4)
FNDA:0,(anonymous_5)
FNDA:0,(anonymous_6)
DA:7,2
DA:8,2
DA:9,2
DA:10,2
DA:11,2
DA:12,2
DA:14,2
DA:17,2
DA:18,0
DA:19,0
DA:24,0
DA:26,0
DA:31,2
DA:32,0
DA:33,0
DA:34,0
DA:35,0
DA:36,0
DA:38,0
DA:43,2
DA:44,0
DA:45,0
DA:46,0
DA:53,0
DA:54,0
DA:60,0
DA:62,0
DA:67,2
DA:68,0
DA:69,0
DA:70,0
DA:75,0
DA:77,0
DA:82,2
DA:83,0
DA:84,0
DA:85,0
DA:93,0
DA:94,0
DA:100,0
DA:102,0
DA:107,2
DA:108,0
DA:109,0
DA:110,0
DA:113,0
DA:115,0
DA:119,0
DA:120,0
DA:121,0
DA:130,0
DA:132,0
DA:136,2
LF:53
LH:14
BRDA:33,0,0,0
BRDA:33,1,0,0
BRDA:34,2,0,0
BRDA:34,2,1,0
BRDA:34,3,0,0
BRDA:34,3,1,0
BRDA:89,4,0,0
BRDA:89,4,1,0
BRDA:113,5,0,0
BRDA:113,5,1,0
BRF:10
BRH:0
end_of_record
TN:
SF:src/routes/gastos.js
FNF:0
FNH:0
DA:1,2
DA:2,2
DA:3,2
DA:5,2
DA:6,2
DA:7,2
DA:9,2
LF:7
LH:7
BRF:0
BRH:0
end_of_record
TN:
SF:src/routes/inventario.js
FNF:0
FNH:0
DA:1,2
DA:2,2
DA:3,2
DA:4,2
DA:6,2
DA:7,2
DA:8,2
DA:9,2
DA:10,2
DA:12,2
LF:10
LH:10
BRF:0
BRH:0
end_of_record
TN:
SF:src/routes/ml.js
FN:19,(anonymous_0)
FN:29,(anonymous_1)
FN:41,(anonymous_2)
FN:52,(anonymous_3)
FN:62,(anonymous_4)
FN:72,(anonymous_5)
FN:90,(anonymous_6)
FN:112,(anonymous_7)
FN:126,(anonymous_8)
FN:140,(anonymous_9)
FN:154,(anonymous_10)
FN:168,(anonymous_11)
FNF:12
FNH:0
FNDA:0,(anonymous_0)
FNDA:0,(anonymous_1)
FNDA:0,(anonymous_2)
FNDA:0,(anonymous_3)
FNDA:0,(anonymous_4)
FNDA:0,(anonymous_5)
FNDA:0,(anonymous_6)
FNDA:0,(anonymous_7)
FNDA:0,(anonymous_8)
FNDA:0,(anonymous_9)
FNDA:0,(anonymous_10)
FNDA:0,(anonymous_11)
DA:1,2
DA:2,2
DA:3,2
DA:4,2
DA:5,2
DA:7,2
DA:8,2
DA:9,2
DA:12,2
DA:14,2
DA:17,2
DA:19,2
DA:20,0
DA:21,0
DA:23,0
DA:29,2
DA:30,0
DA:31,0
DA:34,0
DA:36,0
DA:41,2
DA:42,0
DA:43,0
DA:44,0
DA:45,0
DA:47,0
DA:52,2
DA:53,0
DA:54,0
DA:55,0
DA:57,0
DA:62,2
DA:63,0
DA:64,0
DA:65,0
DA:67,0
DA:72,2
DA:73,0
DA:74,0
DA:75,0
DA:77,0
DA:90,2
DA:91,0
DA:92,0
DA:93,0
DA:94,0
DA:96,0
DA:100,0
DA:112,2
DA:113,0
DA:114,0
DA:115,0
DA:117,0
DA:126,2
DA:127,0
DA:128,0
DA:129,0
DA:131,0
DA:140,2
DA:141,0
DA:142,0
DA:143,0
DA:145,0
DA:154,2
DA:155,0
DA:156,0
DA:157,0
DA:159,0
DA:168,2
DA:169,0
DA:170,0
DA:177,2
LF:72
LH:24
BRDA:7,0,0,2
BRDA:7,0,1,2
BRDA:8,1,0,2
BRDA:8,1,1,2
BRDA:8,1,2,2
BRDA:20,2,0,0
BRDA:20,2,1,0
BRDA:43,3,0,0
BRDA:43,3,1,0
BRDA:92,4,0,0
BRDA:92,4,1,0
BRDA:102,5,0,0
BRDA:102,5,1,0
BRF:13
BRH:5
end_of_record
TN:
SF:src/routes/pagos.js
FN:18,(anonymous_0)
FN:66,(anonymous_1)
FNF:2
FNH:0
FNDA:0,(anonymous_0)
FNDA:0,(anonymous_1)
DA:8,2
DA:9,2
DA:10,2
DA:11,2
DA:12,2
DA:13,2
DA:15,2
DA:18,2
DA:19,0
DA:20,0
DA:23,0
DA:31,0
DA:32,0
DA:35,0
DA:36,0
DA:37,0
DA:40,0
DA:41,0
DA:44,0
DA:54,0
DA:61,0
DA:66,2
DA:67,0
DA:68,0
DA:70,0
DA:71,0
DA:73,0
DA:74,0
DA:76,0
DA:80,0
DA:86,0
DA:87,0
DA:90,0
DA:92,0
DA:96,2
LF:35
LH:10
BRDA:31,0,0,0
BRDA:31,0,1,0
BRDA:35,1,0,0
BRDA:35,1,1,0
BRDA:36,2,0,0
BRDA:36,2,1,0
BRDA:71,3,0,0
BRDA:71,3,1,0
BRDA:73,4,0,0
BRDA:73,4,1,0
BRDA:86,5,0,0
BRDA:86,5,1,0
BRF:12
BRH:0
end_of_record
TN:
SF:src/routes/payments.js
FN:50,(anonymous_0)
FN:79,(anonymous_1)
FN:145,(anonymous_2)
FN:175,(anonymous_3)
FNF:4
FNH:0
FNDA:0,(anonymous_0)
FNDA:0,(anonymous_1)
FNDA:0,(anonymous_2)
FNDA:0,(anonymous_3)
DA:1,2
DA:2,2
DA:5,2
DA:50,2
DA:51,0
DA:79,2
DA:80,0
DA:145,2
DA:146,0
DA:175,2
DA:176,0
DA:179,2
LF:12
LH:8
BRF:0
BRH:0
end_of_record
TN:
SF:src/routes/productos.js
FN:223,(anonymous_0)
FNF:1
FNH:0
FNDA:0,(anonymous_0)
DA:2,2
DA:3,2
DA:5,2
DA:6,2
DA:7,2
DA:217,2
DA:218,2
DA:220,2
DA:221,2
DA:223,0
DA:226,2
DA:227,2
DA:229,2
LF:13
LH:12
BRF:0
BRH:0
end_of_record
TN:
SF:src/routes/proveedores.js
FNF:0
FNH:0
DA:1,2
DA:2,2
DA:3,2
DA:5,2
DA:6,2
DA:7,2
DA:8,2
DA:9,2
DA:11,2
LF:9
LH:9
BRF:0
BRH:0
end_of_record
TN:
SF:src/routes/public.js
FNF:0
FNH:0
DA:10,2
DA:11,2
DA:12,2
DA:15,2
DA:29,2
DA:45,2
DA:49,2
LF:7
LH:7
BRF:0
BRH:0
end_of_record
TN:
SF:src/routes/rbac.js
FN:11,(anonymous_0)
FN:23,(anonymous_1)
FN:32,(anonymous_2)
FN:42,(anonymous_3)
FN:59,(anonymous_4)
FN:73,(anonymous_5)
FN:106,(anonymous_6)
FNF:7
FNH:0
FNDA:0,(anonymous_0)
FNDA:0,(anonymous_1)
FNDA:0,(anonymous_2)
FNDA:0,(anonymous_3)
FNDA:0,(anonymous_4)
FNDA:0,(anonymous_5)
FNDA:0,(anonymous_6)
DA:1,2
DA:2,2
DA:3,2
DA:4,2
DA:5,2
DA:7,2
DA:9,2
DA:11,2
DA:12,0
DA:13,0
DA:17,0
DA:19,0
DA:23,2
DA:24,0
DA:25,0
DA:26,0
DA:28,0
DA:32,2
DA:33,0
DA:34,0
DA:35,0
DA:37,0
DA:38,0
DA:40,0
DA:41,0
DA:42,0
DA:46,0
DA:47,0
DA:53,0
DA:55,0
DA:59,2
DA:60,0
DA:61,0
DA:67,0
DA:69,0
DA:73,2
DA:74,0
DA:75,0
DA:76,0
DA:77,0
DA:80,0
DA:81,0
DA:83,0
DA:84,0
DA:93,0
DA:102,0
DA:106,2
DA:107,0
DA:108,0
DA:111,0
DA:113,0
DA:114,0
DA:116,0
DA:117,0
DA:120,0
DA:121,0
DA:127,0
DA:129,0
DA:133,2
LF:59
LH:14
BRDA:35,0,0,0
BRDA:35,0,1,0
BRDA:38,1,0,0
BRDA:38,1,1,0
BRDA:41,2,0,0
BRDA:41,2,1,0
BRDA:76,3,0,0
BRDA:76,3,1,0
BRDA:76,4,0,0
BRDA:76,4,1,0
BRDA:76,4,2,0
BRDA:76,4,3,0
BRDA:81,5,0,0
BRDA:81,5,1,0
BRDA:111,6,0,0
BRDA:111,6,1,0
BRDA:114,7,0,0
BRDA:114,7,1,0
BRF:18
BRH:0
end_of_record
TN:
SF:src/routes/reportes.js
FNF:0
FNH:0
DA:6,2
DA:11,2
DA:13,2
DA:14,2
DA:15,2
DA:17,2
DA:18,2
DA:20,2
DA:21,2
DA:22,2
DA:24,2
LF:11
LH:11
BRF:0
BRH:0
end_of_record
TN:
SF:src/routes/saas.js
FN:16,(anonymous_0)
FNF:1
FNH:0
FNDA:0,(anonymous_0)
DA:7,2
DA:8,2
DA:9,2
DA:10,2
DA:11,2
DA:12,2
DA:14,2
DA:16,2
DA:17,0
DA:18,0
DA:19,0
DA:29,0
DA:49,0
DA:59,0
DA:63,2
LF:15
LH:9
BRDA:53,0,0,0
BRDA:53,0,1,0
BRF:2
BRH:0
end_of_record
TN:
SF:src/routes/superAdmin.js
FN:24,(anonymous_0)
FN:33,(anonymous_1)
FN:38,(anonymous_2)
FN:44,(anonymous_3)
FN:58,(anonymous_4)
FN:67,(anonymous_5)
FN:78,(anonymous_6)
FN:89,(anonymous_7)
FN:104,(anonymous_8)
FN:117,(anonymous_9)
FN:126,(anonymous_10)
FN:131,(anonymous_11)
FN:138,(anonymous_12)
FN:152,(anonymous_13)
FN:168,(anonymous_14)
FN:180,(anonymous_15)
FN:188,(anonymous_16)
FN:201,(anonymous_17)
FN:212,(anonymous_18)
FN:230,(anonymous_19)
FN:237,(anonymous_20)
FN:253,(anonymous_21)
FNF:22
FNH:0
FNDA:0,(anonymous_0)
FNDA:0,(anonymous_1)
FNDA:0,(anonymous_2)
FNDA:0,(anonymous_3)
FNDA:0,(anonymous_4)
FNDA:0,(anonymous_5)
FNDA:0,(anonymous_6)
FNDA:0,(anonymous_7)
FNDA:0,(anonymous_8)
FNDA:0,(anonymous_9)
FNDA:0,(anonymous_10)
FNDA:0,(anonymous_11)
FNDA:0,(anonymous_12)
FNDA:0,(anonymous_13)
FNDA:0,(anonymous_14)
FNDA:0,(anonymous_15)
FNDA:0,(anonymous_16)
FNDA:0,(anonymous_17)
FNDA:0,(anonymous_18)
FNDA:0,(anonymous_19)
FNDA:0,(anonymous_20)
FNDA:0,(anonymous_21)
DA:12,2
DA:13,2
DA:14,2
DA:15,2
DA:16,2
DA:17,2
DA:18,2
DA:19,2
DA:21,2
DA:24,2
DA:25,0
DA:26,0
DA:27,0
DA:28,0
DA:29,0
DA:30,0
DA:33,2
DA:34,0
DA:35,0
DA:36,0
DA:37,0
DA:38,0
DA:39,0
DA:40,0
DA:41,0
DA:44,2
DA:45,0
DA:46,0
DA:47,0
DA:48,0
DA:49,0
DA:50,0
DA:51,0
DA:52,0
DA:53,0
DA:54,0
DA:58,2
DA:59,0
DA:60,0
DA:61,0
DA:62,0
DA:63,0
DA:64,0
DA:67,2
DA:68,0
DA:69,0
DA:74,0
DA:75,0
DA:78,2
DA:79,0
DA:80,0
DA:85,0
DA:86,0
DA:89,2
DA:90,0
DA:91,0
DA:97,0
DA:98,0
DA:104,2
DA:105,0
DA:106,0
DA:107,0
DA:108,0
DA:111,0
DA:116,0
DA:118,0
DA:122,0
DA:123,0
DA:126,2
DA:127,0
DA:128,0
DA:129,0
DA:130,0
DA:131,0
DA:132,0
DA:133,0
DA:134,0
DA:138,2
DA:139,0
DA:140,0
DA:147,0
DA:148,0
DA:152,2
DA:153,0
DA:154,0
DA:155,0
DA:156,0
DA:157,0
DA:158,0
DA:159,0
DA:160,0
DA:163,0
DA:164,0
DA:165,0
DA:168,2
DA:169,0
DA:170,0
DA:171,0
DA:172,0
DA:173,0
DA:174,0
DA:175,0
DA:180,2
DA:181,0
DA:182,0
DA:183,0
DA:184,0
DA:186,0
DA:188,0
DA:190,0
DA:197,0
DA:198,0
DA:201,2
DA:202,0
DA:203,0
DA:207,0
DA:208,0
DA:212,2
DA:213,0
DA:214,0
DA:215,0
DA:216,0
DA:217,0
DA:218,0
DA:219,0
DA:220,0
DA:223,0
DA:227,0
DA:230,2
DA:231,0
DA:232,0
DA:233,0
DA:237,2
DA:238,0
DA:239,0
DA:240,0
DA:248,0
DA:249,0
DA:253,2
DA:254,0
DA:255,0
DA:256,0
DA:259,0
DA:279,0
DA:280,0
DA:282,0
DA:290,0
DA:293,2
LF:148
LH:28
BRDA:26,0,0,0
BRDA:26,1,0,0
BRDA:26,2,0,0
BRDA:26,3,0,0
BRDA:27,4,0,0
BRDA:27,4,1,0
BRDA:27,5,0,0
BRDA:27,5,1,0
BRDA:36,6,0,0
BRDA:36,6,1,0
BRDA:38,7,0,0
BRDA:38,7,1,0
BRDA:47,8,0,0
BRDA:47,8,1,0
BRDA:49,9,0,0
BRDA:49,9,1,0
BRDA:60,10,0,0
BRDA:60,11,0,0
BRDA:61,12,0,0
BRDA:61,12,1,0
BRDA:61,13,0,0
BRDA:61,13,1,0
BRDA:95,14,0,0
BRDA:95,14,1,0
BRDA:106,15,0,0
BRDA:106,16,0,0
BRDA:106,17,0,0
BRDA:107,18,0,0
BRDA:107,18,1,0
BRDA:107,19,0,0
BRDA:107,19,1,0
BRDA:112,20,0,0
BRDA:112,20,1,0
BRDA:113,21,0,0
BRDA:113,21,1,0
BRDA:114,22,0,0
BRDA:114,22,1,0
BRDA:129,23,0,0
BRDA:129,23,1,0
BRDA:131,24,0,0
BRDA:131,24,1,0
BRDA:155,25,0,0
BRDA:155,25,1,0
BRDA:156,26,0,0
BRDA:156,26,1,0
BRDA:159,27,0,0
BRDA:159,27,1,0
BRDA:171,28,0,0
BRDA:171,28,1,0
BRDA:182,29,0,0
BRDA:182,30,0,0
BRDA:183,31,0,0
BRDA:183,31,1,0
BRDA:183,32,0,0
BRDA:183,32,1,0
BRDA:183,32,2,0
BRDA:186,33,0,0
BRDA:186,33,1,0
BRDA:215,34,0,0
BRDA:215,34,1,0
BRDA:215,35,0,0
BRDA:215,35,1,0
BRDA:215,35,2,0
BRDA:215,35,3,0
BRDA:215,35,4,0
BRDA:218,36,0,0
BRDA:218,36,1,0
BRDA:239,37,0,0
BRDA:239,37,1,0
BRDA:279,38,0,0
BRDA:279,38,1,0
BRDA:280,39,0,0
BRDA:280,39,1,0
BRDA:287,40,0,0
BRDA:287,40,1,0
BRF:75
BRH:0
end_of_record
TN:
SF:src/routes/suspensiones.js
FN:15,(anonymous_0)
FNF:1
FNH:0
FNDA:0,(anonymous_0)
DA:6,2
DA:7,2
DA:8,2
DA:9,2
DA:10,2
DA:11,2
DA:13,2
DA:15,2
DA:16,0
DA:17,0
DA:18,0
DA:19,0
DA:21,0
DA:22,0
DA:25,0
DA:33,0
DA:34,0
DA:35,0
DA:36,0
DA:40,0
DA:43,0
DA:45,0
DA:52,0
DA:53,0
DA:57,2
LF:25
LH:9
BRDA:19,0,0,0
BRDA:19,0,1,0
BRF:2
BRH:0
end_of_record
TN:
SF:src/routes/usuarios.js
FN:21,(anonymous_0)
FN:49,(anonymous_1)
FN:64,(anonymous_2)
FN:67,(anonymous_3)
FN:100,(anonymous_4)
FN:119,(anonymous_5)
FNF:6
FNH:0
FNDA:0,(anonymous_0)
FNDA:0,(anonymous_1)
FNDA:0,(anonymous_2)
FNDA:0,(anonymous_3)
FNDA:0,(anonymous_4)
FNDA:0,(anonymous_5)
DA:7,2
DA:8,2
DA:9,2
DA:10,2
DA:11,2
DA:12,2
DA:13,2
DA:15,2
DA:16,2
DA:18,2
DA:21,2
DA:22,0
DA:23,0
DA:29,0
DA:31,0
DA:32,0
DA:33,0
DA:37,0
DA:44,0
DA:49,2
DA:50,0
DA:51,0
DA:56,0
DA:57,0
DA:61,2
DA:65,0
DA:68,0
DA:69,0
DA:70,0
DA:71,0
DA:74,0
DA:77,0
DA:78,0
DA:81,0
DA:82,0
DA:88,0
DA:95,0
DA:100,2
DA:101,0
DA:102,0
DA:105,0
DA:107,0
DA:108,0
DA:109,0
DA:110,0
DA:111,0
DA:113,0
DA:114,0
DA:115,0
DA:119,2
DA:120,0
DA:121,0
DA:122,0
DA:125,0
DA:128,0
DA:129,0
DA:130,0
DA:131,0
DA:134,2
LF:59
LH:16
BRDA:29,0,0,0
BRDA:29,0,1,0
BRDA:32,1,0,0
BRDA:32,1,1,0
BRDA:33,2,0,0
BRDA:33,2,1,0
BRDA:40,3,0,0
BRDA:40,3,1,0
BRDA:70,4,0,0
BRDA:70,4,1,0
BRDA:70,5,0,0
BRDA:70,5,1,0
BRDA:70,5,2,0
BRDA:77,6,0,0
BRDA:77,6,1,0
BRDA:84,7,0,0
BRDA:84,7,1,0
BRDA:105,8,0,0
BRDA:105,8,1,0
BRDA:108,9,0,0
BRDA:108,9,1,0
BRDA:109,10,0,0
BRDA:109,10,1,0
BRDA:110,11,0,0
BRDA:110,11,1,0
BRDA:111,12,0,0
BRDA:111,12,1,0
BRDA:121,13,0,0
BRDA:121,13,1,0
BRDA:128,14,0,0
BRDA:128,14,1,0
BRF:31
BRH:0
end_of_record
TN:
SF:src/routes/ventas.js
FN:52,(anonymous_0)
FNF:1
FNH:0
FNDA:0,(anonymous_0)
DA:3,2
DA:4,2
DA:5,2
DA:6,2
DA:7,2
DA:8,2
DA:9,2
DA:10,2
DA:11,2
DA:13,2
DA:16,2
DA:20,2
DA:24,2
DA:28,2
DA:32,2
DA:37,2
DA:40,2
DA:53,0
DA:54,0
DA:55,0
DA:56,0
DA:67,2
LF:22
LH:18
BRF:0
BRH:0
end_of_record
TN:
SF:src/routes/admin/index.js
FNF:0
FNH:0
DA:2,2
DA:3,2
DA:4,2
DA:5,2
DA:7,2
DA:10,2
DA:13,2
DA:14,2
DA:21,2
DA:22,2
DA:23,2
DA:27,2
DA:30,2
DA:31,2
DA:34,2
DA:35,2
DA:39,2
DA:40,2
DA:43,2
DA:44,2
DA:45,2
DA:46,2
DA:53,2
DA:62,2
DA:63,2
DA:72,2
DA:73,2
DA:81,2
DA:88,2
DA:91,2
DA:92,2
DA:99,2
DA:102,2
DA:103,2
DA:112,2
DA:113,2
DA:116,2
DA:117,2
DA:118,2
DA:119,2
DA:121,2
LF:41
LH:41
BRF:0
BRH:0
end_of_record
TN:
SF:src/services/billingService.js
FN:18,(anonymous_0)
FN:32,(anonymous_1)
FN:101,(anonymous_2)
FN:111,(anonymous_3)
FN:133,(anonymous_4)
FN:150,(anonymous_5)
FN:195,(anonymous_6)
FN:203,(anonymous_7)
FN:237,(anonymous_8)
FNF:9
FNH:1
FNDA:2,(anonymous_0)
FNDA:0,(anonymous_1)
FNDA:0,(anonymous_2)
FNDA:0,(anonymous_3)
FNDA:0,(anonymous_4)
FNDA:0,(anonymous_5)
FNDA:0,(anonymous_6)
FNDA:0,(anonymous_7)
FNDA:0,(anonymous_8)
DA:9,2
DA:10,2
DA:11,2
DA:12,2
DA:14,2
DA:15,2
DA:16,2
DA:18,2
DA:19,2
DA:20,2
DA:21,0
DA:22,0
DA:23,0
DA:26,2
DA:32,2
DA:33,0
DA:34,0
DA:36,0
DA:37,0
DA:39,0
DA:40,0
DA:41,0
DA:42,0
DA:44,0
DA:45,0
DA:46,0
DA:48,0
DA:55,0
DA:61,0
DA:66,0
DA:69,0
DA:78,0
DA:80,0
DA:81,0
DA:84,0
DA:88,0
DA:94,0
DA:95,0
DA:99,0
DA:100,0
DA:101,0
DA:111,2
DA:112,0
DA:113,0
DA:115,0
DA:116,0
DA:117,0
DA:118,0
DA:119,0
DA:121,0
DA:123,0
DA:125,0
DA:133,0
DA:134,0
DA:135,0
DA:142,0
DA:150,0
DA:152,0
DA:153,0
DA:159,0
DA:175,0
DA:176,0
DA:183,0
DA:186,0
DA:187,0
DA:188,0
DA:189,0
DA:190,0
DA:191,0
DA:192,0
DA:195,0
DA:196,0
DA:197,0
DA:209,0
DA:216,0
DA:217,0
DA:220,0
DA:224,0
DA:230,0
DA:231,0
DA:235,0
DA:236,0
DA:237,0
DA:242,2
LF:84
LH:14
BRDA:18,0,0,2
BRDA:18,1,0,2
BRDA:18,2,0,2
BRDA:20,3,0,2
BRDA:20,3,1,0
BRDA:21,4,0,0
BRDA:21,4,1,0
BRDA:22,5,0,0
BRDA:22,5,1,0
BRDA:32,6,0,0
BRDA:32,7,0,0
BRDA:34,8,0,0
BRDA:34,8,1,0
BRDA:41,9,0,0
BRDA:41,9,1,0
BRDA:46,10,0,0
BRDA:46,10,1,0
BRDA:51,11,0,0
BRDA:51,11,1,0
BRDA:66,12,0,0
BRDA:66,12,1,0
BRDA:80,13,0,0
BRDA:80,13,1,0
BRDA:88,14,0,0
BRDA:88,14,1,0
BRDA:88,14,2,0
BRDA:88,14,3,0
BRDA:88,14,4,0
BRDA:94,15,0,0
BRDA:94,15,1,0
BRDA:94,16,0,0
BRDA:94,16,1,0
BRDA:134,17,0,0
BRDA:134,17,1,0
BRDA:152,18,0,0
BRDA:152,18,1,0
BRDA:175,19,0,0
BRDA:175,19,1,0
BRDA:186,20,0,0
BRDA:186,20,1,0
BRDA:196,21,0,0
BRDA:196,21,1,0
BRDA:196,22,0,0
BRDA:196,22,1,0
BRDA:224,23,0,0
BRDA:224,23,1,0
BRDA:224,23,2,0
BRDA:224,23,3,0
BRDA:224,23,4,0
BRDA:230,24,0,0
BRDA:230,24,1,0
BRDA:230,25,0,0
BRDA:230,25,1,0
BRF:53
BRH:4
end_of_record
TN:
SF:src/services/emailService.js
FN:15,(anonymous_0)
FN:38,(anonymous_1)
FN:68,(anonymous_2)
FN:79,(anonymous_3)
FN:92,(anonymous_4)
FN:100,(anonymous_5)
FN:107,(anonymous_6)
FN:115,(anonymous_7)
FN:123,(anonymous_8)
FN:162,(anonymous_9)
FN:171,(anonymous_10)
FN:203,(anonymous_11)
FN:232,(anonymous_12)
FN:256,(anonymous_13)
FN:276,(anonymous_14)
FN:306,(anonymous_15)
FNF:16
FNH:0
FNDA:0,(anonymous_0)
FNDA:0,(anonymous_1)
FNDA:0,(anonymous_2)
FNDA:0,(anonymous_3)
FNDA:0,(anonymous_4)
FNDA:0,(anonymous_5)
FNDA:0,(anonymous_6)
FNDA:0,(anonymous_7)
FNDA:0,(anonymous_8)
FNDA:0,(anonymous_9)
FNDA:0,(anonymous_10)
FNDA:0,(anonymous_11)
FNDA:0,(anonymous_12)
FNDA:0,(anonymous_13)
FNDA:0,(anonymous_14)
FNDA:0,(anonymous_15)
DA:8,0
DA:11,0
DA:12,0
DA:15,0
DA:16,0
DA:17,0
DA:18,0
DA:21,0
DA:22,0
DA:25,0
DA:34,0
DA:35,0
DA:38,0
DA:39,0
DA:41,0
DA:42,0
DA:43,0
DA:44,0
DA:45,0
DA:48,0
DA:49,0
DA:50,0
DA:51,0
DA:54,0
DA:55,0
DA:68,0
DA:69,0
DA:70,0
DA:74,0
DA:76,0
DA:79,0
DA:80,0
DA:81,0
DA:92,0
DA:93,0
DA:95,0
DA:100,0
DA:103,0
DA:107,0
DA:108,0
DA:109,0
DA:115,0
DA:116,0
DA:119,0
DA:123,0
DA:162,0
DA:163,0
DA:171,0
DA:172,0
DA:176,0
DA:203,0
DA:204,0
DA:205,0
DA:232,0
DA:233,0
DA:234,0
DA:256,0
DA:257,0
DA:276,0
DA:277,0
DA:299,0
DA:306,0
LF:62
LH:0
BRDA:21,0,0,0
BRDA:21,0,1,0
BRDA:21,1,0,0
BRDA:21,1,1,0
BRDA:21,1,2,0
BRDA:27,2,0,0
BRDA:27,2,1,0
BRDA:34,3,0,0
BRDA:34,3,1,0
BRDA:35,4,0,0
BRDA:35,4,1,0
BRDA:39,5,0,0
BRDA:39,5,1,0
BRDA:69,6,0,0
BRDA:69,6,1,0
BRDA:80,7,0,0
BRDA:80,7,1,0
BRDA:80,8,0,0
BRDA:80,8,1,0
BRDA:80,8,2,0
BRDA:84,9,0,0
BRDA:84,9,1,0
BRDA:85,10,0,0
BRDA:85,10,1,0
BRDA:93,11,0,0
BRDA:93,11,1,0
BRDA:93,12,0,0
BRDA:93,12,1,0
BRDA:93,12,2,0
BRDA:108,13,0,0
BRDA:108,13,1,0
BRDA:108,14,0,0
BRDA:108,14,1,0
BRDA:172,15,0,0
BRDA:172,15,1,0
BRDA:182,16,0,0
BRDA:182,16,1,0
BRDA:207,17,0,0
BRDA:207,17,1,0
BRDA:208,18,0,0
BRDA:208,18,1,0
BRDA:212,19,0,0
BRDA:212,19,1,0
BRDA:212,20,0,0
BRDA:212,20,1,0
BRDA:215,21,0,0
BRDA:215,21,1,0
BRDA:215,22,0,0
BRDA:215,22,1,0
BRDA:216,23,0,0
BRDA:216,23,1,0
BRDA:217,24,0,0
BRDA:217,24,1,0
BRDA:221,25,0,0
BRDA:221,25,1,0
BRDA:259,26,0,0
BRDA:259,26,1,0
BRDA:265,27,0,0
BRDA:265,27,1,0
BRF:59
BRH:0
end_of_record
TN:
SF:src/services/featureGateService.js
FN:20,(anonymous_0)
FN:27,(anonymous_1)
FN:37,(anonymous_2)
FN:45,(anonymous_3)
FN:51,(anonymous_4)
FN:57,(anonymous_5)
FN:64,(anonymous_6)
FN:80,(anonymous_7)
FN:94,(anonymous_8)
FN:104,(anonymous_9)
FN:112,(anonymous_10)
FN:173,(anonymous_11)
FN:217,(anonymous_12)
FN:233,(anonymous_13)
FN:244,(anonymous_14)
FN:247,(anonymous_15)
FN:249,(anonymous_16)
FN:275,(anonymous_17)
FN:293,(anonymous_18)
FNF:19
FNH:0
FNDA:0,(anonymous_0)
FNDA:0,(anonymous_1)
FNDA:0,(anonymous_2)
FNDA:0,(anonymous_3)
FNDA:0,(anonymous_4)
FNDA:0,(anonymous_5)
FNDA:0,(anonymous_6)
FNDA:0,(anonymous_7)
FNDA:0,(anonymous_8)
FNDA:0,(anonymous_9)
FNDA:0,(anonymous_10)
FNDA:0,(anonymous_11)
FNDA:0,(anonymous_12)
FNDA:0,(anonymous_13)
FNDA:0,(anonymous_14)
FNDA:0,(anonymous_15)
FNDA:0,(anonymous_16)
FNDA:0,(anonymous_17)
FNDA:0,(anonymous_18)
DA:9,2
DA:11,2
DA:13,2
DA:14,2
DA:15,2
DA:17,2
DA:20,2
DA:21,0
DA:22,0
DA:23,0
DA:24,0
DA:27,2
DA:28,0
DA:37,2
DA:38,0
DA:39,0
DA:42,0
DA:45,0
DA:46,0
DA:47,0
DA:51,0
DA:52,0
DA:53,0
DA:57,0
DA:58,0
DA:59,0
DA:64,0
DA:65,0
DA:67,0
DA:68,0
DA:69,0
DA:71,0
DA:72,0
DA:76,0
DA:80,2
DA:81,0
DA:82,0
DA:83,0
DA:86,0
DA:87,0
DA:88,0
DA:94,2
DA:95,0
DA:102,2
DA:104,2
DA:112,2
DA:114,0
DA:118,0
DA:119,0
DA:123,0
DA:126,0
DA:127,0
DA:131,0
DA:132,0
DA:133,0
DA:136,0
DA:137,0
DA:141,0
DA:142,0
DA:145,0
DA:146,0
DA:154,0
DA:155,0
DA:156,0
DA:159,0
DA:160,0
DA:165,0
DA:166,0
DA:169,0
DA:173,2
DA:174,0
DA:175,0
DA:176,0
DA:179,0
DA:183,0
DA:184,0
DA:185,0
DA:186,0
DA:190,0
DA:194,0
DA:195,0
DA:196,0
DA:200,0
DA:201,0
DA:202,0
DA:203,0
DA:204,0
DA:207,0
DA:211,0
DA:212,0
DA:213,0
DA:217,2
DA:218,0
DA:219,0
DA:220,0
DA:222,0
DA:223,0
DA:225,0
DA:228,0
DA:229,0
DA:233,2
DA:235,0
DA:240,0
DA:244,0
DA:246,0
DA:247,0
DA:249,0
DA:250,0
DA:251,0
DA:252,0
DA:258,0
DA:259,0
DA:260,0
DA:266,0
DA:267,0
DA:275,2
DA:276,0
DA:277,0
DA:278,0
DA:280,0
DA:281,0
DA:285,2
DA:293,0
LF:123
LH:19
BRDA:22,0,0,0
BRDA:22,0,1,0
BRDA:23,1,0,0
BRDA:23,1,1,0
BRDA:38,2,0,0
BRDA:38,2,1,0
BRDA:46,3,0,0
BRDA:46,3,1,0
BRDA:46,4,0,0
BRDA:46,4,1,0
BRDA:52,5,0,0
BRDA:52,5,1,0
BRDA:52,6,0,0
BRDA:52,6,1,0
BRDA:58,7,0,0
BRDA:58,7,1,0
BRDA:58,8,0,0
BRDA:58,8,1,0
BRDA:65,9,0,0
BRDA:65,9,1,0
BRDA:65,10,0,0
BRDA:65,10,1,0
BRDA:65,10,2,0
BRDA:69,11,0,0
BRDA:69,11,1,0
BRDA:69,12,0,0
BRDA:69,12,1,0
BRDA:69,12,2,0
BRDA:82,13,0,0
BRDA:82,13,1,0
BRDA:87,14,0,0
BRDA:87,14,1,0
BRDA:118,15,0,0
BRDA:118,15,1,0
BRDA:126,16,0,0
BRDA:126,16,1,0
BRDA:141,17,0,0
BRDA:141,17,1,0
BRDA:141,18,0,0
BRDA:141,18,1,0
BRDA:145,19,0,0
BRDA:145,19,1,0
BRDA:155,20,0,0
BRDA:155,20,1,0
BRDA:159,21,0,0
BRDA:159,21,1,0
BRDA:165,22,0,0
BRDA:165,22,1,0
BRDA:176,23,0,0
BRDA:176,23,1,0
BRDA:183,24,0,0
BRDA:183,24,1,0
BRDA:194,25,0,0
BRDA:194,25,1,0
BRDA:201,26,0,0
BRDA:201,26,1,0
BRDA:220,27,0,0
BRDA:220,27,1,0
BRDA:223,28,0,0
BRDA:223,28,1,0
BRDA:228,29,0,0
BRDA:228,29,1,0
BRDA:240,30,0,0
BRDA:240,30,1,0
BRDA:251,31,0,0
BRDA:251,31,1,0
BRDA:254,32,0,0
BRDA:254,32,1,0
BRDA:259,33,0,0
BRDA:259,33,1,0
BRDA:269,34,0,0
BRDA:269,34,1,0
BRDA:278,35,0,0
BRDA:278,35,1,0
BRDA:281,36,0,0
BRDA:281,36,1,0
BRF:76
BRH:0
end_of_record
TN:
SF:src/services/paymentGatewayService.js
FN:11,(anonymous_0)
FNF:1
FNH:0
FNDA:0,(anonymous_0)
DA:5,2
DA:6,2
DA:7,2
DA:9,2
DA:11,2
DA:12,0
DA:13,0
DA:15,0
DA:17,0
DA:24,0
DA:31,0
DA:34,0
DA:35,0
DA:47,0
DA:57,0
DA:65,0
DA:72,0
DA:79,0
DA:83,2
LF:19
LH:6
BRDA:13,0,0,0
BRDA:13,0,1,0
BRDA:15,1,0,0
BRDA:15,1,1,0
BRDA:37,2,0,0
BRDA:37,2,1,0
BRF:6
BRH:0
end_of_record
TN:
SF:src/utils/logger.js
FN:51,(anonymous_0)
FN:115,(anonymous_1)
FN:123,(anonymous_2)
FN:130,(anonymous_3)
FN:138,(anonymous_4)
FN:139,(anonymous_5)
FN:142,(anonymous_6)
FNF:7
FNH:5
FNDA:6,(anonymous_0)
FNDA:0,(anonymous_1)
FNDA:3,(anonymous_2)
FNDA:0,(anonymous_3)
FNDA:2,(anonymous_4)
FNDA:3,(anonymous_5)
FNDA:3,(anonymous_6)
DA:1,2
DA:2,2
DA:3,2
DA:6,2
DA:7,2
DA:8,0
DA:12,2
DA:34,2
DA:37,2
DA:52,6
DA:53,6
DA:54,6
DA:56,6
DA:62,2
DA:65,2
DA:115,2
DA:116,0
DA:123,2
DA:124,3
DA:130,2
DA:131,0
DA:138,2
DA:139,2
DA:140,3
DA:142,3
DA:143,3
DA:144,3
DA:154,3
DA:158,2
LF:29
LH:26
BRDA:7,0,0,0
BRDA:7,0,1,2
BRDA:53,1,0,6
BRDA:53,1,1,0
BRDA:66,2,0,2
BRDA:66,2,1,2
BRDA:66,3,0,0
BRDA:66,3,1,2
BRDA:92,4,0,0
BRDA:92,4,1,2
BRDA:115,5,0,0
BRDA:123,6,0,0
BRDA:130,7,0,0
BRF:13
BRH:6
end_of_record
TN:
SF:src/workers/eventProcessor.js
FN:33,processBatch
FN:57,runCleanup
FN:68,start
FN:99,stop
FN:116,(anonymous_4)
FN:122,(anonymous_5)
FN:128,(anonymous_6)
FN:133,(anonymous_7)
FN:140,(anonymous_8)
FNF:9
FNH:0
FNDA:0,processBatch
FNDA:0,runCleanup
FNDA:0,start
FNDA:0,stop
FNDA:0,(anonymous_4)
FNDA:0,(anonymous_5)
FNDA:0,(anonymous_6)
FNDA:0,(anonymous_7)
FNDA:0,(anonymous_8)
DA:17,0
DA:18,0
DA:21,0
DA:22,0
DA:23,0
DA:24,0
DA:26,0
DA:27,0
DA:28,0
DA:34,0
DA:35,0
DA:36,0
DA:39,0
DA:41,0
DA:42,0
DA:44,0
DA:45,0
DA:48,0
DA:50,0
DA:58,0
DA:59,0
DA:61,0
DA:69,0
DA:70,0
DA:71,0
DA:72,0
DA:73,0
DA:74,0
DA:77,0
DA:78,0
DA:79,0
DA:81,0
DA:82,0
DA:86,0
DA:87,0
DA:90,0
DA:91,0
DA:93,0
DA:100,0
DA:102,0
DA:103,0
DA:104,0
DA:107,0
DA:108,0
DA:109,0
DA:112,0
DA:116,0
DA:117,0
DA:118,0
DA:119,0
DA:122,0
DA:123,0
DA:124,0
DA:125,0
DA:128,0
DA:129,0
DA:133,0
DA:134,0
DA:139,0
DA:140,0
DA:141,0
DA:142,0
DA:146,0
LF:63
LH:0
BRDA:21,0,0,0
BRDA:21,0,1,0
BRDA:22,1,0,0
BRDA:22,1,1,0
BRDA:23,2,0,0
BRDA:23,2,1,0
BRDA:24,3,0,0
BRDA:24,3,1,0
BRDA:34,4,0,0
BRDA:34,4,1,0
BRDA:44,5,0,0
BRDA:44,5,1,0
BRDA:102,6,0,0
BRDA:102,6,1,0
BRDA:107,7,0,0
BRDA:107,7,1,0
BRDA:139,8,0,0
BRDA:139,8,1,0
BRF:18
BRH:0
end_of_record
TN:
SF:src/workers/paymentEventProcessor.js
FN:31,handleCheckoutCompleted
FN:75,handlePaymentIntentSucceeded
FN:92,handlePaymentIntentFailed
FN:133,handleSubscriptionUpdated
FN:145,handleSubscriptionDeleted
FN:157,registerListeners
FN:161,(anonymous_6)
FN:164,(anonymous_7)
FN:187,start
FN:209,stop
FN:224,(anonymous_10)
FN:230,(anonymous_11)
FN:236,(anonymous_12)
FN:241,(anonymous_13)
FN:248,(anonymous_14)
FNF:15
FNH:0
FNDA:0,handleCheckoutCompleted
FNDA:0,handlePaymentIntentSucceeded
FNDA:0,handlePaymentIntentFailed
FNDA:0,handleSubscriptionUpdated
FNDA:0,handleSubscriptionDeleted
FNDA:0,registerListeners
FNDA:0,(anonymous_6)
FNDA:0,(anonymous_7)
FNDA:0,start
FNDA:0,stop
FNDA:0,(anonymous_10)
FNDA:0,(anonymous_11)
FNDA:0,(anonymous_12)
FNDA:0,(anonymous_13)
FNDA:0,(anonymous_14)
DA:17,0
DA:18,0
DA:19,0
DA:20,0
DA:22,0
DA:23,0
DA:25,0
DA:32,0
DA:34,0
DA:35,0
DA:36,0
DA:39,0
DA:40,0
DA:43,0
DA:45,0
DA:48,0
DA:56,0
DA:62,0
DA:76,0
DA:78,0
DA:93,0
DA:95,0
DA:100,0
DA:101,0
DA:103,0
DA:105,0
DA:106,0
DA:117,0
DA:119,0
DA:121,0
DA:122,0
DA:125,0
DA:134,0
DA:136,0
DA:146,0
DA:148,0
DA:158,0
DA:161,0
DA:162,0
DA:163,0
DA:164,0
DA:166,0
DA:170,0
DA:173,0
DA:176,0
DA:179,0
DA:181,0
DA:188,0
DA:191,0
DA:192,0
DA:193,0
DA:195,0
DA:196,0
DA:200,0
DA:202,0
DA:203,0
DA:210,0
DA:211,0
DA:214,0
DA:215,0
DA:216,0
DA:217,0
DA:218,0
DA:220,0
DA:224,0
DA:225,0
DA:226,0
DA:227,0
DA:230,0
DA:231,0
DA:232,0
DA:233,0
DA:236,0
DA:237,0
DA:241,0
DA:242,0
DA:247,0
DA:248,0
DA:249,0
DA:250,0
DA:254,0
LF:81
LH:0
BRDA:34,0,0,0
BRDA:34,0,1,0
BRDA:78,1,0,0
BRDA:78,1,1,0
BRDA:95,2,0,0
BRDA:95,2,1,0
BRDA:100,3,0,0
BRDA:100,3,1,0
BRDA:162,4,0,0
BRDA:162,4,1,0
BRDA:247,5,0,0
BRDA:247,5,1,0
BRF:12
BRH:0
end_of_record
